[2024-04-27T19:45:51.552+0000] {taskinstance.py:1979} INFO - Dependencies all met for dep_context=non-requeueable deps ti=<TaskInstance: dbt_dag_gcp.dbt_run scheduled__2024-04-22T00:00:00+00:00 [queued]>
[2024-04-27T19:45:51.571+0000] {taskinstance.py:1979} INFO - Dependencies all met for dep_context=requeueable deps ti=<TaskInstance: dbt_dag_gcp.dbt_run scheduled__2024-04-22T00:00:00+00:00 [queued]>
[2024-04-27T19:45:51.572+0000] {taskinstance.py:2193} INFO - Starting attempt 1 of 1
[2024-04-27T19:45:51.603+0000] {taskinstance.py:2217} INFO - Executing <Task(BashOperator): dbt_run> on 2024-04-22 00:00:00+00:00
[2024-04-27T19:45:51.616+0000] {standard_task_runner.py:60} INFO - Started process 90 to run task
[2024-04-27T19:45:51.621+0000] {standard_task_runner.py:87} INFO - Running: ['***', 'tasks', 'run', 'dbt_dag_gcp', 'dbt_run', 'scheduled__2024-04-22T00:00:00+00:00', '--job-id', '261', '--raw', '--subdir', 'DAGS_FOLDER/dbt_dag.py', '--cfg-path', '/tmp/tmp9dolho8y']
[2024-04-27T19:45:51.625+0000] {standard_task_runner.py:88} INFO - Job 261: Subtask dbt_run
[2024-04-27T19:45:51.722+0000] {task_command.py:423} INFO - Running <TaskInstance: dbt_dag_gcp.dbt_run scheduled__2024-04-22T00:00:00+00:00 [running]> on host 0ff61195efdd
[2024-04-27T19:45:51.898+0000] {taskinstance.py:2513} INFO - Exporting env vars: AIRFLOW_CTX_DAG_OWNER='***' AIRFLOW_CTX_DAG_ID='dbt_dag_gcp' AIRFLOW_CTX_TASK_ID='dbt_run' AIRFLOW_CTX_EXECUTION_DATE='2024-04-22T00:00:00+00:00' AIRFLOW_CTX_TRY_NUMBER='1' AIRFLOW_CTX_DAG_RUN_ID='scheduled__2024-04-22T00:00:00+00:00'
[2024-04-27T19:45:51.900+0000] {subprocess.py:63} INFO - Tmp dir root location: /tmp
[2024-04-27T19:45:51.902+0000] {subprocess.py:75} INFO - Running command: ['/usr/bin/bash', '-c', 'cd /opt/***/dags/dbt/***_dbt_gcp && dbt run --profiles-dir .']
[2024-04-27T19:45:51.924+0000] {subprocess.py:86} INFO - Output:
[2024-04-27T19:46:00.513+0000] {subprocess.py:93} INFO - [0m19:46:00  Running with dbt=1.7.10
[2024-04-27T19:46:06.664+0000] {subprocess.py:93} INFO - [0m19:46:06  Registered adapter: bigquery=1.7.6
[2024-04-27T19:46:06.961+0000] {subprocess.py:93} INFO - [0m19:46:06  Found 5 models, 10 tests, 1 source, 0 exposures, 0 metrics, 454 macros, 0 groups, 0 semantic models
[2024-04-27T19:46:06.971+0000] {subprocess.py:93} INFO - [0m19:46:06
[2024-04-27T19:46:09.986+0000] {subprocess.py:93} INFO - [0m19:46:09  Concurrency: 2 threads (target='dev')
[2024-04-27T19:46:09.988+0000] {subprocess.py:93} INFO - [0m19:46:09
[2024-04-27T19:46:10.000+0000] {subprocess.py:93} INFO - [0m19:46:09  1 of 5 START sql table model retail.dim_stock .................................. [RUN]
[2024-04-27T19:46:10.006+0000] {subprocess.py:93} INFO - [0m19:46:10  2 of 5 START sql table model retail.fact_purchase .............................. [RUN]
[2024-04-27T19:46:15.552+0000] {subprocess.py:93} INFO - [0m19:46:15  2 of 5 OK created sql table model retail.fact_purchase ......................... [[32mCREATE TABLE (406.8k rows, 15.0 MiB processed)[0m in 5.54s]
[2024-04-27T19:46:15.558+0000] {subprocess.py:93} INFO - [0m19:46:15  3 of 5 START sql table model retail.my_first_dbt_model ......................... [RUN]
[2024-04-27T19:46:15.880+0000] {subprocess.py:93} INFO - [0m19:46:15  1 of 5 OK created sql table model retail.dim_stock ............................. [[32mCREATE TABLE (4.1k rows, 3.7 MiB processed)[0m in 5.87s]
[2024-04-27T19:46:15.897+0000] {subprocess.py:93} INFO - [0m19:46:15  4 of 5 START sql view model retail_finance.revenue_by_day ...................... [RUN]
[2024-04-27T19:46:17.748+0000] {subprocess.py:93} INFO - [0m19:46:17  4 of 5 OK created sql view model retail_finance.revenue_by_day ................. [[32mCREATE VIEW (0 processed)[0m in 1.85s]
[2024-04-27T19:46:19.411+0000] {subprocess.py:93} INFO - [0m19:46:19  3 of 5 OK created sql table model retail.my_first_dbt_model .................... [[32mCREATE TABLE (1.0 rows, 0 processed)[0m in 3.85s]
[2024-04-27T19:46:19.421+0000] {subprocess.py:93} INFO - [0m19:46:19  5 of 5 START sql view model retail.my_second_dbt_model ......................... [RUN]
[2024-04-27T19:46:21.182+0000] {subprocess.py:93} INFO - [0m19:46:21  5 of 5 OK created sql view model retail.my_second_dbt_model .................... [[32mCREATE VIEW (0 processed)[0m in 1.76s]
[2024-04-27T19:46:21.194+0000] {subprocess.py:93} INFO - [0m19:46:21
[2024-04-27T19:46:21.196+0000] {subprocess.py:93} INFO - [0m19:46:21  Finished running 3 table models, 2 view models in 0 hours 0 minutes and 14.22 seconds (14.22s).
[2024-04-27T19:46:21.225+0000] {subprocess.py:93} INFO - [0m19:46:21
[2024-04-27T19:46:21.227+0000] {subprocess.py:93} INFO - [0m19:46:21  [32mCompleted successfully[0m
[2024-04-27T19:46:21.229+0000] {subprocess.py:93} INFO - [0m19:46:21
[2024-04-27T19:46:21.230+0000] {subprocess.py:93} INFO - [0m19:46:21  Done. PASS=5 WARN=0 ERROR=0 SKIP=0 TOTAL=5
[2024-04-27T19:46:23.133+0000] {subprocess.py:97} INFO - Command exited with return code 0
[2024-04-27T19:46:23.180+0000] {taskinstance.py:1149} INFO - Marking task as SUCCESS. dag_id=dbt_dag_gcp, task_id=dbt_run, execution_date=20240422T000000, start_date=20240427T194551, end_date=20240427T194623
[2024-04-27T19:46:23.224+0000] {local_task_job_runner.py:234} INFO - Task exited with return code 0
[2024-04-27T19:46:23.263+0000] {taskinstance.py:3312} INFO - 1 downstream tasks scheduled from follow-on schedule check
