[2024-04-27T19:45:41.532+0000] {processor.py:161} INFO - Started process (PID=46) to work on /opt/airflow/dags/dbt_dag.py
[2024-04-27T19:45:41.533+0000] {processor.py:830} INFO - Processing file /opt/airflow/dags/dbt_dag.py for tasks to queue
[2024-04-27T19:45:41.545+0000] {logging_mixin.py:188} INFO - [2024-04-27T19:45:41.543+0000] {dagbag.py:540} INFO - Filling up the DagBag from /opt/airflow/dags/dbt_dag.py
[2024-04-27T19:45:41.560+0000] {logging_mixin.py:188} INFO - CURRENT_DIR : /opt/airflow
[2024-04-27T19:45:41.561+0000] {logging_mixin.py:188} INFO - DBT_DIR : /opt/airflow/dags/dbt/airflow_dbt_gcp
[2024-04-27T19:45:41.641+0000] {processor.py:840} INFO - DAG(s) 'dbt_dag_gcp' retrieved from /opt/airflow/dags/dbt_dag.py
[2024-04-27T19:45:42.121+0000] {logging_mixin.py:188} INFO - [2024-04-27T19:45:42.120+0000] {dag.py:3047} INFO - Sync 1 DAGs
[2024-04-27T19:45:42.163+0000] {logging_mixin.py:188} INFO - [2024-04-27T19:45:42.163+0000] {dag.py:3834} INFO - Setting next_dagrun for dbt_dag_gcp to 2024-04-21 00:00:00+00:00, run_after=2024-04-22 00:00:00+00:00
[2024-04-27T19:45:42.212+0000] {processor.py:183} INFO - Processing /opt/airflow/dags/dbt_dag.py took 0.696 seconds
[2024-04-27T19:46:17.304+0000] {processor.py:161} INFO - Started process (PID=71) to work on /opt/airflow/dags/dbt_dag.py
[2024-04-27T19:46:17.309+0000] {processor.py:830} INFO - Processing file /opt/airflow/dags/dbt_dag.py for tasks to queue
[2024-04-27T19:46:17.322+0000] {logging_mixin.py:188} INFO - [2024-04-27T19:46:17.320+0000] {dagbag.py:540} INFO - Filling up the DagBag from /opt/airflow/dags/dbt_dag.py
[2024-04-27T19:46:17.335+0000] {logging_mixin.py:188} INFO - CURRENT_DIR : /opt/airflow
[2024-04-27T19:46:17.336+0000] {logging_mixin.py:188} INFO - DBT_DIR : /opt/airflow/dags/dbt/airflow_dbt_gcp
[2024-04-27T19:46:17.370+0000] {processor.py:840} INFO - DAG(s) 'dbt_dag_gcp' retrieved from /opt/airflow/dags/dbt_dag.py
[2024-04-27T19:46:17.435+0000] {logging_mixin.py:188} INFO - [2024-04-27T19:46:17.434+0000] {dag.py:3047} INFO - Sync 1 DAGs
[2024-04-27T19:46:17.535+0000] {logging_mixin.py:188} INFO - [2024-04-27T19:46:17.534+0000] {dag.py:3834} INFO - Setting next_dagrun for dbt_dag_gcp to 2024-04-27 00:00:00+00:00, run_after=2024-04-28 00:00:00+00:00
[2024-04-27T19:46:17.602+0000] {processor.py:183} INFO - Processing /opt/airflow/dags/dbt_dag.py took 0.312 seconds
[2024-04-27T19:46:47.903+0000] {processor.py:161} INFO - Started process (PID=83) to work on /opt/airflow/dags/dbt_dag.py
[2024-04-27T19:46:47.908+0000] {processor.py:830} INFO - Processing file /opt/airflow/dags/dbt_dag.py for tasks to queue
[2024-04-27T19:46:47.948+0000] {logging_mixin.py:188} INFO - [2024-04-27T19:46:47.946+0000] {dagbag.py:540} INFO - Filling up the DagBag from /opt/airflow/dags/dbt_dag.py
[2024-04-27T19:46:47.959+0000] {logging_mixin.py:188} INFO - CURRENT_DIR : /opt/airflow
[2024-04-27T19:46:47.959+0000] {logging_mixin.py:188} INFO - DBT_DIR : /opt/airflow/dags/dbt/airflow_dbt_gcp
[2024-04-27T19:46:47.979+0000] {processor.py:840} INFO - DAG(s) 'dbt_dag_gcp' retrieved from /opt/airflow/dags/dbt_dag.py
[2024-04-27T19:46:48.041+0000] {logging_mixin.py:188} INFO - [2024-04-27T19:46:48.040+0000] {dag.py:3047} INFO - Sync 1 DAGs
[2024-04-27T19:46:48.117+0000] {logging_mixin.py:188} INFO - [2024-04-27T19:46:48.116+0000] {dag.py:3834} INFO - Setting next_dagrun for dbt_dag_gcp to 2024-04-27 00:00:00+00:00, run_after=2024-04-28 00:00:00+00:00
[2024-04-27T19:46:48.167+0000] {processor.py:183} INFO - Processing /opt/airflow/dags/dbt_dag.py took 0.298 seconds
[2024-04-27T19:47:18.430+0000] {processor.py:161} INFO - Started process (PID=91) to work on /opt/airflow/dags/dbt_dag.py
[2024-04-27T19:47:18.435+0000] {processor.py:830} INFO - Processing file /opt/airflow/dags/dbt_dag.py for tasks to queue
[2024-04-27T19:47:18.441+0000] {logging_mixin.py:188} INFO - [2024-04-27T19:47:18.440+0000] {dagbag.py:540} INFO - Filling up the DagBag from /opt/airflow/dags/dbt_dag.py
[2024-04-27T19:47:18.450+0000] {logging_mixin.py:188} INFO - CURRENT_DIR : /opt/airflow
[2024-04-27T19:47:18.451+0000] {logging_mixin.py:188} INFO - DBT_DIR : /opt/airflow/dags/dbt/airflow_dbt_gcp
[2024-04-27T19:47:18.496+0000] {processor.py:840} INFO - DAG(s) 'dbt_dag_gcp' retrieved from /opt/airflow/dags/dbt_dag.py
[2024-04-27T19:47:18.553+0000] {logging_mixin.py:188} INFO - [2024-04-27T19:47:18.552+0000] {dag.py:3047} INFO - Sync 1 DAGs
[2024-04-27T19:47:18.609+0000] {logging_mixin.py:188} INFO - [2024-04-27T19:47:18.608+0000] {dag.py:3834} INFO - Setting next_dagrun for dbt_dag_gcp to 2024-04-27 00:00:00+00:00, run_after=2024-04-28 00:00:00+00:00
[2024-04-27T19:47:18.654+0000] {processor.py:183} INFO - Processing /opt/airflow/dags/dbt_dag.py took 0.245 seconds
[2024-04-27T19:47:48.878+0000] {processor.py:161} INFO - Started process (PID=99) to work on /opt/airflow/dags/dbt_dag.py
[2024-04-27T19:47:48.882+0000] {processor.py:830} INFO - Processing file /opt/airflow/dags/dbt_dag.py for tasks to queue
[2024-04-27T19:47:48.890+0000] {logging_mixin.py:188} INFO - [2024-04-27T19:47:48.889+0000] {dagbag.py:540} INFO - Filling up the DagBag from /opt/airflow/dags/dbt_dag.py
[2024-04-27T19:47:48.895+0000] {logging_mixin.py:188} INFO - CURRENT_DIR : /opt/airflow
[2024-04-27T19:47:48.896+0000] {logging_mixin.py:188} INFO - DBT_DIR : /opt/airflow/dags/dbt/airflow_dbt_gcp
[2024-04-27T19:47:48.926+0000] {processor.py:840} INFO - DAG(s) 'dbt_dag_gcp' retrieved from /opt/airflow/dags/dbt_dag.py
[2024-04-27T19:47:48.979+0000] {logging_mixin.py:188} INFO - [2024-04-27T19:47:48.979+0000] {dag.py:3047} INFO - Sync 1 DAGs
[2024-04-27T19:47:49.039+0000] {logging_mixin.py:188} INFO - [2024-04-27T19:47:49.038+0000] {dag.py:3834} INFO - Setting next_dagrun for dbt_dag_gcp to 2024-04-27 00:00:00+00:00, run_after=2024-04-28 00:00:00+00:00
[2024-04-27T19:47:49.090+0000] {processor.py:183} INFO - Processing /opt/airflow/dags/dbt_dag.py took 0.219 seconds
[2024-04-27T19:48:19.330+0000] {processor.py:161} INFO - Started process (PID=107) to work on /opt/airflow/dags/dbt_dag.py
[2024-04-27T19:48:19.333+0000] {processor.py:830} INFO - Processing file /opt/airflow/dags/dbt_dag.py for tasks to queue
[2024-04-27T19:48:19.339+0000] {logging_mixin.py:188} INFO - [2024-04-27T19:48:19.338+0000] {dagbag.py:540} INFO - Filling up the DagBag from /opt/airflow/dags/dbt_dag.py
[2024-04-27T19:48:19.345+0000] {logging_mixin.py:188} INFO - CURRENT_DIR : /opt/airflow
[2024-04-27T19:48:19.346+0000] {logging_mixin.py:188} INFO - DBT_DIR : /opt/airflow/dags/dbt/airflow_dbt_gcp
[2024-04-27T19:48:19.382+0000] {processor.py:840} INFO - DAG(s) 'dbt_dag_gcp' retrieved from /opt/airflow/dags/dbt_dag.py
[2024-04-27T19:48:19.449+0000] {logging_mixin.py:188} INFO - [2024-04-27T19:48:19.449+0000] {dag.py:3047} INFO - Sync 1 DAGs
[2024-04-27T19:48:19.528+0000] {logging_mixin.py:188} INFO - [2024-04-27T19:48:19.527+0000] {dag.py:3834} INFO - Setting next_dagrun for dbt_dag_gcp to 2024-04-27 00:00:00+00:00, run_after=2024-04-28 00:00:00+00:00
[2024-04-27T19:48:19.578+0000] {processor.py:183} INFO - Processing /opt/airflow/dags/dbt_dag.py took 0.258 seconds
[2024-04-27T19:48:49.806+0000] {processor.py:161} INFO - Started process (PID=115) to work on /opt/airflow/dags/dbt_dag.py
[2024-04-27T19:48:49.808+0000] {processor.py:830} INFO - Processing file /opt/airflow/dags/dbt_dag.py for tasks to queue
[2024-04-27T19:48:49.813+0000] {logging_mixin.py:188} INFO - [2024-04-27T19:48:49.812+0000] {dagbag.py:540} INFO - Filling up the DagBag from /opt/airflow/dags/dbt_dag.py
[2024-04-27T19:48:49.819+0000] {logging_mixin.py:188} INFO - CURRENT_DIR : /opt/airflow
[2024-04-27T19:48:49.820+0000] {logging_mixin.py:188} INFO - DBT_DIR : /opt/airflow/dags/dbt/airflow_dbt_gcp
[2024-04-27T19:48:49.841+0000] {processor.py:840} INFO - DAG(s) 'dbt_dag_gcp' retrieved from /opt/airflow/dags/dbt_dag.py
[2024-04-27T19:48:49.895+0000] {logging_mixin.py:188} INFO - [2024-04-27T19:48:49.895+0000] {dag.py:3047} INFO - Sync 1 DAGs
[2024-04-27T19:48:49.959+0000] {logging_mixin.py:188} INFO - [2024-04-27T19:48:49.958+0000] {dag.py:3834} INFO - Setting next_dagrun for dbt_dag_gcp to 2024-04-27 00:00:00+00:00, run_after=2024-04-28 00:00:00+00:00
[2024-04-27T19:48:50.000+0000] {processor.py:183} INFO - Processing /opt/airflow/dags/dbt_dag.py took 0.202 seconds
[2024-04-27T19:49:20.235+0000] {processor.py:161} INFO - Started process (PID=123) to work on /opt/airflow/dags/dbt_dag.py
[2024-04-27T19:49:20.237+0000] {processor.py:830} INFO - Processing file /opt/airflow/dags/dbt_dag.py for tasks to queue
[2024-04-27T19:49:20.242+0000] {logging_mixin.py:188} INFO - [2024-04-27T19:49:20.241+0000] {dagbag.py:540} INFO - Filling up the DagBag from /opt/airflow/dags/dbt_dag.py
[2024-04-27T19:49:20.249+0000] {logging_mixin.py:188} INFO - CURRENT_DIR : /opt/airflow
[2024-04-27T19:49:20.250+0000] {logging_mixin.py:188} INFO - DBT_DIR : /opt/airflow/dags/dbt/airflow_dbt_gcp
[2024-04-27T19:49:20.298+0000] {processor.py:840} INFO - DAG(s) 'dbt_dag_gcp' retrieved from /opt/airflow/dags/dbt_dag.py
[2024-04-27T19:49:20.404+0000] {logging_mixin.py:188} INFO - [2024-04-27T19:49:20.403+0000] {dag.py:3047} INFO - Sync 1 DAGs
[2024-04-27T19:49:20.470+0000] {logging_mixin.py:188} INFO - [2024-04-27T19:49:20.470+0000] {dag.py:3834} INFO - Setting next_dagrun for dbt_dag_gcp to 2024-04-27 00:00:00+00:00, run_after=2024-04-28 00:00:00+00:00
[2024-04-27T19:49:20.516+0000] {processor.py:183} INFO - Processing /opt/airflow/dags/dbt_dag.py took 0.291 seconds
[2024-04-27T19:49:50.740+0000] {processor.py:161} INFO - Started process (PID=131) to work on /opt/airflow/dags/dbt_dag.py
[2024-04-27T19:49:50.745+0000] {processor.py:830} INFO - Processing file /opt/airflow/dags/dbt_dag.py for tasks to queue
[2024-04-27T19:49:50.749+0000] {logging_mixin.py:188} INFO - [2024-04-27T19:49:50.749+0000] {dagbag.py:540} INFO - Filling up the DagBag from /opt/airflow/dags/dbt_dag.py
[2024-04-27T19:49:50.754+0000] {logging_mixin.py:188} INFO - CURRENT_DIR : /opt/airflow
[2024-04-27T19:49:50.754+0000] {logging_mixin.py:188} INFO - DBT_DIR : /opt/airflow/dags/dbt/airflow_dbt_gcp
[2024-04-27T19:49:50.777+0000] {processor.py:840} INFO - DAG(s) 'dbt_dag_gcp' retrieved from /opt/airflow/dags/dbt_dag.py
[2024-04-27T19:49:50.828+0000] {logging_mixin.py:188} INFO - [2024-04-27T19:49:50.827+0000] {dag.py:3047} INFO - Sync 1 DAGs
[2024-04-27T19:49:50.887+0000] {logging_mixin.py:188} INFO - [2024-04-27T19:49:50.887+0000] {dag.py:3834} INFO - Setting next_dagrun for dbt_dag_gcp to 2024-04-27 00:00:00+00:00, run_after=2024-04-28 00:00:00+00:00
[2024-04-27T19:49:50.942+0000] {processor.py:183} INFO - Processing /opt/airflow/dags/dbt_dag.py took 0.210 seconds
[2024-04-27T19:50:21.181+0000] {processor.py:161} INFO - Started process (PID=139) to work on /opt/airflow/dags/dbt_dag.py
[2024-04-27T19:50:21.184+0000] {processor.py:830} INFO - Processing file /opt/airflow/dags/dbt_dag.py for tasks to queue
[2024-04-27T19:50:21.189+0000] {logging_mixin.py:188} INFO - [2024-04-27T19:50:21.188+0000] {dagbag.py:540} INFO - Filling up the DagBag from /opt/airflow/dags/dbt_dag.py
[2024-04-27T19:50:21.197+0000] {logging_mixin.py:188} INFO - CURRENT_DIR : /opt/airflow
[2024-04-27T19:50:21.198+0000] {logging_mixin.py:188} INFO - DBT_DIR : /opt/airflow/dags/dbt/airflow_dbt_gcp
[2024-04-27T19:50:21.231+0000] {processor.py:840} INFO - DAG(s) 'dbt_dag_gcp' retrieved from /opt/airflow/dags/dbt_dag.py
[2024-04-27T19:50:21.318+0000] {logging_mixin.py:188} INFO - [2024-04-27T19:50:21.318+0000] {dag.py:3047} INFO - Sync 1 DAGs
[2024-04-27T19:50:21.398+0000] {logging_mixin.py:188} INFO - [2024-04-27T19:50:21.397+0000] {dag.py:3834} INFO - Setting next_dagrun for dbt_dag_gcp to 2024-04-27 00:00:00+00:00, run_after=2024-04-28 00:00:00+00:00
[2024-04-27T19:50:21.453+0000] {processor.py:183} INFO - Processing /opt/airflow/dags/dbt_dag.py took 0.282 seconds
[2024-04-27T19:50:51.790+0000] {processor.py:161} INFO - Started process (PID=147) to work on /opt/airflow/dags/dbt_dag.py
[2024-04-27T19:50:51.795+0000] {processor.py:830} INFO - Processing file /opt/airflow/dags/dbt_dag.py for tasks to queue
[2024-04-27T19:50:51.799+0000] {logging_mixin.py:188} INFO - [2024-04-27T19:50:51.798+0000] {dagbag.py:540} INFO - Filling up the DagBag from /opt/airflow/dags/dbt_dag.py
[2024-04-27T19:50:51.803+0000] {logging_mixin.py:188} INFO - CURRENT_DIR : /opt/airflow
[2024-04-27T19:50:51.804+0000] {logging_mixin.py:188} INFO - DBT_DIR : /opt/airflow/dags/dbt/airflow_dbt_gcp
[2024-04-27T19:50:51.825+0000] {processor.py:840} INFO - DAG(s) 'dbt_dag_gcp' retrieved from /opt/airflow/dags/dbt_dag.py
[2024-04-27T19:50:51.874+0000] {logging_mixin.py:188} INFO - [2024-04-27T19:50:51.873+0000] {dag.py:3047} INFO - Sync 1 DAGs
[2024-04-27T19:50:51.939+0000] {logging_mixin.py:188} INFO - [2024-04-27T19:50:51.939+0000] {dag.py:3834} INFO - Setting next_dagrun for dbt_dag_gcp to 2024-04-27 00:00:00+00:00, run_after=2024-04-28 00:00:00+00:00
[2024-04-27T19:50:51.982+0000] {processor.py:183} INFO - Processing /opt/airflow/dags/dbt_dag.py took 0.197 seconds
[2024-04-27T19:51:22.208+0000] {processor.py:161} INFO - Started process (PID=155) to work on /opt/airflow/dags/dbt_dag.py
[2024-04-27T19:51:22.212+0000] {processor.py:830} INFO - Processing file /opt/airflow/dags/dbt_dag.py for tasks to queue
[2024-04-27T19:51:22.215+0000] {logging_mixin.py:188} INFO - [2024-04-27T19:51:22.214+0000] {dagbag.py:540} INFO - Filling up the DagBag from /opt/airflow/dags/dbt_dag.py
[2024-04-27T19:51:22.219+0000] {logging_mixin.py:188} INFO - CURRENT_DIR : /opt/airflow
[2024-04-27T19:51:22.220+0000] {logging_mixin.py:188} INFO - DBT_DIR : /opt/airflow/dags/dbt/airflow_dbt_gcp
[2024-04-27T19:51:22.237+0000] {processor.py:840} INFO - DAG(s) 'dbt_dag_gcp' retrieved from /opt/airflow/dags/dbt_dag.py
[2024-04-27T19:51:22.288+0000] {logging_mixin.py:188} INFO - [2024-04-27T19:51:22.288+0000] {dag.py:3047} INFO - Sync 1 DAGs
[2024-04-27T19:51:22.351+0000] {logging_mixin.py:188} INFO - [2024-04-27T19:51:22.350+0000] {dag.py:3834} INFO - Setting next_dagrun for dbt_dag_gcp to 2024-04-27 00:00:00+00:00, run_after=2024-04-28 00:00:00+00:00
[2024-04-27T19:51:22.396+0000] {processor.py:183} INFO - Processing /opt/airflow/dags/dbt_dag.py took 0.195 seconds
[2024-04-27T19:51:52.631+0000] {processor.py:161} INFO - Started process (PID=163) to work on /opt/airflow/dags/dbt_dag.py
[2024-04-27T19:51:52.633+0000] {processor.py:830} INFO - Processing file /opt/airflow/dags/dbt_dag.py for tasks to queue
[2024-04-27T19:51:52.638+0000] {logging_mixin.py:188} INFO - [2024-04-27T19:51:52.637+0000] {dagbag.py:540} INFO - Filling up the DagBag from /opt/airflow/dags/dbt_dag.py
[2024-04-27T19:51:52.642+0000] {logging_mixin.py:188} INFO - CURRENT_DIR : /opt/airflow
[2024-04-27T19:51:52.643+0000] {logging_mixin.py:188} INFO - DBT_DIR : /opt/airflow/dags/dbt/airflow_dbt_gcp
[2024-04-27T19:51:52.661+0000] {processor.py:840} INFO - DAG(s) 'dbt_dag_gcp' retrieved from /opt/airflow/dags/dbt_dag.py
[2024-04-27T19:51:52.713+0000] {logging_mixin.py:188} INFO - [2024-04-27T19:51:52.712+0000] {dag.py:3047} INFO - Sync 1 DAGs
[2024-04-27T19:51:52.767+0000] {logging_mixin.py:188} INFO - [2024-04-27T19:51:52.766+0000] {dag.py:3834} INFO - Setting next_dagrun for dbt_dag_gcp to 2024-04-27 00:00:00+00:00, run_after=2024-04-28 00:00:00+00:00
[2024-04-27T19:51:52.808+0000] {processor.py:183} INFO - Processing /opt/airflow/dags/dbt_dag.py took 0.185 seconds
[2024-04-27T19:52:23.063+0000] {processor.py:161} INFO - Started process (PID=171) to work on /opt/airflow/dags/dbt_dag.py
[2024-04-27T19:52:23.065+0000] {processor.py:830} INFO - Processing file /opt/airflow/dags/dbt_dag.py for tasks to queue
[2024-04-27T19:52:23.069+0000] {logging_mixin.py:188} INFO - [2024-04-27T19:52:23.069+0000] {dagbag.py:540} INFO - Filling up the DagBag from /opt/airflow/dags/dbt_dag.py
[2024-04-27T19:52:23.073+0000] {logging_mixin.py:188} INFO - CURRENT_DIR : /opt/airflow
[2024-04-27T19:52:23.075+0000] {logging_mixin.py:188} INFO - DBT_DIR : /opt/airflow/dags/dbt/airflow_dbt_gcp
[2024-04-27T19:52:23.100+0000] {processor.py:840} INFO - DAG(s) 'dbt_dag_gcp' retrieved from /opt/airflow/dags/dbt_dag.py
[2024-04-27T19:52:23.176+0000] {logging_mixin.py:188} INFO - [2024-04-27T19:52:23.175+0000] {dag.py:3047} INFO - Sync 1 DAGs
[2024-04-27T19:52:23.266+0000] {logging_mixin.py:188} INFO - [2024-04-27T19:52:23.266+0000] {dag.py:3834} INFO - Setting next_dagrun for dbt_dag_gcp to 2024-04-27 00:00:00+00:00, run_after=2024-04-28 00:00:00+00:00
[2024-04-27T19:52:23.335+0000] {processor.py:183} INFO - Processing /opt/airflow/dags/dbt_dag.py took 0.278 seconds
[2024-04-27T19:52:53.565+0000] {processor.py:161} INFO - Started process (PID=179) to work on /opt/airflow/dags/dbt_dag.py
[2024-04-27T19:52:53.567+0000] {processor.py:830} INFO - Processing file /opt/airflow/dags/dbt_dag.py for tasks to queue
[2024-04-27T19:52:53.573+0000] {logging_mixin.py:188} INFO - [2024-04-27T19:52:53.572+0000] {dagbag.py:540} INFO - Filling up the DagBag from /opt/airflow/dags/dbt_dag.py
[2024-04-27T19:52:53.579+0000] {logging_mixin.py:188} INFO - CURRENT_DIR : /opt/airflow
[2024-04-27T19:52:53.579+0000] {logging_mixin.py:188} INFO - DBT_DIR : /opt/airflow/dags/dbt/airflow_dbt_gcp
[2024-04-27T19:52:53.598+0000] {processor.py:840} INFO - DAG(s) 'dbt_dag_gcp' retrieved from /opt/airflow/dags/dbt_dag.py
[2024-04-27T19:52:53.652+0000] {logging_mixin.py:188} INFO - [2024-04-27T19:52:53.651+0000] {dag.py:3047} INFO - Sync 1 DAGs
[2024-04-27T19:52:53.700+0000] {logging_mixin.py:188} INFO - [2024-04-27T19:52:53.700+0000] {dag.py:3834} INFO - Setting next_dagrun for dbt_dag_gcp to 2024-04-27 00:00:00+00:00, run_after=2024-04-28 00:00:00+00:00
[2024-04-27T19:52:53.747+0000] {processor.py:183} INFO - Processing /opt/airflow/dags/dbt_dag.py took 0.191 seconds
[2024-04-27T19:53:23.967+0000] {processor.py:161} INFO - Started process (PID=187) to work on /opt/airflow/dags/dbt_dag.py
[2024-04-27T19:53:23.968+0000] {processor.py:830} INFO - Processing file /opt/airflow/dags/dbt_dag.py for tasks to queue
[2024-04-27T19:53:23.973+0000] {logging_mixin.py:188} INFO - [2024-04-27T19:53:23.972+0000] {dagbag.py:540} INFO - Filling up the DagBag from /opt/airflow/dags/dbt_dag.py
[2024-04-27T19:53:23.977+0000] {logging_mixin.py:188} INFO - CURRENT_DIR : /opt/airflow
[2024-04-27T19:53:23.977+0000] {logging_mixin.py:188} INFO - DBT_DIR : /opt/airflow/dags/dbt/airflow_dbt_gcp
[2024-04-27T19:53:24.001+0000] {processor.py:840} INFO - DAG(s) 'dbt_dag_gcp' retrieved from /opt/airflow/dags/dbt_dag.py
[2024-04-27T19:53:24.046+0000] {logging_mixin.py:188} INFO - [2024-04-27T19:53:24.045+0000] {dag.py:3047} INFO - Sync 1 DAGs
[2024-04-27T19:53:24.097+0000] {logging_mixin.py:188} INFO - [2024-04-27T19:53:24.097+0000] {dag.py:3834} INFO - Setting next_dagrun for dbt_dag_gcp to 2024-04-27 00:00:00+00:00, run_after=2024-04-28 00:00:00+00:00
[2024-04-27T19:53:24.129+0000] {processor.py:183} INFO - Processing /opt/airflow/dags/dbt_dag.py took 0.169 seconds
[2024-04-27T19:53:54.203+0000] {processor.py:161} INFO - Started process (PID=195) to work on /opt/airflow/dags/dbt_dag.py
[2024-04-27T19:53:54.206+0000] {processor.py:830} INFO - Processing file /opt/airflow/dags/dbt_dag.py for tasks to queue
[2024-04-27T19:53:54.212+0000] {logging_mixin.py:188} INFO - [2024-04-27T19:53:54.210+0000] {dagbag.py:540} INFO - Filling up the DagBag from /opt/airflow/dags/dbt_dag.py
[2024-04-27T19:53:54.217+0000] {logging_mixin.py:188} INFO - CURRENT_DIR : /opt/airflow
[2024-04-27T19:53:54.217+0000] {logging_mixin.py:188} INFO - DBT_DIR : /opt/airflow/dags/dbt/airflow_dbt_gcp
[2024-04-27T19:53:54.246+0000] {processor.py:840} INFO - DAG(s) 'dbt_dag_gcp' retrieved from /opt/airflow/dags/dbt_dag.py
[2024-04-27T19:53:54.304+0000] {logging_mixin.py:188} INFO - [2024-04-27T19:53:54.303+0000] {dag.py:3047} INFO - Sync 1 DAGs
[2024-04-27T19:53:54.352+0000] {logging_mixin.py:188} INFO - [2024-04-27T19:53:54.352+0000] {dag.py:3834} INFO - Setting next_dagrun for dbt_dag_gcp to 2024-04-27 00:00:00+00:00, run_after=2024-04-28 00:00:00+00:00
[2024-04-27T19:53:54.385+0000] {processor.py:183} INFO - Processing /opt/airflow/dags/dbt_dag.py took 0.188 seconds
[2024-04-27T19:54:24.607+0000] {processor.py:161} INFO - Started process (PID=203) to work on /opt/airflow/dags/dbt_dag.py
[2024-04-27T19:54:24.609+0000] {processor.py:830} INFO - Processing file /opt/airflow/dags/dbt_dag.py for tasks to queue
[2024-04-27T19:54:24.614+0000] {logging_mixin.py:188} INFO - [2024-04-27T19:54:24.613+0000] {dagbag.py:540} INFO - Filling up the DagBag from /opt/airflow/dags/dbt_dag.py
[2024-04-27T19:54:24.617+0000] {logging_mixin.py:188} INFO - CURRENT_DIR : /opt/airflow
[2024-04-27T19:54:24.618+0000] {logging_mixin.py:188} INFO - DBT_DIR : /opt/airflow/dags/dbt/airflow_dbt_gcp
[2024-04-27T19:54:24.636+0000] {processor.py:840} INFO - DAG(s) 'dbt_dag_gcp' retrieved from /opt/airflow/dags/dbt_dag.py
[2024-04-27T19:54:24.681+0000] {logging_mixin.py:188} INFO - [2024-04-27T19:54:24.681+0000] {dag.py:3047} INFO - Sync 1 DAGs
[2024-04-27T19:54:24.738+0000] {logging_mixin.py:188} INFO - [2024-04-27T19:54:24.738+0000] {dag.py:3834} INFO - Setting next_dagrun for dbt_dag_gcp to 2024-04-27 00:00:00+00:00, run_after=2024-04-28 00:00:00+00:00
[2024-04-27T19:54:24.777+0000] {processor.py:183} INFO - Processing /opt/airflow/dags/dbt_dag.py took 0.178 seconds
[2024-04-27T19:54:54.990+0000] {processor.py:161} INFO - Started process (PID=211) to work on /opt/airflow/dags/dbt_dag.py
[2024-04-27T19:54:54.992+0000] {processor.py:830} INFO - Processing file /opt/airflow/dags/dbt_dag.py for tasks to queue
[2024-04-27T19:54:54.996+0000] {logging_mixin.py:188} INFO - [2024-04-27T19:54:54.995+0000] {dagbag.py:540} INFO - Filling up the DagBag from /opt/airflow/dags/dbt_dag.py
[2024-04-27T19:54:54.999+0000] {logging_mixin.py:188} INFO - CURRENT_DIR : /opt/airflow
[2024-04-27T19:54:54.999+0000] {logging_mixin.py:188} INFO - DBT_DIR : /opt/airflow/dags/dbt/airflow_dbt_gcp
[2024-04-27T19:54:55.015+0000] {processor.py:840} INFO - DAG(s) 'dbt_dag_gcp' retrieved from /opt/airflow/dags/dbt_dag.py
[2024-04-27T19:54:55.067+0000] {logging_mixin.py:188} INFO - [2024-04-27T19:54:55.067+0000] {dag.py:3047} INFO - Sync 1 DAGs
[2024-04-27T19:54:55.121+0000] {logging_mixin.py:188} INFO - [2024-04-27T19:54:55.120+0000] {dag.py:3834} INFO - Setting next_dagrun for dbt_dag_gcp to 2024-04-27 00:00:00+00:00, run_after=2024-04-28 00:00:00+00:00
[2024-04-27T19:54:55.159+0000] {processor.py:183} INFO - Processing /opt/airflow/dags/dbt_dag.py took 0.174 seconds
[2024-04-27T19:55:25.402+0000] {processor.py:161} INFO - Started process (PID=219) to work on /opt/airflow/dags/dbt_dag.py
[2024-04-27T19:55:25.404+0000] {processor.py:830} INFO - Processing file /opt/airflow/dags/dbt_dag.py for tasks to queue
[2024-04-27T19:55:25.409+0000] {logging_mixin.py:188} INFO - [2024-04-27T19:55:25.409+0000] {dagbag.py:540} INFO - Filling up the DagBag from /opt/airflow/dags/dbt_dag.py
[2024-04-27T19:55:25.416+0000] {logging_mixin.py:188} INFO - CURRENT_DIR : /opt/airflow
[2024-04-27T19:55:25.417+0000] {logging_mixin.py:188} INFO - DBT_DIR : /opt/airflow/dags/dbt/airflow_dbt_gcp
[2024-04-27T19:55:25.448+0000] {processor.py:840} INFO - DAG(s) 'dbt_dag_gcp' retrieved from /opt/airflow/dags/dbt_dag.py
[2024-04-27T19:55:25.553+0000] {logging_mixin.py:188} INFO - [2024-04-27T19:55:25.552+0000] {dag.py:3047} INFO - Sync 1 DAGs
[2024-04-27T19:55:25.667+0000] {logging_mixin.py:188} INFO - [2024-04-27T19:55:25.667+0000] {dag.py:3834} INFO - Setting next_dagrun for dbt_dag_gcp to 2024-04-27 00:00:00+00:00, run_after=2024-04-28 00:00:00+00:00
[2024-04-27T19:55:25.764+0000] {processor.py:183} INFO - Processing /opt/airflow/dags/dbt_dag.py took 0.369 seconds
[2024-04-27T19:55:56.034+0000] {processor.py:161} INFO - Started process (PID=227) to work on /opt/airflow/dags/dbt_dag.py
[2024-04-27T19:55:56.036+0000] {processor.py:830} INFO - Processing file /opt/airflow/dags/dbt_dag.py for tasks to queue
[2024-04-27T19:55:56.041+0000] {logging_mixin.py:188} INFO - [2024-04-27T19:55:56.040+0000] {dagbag.py:540} INFO - Filling up the DagBag from /opt/airflow/dags/dbt_dag.py
[2024-04-27T19:55:56.045+0000] {logging_mixin.py:188} INFO - CURRENT_DIR : /opt/airflow
[2024-04-27T19:55:56.046+0000] {logging_mixin.py:188} INFO - DBT_DIR : /opt/airflow/dags/dbt/airflow_dbt_gcp
[2024-04-27T19:55:56.067+0000] {processor.py:840} INFO - DAG(s) 'dbt_dag_gcp' retrieved from /opt/airflow/dags/dbt_dag.py
[2024-04-27T19:55:56.143+0000] {logging_mixin.py:188} INFO - [2024-04-27T19:55:56.143+0000] {dag.py:3047} INFO - Sync 1 DAGs
[2024-04-27T19:55:56.233+0000] {logging_mixin.py:188} INFO - [2024-04-27T19:55:56.232+0000] {dag.py:3834} INFO - Setting next_dagrun for dbt_dag_gcp to 2024-04-27 00:00:00+00:00, run_after=2024-04-28 00:00:00+00:00
[2024-04-27T19:55:56.291+0000] {processor.py:183} INFO - Processing /opt/airflow/dags/dbt_dag.py took 0.265 seconds
[2024-04-27T19:56:26.509+0000] {processor.py:161} INFO - Started process (PID=235) to work on /opt/airflow/dags/dbt_dag.py
[2024-04-27T19:56:26.510+0000] {processor.py:830} INFO - Processing file /opt/airflow/dags/dbt_dag.py for tasks to queue
[2024-04-27T19:56:26.514+0000] {logging_mixin.py:188} INFO - [2024-04-27T19:56:26.513+0000] {dagbag.py:540} INFO - Filling up the DagBag from /opt/airflow/dags/dbt_dag.py
[2024-04-27T19:56:26.518+0000] {logging_mixin.py:188} INFO - CURRENT_DIR : /opt/airflow
[2024-04-27T19:56:26.519+0000] {logging_mixin.py:188} INFO - DBT_DIR : /opt/airflow/dags/dbt/airflow_dbt_gcp
[2024-04-27T19:56:26.537+0000] {processor.py:840} INFO - DAG(s) 'dbt_dag_gcp' retrieved from /opt/airflow/dags/dbt_dag.py
[2024-04-27T19:56:26.588+0000] {logging_mixin.py:188} INFO - [2024-04-27T19:56:26.588+0000] {dag.py:3047} INFO - Sync 1 DAGs
[2024-04-27T19:56:26.639+0000] {logging_mixin.py:188} INFO - [2024-04-27T19:56:26.639+0000] {dag.py:3834} INFO - Setting next_dagrun for dbt_dag_gcp to 2024-04-27 00:00:00+00:00, run_after=2024-04-28 00:00:00+00:00
[2024-04-27T19:56:26.675+0000] {processor.py:183} INFO - Processing /opt/airflow/dags/dbt_dag.py took 0.172 seconds
[2024-04-27T19:56:56.900+0000] {processor.py:161} INFO - Started process (PID=243) to work on /opt/airflow/dags/dbt_dag.py
[2024-04-27T19:56:56.902+0000] {processor.py:830} INFO - Processing file /opt/airflow/dags/dbt_dag.py for tasks to queue
[2024-04-27T19:56:56.906+0000] {logging_mixin.py:188} INFO - [2024-04-27T19:56:56.905+0000] {dagbag.py:540} INFO - Filling up the DagBag from /opt/airflow/dags/dbt_dag.py
[2024-04-27T19:56:56.910+0000] {logging_mixin.py:188} INFO - CURRENT_DIR : /opt/airflow
[2024-04-27T19:56:56.911+0000] {logging_mixin.py:188} INFO - DBT_DIR : /opt/airflow/dags/dbt/airflow_dbt_gcp
[2024-04-27T19:56:56.931+0000] {processor.py:840} INFO - DAG(s) 'dbt_dag_gcp' retrieved from /opt/airflow/dags/dbt_dag.py
[2024-04-27T19:56:56.974+0000] {logging_mixin.py:188} INFO - [2024-04-27T19:56:56.974+0000] {dag.py:3047} INFO - Sync 1 DAGs
[2024-04-27T19:56:57.023+0000] {logging_mixin.py:188} INFO - [2024-04-27T19:56:57.023+0000] {dag.py:3834} INFO - Setting next_dagrun for dbt_dag_gcp to 2024-04-27 00:00:00+00:00, run_after=2024-04-28 00:00:00+00:00
[2024-04-27T19:56:57.059+0000] {processor.py:183} INFO - Processing /opt/airflow/dags/dbt_dag.py took 0.165 seconds
[2024-04-27T19:57:27.282+0000] {processor.py:161} INFO - Started process (PID=251) to work on /opt/airflow/dags/dbt_dag.py
[2024-04-27T19:57:27.285+0000] {processor.py:830} INFO - Processing file /opt/airflow/dags/dbt_dag.py for tasks to queue
[2024-04-27T19:57:27.288+0000] {logging_mixin.py:188} INFO - [2024-04-27T19:57:27.288+0000] {dagbag.py:540} INFO - Filling up the DagBag from /opt/airflow/dags/dbt_dag.py
[2024-04-27T19:57:27.292+0000] {logging_mixin.py:188} INFO - CURRENT_DIR : /opt/airflow
[2024-04-27T19:57:27.292+0000] {logging_mixin.py:188} INFO - DBT_DIR : /opt/airflow/dags/dbt/airflow_dbt_gcp
[2024-04-27T19:57:27.308+0000] {processor.py:840} INFO - DAG(s) 'dbt_dag_gcp' retrieved from /opt/airflow/dags/dbt_dag.py
[2024-04-27T19:57:27.354+0000] {logging_mixin.py:188} INFO - [2024-04-27T19:57:27.353+0000] {dag.py:3047} INFO - Sync 1 DAGs
[2024-04-27T19:57:27.402+0000] {logging_mixin.py:188} INFO - [2024-04-27T19:57:27.402+0000] {dag.py:3834} INFO - Setting next_dagrun for dbt_dag_gcp to 2024-04-27 00:00:00+00:00, run_after=2024-04-28 00:00:00+00:00
[2024-04-27T19:57:27.441+0000] {processor.py:183} INFO - Processing /opt/airflow/dags/dbt_dag.py took 0.164 seconds
[2024-04-27T19:57:57.692+0000] {processor.py:161} INFO - Started process (PID=259) to work on /opt/airflow/dags/dbt_dag.py
[2024-04-27T19:57:57.695+0000] {processor.py:830} INFO - Processing file /opt/airflow/dags/dbt_dag.py for tasks to queue
[2024-04-27T19:57:57.699+0000] {logging_mixin.py:188} INFO - [2024-04-27T19:57:57.698+0000] {dagbag.py:540} INFO - Filling up the DagBag from /opt/airflow/dags/dbt_dag.py
[2024-04-27T19:57:57.702+0000] {logging_mixin.py:188} INFO - CURRENT_DIR : /opt/airflow
[2024-04-27T19:57:57.703+0000] {logging_mixin.py:188} INFO - DBT_DIR : /opt/airflow/dags/dbt/airflow_dbt_gcp
[2024-04-27T19:57:57.719+0000] {processor.py:840} INFO - DAG(s) 'dbt_dag_gcp' retrieved from /opt/airflow/dags/dbt_dag.py
[2024-04-27T19:57:57.767+0000] {logging_mixin.py:188} INFO - [2024-04-27T19:57:57.767+0000] {dag.py:3047} INFO - Sync 1 DAGs
[2024-04-27T19:57:57.815+0000] {logging_mixin.py:188} INFO - [2024-04-27T19:57:57.814+0000] {dag.py:3834} INFO - Setting next_dagrun for dbt_dag_gcp to 2024-04-27 00:00:00+00:00, run_after=2024-04-28 00:00:00+00:00
[2024-04-27T19:57:57.873+0000] {processor.py:183} INFO - Processing /opt/airflow/dags/dbt_dag.py took 0.189 seconds
[2024-04-27T19:58:28.086+0000] {processor.py:161} INFO - Started process (PID=267) to work on /opt/airflow/dags/dbt_dag.py
[2024-04-27T19:58:28.088+0000] {processor.py:830} INFO - Processing file /opt/airflow/dags/dbt_dag.py for tasks to queue
[2024-04-27T19:58:28.092+0000] {logging_mixin.py:188} INFO - [2024-04-27T19:58:28.092+0000] {dagbag.py:540} INFO - Filling up the DagBag from /opt/airflow/dags/dbt_dag.py
[2024-04-27T19:58:28.096+0000] {logging_mixin.py:188} INFO - CURRENT_DIR : /opt/airflow
[2024-04-27T19:58:28.098+0000] {logging_mixin.py:188} INFO - DBT_DIR : /opt/airflow/dags/dbt/airflow_dbt_gcp
[2024-04-27T19:58:28.117+0000] {processor.py:840} INFO - DAG(s) 'dbt_dag_gcp' retrieved from /opt/airflow/dags/dbt_dag.py
[2024-04-27T19:58:28.166+0000] {logging_mixin.py:188} INFO - [2024-04-27T19:58:28.165+0000] {dag.py:3047} INFO - Sync 1 DAGs
[2024-04-27T19:58:28.219+0000] {logging_mixin.py:188} INFO - [2024-04-27T19:58:28.218+0000] {dag.py:3834} INFO - Setting next_dagrun for dbt_dag_gcp to 2024-04-27 00:00:00+00:00, run_after=2024-04-28 00:00:00+00:00
[2024-04-27T19:58:28.258+0000] {processor.py:183} INFO - Processing /opt/airflow/dags/dbt_dag.py took 0.179 seconds
[2024-04-27T19:58:58.477+0000] {processor.py:161} INFO - Started process (PID=275) to work on /opt/airflow/dags/dbt_dag.py
[2024-04-27T19:58:58.480+0000] {processor.py:830} INFO - Processing file /opt/airflow/dags/dbt_dag.py for tasks to queue
[2024-04-27T19:58:58.484+0000] {logging_mixin.py:188} INFO - [2024-04-27T19:58:58.483+0000] {dagbag.py:540} INFO - Filling up the DagBag from /opt/airflow/dags/dbt_dag.py
[2024-04-27T19:58:58.488+0000] {logging_mixin.py:188} INFO - CURRENT_DIR : /opt/airflow
[2024-04-27T19:58:58.488+0000] {logging_mixin.py:188} INFO - DBT_DIR : /opt/airflow/dags/dbt/airflow_dbt_gcp
[2024-04-27T19:58:58.505+0000] {processor.py:840} INFO - DAG(s) 'dbt_dag_gcp' retrieved from /opt/airflow/dags/dbt_dag.py
[2024-04-27T19:58:58.553+0000] {logging_mixin.py:188} INFO - [2024-04-27T19:58:58.553+0000] {dag.py:3047} INFO - Sync 1 DAGs
[2024-04-27T19:58:58.605+0000] {logging_mixin.py:188} INFO - [2024-04-27T19:58:58.604+0000] {dag.py:3834} INFO - Setting next_dagrun for dbt_dag_gcp to 2024-04-27 00:00:00+00:00, run_after=2024-04-28 00:00:00+00:00
[2024-04-27T19:58:58.640+0000] {processor.py:183} INFO - Processing /opt/airflow/dags/dbt_dag.py took 0.170 seconds
[2024-04-27T19:59:28.850+0000] {processor.py:161} INFO - Started process (PID=283) to work on /opt/airflow/dags/dbt_dag.py
[2024-04-27T19:59:28.852+0000] {processor.py:830} INFO - Processing file /opt/airflow/dags/dbt_dag.py for tasks to queue
[2024-04-27T19:59:28.856+0000] {logging_mixin.py:188} INFO - [2024-04-27T19:59:28.856+0000] {dagbag.py:540} INFO - Filling up the DagBag from /opt/airflow/dags/dbt_dag.py
[2024-04-27T19:59:28.859+0000] {logging_mixin.py:188} INFO - CURRENT_DIR : /opt/airflow
[2024-04-27T19:59:28.860+0000] {logging_mixin.py:188} INFO - DBT_DIR : /opt/airflow/dags/dbt/airflow_dbt_gcp
[2024-04-27T19:59:28.874+0000] {processor.py:840} INFO - DAG(s) 'dbt_dag_gcp' retrieved from /opt/airflow/dags/dbt_dag.py
[2024-04-27T19:59:28.924+0000] {logging_mixin.py:188} INFO - [2024-04-27T19:59:28.923+0000] {dag.py:3047} INFO - Sync 1 DAGs
[2024-04-27T19:59:28.984+0000] {logging_mixin.py:188} INFO - [2024-04-27T19:59:28.984+0000] {dag.py:3834} INFO - Setting next_dagrun for dbt_dag_gcp to 2024-04-27 00:00:00+00:00, run_after=2024-04-28 00:00:00+00:00
[2024-04-27T19:59:29.030+0000] {processor.py:183} INFO - Processing /opt/airflow/dags/dbt_dag.py took 0.185 seconds
[2024-04-27T19:59:59.276+0000] {processor.py:161} INFO - Started process (PID=291) to work on /opt/airflow/dags/dbt_dag.py
[2024-04-27T19:59:59.281+0000] {processor.py:830} INFO - Processing file /opt/airflow/dags/dbt_dag.py for tasks to queue
[2024-04-27T19:59:59.285+0000] {logging_mixin.py:188} INFO - [2024-04-27T19:59:59.284+0000] {dagbag.py:540} INFO - Filling up the DagBag from /opt/airflow/dags/dbt_dag.py
[2024-04-27T19:59:59.290+0000] {logging_mixin.py:188} INFO - CURRENT_DIR : /opt/airflow
[2024-04-27T19:59:59.291+0000] {logging_mixin.py:188} INFO - DBT_DIR : /opt/airflow/dags/dbt/airflow_dbt_gcp
[2024-04-27T19:59:59.310+0000] {processor.py:840} INFO - DAG(s) 'dbt_dag_gcp' retrieved from /opt/airflow/dags/dbt_dag.py
[2024-04-27T19:59:59.357+0000] {logging_mixin.py:188} INFO - [2024-04-27T19:59:59.356+0000] {dag.py:3047} INFO - Sync 1 DAGs
[2024-04-27T19:59:59.409+0000] {logging_mixin.py:188} INFO - [2024-04-27T19:59:59.408+0000] {dag.py:3834} INFO - Setting next_dagrun for dbt_dag_gcp to 2024-04-27 00:00:00+00:00, run_after=2024-04-28 00:00:00+00:00
[2024-04-27T19:59:59.451+0000] {processor.py:183} INFO - Processing /opt/airflow/dags/dbt_dag.py took 0.182 seconds
[2024-04-27T20:00:29.681+0000] {processor.py:161} INFO - Started process (PID=299) to work on /opt/airflow/dags/dbt_dag.py
[2024-04-27T20:00:29.684+0000] {processor.py:830} INFO - Processing file /opt/airflow/dags/dbt_dag.py for tasks to queue
[2024-04-27T20:00:29.691+0000] {logging_mixin.py:188} INFO - [2024-04-27T20:00:29.690+0000] {dagbag.py:540} INFO - Filling up the DagBag from /opt/airflow/dags/dbt_dag.py
[2024-04-27T20:00:29.696+0000] {logging_mixin.py:188} INFO - CURRENT_DIR : /opt/airflow
[2024-04-27T20:00:29.696+0000] {logging_mixin.py:188} INFO - DBT_DIR : /opt/airflow/dags/dbt/airflow_dbt_gcp
[2024-04-27T20:00:29.718+0000] {processor.py:840} INFO - DAG(s) 'dbt_dag_gcp' retrieved from /opt/airflow/dags/dbt_dag.py
[2024-04-27T20:00:29.762+0000] {logging_mixin.py:188} INFO - [2024-04-27T20:00:29.761+0000] {dag.py:3047} INFO - Sync 1 DAGs
[2024-04-27T20:00:29.816+0000] {logging_mixin.py:188} INFO - [2024-04-27T20:00:29.815+0000] {dag.py:3834} INFO - Setting next_dagrun for dbt_dag_gcp to 2024-04-27 00:00:00+00:00, run_after=2024-04-28 00:00:00+00:00
[2024-04-27T20:00:29.860+0000] {processor.py:183} INFO - Processing /opt/airflow/dags/dbt_dag.py took 0.187 seconds
[2024-04-27T20:01:00.127+0000] {processor.py:161} INFO - Started process (PID=307) to work on /opt/airflow/dags/dbt_dag.py
[2024-04-27T20:01:00.131+0000] {processor.py:830} INFO - Processing file /opt/airflow/dags/dbt_dag.py for tasks to queue
[2024-04-27T20:01:00.135+0000] {logging_mixin.py:188} INFO - [2024-04-27T20:01:00.134+0000] {dagbag.py:540} INFO - Filling up the DagBag from /opt/airflow/dags/dbt_dag.py
[2024-04-27T20:01:00.139+0000] {logging_mixin.py:188} INFO - CURRENT_DIR : /opt/airflow
[2024-04-27T20:01:00.140+0000] {logging_mixin.py:188} INFO - DBT_DIR : /opt/airflow/dags/dbt/airflow_dbt_gcp
[2024-04-27T20:01:00.157+0000] {processor.py:840} INFO - DAG(s) 'dbt_dag_gcp' retrieved from /opt/airflow/dags/dbt_dag.py
[2024-04-27T20:01:00.204+0000] {logging_mixin.py:188} INFO - [2024-04-27T20:01:00.203+0000] {dag.py:3047} INFO - Sync 1 DAGs
[2024-04-27T20:01:00.250+0000] {logging_mixin.py:188} INFO - [2024-04-27T20:01:00.249+0000] {dag.py:3834} INFO - Setting next_dagrun for dbt_dag_gcp to 2024-04-27 00:00:00+00:00, run_after=2024-04-28 00:00:00+00:00
[2024-04-27T20:01:00.289+0000] {processor.py:183} INFO - Processing /opt/airflow/dags/dbt_dag.py took 0.168 seconds
[2024-04-27T20:01:30.535+0000] {processor.py:161} INFO - Started process (PID=315) to work on /opt/airflow/dags/dbt_dag.py
[2024-04-27T20:01:30.537+0000] {processor.py:830} INFO - Processing file /opt/airflow/dags/dbt_dag.py for tasks to queue
[2024-04-27T20:01:30.543+0000] {logging_mixin.py:188} INFO - [2024-04-27T20:01:30.542+0000] {dagbag.py:540} INFO - Filling up the DagBag from /opt/airflow/dags/dbt_dag.py
[2024-04-27T20:01:30.551+0000] {logging_mixin.py:188} INFO - CURRENT_DIR : /opt/airflow
[2024-04-27T20:01:30.553+0000] {logging_mixin.py:188} INFO - DBT_DIR : /opt/airflow/dags/dbt/airflow_dbt_gcp
[2024-04-27T20:01:30.578+0000] {processor.py:840} INFO - DAG(s) 'dbt_dag_gcp' retrieved from /opt/airflow/dags/dbt_dag.py
[2024-04-27T20:01:30.628+0000] {logging_mixin.py:188} INFO - [2024-04-27T20:01:30.628+0000] {dag.py:3047} INFO - Sync 1 DAGs
[2024-04-27T20:01:30.674+0000] {logging_mixin.py:188} INFO - [2024-04-27T20:01:30.674+0000] {dag.py:3834} INFO - Setting next_dagrun for dbt_dag_gcp to 2024-04-27 00:00:00+00:00, run_after=2024-04-28 00:00:00+00:00
[2024-04-27T20:01:30.715+0000] {processor.py:183} INFO - Processing /opt/airflow/dags/dbt_dag.py took 0.196 seconds
[2024-04-27T20:02:00.933+0000] {processor.py:161} INFO - Started process (PID=323) to work on /opt/airflow/dags/dbt_dag.py
[2024-04-27T20:02:00.935+0000] {processor.py:830} INFO - Processing file /opt/airflow/dags/dbt_dag.py for tasks to queue
[2024-04-27T20:02:00.939+0000] {logging_mixin.py:188} INFO - [2024-04-27T20:02:00.938+0000] {dagbag.py:540} INFO - Filling up the DagBag from /opt/airflow/dags/dbt_dag.py
[2024-04-27T20:02:00.943+0000] {logging_mixin.py:188} INFO - CURRENT_DIR : /opt/airflow
[2024-04-27T20:02:00.944+0000] {logging_mixin.py:188} INFO - DBT_DIR : /opt/airflow/dags/dbt/airflow_dbt_gcp
[2024-04-27T20:02:00.962+0000] {processor.py:840} INFO - DAG(s) 'dbt_dag_gcp' retrieved from /opt/airflow/dags/dbt_dag.py
[2024-04-27T20:02:01.007+0000] {logging_mixin.py:188} INFO - [2024-04-27T20:02:01.006+0000] {dag.py:3047} INFO - Sync 1 DAGs
[2024-04-27T20:02:01.055+0000] {logging_mixin.py:188} INFO - [2024-04-27T20:02:01.055+0000] {dag.py:3834} INFO - Setting next_dagrun for dbt_dag_gcp to 2024-04-27 00:00:00+00:00, run_after=2024-04-28 00:00:00+00:00
[2024-04-27T20:02:01.092+0000] {processor.py:183} INFO - Processing /opt/airflow/dags/dbt_dag.py took 0.164 seconds
[2024-04-27T20:02:31.320+0000] {processor.py:161} INFO - Started process (PID=331) to work on /opt/airflow/dags/dbt_dag.py
[2024-04-27T20:02:31.322+0000] {processor.py:830} INFO - Processing file /opt/airflow/dags/dbt_dag.py for tasks to queue
[2024-04-27T20:02:31.335+0000] {logging_mixin.py:188} INFO - [2024-04-27T20:02:31.326+0000] {dagbag.py:540} INFO - Filling up the DagBag from /opt/airflow/dags/dbt_dag.py
[2024-04-27T20:02:31.339+0000] {logging_mixin.py:188} INFO - CURRENT_DIR : /opt/airflow
[2024-04-27T20:02:31.340+0000] {logging_mixin.py:188} INFO - DBT_DIR : /opt/airflow/dags/dbt/airflow_dbt_gcp
[2024-04-27T20:02:31.378+0000] {processor.py:840} INFO - DAG(s) 'dbt_dag_gcp' retrieved from /opt/airflow/dags/dbt_dag.py
[2024-04-27T20:02:31.437+0000] {logging_mixin.py:188} INFO - [2024-04-27T20:02:31.437+0000] {dag.py:3047} INFO - Sync 1 DAGs
[2024-04-27T20:02:31.482+0000] {logging_mixin.py:188} INFO - [2024-04-27T20:02:31.481+0000] {dag.py:3834} INFO - Setting next_dagrun for dbt_dag_gcp to 2024-04-27 00:00:00+00:00, run_after=2024-04-28 00:00:00+00:00
[2024-04-27T20:02:31.516+0000] {processor.py:183} INFO - Processing /opt/airflow/dags/dbt_dag.py took 0.203 seconds
[2024-04-27T20:03:01.719+0000] {processor.py:161} INFO - Started process (PID=339) to work on /opt/airflow/dags/dbt_dag.py
[2024-04-27T20:03:01.723+0000] {processor.py:830} INFO - Processing file /opt/airflow/dags/dbt_dag.py for tasks to queue
[2024-04-27T20:03:01.728+0000] {logging_mixin.py:188} INFO - [2024-04-27T20:03:01.728+0000] {dagbag.py:540} INFO - Filling up the DagBag from /opt/airflow/dags/dbt_dag.py
[2024-04-27T20:03:01.733+0000] {logging_mixin.py:188} INFO - CURRENT_DIR : /opt/airflow
[2024-04-27T20:03:01.734+0000] {logging_mixin.py:188} INFO - DBT_DIR : /opt/airflow/dags/dbt/airflow_dbt_gcp
[2024-04-27T20:03:01.780+0000] {processor.py:840} INFO - DAG(s) 'dbt_dag_gcp' retrieved from /opt/airflow/dags/dbt_dag.py
[2024-04-27T20:03:01.840+0000] {logging_mixin.py:188} INFO - [2024-04-27T20:03:01.840+0000] {dag.py:3047} INFO - Sync 1 DAGs
[2024-04-27T20:03:01.890+0000] {logging_mixin.py:188} INFO - [2024-04-27T20:03:01.890+0000] {dag.py:3834} INFO - Setting next_dagrun for dbt_dag_gcp to 2024-04-27 00:00:00+00:00, run_after=2024-04-28 00:00:00+00:00
[2024-04-27T20:03:01.940+0000] {processor.py:183} INFO - Processing /opt/airflow/dags/dbt_dag.py took 0.226 seconds
[2024-04-27T20:03:32.168+0000] {processor.py:161} INFO - Started process (PID=347) to work on /opt/airflow/dags/dbt_dag.py
[2024-04-27T20:03:32.170+0000] {processor.py:830} INFO - Processing file /opt/airflow/dags/dbt_dag.py for tasks to queue
[2024-04-27T20:03:32.173+0000] {logging_mixin.py:188} INFO - [2024-04-27T20:03:32.172+0000] {dagbag.py:540} INFO - Filling up the DagBag from /opt/airflow/dags/dbt_dag.py
[2024-04-27T20:03:32.177+0000] {logging_mixin.py:188} INFO - CURRENT_DIR : /opt/airflow
[2024-04-27T20:03:32.178+0000] {logging_mixin.py:188} INFO - DBT_DIR : /opt/airflow/dags/dbt/airflow_dbt_gcp
[2024-04-27T20:03:32.201+0000] {processor.py:840} INFO - DAG(s) 'dbt_dag_gcp' retrieved from /opt/airflow/dags/dbt_dag.py
[2024-04-27T20:03:32.259+0000] {logging_mixin.py:188} INFO - [2024-04-27T20:03:32.258+0000] {dag.py:3047} INFO - Sync 1 DAGs
[2024-04-27T20:03:32.312+0000] {logging_mixin.py:188} INFO - [2024-04-27T20:03:32.311+0000] {dag.py:3834} INFO - Setting next_dagrun for dbt_dag_gcp to 2024-04-27 00:00:00+00:00, run_after=2024-04-28 00:00:00+00:00
[2024-04-27T20:03:32.365+0000] {processor.py:183} INFO - Processing /opt/airflow/dags/dbt_dag.py took 0.203 seconds
[2024-04-27T20:04:02.569+0000] {processor.py:161} INFO - Started process (PID=355) to work on /opt/airflow/dags/dbt_dag.py
[2024-04-27T20:04:02.573+0000] {processor.py:830} INFO - Processing file /opt/airflow/dags/dbt_dag.py for tasks to queue
[2024-04-27T20:04:02.576+0000] {logging_mixin.py:188} INFO - [2024-04-27T20:04:02.576+0000] {dagbag.py:540} INFO - Filling up the DagBag from /opt/airflow/dags/dbt_dag.py
[2024-04-27T20:04:02.580+0000] {logging_mixin.py:188} INFO - CURRENT_DIR : /opt/airflow
[2024-04-27T20:04:02.580+0000] {logging_mixin.py:188} INFO - DBT_DIR : /opt/airflow/dags/dbt/airflow_dbt_gcp
[2024-04-27T20:04:02.599+0000] {processor.py:840} INFO - DAG(s) 'dbt_dag_gcp' retrieved from /opt/airflow/dags/dbt_dag.py
[2024-04-27T20:04:02.645+0000] {logging_mixin.py:188} INFO - [2024-04-27T20:04:02.644+0000] {dag.py:3047} INFO - Sync 1 DAGs
[2024-04-27T20:04:02.699+0000] {logging_mixin.py:188} INFO - [2024-04-27T20:04:02.699+0000] {dag.py:3834} INFO - Setting next_dagrun for dbt_dag_gcp to 2024-04-27 00:00:00+00:00, run_after=2024-04-28 00:00:00+00:00
[2024-04-27T20:04:02.741+0000] {processor.py:183} INFO - Processing /opt/airflow/dags/dbt_dag.py took 0.176 seconds
[2024-04-27T20:04:32.951+0000] {processor.py:161} INFO - Started process (PID=363) to work on /opt/airflow/dags/dbt_dag.py
[2024-04-27T20:04:32.952+0000] {processor.py:830} INFO - Processing file /opt/airflow/dags/dbt_dag.py for tasks to queue
[2024-04-27T20:04:32.955+0000] {logging_mixin.py:188} INFO - [2024-04-27T20:04:32.955+0000] {dagbag.py:540} INFO - Filling up the DagBag from /opt/airflow/dags/dbt_dag.py
[2024-04-27T20:04:32.959+0000] {logging_mixin.py:188} INFO - CURRENT_DIR : /opt/airflow
[2024-04-27T20:04:32.959+0000] {logging_mixin.py:188} INFO - DBT_DIR : /opt/airflow/dags/dbt/airflow_dbt_gcp
[2024-04-27T20:04:32.976+0000] {processor.py:840} INFO - DAG(s) 'dbt_dag_gcp' retrieved from /opt/airflow/dags/dbt_dag.py
[2024-04-27T20:04:33.021+0000] {logging_mixin.py:188} INFO - [2024-04-27T20:04:33.020+0000] {dag.py:3047} INFO - Sync 1 DAGs
[2024-04-27T20:04:33.069+0000] {logging_mixin.py:188} INFO - [2024-04-27T20:04:33.069+0000] {dag.py:3834} INFO - Setting next_dagrun for dbt_dag_gcp to 2024-04-27 00:00:00+00:00, run_after=2024-04-28 00:00:00+00:00
[2024-04-27T20:04:33.103+0000] {processor.py:183} INFO - Processing /opt/airflow/dags/dbt_dag.py took 0.158 seconds
[2024-04-27T20:05:03.179+0000] {processor.py:161} INFO - Started process (PID=371) to work on /opt/airflow/dags/dbt_dag.py
[2024-04-27T20:05:03.184+0000] {processor.py:830} INFO - Processing file /opt/airflow/dags/dbt_dag.py for tasks to queue
[2024-04-27T20:05:03.188+0000] {logging_mixin.py:188} INFO - [2024-04-27T20:05:03.188+0000] {dagbag.py:540} INFO - Filling up the DagBag from /opt/airflow/dags/dbt_dag.py
[2024-04-27T20:05:03.192+0000] {logging_mixin.py:188} INFO - CURRENT_DIR : /opt/airflow
[2024-04-27T20:05:03.192+0000] {logging_mixin.py:188} INFO - DBT_DIR : /opt/airflow/dags/dbt/airflow_dbt_gcp
[2024-04-27T20:05:03.209+0000] {processor.py:840} INFO - DAG(s) 'dbt_dag_gcp' retrieved from /opt/airflow/dags/dbt_dag.py
[2024-04-27T20:05:03.254+0000] {logging_mixin.py:188} INFO - [2024-04-27T20:05:03.254+0000] {dag.py:3047} INFO - Sync 1 DAGs
[2024-04-27T20:05:03.305+0000] {logging_mixin.py:188} INFO - [2024-04-27T20:05:03.304+0000] {dag.py:3834} INFO - Setting next_dagrun for dbt_dag_gcp to 2024-04-27 00:00:00+00:00, run_after=2024-04-28 00:00:00+00:00
[2024-04-27T20:05:03.341+0000] {processor.py:183} INFO - Processing /opt/airflow/dags/dbt_dag.py took 0.167 seconds
[2024-04-27T20:05:33.552+0000] {processor.py:161} INFO - Started process (PID=379) to work on /opt/airflow/dags/dbt_dag.py
[2024-04-27T20:05:33.556+0000] {processor.py:830} INFO - Processing file /opt/airflow/dags/dbt_dag.py for tasks to queue
[2024-04-27T20:05:33.559+0000] {logging_mixin.py:188} INFO - [2024-04-27T20:05:33.558+0000] {dagbag.py:540} INFO - Filling up the DagBag from /opt/airflow/dags/dbt_dag.py
[2024-04-27T20:05:33.563+0000] {logging_mixin.py:188} INFO - CURRENT_DIR : /opt/airflow
[2024-04-27T20:05:33.563+0000] {logging_mixin.py:188} INFO - DBT_DIR : /opt/airflow/dags/dbt/airflow_dbt_gcp
[2024-04-27T20:05:33.579+0000] {processor.py:840} INFO - DAG(s) 'dbt_dag_gcp' retrieved from /opt/airflow/dags/dbt_dag.py
[2024-04-27T20:05:33.622+0000] {logging_mixin.py:188} INFO - [2024-04-27T20:05:33.621+0000] {dag.py:3047} INFO - Sync 1 DAGs
[2024-04-27T20:05:33.669+0000] {logging_mixin.py:188} INFO - [2024-04-27T20:05:33.669+0000] {dag.py:3834} INFO - Setting next_dagrun for dbt_dag_gcp to 2024-04-27 00:00:00+00:00, run_after=2024-04-28 00:00:00+00:00
[2024-04-27T20:05:33.706+0000] {processor.py:183} INFO - Processing /opt/airflow/dags/dbt_dag.py took 0.159 seconds
[2024-04-27T20:06:03.970+0000] {processor.py:161} INFO - Started process (PID=387) to work on /opt/airflow/dags/dbt_dag.py
[2024-04-27T20:06:03.973+0000] {processor.py:830} INFO - Processing file /opt/airflow/dags/dbt_dag.py for tasks to queue
[2024-04-27T20:06:03.976+0000] {logging_mixin.py:188} INFO - [2024-04-27T20:06:03.975+0000] {dagbag.py:540} INFO - Filling up the DagBag from /opt/airflow/dags/dbt_dag.py
[2024-04-27T20:06:03.979+0000] {logging_mixin.py:188} INFO - CURRENT_DIR : /opt/airflow
[2024-04-27T20:06:03.980+0000] {logging_mixin.py:188} INFO - DBT_DIR : /opt/airflow/dags/dbt/airflow_dbt_gcp
[2024-04-27T20:06:03.995+0000] {processor.py:840} INFO - DAG(s) 'dbt_dag_gcp' retrieved from /opt/airflow/dags/dbt_dag.py
[2024-04-27T20:06:04.038+0000] {logging_mixin.py:188} INFO - [2024-04-27T20:06:04.037+0000] {dag.py:3047} INFO - Sync 1 DAGs
[2024-04-27T20:06:04.084+0000] {logging_mixin.py:188} INFO - [2024-04-27T20:06:04.084+0000] {dag.py:3834} INFO - Setting next_dagrun for dbt_dag_gcp to 2024-04-27 00:00:00+00:00, run_after=2024-04-28 00:00:00+00:00
[2024-04-27T20:06:04.119+0000] {processor.py:183} INFO - Processing /opt/airflow/dags/dbt_dag.py took 0.154 seconds
[2024-04-27T20:06:34.343+0000] {processor.py:161} INFO - Started process (PID=395) to work on /opt/airflow/dags/dbt_dag.py
[2024-04-27T20:06:34.345+0000] {processor.py:830} INFO - Processing file /opt/airflow/dags/dbt_dag.py for tasks to queue
[2024-04-27T20:06:34.349+0000] {logging_mixin.py:188} INFO - [2024-04-27T20:06:34.348+0000] {dagbag.py:540} INFO - Filling up the DagBag from /opt/airflow/dags/dbt_dag.py
[2024-04-27T20:06:34.353+0000] {logging_mixin.py:188} INFO - CURRENT_DIR : /opt/airflow
[2024-04-27T20:06:34.355+0000] {logging_mixin.py:188} INFO - DBT_DIR : /opt/airflow/dags/dbt/airflow_dbt_gcp
[2024-04-27T20:06:34.378+0000] {processor.py:840} INFO - DAG(s) 'dbt_dag_gcp' retrieved from /opt/airflow/dags/dbt_dag.py
[2024-04-27T20:06:34.425+0000] {logging_mixin.py:188} INFO - [2024-04-27T20:06:34.425+0000] {dag.py:3047} INFO - Sync 1 DAGs
[2024-04-27T20:06:34.478+0000] {logging_mixin.py:188} INFO - [2024-04-27T20:06:34.477+0000] {dag.py:3834} INFO - Setting next_dagrun for dbt_dag_gcp to 2024-04-27 00:00:00+00:00, run_after=2024-04-28 00:00:00+00:00
[2024-04-27T20:06:34.521+0000] {processor.py:183} INFO - Processing /opt/airflow/dags/dbt_dag.py took 0.187 seconds
[2024-04-27T20:07:04.743+0000] {processor.py:161} INFO - Started process (PID=403) to work on /opt/airflow/dags/dbt_dag.py
[2024-04-27T20:07:04.747+0000] {processor.py:830} INFO - Processing file /opt/airflow/dags/dbt_dag.py for tasks to queue
[2024-04-27T20:07:04.751+0000] {logging_mixin.py:188} INFO - [2024-04-27T20:07:04.751+0000] {dagbag.py:540} INFO - Filling up the DagBag from /opt/airflow/dags/dbt_dag.py
[2024-04-27T20:07:04.754+0000] {logging_mixin.py:188} INFO - CURRENT_DIR : /opt/airflow
[2024-04-27T20:07:04.755+0000] {logging_mixin.py:188} INFO - DBT_DIR : /opt/airflow/dags/dbt/airflow_dbt_gcp
[2024-04-27T20:07:04.773+0000] {processor.py:840} INFO - DAG(s) 'dbt_dag_gcp' retrieved from /opt/airflow/dags/dbt_dag.py
[2024-04-27T20:07:04.823+0000] {logging_mixin.py:188} INFO - [2024-04-27T20:07:04.822+0000] {dag.py:3047} INFO - Sync 1 DAGs
[2024-04-27T20:07:04.878+0000] {logging_mixin.py:188} INFO - [2024-04-27T20:07:04.878+0000] {dag.py:3834} INFO - Setting next_dagrun for dbt_dag_gcp to 2024-04-27 00:00:00+00:00, run_after=2024-04-28 00:00:00+00:00
[2024-04-27T20:07:04.921+0000] {processor.py:183} INFO - Processing /opt/airflow/dags/dbt_dag.py took 0.185 seconds
[2024-04-27T20:07:35.121+0000] {processor.py:161} INFO - Started process (PID=411) to work on /opt/airflow/dags/dbt_dag.py
[2024-04-27T20:07:35.123+0000] {processor.py:830} INFO - Processing file /opt/airflow/dags/dbt_dag.py for tasks to queue
[2024-04-27T20:07:35.127+0000] {logging_mixin.py:188} INFO - [2024-04-27T20:07:35.126+0000] {dagbag.py:540} INFO - Filling up the DagBag from /opt/airflow/dags/dbt_dag.py
[2024-04-27T20:07:35.130+0000] {logging_mixin.py:188} INFO - CURRENT_DIR : /opt/airflow
[2024-04-27T20:07:35.130+0000] {logging_mixin.py:188} INFO - DBT_DIR : /opt/airflow/dags/dbt/airflow_dbt_gcp
[2024-04-27T20:07:35.152+0000] {processor.py:840} INFO - DAG(s) 'dbt_dag_gcp' retrieved from /opt/airflow/dags/dbt_dag.py
[2024-04-27T20:07:35.196+0000] {logging_mixin.py:188} INFO - [2024-04-27T20:07:35.196+0000] {dag.py:3047} INFO - Sync 1 DAGs
[2024-04-27T20:07:35.240+0000] {logging_mixin.py:188} INFO - [2024-04-27T20:07:35.240+0000] {dag.py:3834} INFO - Setting next_dagrun for dbt_dag_gcp to 2024-04-27 00:00:00+00:00, run_after=2024-04-28 00:00:00+00:00
[2024-04-27T20:07:35.274+0000] {processor.py:183} INFO - Processing /opt/airflow/dags/dbt_dag.py took 0.158 seconds
[2024-04-27T20:08:05.354+0000] {processor.py:161} INFO - Started process (PID=419) to work on /opt/airflow/dags/dbt_dag.py
[2024-04-27T20:08:05.356+0000] {processor.py:830} INFO - Processing file /opt/airflow/dags/dbt_dag.py for tasks to queue
[2024-04-27T20:08:05.360+0000] {logging_mixin.py:188} INFO - [2024-04-27T20:08:05.360+0000] {dagbag.py:540} INFO - Filling up the DagBag from /opt/airflow/dags/dbt_dag.py
[2024-04-27T20:08:05.363+0000] {logging_mixin.py:188} INFO - CURRENT_DIR : /opt/airflow
[2024-04-27T20:08:05.363+0000] {logging_mixin.py:188} INFO - DBT_DIR : /opt/airflow/dags/dbt/airflow_dbt_gcp
[2024-04-27T20:08:05.379+0000] {processor.py:840} INFO - DAG(s) 'dbt_dag_gcp' retrieved from /opt/airflow/dags/dbt_dag.py
[2024-04-27T20:08:05.431+0000] {logging_mixin.py:188} INFO - [2024-04-27T20:08:05.430+0000] {dag.py:3047} INFO - Sync 1 DAGs
[2024-04-27T20:08:05.485+0000] {logging_mixin.py:188} INFO - [2024-04-27T20:08:05.485+0000] {dag.py:3834} INFO - Setting next_dagrun for dbt_dag_gcp to 2024-04-27 00:00:00+00:00, run_after=2024-04-28 00:00:00+00:00
[2024-04-27T20:08:05.524+0000] {processor.py:183} INFO - Processing /opt/airflow/dags/dbt_dag.py took 0.175 seconds
[2024-04-27T20:08:35.740+0000] {processor.py:161} INFO - Started process (PID=427) to work on /opt/airflow/dags/dbt_dag.py
[2024-04-27T20:08:35.741+0000] {processor.py:830} INFO - Processing file /opt/airflow/dags/dbt_dag.py for tasks to queue
[2024-04-27T20:08:35.744+0000] {logging_mixin.py:188} INFO - [2024-04-27T20:08:35.743+0000] {dagbag.py:540} INFO - Filling up the DagBag from /opt/airflow/dags/dbt_dag.py
[2024-04-27T20:08:35.747+0000] {logging_mixin.py:188} INFO - CURRENT_DIR : /opt/airflow
[2024-04-27T20:08:35.747+0000] {logging_mixin.py:188} INFO - DBT_DIR : /opt/airflow/dags/dbt/airflow_dbt_gcp
[2024-04-27T20:08:35.762+0000] {processor.py:840} INFO - DAG(s) 'dbt_dag_gcp' retrieved from /opt/airflow/dags/dbt_dag.py
[2024-04-27T20:08:35.806+0000] {logging_mixin.py:188} INFO - [2024-04-27T20:08:35.806+0000] {dag.py:3047} INFO - Sync 1 DAGs
[2024-04-27T20:08:35.852+0000] {logging_mixin.py:188} INFO - [2024-04-27T20:08:35.851+0000] {dag.py:3834} INFO - Setting next_dagrun for dbt_dag_gcp to 2024-04-27 00:00:00+00:00, run_after=2024-04-28 00:00:00+00:00
[2024-04-27T20:08:35.894+0000] {processor.py:183} INFO - Processing /opt/airflow/dags/dbt_dag.py took 0.159 seconds
[2024-04-27T20:09:06.113+0000] {processor.py:161} INFO - Started process (PID=435) to work on /opt/airflow/dags/dbt_dag.py
[2024-04-27T20:09:06.115+0000] {processor.py:830} INFO - Processing file /opt/airflow/dags/dbt_dag.py for tasks to queue
[2024-04-27T20:09:06.118+0000] {logging_mixin.py:188} INFO - [2024-04-27T20:09:06.117+0000] {dagbag.py:540} INFO - Filling up the DagBag from /opt/airflow/dags/dbt_dag.py
[2024-04-27T20:09:06.121+0000] {logging_mixin.py:188} INFO - CURRENT_DIR : /opt/airflow
[2024-04-27T20:09:06.121+0000] {logging_mixin.py:188} INFO - DBT_DIR : /opt/airflow/dags/dbt/airflow_dbt_gcp
[2024-04-27T20:09:06.138+0000] {processor.py:840} INFO - DAG(s) 'dbt_dag_gcp' retrieved from /opt/airflow/dags/dbt_dag.py
[2024-04-27T20:09:06.186+0000] {logging_mixin.py:188} INFO - [2024-04-27T20:09:06.185+0000] {dag.py:3047} INFO - Sync 1 DAGs
[2024-04-27T20:09:06.241+0000] {logging_mixin.py:188} INFO - [2024-04-27T20:09:06.241+0000] {dag.py:3834} INFO - Setting next_dagrun for dbt_dag_gcp to 2024-04-27 00:00:00+00:00, run_after=2024-04-28 00:00:00+00:00
[2024-04-27T20:09:06.287+0000] {processor.py:183} INFO - Processing /opt/airflow/dags/dbt_dag.py took 0.180 seconds
[2024-04-27T20:09:36.500+0000] {processor.py:161} INFO - Started process (PID=443) to work on /opt/airflow/dags/dbt_dag.py
[2024-04-27T20:09:36.503+0000] {processor.py:830} INFO - Processing file /opt/airflow/dags/dbt_dag.py for tasks to queue
[2024-04-27T20:09:36.507+0000] {logging_mixin.py:188} INFO - [2024-04-27T20:09:36.506+0000] {dagbag.py:540} INFO - Filling up the DagBag from /opt/airflow/dags/dbt_dag.py
[2024-04-27T20:09:36.511+0000] {logging_mixin.py:188} INFO - CURRENT_DIR : /opt/airflow
[2024-04-27T20:09:36.511+0000] {logging_mixin.py:188} INFO - DBT_DIR : /opt/airflow/dags/dbt/airflow_dbt_gcp
[2024-04-27T20:09:36.528+0000] {processor.py:840} INFO - DAG(s) 'dbt_dag_gcp' retrieved from /opt/airflow/dags/dbt_dag.py
[2024-04-27T20:09:36.573+0000] {logging_mixin.py:188} INFO - [2024-04-27T20:09:36.572+0000] {dag.py:3047} INFO - Sync 1 DAGs
[2024-04-27T20:09:36.622+0000] {logging_mixin.py:188} INFO - [2024-04-27T20:09:36.622+0000] {dag.py:3834} INFO - Setting next_dagrun for dbt_dag_gcp to 2024-04-27 00:00:00+00:00, run_after=2024-04-28 00:00:00+00:00
[2024-04-27T20:09:36.664+0000] {processor.py:183} INFO - Processing /opt/airflow/dags/dbt_dag.py took 0.170 seconds
[2024-04-27T20:10:06.754+0000] {processor.py:161} INFO - Started process (PID=451) to work on /opt/airflow/dags/dbt_dag.py
[2024-04-27T20:10:06.757+0000] {processor.py:830} INFO - Processing file /opt/airflow/dags/dbt_dag.py for tasks to queue
[2024-04-27T20:10:06.761+0000] {logging_mixin.py:188} INFO - [2024-04-27T20:10:06.760+0000] {dagbag.py:540} INFO - Filling up the DagBag from /opt/airflow/dags/dbt_dag.py
[2024-04-27T20:10:06.765+0000] {logging_mixin.py:188} INFO - CURRENT_DIR : /opt/airflow
[2024-04-27T20:10:06.766+0000] {logging_mixin.py:188} INFO - DBT_DIR : /opt/airflow/dags/dbt/airflow_dbt_gcp
[2024-04-27T20:10:06.790+0000] {processor.py:840} INFO - DAG(s) 'dbt_dag_gcp' retrieved from /opt/airflow/dags/dbt_dag.py
[2024-04-27T20:10:06.854+0000] {logging_mixin.py:188} INFO - [2024-04-27T20:10:06.854+0000] {dag.py:3047} INFO - Sync 1 DAGs
[2024-04-27T20:10:06.914+0000] {logging_mixin.py:188} INFO - [2024-04-27T20:10:06.913+0000] {dag.py:3834} INFO - Setting next_dagrun for dbt_dag_gcp to 2024-04-27 00:00:00+00:00, run_after=2024-04-28 00:00:00+00:00
[2024-04-27T20:10:06.959+0000] {processor.py:183} INFO - Processing /opt/airflow/dags/dbt_dag.py took 0.213 seconds
[2024-04-27T20:10:37.190+0000] {processor.py:161} INFO - Started process (PID=459) to work on /opt/airflow/dags/dbt_dag.py
[2024-04-27T20:10:37.192+0000] {processor.py:830} INFO - Processing file /opt/airflow/dags/dbt_dag.py for tasks to queue
[2024-04-27T20:10:37.197+0000] {logging_mixin.py:188} INFO - [2024-04-27T20:10:37.196+0000] {dagbag.py:540} INFO - Filling up the DagBag from /opt/airflow/dags/dbt_dag.py
[2024-04-27T20:10:37.201+0000] {logging_mixin.py:188} INFO - CURRENT_DIR : /opt/airflow
[2024-04-27T20:10:37.201+0000] {logging_mixin.py:188} INFO - DBT_DIR : /opt/airflow/dags/dbt/airflow_dbt_gcp
[2024-04-27T20:10:37.221+0000] {processor.py:840} INFO - DAG(s) 'dbt_dag_gcp' retrieved from /opt/airflow/dags/dbt_dag.py
[2024-04-27T20:10:37.281+0000] {logging_mixin.py:188} INFO - [2024-04-27T20:10:37.281+0000] {dag.py:3047} INFO - Sync 1 DAGs
[2024-04-27T20:10:37.334+0000] {logging_mixin.py:188} INFO - [2024-04-27T20:10:37.333+0000] {dag.py:3834} INFO - Setting next_dagrun for dbt_dag_gcp to 2024-04-27 00:00:00+00:00, run_after=2024-04-28 00:00:00+00:00
[2024-04-27T20:10:37.380+0000] {processor.py:183} INFO - Processing /opt/airflow/dags/dbt_dag.py took 0.197 seconds
[2024-04-27T20:11:07.673+0000] {processor.py:161} INFO - Started process (PID=467) to work on /opt/airflow/dags/dbt_dag.py
[2024-04-27T20:11:07.680+0000] {processor.py:830} INFO - Processing file /opt/airflow/dags/dbt_dag.py for tasks to queue
[2024-04-27T20:11:07.686+0000] {logging_mixin.py:188} INFO - [2024-04-27T20:11:07.685+0000] {dagbag.py:540} INFO - Filling up the DagBag from /opt/airflow/dags/dbt_dag.py
[2024-04-27T20:11:07.690+0000] {logging_mixin.py:188} INFO - CURRENT_DIR : /opt/airflow
[2024-04-27T20:11:07.690+0000] {logging_mixin.py:188} INFO - DBT_DIR : /opt/airflow/dags/dbt/airflow_dbt_gcp
[2024-04-27T20:11:07.708+0000] {processor.py:840} INFO - DAG(s) 'dbt_dag_gcp' retrieved from /opt/airflow/dags/dbt_dag.py
[2024-04-27T20:11:07.754+0000] {logging_mixin.py:188} INFO - [2024-04-27T20:11:07.753+0000] {dag.py:3047} INFO - Sync 1 DAGs
[2024-04-27T20:11:07.814+0000] {logging_mixin.py:188} INFO - [2024-04-27T20:11:07.814+0000] {dag.py:3834} INFO - Setting next_dagrun for dbt_dag_gcp to 2024-04-27 00:00:00+00:00, run_after=2024-04-28 00:00:00+00:00
[2024-04-27T20:11:07.856+0000] {processor.py:183} INFO - Processing /opt/airflow/dags/dbt_dag.py took 0.188 seconds
[2024-04-27T20:11:38.075+0000] {processor.py:161} INFO - Started process (PID=475) to work on /opt/airflow/dags/dbt_dag.py
[2024-04-27T20:11:38.076+0000] {processor.py:830} INFO - Processing file /opt/airflow/dags/dbt_dag.py for tasks to queue
[2024-04-27T20:11:38.083+0000] {logging_mixin.py:188} INFO - [2024-04-27T20:11:38.083+0000] {dagbag.py:540} INFO - Filling up the DagBag from /opt/airflow/dags/dbt_dag.py
[2024-04-27T20:11:38.087+0000] {logging_mixin.py:188} INFO - CURRENT_DIR : /opt/airflow
[2024-04-27T20:11:38.088+0000] {logging_mixin.py:188} INFO - DBT_DIR : /opt/airflow/dags/dbt/airflow_dbt_gcp
[2024-04-27T20:11:38.107+0000] {processor.py:840} INFO - DAG(s) 'dbt_dag_gcp' retrieved from /opt/airflow/dags/dbt_dag.py
[2024-04-27T20:11:38.173+0000] {logging_mixin.py:188} INFO - [2024-04-27T20:11:38.172+0000] {dag.py:3047} INFO - Sync 1 DAGs
[2024-04-27T20:11:38.225+0000] {logging_mixin.py:188} INFO - [2024-04-27T20:11:38.224+0000] {dag.py:3834} INFO - Setting next_dagrun for dbt_dag_gcp to 2024-04-27 00:00:00+00:00, run_after=2024-04-28 00:00:00+00:00
[2024-04-27T20:11:38.265+0000] {processor.py:183} INFO - Processing /opt/airflow/dags/dbt_dag.py took 0.197 seconds
[2024-04-27T20:12:08.499+0000] {processor.py:161} INFO - Started process (PID=483) to work on /opt/airflow/dags/dbt_dag.py
[2024-04-27T20:12:08.506+0000] {processor.py:830} INFO - Processing file /opt/airflow/dags/dbt_dag.py for tasks to queue
[2024-04-27T20:12:08.510+0000] {logging_mixin.py:188} INFO - [2024-04-27T20:12:08.509+0000] {dagbag.py:540} INFO - Filling up the DagBag from /opt/airflow/dags/dbt_dag.py
[2024-04-27T20:12:08.514+0000] {logging_mixin.py:188} INFO - CURRENT_DIR : /opt/airflow
[2024-04-27T20:12:08.514+0000] {logging_mixin.py:188} INFO - DBT_DIR : /opt/airflow/dags/dbt/airflow_dbt_gcp
[2024-04-27T20:12:08.536+0000] {processor.py:840} INFO - DAG(s) 'dbt_dag_gcp' retrieved from /opt/airflow/dags/dbt_dag.py
[2024-04-27T20:12:08.582+0000] {logging_mixin.py:188} INFO - [2024-04-27T20:12:08.581+0000] {dag.py:3047} INFO - Sync 1 DAGs
[2024-04-27T20:12:08.632+0000] {logging_mixin.py:188} INFO - [2024-04-27T20:12:08.632+0000] {dag.py:3834} INFO - Setting next_dagrun for dbt_dag_gcp to 2024-04-27 00:00:00+00:00, run_after=2024-04-28 00:00:00+00:00
[2024-04-27T20:12:08.669+0000] {processor.py:183} INFO - Processing /opt/airflow/dags/dbt_dag.py took 0.178 seconds
[2024-04-27T20:12:38.889+0000] {processor.py:161} INFO - Started process (PID=491) to work on /opt/airflow/dags/dbt_dag.py
[2024-04-27T20:12:38.890+0000] {processor.py:830} INFO - Processing file /opt/airflow/dags/dbt_dag.py for tasks to queue
[2024-04-27T20:12:38.895+0000] {logging_mixin.py:188} INFO - [2024-04-27T20:12:38.895+0000] {dagbag.py:540} INFO - Filling up the DagBag from /opt/airflow/dags/dbt_dag.py
[2024-04-27T20:12:38.899+0000] {logging_mixin.py:188} INFO - CURRENT_DIR : /opt/airflow
[2024-04-27T20:12:38.900+0000] {logging_mixin.py:188} INFO - DBT_DIR : /opt/airflow/dags/dbt/airflow_dbt_gcp
[2024-04-27T20:12:38.923+0000] {processor.py:840} INFO - DAG(s) 'dbt_dag_gcp' retrieved from /opt/airflow/dags/dbt_dag.py
[2024-04-27T20:12:38.968+0000] {logging_mixin.py:188} INFO - [2024-04-27T20:12:38.968+0000] {dag.py:3047} INFO - Sync 1 DAGs
[2024-04-27T20:12:39.020+0000] {logging_mixin.py:188} INFO - [2024-04-27T20:12:39.019+0000] {dag.py:3834} INFO - Setting next_dagrun for dbt_dag_gcp to 2024-04-27 00:00:00+00:00, run_after=2024-04-28 00:00:00+00:00
[2024-04-27T20:12:39.061+0000] {processor.py:183} INFO - Processing /opt/airflow/dags/dbt_dag.py took 0.179 seconds
[2024-04-27T20:13:09.287+0000] {processor.py:161} INFO - Started process (PID=499) to work on /opt/airflow/dags/dbt_dag.py
[2024-04-27T20:13:09.291+0000] {processor.py:830} INFO - Processing file /opt/airflow/dags/dbt_dag.py for tasks to queue
[2024-04-27T20:13:09.295+0000] {logging_mixin.py:188} INFO - [2024-04-27T20:13:09.294+0000] {dagbag.py:540} INFO - Filling up the DagBag from /opt/airflow/dags/dbt_dag.py
[2024-04-27T20:13:09.298+0000] {logging_mixin.py:188} INFO - CURRENT_DIR : /opt/airflow
[2024-04-27T20:13:09.298+0000] {logging_mixin.py:188} INFO - DBT_DIR : /opt/airflow/dags/dbt/airflow_dbt_gcp
[2024-04-27T20:13:09.314+0000] {processor.py:840} INFO - DAG(s) 'dbt_dag_gcp' retrieved from /opt/airflow/dags/dbt_dag.py
[2024-04-27T20:13:09.372+0000] {logging_mixin.py:188} INFO - [2024-04-27T20:13:09.371+0000] {dag.py:3047} INFO - Sync 1 DAGs
[2024-04-27T20:13:09.420+0000] {logging_mixin.py:188} INFO - [2024-04-27T20:13:09.419+0000] {dag.py:3834} INFO - Setting next_dagrun for dbt_dag_gcp to 2024-04-27 00:00:00+00:00, run_after=2024-04-28 00:00:00+00:00
[2024-04-27T20:13:09.460+0000] {processor.py:183} INFO - Processing /opt/airflow/dags/dbt_dag.py took 0.180 seconds
