[2024-04-27T19:45:47.050+0000] {processor.py:161} INFO - Started process (PID=54) to work on /opt/airflow/dags/retail.py
[2024-04-27T19:45:47.052+0000] {processor.py:830} INFO - Processing file /opt/airflow/dags/retail.py for tasks to queue
[2024-04-27T19:45:47.057+0000] {logging_mixin.py:188} INFO - [2024-04-27T19:45:47.056+0000] {dagbag.py:540} INFO - Filling up the DagBag from /opt/airflow/dags/retail.py
[2024-04-27T19:45:47.114+0000] {processor.py:840} INFO - DAG(s) 'retail_dag' retrieved from /opt/airflow/dags/retail.py
[2024-04-27T19:45:47.399+0000] {logging_mixin.py:188} INFO - [2024-04-27T19:45:47.397+0000] {dag.py:3047} INFO - Sync 1 DAGs
[2024-04-27T19:45:47.430+0000] {logging_mixin.py:188} INFO - [2024-04-27T19:45:47.430+0000] {dag.py:3834} INFO - Setting next_dagrun for retail_dag to None, run_after=None
[2024-04-27T19:45:47.491+0000] {processor.py:183} INFO - Processing /opt/airflow/dags/retail.py took 0.451 seconds
[2024-04-27T19:46:17.655+0000] {processor.py:161} INFO - Started process (PID=72) to work on /opt/airflow/dags/retail.py
[2024-04-27T19:46:17.657+0000] {processor.py:830} INFO - Processing file /opt/airflow/dags/retail.py for tasks to queue
[2024-04-27T19:46:17.661+0000] {logging_mixin.py:188} INFO - [2024-04-27T19:46:17.661+0000] {dagbag.py:540} INFO - Filling up the DagBag from /opt/airflow/dags/retail.py
[2024-04-27T19:46:17.687+0000] {processor.py:840} INFO - DAG(s) 'retail_dag' retrieved from /opt/airflow/dags/retail.py
[2024-04-27T19:46:17.760+0000] {logging_mixin.py:188} INFO - [2024-04-27T19:46:17.758+0000] {dag.py:3047} INFO - Sync 1 DAGs
[2024-04-27T19:46:17.790+0000] {logging_mixin.py:188} INFO - [2024-04-27T19:46:17.790+0000] {dag.py:3834} INFO - Setting next_dagrun for retail_dag to None, run_after=None
[2024-04-27T19:46:17.838+0000] {processor.py:183} INFO - Processing /opt/airflow/dags/retail.py took 0.190 seconds
[2024-04-27T19:46:48.095+0000] {processor.py:161} INFO - Started process (PID=84) to work on /opt/airflow/dags/retail.py
[2024-04-27T19:46:48.097+0000] {processor.py:830} INFO - Processing file /opt/airflow/dags/retail.py for tasks to queue
[2024-04-27T19:46:48.107+0000] {logging_mixin.py:188} INFO - [2024-04-27T19:46:48.106+0000] {dagbag.py:540} INFO - Filling up the DagBag from /opt/airflow/dags/retail.py
[2024-04-27T19:46:48.145+0000] {processor.py:840} INFO - DAG(s) 'retail_dag' retrieved from /opt/airflow/dags/retail.py
[2024-04-27T19:46:48.204+0000] {logging_mixin.py:188} INFO - [2024-04-27T19:46:48.203+0000] {dag.py:3047} INFO - Sync 1 DAGs
[2024-04-27T19:46:48.230+0000] {logging_mixin.py:188} INFO - [2024-04-27T19:46:48.229+0000] {dag.py:3834} INFO - Setting next_dagrun for retail_dag to None, run_after=None
[2024-04-27T19:46:48.276+0000] {processor.py:183} INFO - Processing /opt/airflow/dags/retail.py took 0.193 seconds
[2024-04-27T19:47:18.445+0000] {processor.py:161} INFO - Started process (PID=92) to work on /opt/airflow/dags/retail.py
[2024-04-27T19:47:18.448+0000] {processor.py:830} INFO - Processing file /opt/airflow/dags/retail.py for tasks to queue
[2024-04-27T19:47:18.452+0000] {logging_mixin.py:188} INFO - [2024-04-27T19:47:18.451+0000] {dagbag.py:540} INFO - Filling up the DagBag from /opt/airflow/dags/retail.py
[2024-04-27T19:47:18.492+0000] {processor.py:840} INFO - DAG(s) 'retail_dag' retrieved from /opt/airflow/dags/retail.py
[2024-04-27T19:47:18.553+0000] {logging_mixin.py:188} INFO - [2024-04-27T19:47:18.551+0000] {dag.py:3047} INFO - Sync 1 DAGs
[2024-04-27T19:47:18.585+0000] {logging_mixin.py:188} INFO - [2024-04-27T19:47:18.584+0000] {dag.py:3834} INFO - Setting next_dagrun for retail_dag to None, run_after=None
[2024-04-27T19:47:18.626+0000] {processor.py:183} INFO - Processing /opt/airflow/dags/retail.py took 0.193 seconds
[2024-04-27T19:47:48.903+0000] {processor.py:161} INFO - Started process (PID=100) to work on /opt/airflow/dags/retail.py
[2024-04-27T19:47:48.906+0000] {processor.py:830} INFO - Processing file /opt/airflow/dags/retail.py for tasks to queue
[2024-04-27T19:47:48.912+0000] {logging_mixin.py:188} INFO - [2024-04-27T19:47:48.912+0000] {dagbag.py:540} INFO - Filling up the DagBag from /opt/airflow/dags/retail.py
[2024-04-27T19:47:48.942+0000] {processor.py:840} INFO - DAG(s) 'retail_dag' retrieved from /opt/airflow/dags/retail.py
[2024-04-27T19:47:48.992+0000] {logging_mixin.py:188} INFO - [2024-04-27T19:47:48.991+0000] {dag.py:3047} INFO - Sync 1 DAGs
[2024-04-27T19:47:49.022+0000] {logging_mixin.py:188} INFO - [2024-04-27T19:47:49.021+0000] {dag.py:3834} INFO - Setting next_dagrun for retail_dag to None, run_after=None
[2024-04-27T19:47:49.068+0000] {processor.py:183} INFO - Processing /opt/airflow/dags/retail.py took 0.176 seconds
[2024-04-27T19:48:19.344+0000] {processor.py:161} INFO - Started process (PID=108) to work on /opt/airflow/dags/retail.py
[2024-04-27T19:48:19.346+0000] {processor.py:830} INFO - Processing file /opt/airflow/dags/retail.py for tasks to queue
[2024-04-27T19:48:19.350+0000] {logging_mixin.py:188} INFO - [2024-04-27T19:48:19.349+0000] {dagbag.py:540} INFO - Filling up the DagBag from /opt/airflow/dags/retail.py
[2024-04-27T19:48:19.390+0000] {processor.py:840} INFO - DAG(s) 'retail_dag' retrieved from /opt/airflow/dags/retail.py
[2024-04-27T19:48:19.449+0000] {logging_mixin.py:188} INFO - [2024-04-27T19:48:19.448+0000] {dag.py:3047} INFO - Sync 1 DAGs
[2024-04-27T19:48:19.493+0000] {logging_mixin.py:188} INFO - [2024-04-27T19:48:19.493+0000] {dag.py:3834} INFO - Setting next_dagrun for retail_dag to None, run_after=None
[2024-04-27T19:48:19.548+0000] {processor.py:183} INFO - Processing /opt/airflow/dags/retail.py took 0.213 seconds
[2024-04-27T19:48:49.821+0000] {processor.py:161} INFO - Started process (PID=116) to work on /opt/airflow/dags/retail.py
[2024-04-27T19:48:49.823+0000] {processor.py:830} INFO - Processing file /opt/airflow/dags/retail.py for tasks to queue
[2024-04-27T19:48:49.829+0000] {logging_mixin.py:188} INFO - [2024-04-27T19:48:49.828+0000] {dagbag.py:540} INFO - Filling up the DagBag from /opt/airflow/dags/retail.py
[2024-04-27T19:48:49.855+0000] {processor.py:840} INFO - DAG(s) 'retail_dag' retrieved from /opt/airflow/dags/retail.py
[2024-04-27T19:48:49.907+0000] {logging_mixin.py:188} INFO - [2024-04-27T19:48:49.906+0000] {dag.py:3047} INFO - Sync 1 DAGs
[2024-04-27T19:48:49.949+0000] {logging_mixin.py:188} INFO - [2024-04-27T19:48:49.949+0000] {dag.py:3834} INFO - Setting next_dagrun for retail_dag to None, run_after=None
[2024-04-27T19:48:49.990+0000] {processor.py:183} INFO - Processing /opt/airflow/dags/retail.py took 0.178 seconds
[2024-04-27T19:49:20.254+0000] {processor.py:161} INFO - Started process (PID=124) to work on /opt/airflow/dags/retail.py
[2024-04-27T19:49:20.257+0000] {processor.py:830} INFO - Processing file /opt/airflow/dags/retail.py for tasks to queue
[2024-04-27T19:49:20.272+0000] {logging_mixin.py:188} INFO - [2024-04-27T19:49:20.271+0000] {dagbag.py:540} INFO - Filling up the DagBag from /opt/airflow/dags/retail.py
[2024-04-27T19:49:20.319+0000] {processor.py:840} INFO - DAG(s) 'retail_dag' retrieved from /opt/airflow/dags/retail.py
[2024-04-27T19:49:20.415+0000] {logging_mixin.py:188} INFO - [2024-04-27T19:49:20.414+0000] {dag.py:3047} INFO - Sync 1 DAGs
[2024-04-27T19:49:20.445+0000] {logging_mixin.py:188} INFO - [2024-04-27T19:49:20.445+0000] {dag.py:3834} INFO - Setting next_dagrun for retail_dag to None, run_after=None
[2024-04-27T19:49:20.486+0000] {processor.py:183} INFO - Processing /opt/airflow/dags/retail.py took 0.245 seconds
[2024-04-27T19:49:50.753+0000] {processor.py:161} INFO - Started process (PID=132) to work on /opt/airflow/dags/retail.py
[2024-04-27T19:49:50.755+0000] {processor.py:830} INFO - Processing file /opt/airflow/dags/retail.py for tasks to queue
[2024-04-27T19:49:50.758+0000] {logging_mixin.py:188} INFO - [2024-04-27T19:49:50.757+0000] {dagbag.py:540} INFO - Filling up the DagBag from /opt/airflow/dags/retail.py
[2024-04-27T19:49:50.782+0000] {processor.py:840} INFO - DAG(s) 'retail_dag' retrieved from /opt/airflow/dags/retail.py
[2024-04-27T19:49:50.837+0000] {logging_mixin.py:188} INFO - [2024-04-27T19:49:50.835+0000] {dag.py:3047} INFO - Sync 1 DAGs
[2024-04-27T19:49:50.864+0000] {logging_mixin.py:188} INFO - [2024-04-27T19:49:50.864+0000] {dag.py:3834} INFO - Setting next_dagrun for retail_dag to None, run_after=None
[2024-04-27T19:49:50.915+0000] {processor.py:183} INFO - Processing /opt/airflow/dags/retail.py took 0.169 seconds
[2024-04-27T19:50:21.201+0000] {processor.py:161} INFO - Started process (PID=140) to work on /opt/airflow/dags/retail.py
[2024-04-27T19:50:21.204+0000] {processor.py:830} INFO - Processing file /opt/airflow/dags/retail.py for tasks to queue
[2024-04-27T19:50:21.211+0000] {logging_mixin.py:188} INFO - [2024-04-27T19:50:21.209+0000] {dagbag.py:540} INFO - Filling up the DagBag from /opt/airflow/dags/retail.py
[2024-04-27T19:50:21.250+0000] {processor.py:840} INFO - DAG(s) 'retail_dag' retrieved from /opt/airflow/dags/retail.py
[2024-04-27T19:50:21.335+0000] {logging_mixin.py:188} INFO - [2024-04-27T19:50:21.332+0000] {dag.py:3047} INFO - Sync 1 DAGs
[2024-04-27T19:50:21.377+0000] {logging_mixin.py:188} INFO - [2024-04-27T19:50:21.376+0000] {dag.py:3834} INFO - Setting next_dagrun for retail_dag to None, run_after=None
[2024-04-27T19:50:21.433+0000] {processor.py:183} INFO - Processing /opt/airflow/dags/retail.py took 0.242 seconds
[2024-04-27T19:50:51.807+0000] {processor.py:161} INFO - Started process (PID=148) to work on /opt/airflow/dags/retail.py
[2024-04-27T19:50:51.810+0000] {processor.py:830} INFO - Processing file /opt/airflow/dags/retail.py for tasks to queue
[2024-04-27T19:50:51.814+0000] {logging_mixin.py:188} INFO - [2024-04-27T19:50:51.813+0000] {dagbag.py:540} INFO - Filling up the DagBag from /opt/airflow/dags/retail.py
[2024-04-27T19:50:51.834+0000] {processor.py:840} INFO - DAG(s) 'retail_dag' retrieved from /opt/airflow/dags/retail.py
[2024-04-27T19:50:51.884+0000] {logging_mixin.py:188} INFO - [2024-04-27T19:50:51.882+0000] {dag.py:3047} INFO - Sync 1 DAGs
[2024-04-27T19:50:51.916+0000] {logging_mixin.py:188} INFO - [2024-04-27T19:50:51.915+0000] {dag.py:3834} INFO - Setting next_dagrun for retail_dag to None, run_after=None
[2024-04-27T19:50:51.962+0000] {processor.py:183} INFO - Processing /opt/airflow/dags/retail.py took 0.162 seconds
[2024-04-27T19:51:22.222+0000] {processor.py:161} INFO - Started process (PID=156) to work on /opt/airflow/dags/retail.py
[2024-04-27T19:51:22.224+0000] {processor.py:830} INFO - Processing file /opt/airflow/dags/retail.py for tasks to queue
[2024-04-27T19:51:22.227+0000] {logging_mixin.py:188} INFO - [2024-04-27T19:51:22.227+0000] {dagbag.py:540} INFO - Filling up the DagBag from /opt/airflow/dags/retail.py
[2024-04-27T19:51:22.251+0000] {processor.py:840} INFO - DAG(s) 'retail_dag' retrieved from /opt/airflow/dags/retail.py
[2024-04-27T19:51:22.302+0000] {logging_mixin.py:188} INFO - [2024-04-27T19:51:22.300+0000] {dag.py:3047} INFO - Sync 1 DAGs
[2024-04-27T19:51:22.335+0000] {logging_mixin.py:188} INFO - [2024-04-27T19:51:22.334+0000] {dag.py:3834} INFO - Setting next_dagrun for retail_dag to None, run_after=None
[2024-04-27T19:51:22.382+0000] {processor.py:183} INFO - Processing /opt/airflow/dags/retail.py took 0.167 seconds
[2024-04-27T19:51:52.644+0000] {processor.py:161} INFO - Started process (PID=164) to work on /opt/airflow/dags/retail.py
[2024-04-27T19:51:52.646+0000] {processor.py:830} INFO - Processing file /opt/airflow/dags/retail.py for tasks to queue
[2024-04-27T19:51:52.650+0000] {logging_mixin.py:188} INFO - [2024-04-27T19:51:52.649+0000] {dagbag.py:540} INFO - Filling up the DagBag from /opt/airflow/dags/retail.py
[2024-04-27T19:51:52.672+0000] {processor.py:840} INFO - DAG(s) 'retail_dag' retrieved from /opt/airflow/dags/retail.py
[2024-04-27T19:51:52.723+0000] {logging_mixin.py:188} INFO - [2024-04-27T19:51:52.722+0000] {dag.py:3047} INFO - Sync 1 DAGs
[2024-04-27T19:51:52.751+0000] {logging_mixin.py:188} INFO - [2024-04-27T19:51:52.750+0000] {dag.py:3834} INFO - Setting next_dagrun for retail_dag to None, run_after=None
[2024-04-27T19:51:52.791+0000] {processor.py:183} INFO - Processing /opt/airflow/dags/retail.py took 0.154 seconds
[2024-04-27T19:52:23.083+0000] {processor.py:161} INFO - Started process (PID=172) to work on /opt/airflow/dags/retail.py
[2024-04-27T19:52:23.085+0000] {processor.py:830} INFO - Processing file /opt/airflow/dags/retail.py for tasks to queue
[2024-04-27T19:52:23.090+0000] {logging_mixin.py:188} INFO - [2024-04-27T19:52:23.089+0000] {dagbag.py:540} INFO - Filling up the DagBag from /opt/airflow/dags/retail.py
[2024-04-27T19:52:23.126+0000] {processor.py:840} INFO - DAG(s) 'retail_dag' retrieved from /opt/airflow/dags/retail.py
[2024-04-27T19:52:23.225+0000] {logging_mixin.py:188} INFO - [2024-04-27T19:52:23.222+0000] {dag.py:3047} INFO - Sync 1 DAGs
[2024-04-27T19:52:23.257+0000] {logging_mixin.py:188} INFO - [2024-04-27T19:52:23.256+0000] {dag.py:3834} INFO - Setting next_dagrun for retail_dag to None, run_after=None
[2024-04-27T19:52:23.325+0000] {processor.py:183} INFO - Processing /opt/airflow/dags/retail.py took 0.252 seconds
[2024-04-27T19:52:53.578+0000] {processor.py:161} INFO - Started process (PID=180) to work on /opt/airflow/dags/retail.py
[2024-04-27T19:52:53.580+0000] {processor.py:830} INFO - Processing file /opt/airflow/dags/retail.py for tasks to queue
[2024-04-27T19:52:53.584+0000] {logging_mixin.py:188} INFO - [2024-04-27T19:52:53.583+0000] {dagbag.py:540} INFO - Filling up the DagBag from /opt/airflow/dags/retail.py
[2024-04-27T19:52:53.607+0000] {processor.py:840} INFO - DAG(s) 'retail_dag' retrieved from /opt/airflow/dags/retail.py
[2024-04-27T19:52:53.657+0000] {logging_mixin.py:188} INFO - [2024-04-27T19:52:53.656+0000] {dag.py:3047} INFO - Sync 1 DAGs
[2024-04-27T19:52:53.683+0000] {logging_mixin.py:188} INFO - [2024-04-27T19:52:53.682+0000] {dag.py:3834} INFO - Setting next_dagrun for retail_dag to None, run_after=None
[2024-04-27T19:52:53.729+0000] {processor.py:183} INFO - Processing /opt/airflow/dags/retail.py took 0.158 seconds
[2024-04-27T19:53:23.982+0000] {processor.py:161} INFO - Started process (PID=188) to work on /opt/airflow/dags/retail.py
[2024-04-27T19:53:23.983+0000] {processor.py:830} INFO - Processing file /opt/airflow/dags/retail.py for tasks to queue
[2024-04-27T19:53:23.987+0000] {logging_mixin.py:188} INFO - [2024-04-27T19:53:23.986+0000] {dagbag.py:540} INFO - Filling up the DagBag from /opt/airflow/dags/retail.py
[2024-04-27T19:53:24.015+0000] {processor.py:840} INFO - DAG(s) 'retail_dag' retrieved from /opt/airflow/dags/retail.py
[2024-04-27T19:53:24.062+0000] {logging_mixin.py:188} INFO - [2024-04-27T19:53:24.061+0000] {dag.py:3047} INFO - Sync 1 DAGs
[2024-04-27T19:53:24.090+0000] {logging_mixin.py:188} INFO - [2024-04-27T19:53:24.090+0000] {dag.py:3834} INFO - Setting next_dagrun for retail_dag to None, run_after=None
[2024-04-27T19:53:24.127+0000] {processor.py:183} INFO - Processing /opt/airflow/dags/retail.py took 0.154 seconds
[2024-04-27T19:53:54.219+0000] {processor.py:161} INFO - Started process (PID=196) to work on /opt/airflow/dags/retail.py
[2024-04-27T19:53:54.220+0000] {processor.py:830} INFO - Processing file /opt/airflow/dags/retail.py for tasks to queue
[2024-04-27T19:53:54.225+0000] {logging_mixin.py:188} INFO - [2024-04-27T19:53:54.224+0000] {dagbag.py:540} INFO - Filling up the DagBag from /opt/airflow/dags/retail.py
[2024-04-27T19:53:54.258+0000] {processor.py:840} INFO - DAG(s) 'retail_dag' retrieved from /opt/airflow/dags/retail.py
[2024-04-27T19:53:54.310+0000] {logging_mixin.py:188} INFO - [2024-04-27T19:53:54.309+0000] {dag.py:3047} INFO - Sync 1 DAGs
[2024-04-27T19:53:54.344+0000] {logging_mixin.py:188} INFO - [2024-04-27T19:53:54.343+0000] {dag.py:3834} INFO - Setting next_dagrun for retail_dag to None, run_after=None
[2024-04-27T19:53:54.377+0000] {processor.py:183} INFO - Processing /opt/airflow/dags/retail.py took 0.165 seconds
[2024-04-27T19:54:24.620+0000] {processor.py:161} INFO - Started process (PID=204) to work on /opt/airflow/dags/retail.py
[2024-04-27T19:54:24.621+0000] {processor.py:830} INFO - Processing file /opt/airflow/dags/retail.py for tasks to queue
[2024-04-27T19:54:24.625+0000] {logging_mixin.py:188} INFO - [2024-04-27T19:54:24.624+0000] {dagbag.py:540} INFO - Filling up the DagBag from /opt/airflow/dags/retail.py
[2024-04-27T19:54:24.644+0000] {processor.py:840} INFO - DAG(s) 'retail_dag' retrieved from /opt/airflow/dags/retail.py
[2024-04-27T19:54:24.687+0000] {logging_mixin.py:188} INFO - [2024-04-27T19:54:24.686+0000] {dag.py:3047} INFO - Sync 1 DAGs
[2024-04-27T19:54:24.715+0000] {logging_mixin.py:188} INFO - [2024-04-27T19:54:24.715+0000] {dag.py:3834} INFO - Setting next_dagrun for retail_dag to None, run_after=None
[2024-04-27T19:54:24.759+0000] {processor.py:183} INFO - Processing /opt/airflow/dags/retail.py took 0.144 seconds
[2024-04-27T19:54:55.004+0000] {processor.py:161} INFO - Started process (PID=212) to work on /opt/airflow/dags/retail.py
[2024-04-27T19:54:55.006+0000] {processor.py:830} INFO - Processing file /opt/airflow/dags/retail.py for tasks to queue
[2024-04-27T19:54:55.009+0000] {logging_mixin.py:188} INFO - [2024-04-27T19:54:55.009+0000] {dagbag.py:540} INFO - Filling up the DagBag from /opt/airflow/dags/retail.py
[2024-04-27T19:54:55.031+0000] {processor.py:840} INFO - DAG(s) 'retail_dag' retrieved from /opt/airflow/dags/retail.py
[2024-04-27T19:54:55.085+0000] {logging_mixin.py:188} INFO - [2024-04-27T19:54:55.083+0000] {dag.py:3047} INFO - Sync 1 DAGs
[2024-04-27T19:54:55.109+0000] {logging_mixin.py:188} INFO - [2024-04-27T19:54:55.109+0000] {dag.py:3834} INFO - Setting next_dagrun for retail_dag to None, run_after=None
[2024-04-27T19:54:55.147+0000] {processor.py:183} INFO - Processing /opt/airflow/dags/retail.py took 0.149 seconds
[2024-04-27T19:55:25.420+0000] {processor.py:161} INFO - Started process (PID=220) to work on /opt/airflow/dags/retail.py
[2024-04-27T19:55:25.423+0000] {processor.py:830} INFO - Processing file /opt/airflow/dags/retail.py for tasks to queue
[2024-04-27T19:55:25.427+0000] {logging_mixin.py:188} INFO - [2024-04-27T19:55:25.426+0000] {dagbag.py:540} INFO - Filling up the DagBag from /opt/airflow/dags/retail.py
[2024-04-27T19:55:25.466+0000] {processor.py:840} INFO - DAG(s) 'retail_dag' retrieved from /opt/airflow/dags/retail.py
[2024-04-27T19:55:25.567+0000] {logging_mixin.py:188} INFO - [2024-04-27T19:55:25.565+0000] {dag.py:3047} INFO - Sync 1 DAGs
[2024-04-27T19:55:25.622+0000] {logging_mixin.py:188} INFO - [2024-04-27T19:55:25.620+0000] {dag.py:3834} INFO - Setting next_dagrun for retail_dag to None, run_after=None
[2024-04-27T19:55:25.700+0000] {processor.py:183} INFO - Processing /opt/airflow/dags/retail.py took 0.290 seconds
[2024-04-27T19:55:56.049+0000] {processor.py:161} INFO - Started process (PID=228) to work on /opt/airflow/dags/retail.py
[2024-04-27T19:55:56.051+0000] {processor.py:830} INFO - Processing file /opt/airflow/dags/retail.py for tasks to queue
[2024-04-27T19:55:56.055+0000] {logging_mixin.py:188} INFO - [2024-04-27T19:55:56.054+0000] {dagbag.py:540} INFO - Filling up the DagBag from /opt/airflow/dags/retail.py
[2024-04-27T19:55:56.083+0000] {processor.py:840} INFO - DAG(s) 'retail_dag' retrieved from /opt/airflow/dags/retail.py
[2024-04-27T19:55:56.157+0000] {logging_mixin.py:188} INFO - [2024-04-27T19:55:56.155+0000] {dag.py:3047} INFO - Sync 1 DAGs
[2024-04-27T19:55:56.210+0000] {logging_mixin.py:188} INFO - [2024-04-27T19:55:56.209+0000] {dag.py:3834} INFO - Setting next_dagrun for retail_dag to None, run_after=None
[2024-04-27T19:55:56.274+0000] {processor.py:183} INFO - Processing /opt/airflow/dags/retail.py took 0.233 seconds
[2024-04-27T19:56:26.522+0000] {processor.py:161} INFO - Started process (PID=236) to work on /opt/airflow/dags/retail.py
[2024-04-27T19:56:26.524+0000] {processor.py:830} INFO - Processing file /opt/airflow/dags/retail.py for tasks to queue
[2024-04-27T19:56:26.526+0000] {logging_mixin.py:188} INFO - [2024-04-27T19:56:26.526+0000] {dagbag.py:540} INFO - Filling up the DagBag from /opt/airflow/dags/retail.py
[2024-04-27T19:56:26.548+0000] {processor.py:840} INFO - DAG(s) 'retail_dag' retrieved from /opt/airflow/dags/retail.py
[2024-04-27T19:56:26.601+0000] {logging_mixin.py:188} INFO - [2024-04-27T19:56:26.598+0000] {dag.py:3047} INFO - Sync 1 DAGs
[2024-04-27T19:56:26.630+0000] {logging_mixin.py:188} INFO - [2024-04-27T19:56:26.629+0000] {dag.py:3834} INFO - Setting next_dagrun for retail_dag to None, run_after=None
[2024-04-27T19:56:26.666+0000] {processor.py:183} INFO - Processing /opt/airflow/dags/retail.py took 0.149 seconds
[2024-04-27T19:56:56.914+0000] {processor.py:161} INFO - Started process (PID=244) to work on /opt/airflow/dags/retail.py
[2024-04-27T19:56:56.915+0000] {processor.py:830} INFO - Processing file /opt/airflow/dags/retail.py for tasks to queue
[2024-04-27T19:56:56.919+0000] {logging_mixin.py:188} INFO - [2024-04-27T19:56:56.918+0000] {dagbag.py:540} INFO - Filling up the DagBag from /opt/airflow/dags/retail.py
[2024-04-27T19:56:56.943+0000] {processor.py:840} INFO - DAG(s) 'retail_dag' retrieved from /opt/airflow/dags/retail.py
[2024-04-27T19:56:56.986+0000] {logging_mixin.py:188} INFO - [2024-04-27T19:56:56.985+0000] {dag.py:3047} INFO - Sync 1 DAGs
[2024-04-27T19:56:57.012+0000] {logging_mixin.py:188} INFO - [2024-04-27T19:56:57.012+0000] {dag.py:3834} INFO - Setting next_dagrun for retail_dag to None, run_after=None
[2024-04-27T19:56:57.048+0000] {processor.py:183} INFO - Processing /opt/airflow/dags/retail.py took 0.142 seconds
[2024-04-27T19:57:27.296+0000] {processor.py:161} INFO - Started process (PID=252) to work on /opt/airflow/dags/retail.py
[2024-04-27T19:57:27.297+0000] {processor.py:830} INFO - Processing file /opt/airflow/dags/retail.py for tasks to queue
[2024-04-27T19:57:27.300+0000] {logging_mixin.py:188} INFO - [2024-04-27T19:57:27.299+0000] {dagbag.py:540} INFO - Filling up the DagBag from /opt/airflow/dags/retail.py
[2024-04-27T19:57:27.319+0000] {processor.py:840} INFO - DAG(s) 'retail_dag' retrieved from /opt/airflow/dags/retail.py
[2024-04-27T19:57:27.362+0000] {logging_mixin.py:188} INFO - [2024-04-27T19:57:27.361+0000] {dag.py:3047} INFO - Sync 1 DAGs
[2024-04-27T19:57:27.388+0000] {logging_mixin.py:188} INFO - [2024-04-27T19:57:27.388+0000] {dag.py:3834} INFO - Setting next_dagrun for retail_dag to None, run_after=None
[2024-04-27T19:57:27.430+0000] {processor.py:183} INFO - Processing /opt/airflow/dags/retail.py took 0.141 seconds
[2024-04-27T19:57:57.706+0000] {processor.py:161} INFO - Started process (PID=260) to work on /opt/airflow/dags/retail.py
[2024-04-27T19:57:57.709+0000] {processor.py:830} INFO - Processing file /opt/airflow/dags/retail.py for tasks to queue
[2024-04-27T19:57:57.712+0000] {logging_mixin.py:188} INFO - [2024-04-27T19:57:57.711+0000] {dagbag.py:540} INFO - Filling up the DagBag from /opt/airflow/dags/retail.py
[2024-04-27T19:57:57.732+0000] {processor.py:840} INFO - DAG(s) 'retail_dag' retrieved from /opt/airflow/dags/retail.py
[2024-04-27T19:57:57.779+0000] {logging_mixin.py:188} INFO - [2024-04-27T19:57:57.778+0000] {dag.py:3047} INFO - Sync 1 DAGs
[2024-04-27T19:57:57.802+0000] {logging_mixin.py:188} INFO - [2024-04-27T19:57:57.801+0000] {dag.py:3834} INFO - Setting next_dagrun for retail_dag to None, run_after=None
[2024-04-27T19:57:57.851+0000] {processor.py:183} INFO - Processing /opt/airflow/dags/retail.py took 0.150 seconds
[2024-04-27T19:58:28.100+0000] {processor.py:161} INFO - Started process (PID=268) to work on /opt/airflow/dags/retail.py
[2024-04-27T19:58:28.101+0000] {processor.py:830} INFO - Processing file /opt/airflow/dags/retail.py for tasks to queue
[2024-04-27T19:58:28.106+0000] {logging_mixin.py:188} INFO - [2024-04-27T19:58:28.105+0000] {dagbag.py:540} INFO - Filling up the DagBag from /opt/airflow/dags/retail.py
[2024-04-27T19:58:28.128+0000] {processor.py:840} INFO - DAG(s) 'retail_dag' retrieved from /opt/airflow/dags/retail.py
[2024-04-27T19:58:28.178+0000] {logging_mixin.py:188} INFO - [2024-04-27T19:58:28.176+0000] {dag.py:3047} INFO - Sync 1 DAGs
[2024-04-27T19:58:28.204+0000] {logging_mixin.py:188} INFO - [2024-04-27T19:58:28.204+0000] {dag.py:3834} INFO - Setting next_dagrun for retail_dag to None, run_after=None
[2024-04-27T19:58:28.247+0000] {processor.py:183} INFO - Processing /opt/airflow/dags/retail.py took 0.153 seconds
[2024-04-27T19:58:58.489+0000] {processor.py:161} INFO - Started process (PID=276) to work on /opt/airflow/dags/retail.py
[2024-04-27T19:58:58.491+0000] {processor.py:830} INFO - Processing file /opt/airflow/dags/retail.py for tasks to queue
[2024-04-27T19:58:58.494+0000] {logging_mixin.py:188} INFO - [2024-04-27T19:58:58.494+0000] {dagbag.py:540} INFO - Filling up the DagBag from /opt/airflow/dags/retail.py
[2024-04-27T19:58:58.515+0000] {processor.py:840} INFO - DAG(s) 'retail_dag' retrieved from /opt/airflow/dags/retail.py
[2024-04-27T19:58:58.565+0000] {logging_mixin.py:188} INFO - [2024-04-27T19:58:58.563+0000] {dag.py:3047} INFO - Sync 1 DAGs
[2024-04-27T19:58:58.593+0000] {logging_mixin.py:188} INFO - [2024-04-27T19:58:58.592+0000] {dag.py:3834} INFO - Setting next_dagrun for retail_dag to None, run_after=None
[2024-04-27T19:58:58.628+0000] {processor.py:183} INFO - Processing /opt/airflow/dags/retail.py took 0.145 seconds
[2024-04-27T19:59:28.863+0000] {processor.py:161} INFO - Started process (PID=284) to work on /opt/airflow/dags/retail.py
[2024-04-27T19:59:28.864+0000] {processor.py:830} INFO - Processing file /opt/airflow/dags/retail.py for tasks to queue
[2024-04-27T19:59:28.866+0000] {logging_mixin.py:188} INFO - [2024-04-27T19:59:28.866+0000] {dagbag.py:540} INFO - Filling up the DagBag from /opt/airflow/dags/retail.py
[2024-04-27T19:59:28.886+0000] {processor.py:840} INFO - DAG(s) 'retail_dag' retrieved from /opt/airflow/dags/retail.py
[2024-04-27T19:59:28.942+0000] {logging_mixin.py:188} INFO - [2024-04-27T19:59:28.940+0000] {dag.py:3047} INFO - Sync 1 DAGs
[2024-04-27T19:59:28.976+0000] {logging_mixin.py:188} INFO - [2024-04-27T19:59:28.976+0000] {dag.py:3834} INFO - Setting next_dagrun for retail_dag to None, run_after=None
[2024-04-27T19:59:29.022+0000] {processor.py:183} INFO - Processing /opt/airflow/dags/retail.py took 0.164 seconds
[2024-04-27T19:59:59.297+0000] {processor.py:161} INFO - Started process (PID=292) to work on /opt/airflow/dags/retail.py
[2024-04-27T19:59:59.299+0000] {processor.py:830} INFO - Processing file /opt/airflow/dags/retail.py for tasks to queue
[2024-04-27T19:59:59.303+0000] {logging_mixin.py:188} INFO - [2024-04-27T19:59:59.302+0000] {dagbag.py:540} INFO - Filling up the DagBag from /opt/airflow/dags/retail.py
[2024-04-27T19:59:59.323+0000] {processor.py:840} INFO - DAG(s) 'retail_dag' retrieved from /opt/airflow/dags/retail.py
[2024-04-27T19:59:59.372+0000] {logging_mixin.py:188} INFO - [2024-04-27T19:59:59.371+0000] {dag.py:3047} INFO - Sync 1 DAGs
[2024-04-27T19:59:59.397+0000] {logging_mixin.py:188} INFO - [2024-04-27T19:59:59.396+0000] {dag.py:3834} INFO - Setting next_dagrun for retail_dag to None, run_after=None
[2024-04-27T19:59:59.440+0000] {processor.py:183} INFO - Processing /opt/airflow/dags/retail.py took 0.150 seconds
[2024-04-27T20:00:29.696+0000] {processor.py:161} INFO - Started process (PID=300) to work on /opt/airflow/dags/retail.py
[2024-04-27T20:00:29.697+0000] {processor.py:830} INFO - Processing file /opt/airflow/dags/retail.py for tasks to queue
[2024-04-27T20:00:29.701+0000] {logging_mixin.py:188} INFO - [2024-04-27T20:00:29.700+0000] {dagbag.py:540} INFO - Filling up the DagBag from /opt/airflow/dags/retail.py
[2024-04-27T20:00:29.724+0000] {processor.py:840} INFO - DAG(s) 'retail_dag' retrieved from /opt/airflow/dags/retail.py
[2024-04-27T20:00:29.768+0000] {logging_mixin.py:188} INFO - [2024-04-27T20:00:29.767+0000] {dag.py:3047} INFO - Sync 1 DAGs
[2024-04-27T20:00:29.796+0000] {logging_mixin.py:188} INFO - [2024-04-27T20:00:29.795+0000] {dag.py:3834} INFO - Setting next_dagrun for retail_dag to None, run_after=None
[2024-04-27T20:00:29.835+0000] {processor.py:183} INFO - Processing /opt/airflow/dags/retail.py took 0.147 seconds
[2024-04-27T20:01:00.138+0000] {processor.py:161} INFO - Started process (PID=308) to work on /opt/airflow/dags/retail.py
[2024-04-27T20:01:00.139+0000] {processor.py:830} INFO - Processing file /opt/airflow/dags/retail.py for tasks to queue
[2024-04-27T20:01:00.144+0000] {logging_mixin.py:188} INFO - [2024-04-27T20:01:00.143+0000] {dagbag.py:540} INFO - Filling up the DagBag from /opt/airflow/dags/retail.py
[2024-04-27T20:01:00.164+0000] {processor.py:840} INFO - DAG(s) 'retail_dag' retrieved from /opt/airflow/dags/retail.py
[2024-04-27T20:01:00.210+0000] {logging_mixin.py:188} INFO - [2024-04-27T20:01:00.209+0000] {dag.py:3047} INFO - Sync 1 DAGs
[2024-04-27T20:01:00.234+0000] {logging_mixin.py:188} INFO - [2024-04-27T20:01:00.234+0000] {dag.py:3834} INFO - Setting next_dagrun for retail_dag to None, run_after=None
[2024-04-27T20:01:00.272+0000] {processor.py:183} INFO - Processing /opt/airflow/dags/retail.py took 0.140 seconds
[2024-04-27T20:01:30.556+0000] {processor.py:161} INFO - Started process (PID=316) to work on /opt/airflow/dags/retail.py
[2024-04-27T20:01:30.558+0000] {processor.py:830} INFO - Processing file /opt/airflow/dags/retail.py for tasks to queue
[2024-04-27T20:01:30.563+0000] {logging_mixin.py:188} INFO - [2024-04-27T20:01:30.562+0000] {dagbag.py:540} INFO - Filling up the DagBag from /opt/airflow/dags/retail.py
[2024-04-27T20:01:30.589+0000] {processor.py:840} INFO - DAG(s) 'retail_dag' retrieved from /opt/airflow/dags/retail.py
[2024-04-27T20:01:30.634+0000] {logging_mixin.py:188} INFO - [2024-04-27T20:01:30.633+0000] {dag.py:3047} INFO - Sync 1 DAGs
[2024-04-27T20:01:30.664+0000] {logging_mixin.py:188} INFO - [2024-04-27T20:01:30.664+0000] {dag.py:3834} INFO - Setting next_dagrun for retail_dag to None, run_after=None
[2024-04-27T20:01:30.702+0000] {processor.py:183} INFO - Processing /opt/airflow/dags/retail.py took 0.155 seconds
[2024-04-27T20:02:00.946+0000] {processor.py:161} INFO - Started process (PID=324) to work on /opt/airflow/dags/retail.py
[2024-04-27T20:02:00.947+0000] {processor.py:830} INFO - Processing file /opt/airflow/dags/retail.py for tasks to queue
[2024-04-27T20:02:00.950+0000] {logging_mixin.py:188} INFO - [2024-04-27T20:02:00.949+0000] {dagbag.py:540} INFO - Filling up the DagBag from /opt/airflow/dags/retail.py
[2024-04-27T20:02:00.969+0000] {processor.py:840} INFO - DAG(s) 'retail_dag' retrieved from /opt/airflow/dags/retail.py
[2024-04-27T20:02:01.018+0000] {logging_mixin.py:188} INFO - [2024-04-27T20:02:01.017+0000] {dag.py:3047} INFO - Sync 1 DAGs
[2024-04-27T20:02:01.043+0000] {logging_mixin.py:188} INFO - [2024-04-27T20:02:01.042+0000] {dag.py:3834} INFO - Setting next_dagrun for retail_dag to None, run_after=None
[2024-04-27T20:02:01.080+0000] {processor.py:183} INFO - Processing /opt/airflow/dags/retail.py took 0.140 seconds
[2024-04-27T20:02:31.337+0000] {processor.py:161} INFO - Started process (PID=332) to work on /opt/airflow/dags/retail.py
[2024-04-27T20:02:31.347+0000] {processor.py:830} INFO - Processing file /opt/airflow/dags/retail.py for tasks to queue
[2024-04-27T20:02:31.351+0000] {logging_mixin.py:188} INFO - [2024-04-27T20:02:31.350+0000] {dagbag.py:540} INFO - Filling up the DagBag from /opt/airflow/dags/retail.py
[2024-04-27T20:02:31.384+0000] {processor.py:840} INFO - DAG(s) 'retail_dag' retrieved from /opt/airflow/dags/retail.py
[2024-04-27T20:02:31.437+0000] {logging_mixin.py:188} INFO - [2024-04-27T20:02:31.436+0000] {dag.py:3047} INFO - Sync 1 DAGs
[2024-04-27T20:02:31.459+0000] {logging_mixin.py:188} INFO - [2024-04-27T20:02:31.459+0000] {dag.py:3834} INFO - Setting next_dagrun for retail_dag to None, run_after=None
[2024-04-27T20:02:31.497+0000] {processor.py:183} INFO - Processing /opt/airflow/dags/retail.py took 0.167 seconds
[2024-04-27T20:03:01.738+0000] {processor.py:161} INFO - Started process (PID=340) to work on /opt/airflow/dags/retail.py
[2024-04-27T20:03:01.742+0000] {processor.py:830} INFO - Processing file /opt/airflow/dags/retail.py for tasks to queue
[2024-04-27T20:03:01.746+0000] {logging_mixin.py:188} INFO - [2024-04-27T20:03:01.745+0000] {dagbag.py:540} INFO - Filling up the DagBag from /opt/airflow/dags/retail.py
[2024-04-27T20:03:01.795+0000] {processor.py:840} INFO - DAG(s) 'retail_dag' retrieved from /opt/airflow/dags/retail.py
[2024-04-27T20:03:01.850+0000] {logging_mixin.py:188} INFO - [2024-04-27T20:03:01.849+0000] {dag.py:3047} INFO - Sync 1 DAGs
[2024-04-27T20:03:01.877+0000] {logging_mixin.py:188} INFO - [2024-04-27T20:03:01.876+0000] {dag.py:3834} INFO - Setting next_dagrun for retail_dag to None, run_after=None
[2024-04-27T20:03:01.928+0000] {processor.py:183} INFO - Processing /opt/airflow/dags/retail.py took 0.201 seconds
[2024-04-27T20:03:32.183+0000] {processor.py:161} INFO - Started process (PID=348) to work on /opt/airflow/dags/retail.py
[2024-04-27T20:03:32.185+0000] {processor.py:830} INFO - Processing file /opt/airflow/dags/retail.py for tasks to queue
[2024-04-27T20:03:32.188+0000] {logging_mixin.py:188} INFO - [2024-04-27T20:03:32.188+0000] {dagbag.py:540} INFO - Filling up the DagBag from /opt/airflow/dags/retail.py
[2024-04-27T20:03:32.212+0000] {processor.py:840} INFO - DAG(s) 'retail_dag' retrieved from /opt/airflow/dags/retail.py
[2024-04-27T20:03:32.266+0000] {logging_mixin.py:188} INFO - [2024-04-27T20:03:32.265+0000] {dag.py:3047} INFO - Sync 1 DAGs
[2024-04-27T20:03:32.294+0000] {logging_mixin.py:188} INFO - [2024-04-27T20:03:32.293+0000] {dag.py:3834} INFO - Setting next_dagrun for retail_dag to None, run_after=None
[2024-04-27T20:03:32.339+0000] {processor.py:183} INFO - Processing /opt/airflow/dags/retail.py took 0.161 seconds
[2024-04-27T20:04:02.583+0000] {processor.py:161} INFO - Started process (PID=356) to work on /opt/airflow/dags/retail.py
[2024-04-27T20:04:02.584+0000] {processor.py:830} INFO - Processing file /opt/airflow/dags/retail.py for tasks to queue
[2024-04-27T20:04:02.588+0000] {logging_mixin.py:188} INFO - [2024-04-27T20:04:02.588+0000] {dagbag.py:540} INFO - Filling up the DagBag from /opt/airflow/dags/retail.py
[2024-04-27T20:04:02.607+0000] {processor.py:840} INFO - DAG(s) 'retail_dag' retrieved from /opt/airflow/dags/retail.py
[2024-04-27T20:04:02.652+0000] {logging_mixin.py:188} INFO - [2024-04-27T20:04:02.651+0000] {dag.py:3047} INFO - Sync 1 DAGs
[2024-04-27T20:04:02.679+0000] {logging_mixin.py:188} INFO - [2024-04-27T20:04:02.678+0000] {dag.py:3834} INFO - Setting next_dagrun for retail_dag to None, run_after=None
[2024-04-27T20:04:02.724+0000] {processor.py:183} INFO - Processing /opt/airflow/dags/retail.py took 0.147 seconds
[2024-04-27T20:04:32.965+0000] {processor.py:161} INFO - Started process (PID=364) to work on /opt/airflow/dags/retail.py
[2024-04-27T20:04:32.966+0000] {processor.py:830} INFO - Processing file /opt/airflow/dags/retail.py for tasks to queue
[2024-04-27T20:04:32.969+0000] {logging_mixin.py:188} INFO - [2024-04-27T20:04:32.968+0000] {dagbag.py:540} INFO - Filling up the DagBag from /opt/airflow/dags/retail.py
[2024-04-27T20:04:32.987+0000] {processor.py:840} INFO - DAG(s) 'retail_dag' retrieved from /opt/airflow/dags/retail.py
[2024-04-27T20:04:33.034+0000] {logging_mixin.py:188} INFO - [2024-04-27T20:04:33.033+0000] {dag.py:3047} INFO - Sync 1 DAGs
[2024-04-27T20:04:33.061+0000] {logging_mixin.py:188} INFO - [2024-04-27T20:04:33.061+0000] {dag.py:3834} INFO - Setting next_dagrun for retail_dag to None, run_after=None
[2024-04-27T20:04:33.103+0000] {processor.py:183} INFO - Processing /opt/airflow/dags/retail.py took 0.144 seconds
[2024-04-27T20:05:03.192+0000] {processor.py:161} INFO - Started process (PID=372) to work on /opt/airflow/dags/retail.py
[2024-04-27T20:05:03.193+0000] {processor.py:830} INFO - Processing file /opt/airflow/dags/retail.py for tasks to queue
[2024-04-27T20:05:03.196+0000] {logging_mixin.py:188} INFO - [2024-04-27T20:05:03.195+0000] {dagbag.py:540} INFO - Filling up the DagBag from /opt/airflow/dags/retail.py
[2024-04-27T20:05:03.215+0000] {processor.py:840} INFO - DAG(s) 'retail_dag' retrieved from /opt/airflow/dags/retail.py
[2024-04-27T20:05:03.258+0000] {logging_mixin.py:188} INFO - [2024-04-27T20:05:03.257+0000] {dag.py:3047} INFO - Sync 1 DAGs
[2024-04-27T20:05:03.286+0000] {logging_mixin.py:188} INFO - [2024-04-27T20:05:03.286+0000] {dag.py:3834} INFO - Setting next_dagrun for retail_dag to None, run_after=None
[2024-04-27T20:05:03.324+0000] {processor.py:183} INFO - Processing /opt/airflow/dags/retail.py took 0.138 seconds
[2024-04-27T20:05:33.564+0000] {processor.py:161} INFO - Started process (PID=380) to work on /opt/airflow/dags/retail.py
[2024-04-27T20:05:33.565+0000] {processor.py:830} INFO - Processing file /opt/airflow/dags/retail.py for tasks to queue
[2024-04-27T20:05:33.569+0000] {logging_mixin.py:188} INFO - [2024-04-27T20:05:33.568+0000] {dagbag.py:540} INFO - Filling up the DagBag from /opt/airflow/dags/retail.py
[2024-04-27T20:05:33.588+0000] {processor.py:840} INFO - DAG(s) 'retail_dag' retrieved from /opt/airflow/dags/retail.py
[2024-04-27T20:05:33.629+0000] {logging_mixin.py:188} INFO - [2024-04-27T20:05:33.629+0000] {dag.py:3047} INFO - Sync 1 DAGs
[2024-04-27T20:05:33.655+0000] {logging_mixin.py:188} INFO - [2024-04-27T20:05:33.655+0000] {dag.py:3834} INFO - Setting next_dagrun for retail_dag to None, run_after=None
[2024-04-27T20:05:33.691+0000] {processor.py:183} INFO - Processing /opt/airflow/dags/retail.py took 0.132 seconds
[2024-04-27T20:06:03.983+0000] {processor.py:161} INFO - Started process (PID=388) to work on /opt/airflow/dags/retail.py
[2024-04-27T20:06:03.985+0000] {processor.py:830} INFO - Processing file /opt/airflow/dags/retail.py for tasks to queue
[2024-04-27T20:06:03.987+0000] {logging_mixin.py:188} INFO - [2024-04-27T20:06:03.987+0000] {dagbag.py:540} INFO - Filling up the DagBag from /opt/airflow/dags/retail.py
[2024-04-27T20:06:04.006+0000] {processor.py:840} INFO - DAG(s) 'retail_dag' retrieved from /opt/airflow/dags/retail.py
[2024-04-27T20:06:04.053+0000] {logging_mixin.py:188} INFO - [2024-04-27T20:06:04.051+0000] {dag.py:3047} INFO - Sync 1 DAGs
[2024-04-27T20:06:04.077+0000] {logging_mixin.py:188} INFO - [2024-04-27T20:06:04.076+0000] {dag.py:3834} INFO - Setting next_dagrun for retail_dag to None, run_after=None
[2024-04-27T20:06:04.113+0000] {processor.py:183} INFO - Processing /opt/airflow/dags/retail.py took 0.136 seconds
[2024-04-27T20:06:34.360+0000] {processor.py:161} INFO - Started process (PID=396) to work on /opt/airflow/dags/retail.py
[2024-04-27T20:06:34.361+0000] {processor.py:830} INFO - Processing file /opt/airflow/dags/retail.py for tasks to queue
[2024-04-27T20:06:34.365+0000] {logging_mixin.py:188} INFO - [2024-04-27T20:06:34.364+0000] {dagbag.py:540} INFO - Filling up the DagBag from /opt/airflow/dags/retail.py
[2024-04-27T20:06:34.389+0000] {processor.py:840} INFO - DAG(s) 'retail_dag' retrieved from /opt/airflow/dags/retail.py
[2024-04-27T20:06:34.436+0000] {logging_mixin.py:188} INFO - [2024-04-27T20:06:34.435+0000] {dag.py:3047} INFO - Sync 1 DAGs
[2024-04-27T20:06:34.463+0000] {logging_mixin.py:188} INFO - [2024-04-27T20:06:34.463+0000] {dag.py:3834} INFO - Setting next_dagrun for retail_dag to None, run_after=None
[2024-04-27T20:06:34.508+0000] {processor.py:183} INFO - Processing /opt/airflow/dags/retail.py took 0.158 seconds
[2024-04-27T20:07:04.755+0000] {processor.py:161} INFO - Started process (PID=404) to work on /opt/airflow/dags/retail.py
[2024-04-27T20:07:04.756+0000] {processor.py:830} INFO - Processing file /opt/airflow/dags/retail.py for tasks to queue
[2024-04-27T20:07:04.760+0000] {logging_mixin.py:188} INFO - [2024-04-27T20:07:04.759+0000] {dagbag.py:540} INFO - Filling up the DagBag from /opt/airflow/dags/retail.py
[2024-04-27T20:07:04.779+0000] {processor.py:840} INFO - DAG(s) 'retail_dag' retrieved from /opt/airflow/dags/retail.py
[2024-04-27T20:07:04.823+0000] {logging_mixin.py:188} INFO - [2024-04-27T20:07:04.821+0000] {dag.py:3047} INFO - Sync 1 DAGs
[2024-04-27T20:07:04.850+0000] {logging_mixin.py:188} INFO - [2024-04-27T20:07:04.849+0000] {dag.py:3834} INFO - Setting next_dagrun for retail_dag to None, run_after=None
[2024-04-27T20:07:04.894+0000] {processor.py:183} INFO - Processing /opt/airflow/dags/retail.py took 0.144 seconds
[2024-04-27T20:07:35.137+0000] {processor.py:161} INFO - Started process (PID=412) to work on /opt/airflow/dags/retail.py
[2024-04-27T20:07:35.142+0000] {processor.py:830} INFO - Processing file /opt/airflow/dags/retail.py for tasks to queue
[2024-04-27T20:07:35.146+0000] {logging_mixin.py:188} INFO - [2024-04-27T20:07:35.145+0000] {dagbag.py:540} INFO - Filling up the DagBag from /opt/airflow/dags/retail.py
[2024-04-27T20:07:35.165+0000] {processor.py:840} INFO - DAG(s) 'retail_dag' retrieved from /opt/airflow/dags/retail.py
[2024-04-27T20:07:35.211+0000] {logging_mixin.py:188} INFO - [2024-04-27T20:07:35.210+0000] {dag.py:3047} INFO - Sync 1 DAGs
[2024-04-27T20:07:35.235+0000] {logging_mixin.py:188} INFO - [2024-04-27T20:07:35.234+0000] {dag.py:3834} INFO - Setting next_dagrun for retail_dag to None, run_after=None
[2024-04-27T20:07:35.272+0000] {processor.py:183} INFO - Processing /opt/airflow/dags/retail.py took 0.141 seconds
[2024-04-27T20:08:05.366+0000] {processor.py:161} INFO - Started process (PID=420) to work on /opt/airflow/dags/retail.py
[2024-04-27T20:08:05.368+0000] {processor.py:830} INFO - Processing file /opt/airflow/dags/retail.py for tasks to queue
[2024-04-27T20:08:05.371+0000] {logging_mixin.py:188} INFO - [2024-04-27T20:08:05.370+0000] {dagbag.py:540} INFO - Filling up the DagBag from /opt/airflow/dags/retail.py
[2024-04-27T20:08:05.391+0000] {processor.py:840} INFO - DAG(s) 'retail_dag' retrieved from /opt/airflow/dags/retail.py
[2024-04-27T20:08:05.440+0000] {logging_mixin.py:188} INFO - [2024-04-27T20:08:05.439+0000] {dag.py:3047} INFO - Sync 1 DAGs
[2024-04-27T20:08:05.467+0000] {logging_mixin.py:188} INFO - [2024-04-27T20:08:05.467+0000] {dag.py:3834} INFO - Setting next_dagrun for retail_dag to None, run_after=None
[2024-04-27T20:08:05.509+0000] {processor.py:183} INFO - Processing /opt/airflow/dags/retail.py took 0.148 seconds
[2024-04-27T20:08:35.752+0000] {processor.py:161} INFO - Started process (PID=428) to work on /opt/airflow/dags/retail.py
[2024-04-27T20:08:35.753+0000] {processor.py:830} INFO - Processing file /opt/airflow/dags/retail.py for tasks to queue
[2024-04-27T20:08:35.756+0000] {logging_mixin.py:188} INFO - [2024-04-27T20:08:35.755+0000] {dagbag.py:540} INFO - Filling up the DagBag from /opt/airflow/dags/retail.py
[2024-04-27T20:08:35.773+0000] {processor.py:840} INFO - DAG(s) 'retail_dag' retrieved from /opt/airflow/dags/retail.py
[2024-04-27T20:08:35.813+0000] {logging_mixin.py:188} INFO - [2024-04-27T20:08:35.812+0000] {dag.py:3047} INFO - Sync 1 DAGs
[2024-04-27T20:08:35.838+0000] {logging_mixin.py:188} INFO - [2024-04-27T20:08:35.837+0000] {dag.py:3834} INFO - Setting next_dagrun for retail_dag to None, run_after=None
[2024-04-27T20:08:35.876+0000] {processor.py:183} INFO - Processing /opt/airflow/dags/retail.py took 0.129 seconds
[2024-04-27T20:09:06.124+0000] {processor.py:161} INFO - Started process (PID=436) to work on /opt/airflow/dags/retail.py
[2024-04-27T20:09:06.126+0000] {processor.py:830} INFO - Processing file /opt/airflow/dags/retail.py for tasks to queue
[2024-04-27T20:09:06.128+0000] {logging_mixin.py:188} INFO - [2024-04-27T20:09:06.128+0000] {dagbag.py:540} INFO - Filling up the DagBag from /opt/airflow/dags/retail.py
[2024-04-27T20:09:06.149+0000] {processor.py:840} INFO - DAG(s) 'retail_dag' retrieved from /opt/airflow/dags/retail.py
[2024-04-27T20:09:06.203+0000] {logging_mixin.py:188} INFO - [2024-04-27T20:09:06.201+0000] {dag.py:3047} INFO - Sync 1 DAGs
[2024-04-27T20:09:06.229+0000] {logging_mixin.py:188} INFO - [2024-04-27T20:09:06.228+0000] {dag.py:3834} INFO - Setting next_dagrun for retail_dag to None, run_after=None
[2024-04-27T20:09:06.267+0000] {processor.py:183} INFO - Processing /opt/airflow/dags/retail.py took 0.148 seconds
[2024-04-27T20:09:36.515+0000] {processor.py:161} INFO - Started process (PID=444) to work on /opt/airflow/dags/retail.py
[2024-04-27T20:09:36.516+0000] {processor.py:830} INFO - Processing file /opt/airflow/dags/retail.py for tasks to queue
[2024-04-27T20:09:36.520+0000] {logging_mixin.py:188} INFO - [2024-04-27T20:09:36.520+0000] {dagbag.py:540} INFO - Filling up the DagBag from /opt/airflow/dags/retail.py
[2024-04-27T20:09:36.546+0000] {processor.py:840} INFO - DAG(s) 'retail_dag' retrieved from /opt/airflow/dags/retail.py
[2024-04-27T20:09:36.589+0000] {logging_mixin.py:188} INFO - [2024-04-27T20:09:36.588+0000] {dag.py:3047} INFO - Sync 1 DAGs
[2024-04-27T20:09:36.618+0000] {logging_mixin.py:188} INFO - [2024-04-27T20:09:36.617+0000] {dag.py:3834} INFO - Setting next_dagrun for retail_dag to None, run_after=None
[2024-04-27T20:09:36.675+0000] {processor.py:183} INFO - Processing /opt/airflow/dags/retail.py took 0.168 seconds
[2024-04-27T20:10:06.775+0000] {processor.py:161} INFO - Started process (PID=452) to work on /opt/airflow/dags/retail.py
[2024-04-27T20:10:06.777+0000] {processor.py:830} INFO - Processing file /opt/airflow/dags/retail.py for tasks to queue
[2024-04-27T20:10:06.781+0000] {logging_mixin.py:188} INFO - [2024-04-27T20:10:06.780+0000] {dagbag.py:540} INFO - Filling up the DagBag from /opt/airflow/dags/retail.py
[2024-04-27T20:10:06.808+0000] {processor.py:840} INFO - DAG(s) 'retail_dag' retrieved from /opt/airflow/dags/retail.py
[2024-04-27T20:10:06.866+0000] {logging_mixin.py:188} INFO - [2024-04-27T20:10:06.865+0000] {dag.py:3047} INFO - Sync 1 DAGs
[2024-04-27T20:10:06.901+0000] {logging_mixin.py:188} INFO - [2024-04-27T20:10:06.900+0000] {dag.py:3834} INFO - Setting next_dagrun for retail_dag to None, run_after=None
[2024-04-27T20:10:06.948+0000] {processor.py:183} INFO - Processing /opt/airflow/dags/retail.py took 0.182 seconds
[2024-04-27T20:10:37.204+0000] {processor.py:161} INFO - Started process (PID=460) to work on /opt/airflow/dags/retail.py
[2024-04-27T20:10:37.206+0000] {processor.py:830} INFO - Processing file /opt/airflow/dags/retail.py for tasks to queue
[2024-04-27T20:10:37.210+0000] {logging_mixin.py:188} INFO - [2024-04-27T20:10:37.209+0000] {dagbag.py:540} INFO - Filling up the DagBag from /opt/airflow/dags/retail.py
[2024-04-27T20:10:37.234+0000] {processor.py:840} INFO - DAG(s) 'retail_dag' retrieved from /opt/airflow/dags/retail.py
[2024-04-27T20:10:37.292+0000] {logging_mixin.py:188} INFO - [2024-04-27T20:10:37.291+0000] {dag.py:3047} INFO - Sync 1 DAGs
[2024-04-27T20:10:37.319+0000] {logging_mixin.py:188} INFO - [2024-04-27T20:10:37.318+0000] {dag.py:3834} INFO - Setting next_dagrun for retail_dag to None, run_after=None
[2024-04-27T20:10:37.361+0000] {processor.py:183} INFO - Processing /opt/airflow/dags/retail.py took 0.163 seconds
[2024-04-27T20:11:07.685+0000] {processor.py:161} INFO - Started process (PID=468) to work on /opt/airflow/dags/retail.py
[2024-04-27T20:11:07.688+0000] {processor.py:830} INFO - Processing file /opt/airflow/dags/retail.py for tasks to queue
[2024-04-27T20:11:07.694+0000] {logging_mixin.py:188} INFO - [2024-04-27T20:11:07.694+0000] {dagbag.py:540} INFO - Filling up the DagBag from /opt/airflow/dags/retail.py
[2024-04-27T20:11:07.715+0000] {processor.py:840} INFO - DAG(s) 'retail_dag' retrieved from /opt/airflow/dags/retail.py
[2024-04-27T20:11:07.760+0000] {logging_mixin.py:188} INFO - [2024-04-27T20:11:07.759+0000] {dag.py:3047} INFO - Sync 1 DAGs
[2024-04-27T20:11:07.789+0000] {logging_mixin.py:188} INFO - [2024-04-27T20:11:07.788+0000] {dag.py:3834} INFO - Setting next_dagrun for retail_dag to None, run_after=None
[2024-04-27T20:11:07.836+0000] {processor.py:183} INFO - Processing /opt/airflow/dags/retail.py took 0.157 seconds
[2024-04-27T20:11:38.091+0000] {processor.py:161} INFO - Started process (PID=476) to work on /opt/airflow/dags/retail.py
[2024-04-27T20:11:38.092+0000] {processor.py:830} INFO - Processing file /opt/airflow/dags/retail.py for tasks to queue
[2024-04-27T20:11:38.095+0000] {logging_mixin.py:188} INFO - [2024-04-27T20:11:38.094+0000] {dagbag.py:540} INFO - Filling up the DagBag from /opt/airflow/dags/retail.py
[2024-04-27T20:11:38.117+0000] {processor.py:840} INFO - DAG(s) 'retail_dag' retrieved from /opt/airflow/dags/retail.py
[2024-04-27T20:11:38.185+0000] {logging_mixin.py:188} INFO - [2024-04-27T20:11:38.183+0000] {dag.py:3047} INFO - Sync 1 DAGs
[2024-04-27T20:11:38.215+0000] {logging_mixin.py:188} INFO - [2024-04-27T20:11:38.214+0000] {dag.py:3834} INFO - Setting next_dagrun for retail_dag to None, run_after=None
[2024-04-27T20:11:38.256+0000] {processor.py:183} INFO - Processing /opt/airflow/dags/retail.py took 0.172 seconds
[2024-04-27T20:12:08.514+0000] {processor.py:161} INFO - Started process (PID=484) to work on /opt/airflow/dags/retail.py
[2024-04-27T20:12:08.517+0000] {processor.py:830} INFO - Processing file /opt/airflow/dags/retail.py for tasks to queue
[2024-04-27T20:12:08.521+0000] {logging_mixin.py:188} INFO - [2024-04-27T20:12:08.520+0000] {dagbag.py:540} INFO - Filling up the DagBag from /opt/airflow/dags/retail.py
[2024-04-27T20:12:08.545+0000] {processor.py:840} INFO - DAG(s) 'retail_dag' retrieved from /opt/airflow/dags/retail.py
[2024-04-27T20:12:08.592+0000] {logging_mixin.py:188} INFO - [2024-04-27T20:12:08.590+0000] {dag.py:3047} INFO - Sync 1 DAGs
[2024-04-27T20:12:08.616+0000] {logging_mixin.py:188} INFO - [2024-04-27T20:12:08.615+0000] {dag.py:3834} INFO - Setting next_dagrun for retail_dag to None, run_after=None
[2024-04-27T20:12:08.659+0000] {processor.py:183} INFO - Processing /opt/airflow/dags/retail.py took 0.152 seconds
[2024-04-27T20:12:38.907+0000] {processor.py:161} INFO - Started process (PID=492) to work on /opt/airflow/dags/retail.py
[2024-04-27T20:12:38.908+0000] {processor.py:830} INFO - Processing file /opt/airflow/dags/retail.py for tasks to queue
[2024-04-27T20:12:38.912+0000] {logging_mixin.py:188} INFO - [2024-04-27T20:12:38.912+0000] {dagbag.py:540} INFO - Filling up the DagBag from /opt/airflow/dags/retail.py
[2024-04-27T20:12:38.938+0000] {processor.py:840} INFO - DAG(s) 'retail_dag' retrieved from /opt/airflow/dags/retail.py
[2024-04-27T20:12:38.984+0000] {logging_mixin.py:188} INFO - [2024-04-27T20:12:38.983+0000] {dag.py:3047} INFO - Sync 1 DAGs
[2024-04-27T20:12:39.010+0000] {logging_mixin.py:188} INFO - [2024-04-27T20:12:39.009+0000] {dag.py:3834} INFO - Setting next_dagrun for retail_dag to None, run_after=None
[2024-04-27T20:12:39.048+0000] {processor.py:183} INFO - Processing /opt/airflow/dags/retail.py took 0.150 seconds
[2024-04-27T20:13:09.298+0000] {processor.py:161} INFO - Started process (PID=500) to work on /opt/airflow/dags/retail.py
[2024-04-27T20:13:09.299+0000] {processor.py:830} INFO - Processing file /opt/airflow/dags/retail.py for tasks to queue
[2024-04-27T20:13:09.302+0000] {logging_mixin.py:188} INFO - [2024-04-27T20:13:09.301+0000] {dagbag.py:540} INFO - Filling up the DagBag from /opt/airflow/dags/retail.py
[2024-04-27T20:13:09.321+0000] {processor.py:840} INFO - DAG(s) 'retail_dag' retrieved from /opt/airflow/dags/retail.py
[2024-04-27T20:13:09.372+0000] {logging_mixin.py:188} INFO - [2024-04-27T20:13:09.371+0000] {dag.py:3047} INFO - Sync 1 DAGs
[2024-04-27T20:13:09.397+0000] {logging_mixin.py:188} INFO - [2024-04-27T20:13:09.396+0000] {dag.py:3834} INFO - Setting next_dagrun for retail_dag to None, run_after=None
[2024-04-27T20:13:09.433+0000] {processor.py:183} INFO - Processing /opt/airflow/dags/retail.py took 0.140 seconds
