[2024-04-08T07:42:21.035+0000] {processor.py:161} INFO - Started process (PID=48) to work on /opt/airflow/dags/retail.py
[2024-04-08T07:42:21.037+0000] {processor.py:830} INFO - Processing file /opt/airflow/dags/retail.py for tasks to queue
[2024-04-08T07:42:21.040+0000] {logging_mixin.py:188} INFO - [2024-04-08T07:42:21.039+0000] {dagbag.py:540} INFO - Filling up the DagBag from /opt/airflow/dags/retail.py
[2024-04-08T07:42:21.090+0000] {processor.py:840} INFO - DAG(s) 'retail_dag' retrieved from /opt/airflow/dags/retail.py
[2024-04-08T07:42:21.461+0000] {logging_mixin.py:188} INFO - [2024-04-08T07:42:21.459+0000] {dag.py:3047} INFO - Sync 1 DAGs
[2024-04-08T07:42:21.486+0000] {logging_mixin.py:188} INFO - [2024-04-08T07:42:21.486+0000] {dag.py:3834} INFO - Setting next_dagrun for retail_dag to None, run_after=None
[2024-04-08T07:42:21.540+0000] {processor.py:183} INFO - Processing /opt/airflow/dags/retail.py took 0.510 seconds
[2024-04-08T07:42:51.698+0000] {processor.py:161} INFO - Started process (PID=55) to work on /opt/airflow/dags/retail.py
[2024-04-08T07:42:51.699+0000] {processor.py:830} INFO - Processing file /opt/airflow/dags/retail.py for tasks to queue
[2024-04-08T07:42:51.704+0000] {logging_mixin.py:188} INFO - [2024-04-08T07:42:51.704+0000] {dagbag.py:540} INFO - Filling up the DagBag from /opt/airflow/dags/retail.py
[2024-04-08T07:42:51.794+0000] {processor.py:840} INFO - DAG(s) 'retail_dag' retrieved from /opt/airflow/dags/retail.py
[2024-04-08T07:42:51.901+0000] {logging_mixin.py:188} INFO - [2024-04-08T07:42:51.897+0000] {dag.py:3047} INFO - Sync 1 DAGs
[2024-04-08T07:42:51.950+0000] {logging_mixin.py:188} INFO - [2024-04-08T07:42:51.950+0000] {dag.py:3834} INFO - Setting next_dagrun for retail_dag to None, run_after=None
[2024-04-08T07:42:51.992+0000] {processor.py:183} INFO - Processing /opt/airflow/dags/retail.py took 0.302 seconds
[2024-04-08T07:43:22.186+0000] {processor.py:161} INFO - Started process (PID=62) to work on /opt/airflow/dags/retail.py
[2024-04-08T07:43:22.190+0000] {processor.py:830} INFO - Processing file /opt/airflow/dags/retail.py for tasks to queue
[2024-04-08T07:43:22.194+0000] {logging_mixin.py:188} INFO - [2024-04-08T07:43:22.193+0000] {dagbag.py:540} INFO - Filling up the DagBag from /opt/airflow/dags/retail.py
[2024-04-08T07:43:22.357+0000] {processor.py:840} INFO - DAG(s) 'retail_dag' retrieved from /opt/airflow/dags/retail.py
[2024-04-08T07:43:22.481+0000] {logging_mixin.py:188} INFO - [2024-04-08T07:43:22.479+0000] {dag.py:3047} INFO - Sync 1 DAGs
[2024-04-08T07:43:22.521+0000] {logging_mixin.py:188} INFO - [2024-04-08T07:43:22.521+0000] {dag.py:3834} INFO - Setting next_dagrun for retail_dag to None, run_after=None
[2024-04-08T07:43:22.567+0000] {processor.py:183} INFO - Processing /opt/airflow/dags/retail.py took 0.403 seconds
[2024-04-08T07:43:52.723+0000] {processor.py:161} INFO - Started process (PID=69) to work on /opt/airflow/dags/retail.py
[2024-04-08T07:43:52.726+0000] {processor.py:830} INFO - Processing file /opt/airflow/dags/retail.py for tasks to queue
[2024-04-08T07:43:52.728+0000] {logging_mixin.py:188} INFO - [2024-04-08T07:43:52.728+0000] {dagbag.py:540} INFO - Filling up the DagBag from /opt/airflow/dags/retail.py
[2024-04-08T07:43:52.766+0000] {processor.py:840} INFO - DAG(s) 'retail_dag' retrieved from /opt/airflow/dags/retail.py
[2024-04-08T07:43:53.039+0000] {logging_mixin.py:188} INFO - [2024-04-08T07:43:53.038+0000] {dag.py:3047} INFO - Sync 1 DAGs
[2024-04-08T07:43:53.081+0000] {logging_mixin.py:188} INFO - [2024-04-08T07:43:53.080+0000] {dag.py:3834} INFO - Setting next_dagrun for retail_dag to None, run_after=None
[2024-04-08T07:43:53.129+0000] {processor.py:183} INFO - Processing /opt/airflow/dags/retail.py took 0.415 seconds
[2024-04-08T07:44:23.277+0000] {processor.py:161} INFO - Started process (PID=76) to work on /opt/airflow/dags/retail.py
[2024-04-08T07:44:23.280+0000] {processor.py:830} INFO - Processing file /opt/airflow/dags/retail.py for tasks to queue
[2024-04-08T07:44:23.285+0000] {logging_mixin.py:188} INFO - [2024-04-08T07:44:23.285+0000] {dagbag.py:540} INFO - Filling up the DagBag from /opt/airflow/dags/retail.py
[2024-04-08T07:44:23.337+0000] {processor.py:840} INFO - DAG(s) 'retail_dag' retrieved from /opt/airflow/dags/retail.py
[2024-04-08T07:44:23.376+0000] {logging_mixin.py:188} INFO - [2024-04-08T07:44:23.374+0000] {dag.py:3047} INFO - Sync 1 DAGs
[2024-04-08T07:44:23.497+0000] {logging_mixin.py:188} INFO - [2024-04-08T07:44:23.497+0000] {dag.py:3834} INFO - Setting next_dagrun for retail_dag to None, run_after=None
[2024-04-08T07:44:23.550+0000] {processor.py:183} INFO - Processing /opt/airflow/dags/retail.py took 0.277 seconds
[2024-04-08T07:44:53.685+0000] {processor.py:161} INFO - Started process (PID=84) to work on /opt/airflow/dags/retail.py
[2024-04-08T07:44:53.687+0000] {processor.py:830} INFO - Processing file /opt/airflow/dags/retail.py for tasks to queue
[2024-04-08T07:44:53.690+0000] {logging_mixin.py:188} INFO - [2024-04-08T07:44:53.690+0000] {dagbag.py:540} INFO - Filling up the DagBag from /opt/airflow/dags/retail.py
[2024-04-08T07:44:53.736+0000] {processor.py:840} INFO - DAG(s) 'retail_dag' retrieved from /opt/airflow/dags/retail.py
[2024-04-08T07:44:53.808+0000] {logging_mixin.py:188} INFO - [2024-04-08T07:44:53.807+0000] {dag.py:3047} INFO - Sync 1 DAGs
[2024-04-08T07:44:53.842+0000] {logging_mixin.py:188} INFO - [2024-04-08T07:44:53.842+0000] {dag.py:3834} INFO - Setting next_dagrun for retail_dag to None, run_after=None
[2024-04-08T07:44:53.906+0000] {processor.py:183} INFO - Processing /opt/airflow/dags/retail.py took 0.225 seconds
[2024-04-08T07:45:24.046+0000] {processor.py:161} INFO - Started process (PID=91) to work on /opt/airflow/dags/retail.py
[2024-04-08T07:45:24.047+0000] {processor.py:830} INFO - Processing file /opt/airflow/dags/retail.py for tasks to queue
[2024-04-08T07:45:24.053+0000] {logging_mixin.py:188} INFO - [2024-04-08T07:45:24.052+0000] {dagbag.py:540} INFO - Filling up the DagBag from /opt/airflow/dags/retail.py
[2024-04-08T07:45:24.081+0000] {processor.py:840} INFO - DAG(s) 'retail_dag' retrieved from /opt/airflow/dags/retail.py
[2024-04-08T07:45:24.165+0000] {logging_mixin.py:188} INFO - [2024-04-08T07:45:24.164+0000] {dag.py:3047} INFO - Sync 1 DAGs
[2024-04-08T07:45:24.192+0000] {logging_mixin.py:188} INFO - [2024-04-08T07:45:24.192+0000] {dag.py:3834} INFO - Setting next_dagrun for retail_dag to None, run_after=None
[2024-04-08T07:45:24.217+0000] {processor.py:183} INFO - Processing /opt/airflow/dags/retail.py took 0.186 seconds
[2024-04-08T07:45:54.365+0000] {processor.py:161} INFO - Started process (PID=98) to work on /opt/airflow/dags/retail.py
[2024-04-08T07:45:54.367+0000] {processor.py:830} INFO - Processing file /opt/airflow/dags/retail.py for tasks to queue
[2024-04-08T07:45:54.369+0000] {logging_mixin.py:188} INFO - [2024-04-08T07:45:54.369+0000] {dagbag.py:540} INFO - Filling up the DagBag from /opt/airflow/dags/retail.py
[2024-04-08T07:45:54.384+0000] {processor.py:840} INFO - DAG(s) 'retail_dag' retrieved from /opt/airflow/dags/retail.py
[2024-04-08T07:45:54.415+0000] {logging_mixin.py:188} INFO - [2024-04-08T07:45:54.414+0000] {dag.py:3047} INFO - Sync 1 DAGs
[2024-04-08T07:45:54.429+0000] {logging_mixin.py:188} INFO - [2024-04-08T07:45:54.429+0000] {dag.py:3834} INFO - Setting next_dagrun for retail_dag to None, run_after=None
[2024-04-08T07:45:54.451+0000] {processor.py:183} INFO - Processing /opt/airflow/dags/retail.py took 0.090 seconds
[2024-04-08T07:46:24.512+0000] {processor.py:161} INFO - Started process (PID=105) to work on /opt/airflow/dags/retail.py
[2024-04-08T07:46:24.512+0000] {processor.py:830} INFO - Processing file /opt/airflow/dags/retail.py for tasks to queue
[2024-04-08T07:46:24.514+0000] {logging_mixin.py:188} INFO - [2024-04-08T07:46:24.514+0000] {dagbag.py:540} INFO - Filling up the DagBag from /opt/airflow/dags/retail.py
[2024-04-08T07:46:24.526+0000] {processor.py:840} INFO - DAG(s) 'retail_dag' retrieved from /opt/airflow/dags/retail.py
[2024-04-08T07:46:24.554+0000] {logging_mixin.py:188} INFO - [2024-04-08T07:46:24.553+0000] {dag.py:3047} INFO - Sync 1 DAGs
[2024-04-08T07:46:24.568+0000] {logging_mixin.py:188} INFO - [2024-04-08T07:46:24.568+0000] {dag.py:3834} INFO - Setting next_dagrun for retail_dag to None, run_after=None
[2024-04-08T07:46:24.592+0000] {processor.py:183} INFO - Processing /opt/airflow/dags/retail.py took 0.084 seconds
[2024-04-08T07:46:54.717+0000] {processor.py:161} INFO - Started process (PID=112) to work on /opt/airflow/dags/retail.py
[2024-04-08T07:46:54.718+0000] {processor.py:830} INFO - Processing file /opt/airflow/dags/retail.py for tasks to queue
[2024-04-08T07:46:54.720+0000] {logging_mixin.py:188} INFO - [2024-04-08T07:46:54.720+0000] {dagbag.py:540} INFO - Filling up the DagBag from /opt/airflow/dags/retail.py
[2024-04-08T07:46:54.735+0000] {processor.py:840} INFO - DAG(s) 'retail_dag' retrieved from /opt/airflow/dags/retail.py
[2024-04-08T07:46:54.766+0000] {logging_mixin.py:188} INFO - [2024-04-08T07:46:54.765+0000] {dag.py:3047} INFO - Sync 1 DAGs
[2024-04-08T07:46:54.791+0000] {logging_mixin.py:188} INFO - [2024-04-08T07:46:54.791+0000] {dag.py:3834} INFO - Setting next_dagrun for retail_dag to None, run_after=None
[2024-04-08T07:46:54.821+0000] {processor.py:183} INFO - Processing /opt/airflow/dags/retail.py took 0.107 seconds
[2024-04-08T07:47:24.903+0000] {processor.py:161} INFO - Started process (PID=119) to work on /opt/airflow/dags/retail.py
[2024-04-08T07:47:24.904+0000] {processor.py:830} INFO - Processing file /opt/airflow/dags/retail.py for tasks to queue
[2024-04-08T07:47:24.905+0000] {logging_mixin.py:188} INFO - [2024-04-08T07:47:24.905+0000] {dagbag.py:540} INFO - Filling up the DagBag from /opt/airflow/dags/retail.py
[2024-04-08T07:47:24.917+0000] {processor.py:840} INFO - DAG(s) 'retail_dag' retrieved from /opt/airflow/dags/retail.py
[2024-04-08T07:47:24.942+0000] {logging_mixin.py:188} INFO - [2024-04-08T07:47:24.942+0000] {dag.py:3047} INFO - Sync 1 DAGs
[2024-04-08T07:47:24.957+0000] {logging_mixin.py:188} INFO - [2024-04-08T07:47:24.957+0000] {dag.py:3834} INFO - Setting next_dagrun for retail_dag to None, run_after=None
[2024-04-08T07:47:24.976+0000] {processor.py:183} INFO - Processing /opt/airflow/dags/retail.py took 0.076 seconds
[2024-04-08T07:47:55.080+0000] {processor.py:161} INFO - Started process (PID=126) to work on /opt/airflow/dags/retail.py
[2024-04-08T07:47:55.083+0000] {processor.py:830} INFO - Processing file /opt/airflow/dags/retail.py for tasks to queue
[2024-04-08T07:47:55.086+0000] {logging_mixin.py:188} INFO - [2024-04-08T07:47:55.086+0000] {dagbag.py:540} INFO - Filling up the DagBag from /opt/airflow/dags/retail.py
[2024-04-08T07:47:55.097+0000] {processor.py:840} INFO - DAG(s) 'retail_dag' retrieved from /opt/airflow/dags/retail.py
[2024-04-08T07:47:55.123+0000] {logging_mixin.py:188} INFO - [2024-04-08T07:47:55.123+0000] {dag.py:3047} INFO - Sync 1 DAGs
[2024-04-08T07:47:55.139+0000] {logging_mixin.py:188} INFO - [2024-04-08T07:47:55.139+0000] {dag.py:3834} INFO - Setting next_dagrun for retail_dag to None, run_after=None
[2024-04-08T07:47:55.160+0000] {processor.py:183} INFO - Processing /opt/airflow/dags/retail.py took 0.085 seconds
[2024-04-08T07:48:25.233+0000] {processor.py:161} INFO - Started process (PID=133) to work on /opt/airflow/dags/retail.py
[2024-04-08T07:48:25.234+0000] {processor.py:830} INFO - Processing file /opt/airflow/dags/retail.py for tasks to queue
[2024-04-08T07:48:25.235+0000] {logging_mixin.py:188} INFO - [2024-04-08T07:48:25.235+0000] {dagbag.py:540} INFO - Filling up the DagBag from /opt/airflow/dags/retail.py
[2024-04-08T07:48:25.249+0000] {processor.py:840} INFO - DAG(s) 'retail_dag' retrieved from /opt/airflow/dags/retail.py
[2024-04-08T07:48:25.275+0000] {logging_mixin.py:188} INFO - [2024-04-08T07:48:25.275+0000] {dag.py:3047} INFO - Sync 1 DAGs
[2024-04-08T07:48:25.287+0000] {logging_mixin.py:188} INFO - [2024-04-08T07:48:25.287+0000] {dag.py:3834} INFO - Setting next_dagrun for retail_dag to None, run_after=None
[2024-04-08T07:48:25.307+0000] {processor.py:183} INFO - Processing /opt/airflow/dags/retail.py took 0.078 seconds
[2024-04-08T07:48:55.429+0000] {processor.py:161} INFO - Started process (PID=140) to work on /opt/airflow/dags/retail.py
[2024-04-08T07:48:55.430+0000] {processor.py:830} INFO - Processing file /opt/airflow/dags/retail.py for tasks to queue
[2024-04-08T07:48:55.432+0000] {logging_mixin.py:188} INFO - [2024-04-08T07:48:55.432+0000] {dagbag.py:540} INFO - Filling up the DagBag from /opt/airflow/dags/retail.py
[2024-04-08T07:48:55.444+0000] {processor.py:840} INFO - DAG(s) 'retail_dag' retrieved from /opt/airflow/dags/retail.py
[2024-04-08T07:48:55.470+0000] {logging_mixin.py:188} INFO - [2024-04-08T07:48:55.469+0000] {dag.py:3047} INFO - Sync 1 DAGs
[2024-04-08T07:48:55.482+0000] {logging_mixin.py:188} INFO - [2024-04-08T07:48:55.481+0000] {dag.py:3834} INFO - Setting next_dagrun for retail_dag to None, run_after=None
[2024-04-08T07:48:55.503+0000] {processor.py:183} INFO - Processing /opt/airflow/dags/retail.py took 0.078 seconds
[2024-04-08T07:49:25.574+0000] {processor.py:161} INFO - Started process (PID=147) to work on /opt/airflow/dags/retail.py
[2024-04-08T07:49:25.575+0000] {processor.py:830} INFO - Processing file /opt/airflow/dags/retail.py for tasks to queue
[2024-04-08T07:49:25.577+0000] {logging_mixin.py:188} INFO - [2024-04-08T07:49:25.576+0000] {dagbag.py:540} INFO - Filling up the DagBag from /opt/airflow/dags/retail.py
[2024-04-08T07:49:25.587+0000] {processor.py:840} INFO - DAG(s) 'retail_dag' retrieved from /opt/airflow/dags/retail.py
[2024-04-08T07:49:25.611+0000] {logging_mixin.py:188} INFO - [2024-04-08T07:49:25.611+0000] {dag.py:3047} INFO - Sync 1 DAGs
[2024-04-08T07:49:25.626+0000] {logging_mixin.py:188} INFO - [2024-04-08T07:49:25.625+0000] {dag.py:3834} INFO - Setting next_dagrun for retail_dag to None, run_after=None
[2024-04-08T07:49:25.649+0000] {processor.py:183} INFO - Processing /opt/airflow/dags/retail.py took 0.079 seconds
[2024-04-08T07:49:55.775+0000] {processor.py:161} INFO - Started process (PID=155) to work on /opt/airflow/dags/retail.py
[2024-04-08T07:49:55.776+0000] {processor.py:830} INFO - Processing file /opt/airflow/dags/retail.py for tasks to queue
[2024-04-08T07:49:55.778+0000] {logging_mixin.py:188} INFO - [2024-04-08T07:49:55.778+0000] {dagbag.py:540} INFO - Filling up the DagBag from /opt/airflow/dags/retail.py
[2024-04-08T07:49:55.788+0000] {processor.py:840} INFO - DAG(s) 'retail_dag' retrieved from /opt/airflow/dags/retail.py
[2024-04-08T07:49:55.813+0000] {logging_mixin.py:188} INFO - [2024-04-08T07:49:55.812+0000] {dag.py:3047} INFO - Sync 1 DAGs
[2024-04-08T07:49:55.829+0000] {logging_mixin.py:188} INFO - [2024-04-08T07:49:55.829+0000] {dag.py:3834} INFO - Setting next_dagrun for retail_dag to None, run_after=None
[2024-04-08T07:49:55.847+0000] {processor.py:183} INFO - Processing /opt/airflow/dags/retail.py took 0.074 seconds
[2024-04-08T07:50:25.986+0000] {processor.py:161} INFO - Started process (PID=162) to work on /opt/airflow/dags/retail.py
[2024-04-08T07:50:25.987+0000] {processor.py:830} INFO - Processing file /opt/airflow/dags/retail.py for tasks to queue
[2024-04-08T07:50:25.991+0000] {logging_mixin.py:188} INFO - [2024-04-08T07:50:25.990+0000] {dagbag.py:540} INFO - Filling up the DagBag from /opt/airflow/dags/retail.py
[2024-04-08T07:50:26.025+0000] {processor.py:840} INFO - DAG(s) 'retail_dag' retrieved from /opt/airflow/dags/retail.py
[2024-04-08T07:50:26.082+0000] {logging_mixin.py:188} INFO - [2024-04-08T07:50:26.079+0000] {dag.py:3047} INFO - Sync 1 DAGs
[2024-04-08T07:50:26.109+0000] {logging_mixin.py:188} INFO - [2024-04-08T07:50:26.108+0000] {dag.py:3834} INFO - Setting next_dagrun for retail_dag to None, run_after=None
[2024-04-08T07:50:26.161+0000] {processor.py:183} INFO - Processing /opt/airflow/dags/retail.py took 0.182 seconds
[2024-04-08T07:50:56.232+0000] {processor.py:161} INFO - Started process (PID=169) to work on /opt/airflow/dags/retail.py
[2024-04-08T07:50:56.235+0000] {processor.py:830} INFO - Processing file /opt/airflow/dags/retail.py for tasks to queue
[2024-04-08T07:50:56.239+0000] {logging_mixin.py:188} INFO - [2024-04-08T07:50:56.238+0000] {dagbag.py:540} INFO - Filling up the DagBag from /opt/airflow/dags/retail.py
[2024-04-08T07:50:56.262+0000] {processor.py:840} INFO - DAG(s) 'retail_dag' retrieved from /opt/airflow/dags/retail.py
[2024-04-08T07:50:56.324+0000] {logging_mixin.py:188} INFO - [2024-04-08T07:50:56.323+0000] {dag.py:3047} INFO - Sync 1 DAGs
[2024-04-08T07:50:56.355+0000] {logging_mixin.py:188} INFO - [2024-04-08T07:50:56.354+0000] {dag.py:3834} INFO - Setting next_dagrun for retail_dag to None, run_after=None
[2024-04-08T07:50:56.400+0000] {processor.py:183} INFO - Processing /opt/airflow/dags/retail.py took 0.174 seconds
[2024-04-08T07:51:26.586+0000] {processor.py:161} INFO - Started process (PID=176) to work on /opt/airflow/dags/retail.py
[2024-04-08T07:51:26.588+0000] {processor.py:830} INFO - Processing file /opt/airflow/dags/retail.py for tasks to queue
[2024-04-08T07:51:26.591+0000] {logging_mixin.py:188} INFO - [2024-04-08T07:51:26.591+0000] {dagbag.py:540} INFO - Filling up the DagBag from /opt/airflow/dags/retail.py
[2024-04-08T07:51:26.616+0000] {processor.py:840} INFO - DAG(s) 'retail_dag' retrieved from /opt/airflow/dags/retail.py
[2024-04-08T07:51:26.669+0000] {logging_mixin.py:188} INFO - [2024-04-08T07:51:26.668+0000] {dag.py:3047} INFO - Sync 1 DAGs
[2024-04-08T07:51:26.694+0000] {logging_mixin.py:188} INFO - [2024-04-08T07:51:26.693+0000] {dag.py:3834} INFO - Setting next_dagrun for retail_dag to None, run_after=None
[2024-04-08T07:51:26.733+0000] {processor.py:183} INFO - Processing /opt/airflow/dags/retail.py took 0.154 seconds
[2024-04-08T07:51:56.804+0000] {processor.py:161} INFO - Started process (PID=183) to work on /opt/airflow/dags/retail.py
[2024-04-08T07:51:56.806+0000] {processor.py:830} INFO - Processing file /opt/airflow/dags/retail.py for tasks to queue
[2024-04-08T07:51:56.809+0000] {logging_mixin.py:188} INFO - [2024-04-08T07:51:56.808+0000] {dagbag.py:540} INFO - Filling up the DagBag from /opt/airflow/dags/retail.py
[2024-04-08T07:51:56.829+0000] {processor.py:840} INFO - DAG(s) 'retail_dag' retrieved from /opt/airflow/dags/retail.py
[2024-04-08T07:51:56.880+0000] {logging_mixin.py:188} INFO - [2024-04-08T07:51:56.879+0000] {dag.py:3047} INFO - Sync 1 DAGs
[2024-04-08T07:51:56.923+0000] {logging_mixin.py:188} INFO - [2024-04-08T07:51:56.922+0000] {dag.py:3834} INFO - Setting next_dagrun for retail_dag to None, run_after=None
[2024-04-08T07:51:56.977+0000] {processor.py:183} INFO - Processing /opt/airflow/dags/retail.py took 0.178 seconds
[2024-04-08T07:52:27.187+0000] {processor.py:161} INFO - Started process (PID=190) to work on /opt/airflow/dags/retail.py
[2024-04-08T07:52:27.188+0000] {processor.py:830} INFO - Processing file /opt/airflow/dags/retail.py for tasks to queue
[2024-04-08T07:52:27.192+0000] {logging_mixin.py:188} INFO - [2024-04-08T07:52:27.191+0000] {dagbag.py:540} INFO - Filling up the DagBag from /opt/airflow/dags/retail.py
[2024-04-08T07:52:27.213+0000] {processor.py:840} INFO - DAG(s) 'retail_dag' retrieved from /opt/airflow/dags/retail.py
[2024-04-08T07:52:27.258+0000] {logging_mixin.py:188} INFO - [2024-04-08T07:52:27.257+0000] {dag.py:3047} INFO - Sync 1 DAGs
[2024-04-08T07:52:27.286+0000] {logging_mixin.py:188} INFO - [2024-04-08T07:52:27.286+0000] {dag.py:3834} INFO - Setting next_dagrun for retail_dag to None, run_after=None
[2024-04-08T07:52:27.327+0000] {processor.py:183} INFO - Processing /opt/airflow/dags/retail.py took 0.145 seconds
[2024-04-08T07:52:57.401+0000] {processor.py:161} INFO - Started process (PID=197) to work on /opt/airflow/dags/retail.py
[2024-04-08T07:52:57.405+0000] {processor.py:830} INFO - Processing file /opt/airflow/dags/retail.py for tasks to queue
[2024-04-08T07:52:57.408+0000] {logging_mixin.py:188} INFO - [2024-04-08T07:52:57.408+0000] {dagbag.py:540} INFO - Filling up the DagBag from /opt/airflow/dags/retail.py
[2024-04-08T07:52:57.429+0000] {processor.py:840} INFO - DAG(s) 'retail_dag' retrieved from /opt/airflow/dags/retail.py
[2024-04-08T07:52:57.479+0000] {logging_mixin.py:188} INFO - [2024-04-08T07:52:57.478+0000] {dag.py:3047} INFO - Sync 1 DAGs
[2024-04-08T07:52:57.508+0000] {logging_mixin.py:188} INFO - [2024-04-08T07:52:57.508+0000] {dag.py:3834} INFO - Setting next_dagrun for retail_dag to None, run_after=None
[2024-04-08T07:52:57.547+0000] {processor.py:183} INFO - Processing /opt/airflow/dags/retail.py took 0.151 seconds
[2024-04-08T07:53:27.736+0000] {processor.py:161} INFO - Started process (PID=204) to work on /opt/airflow/dags/retail.py
[2024-04-08T07:53:27.738+0000] {processor.py:830} INFO - Processing file /opt/airflow/dags/retail.py for tasks to queue
[2024-04-08T07:53:27.741+0000] {logging_mixin.py:188} INFO - [2024-04-08T07:53:27.740+0000] {dagbag.py:540} INFO - Filling up the DagBag from /opt/airflow/dags/retail.py
[2024-04-08T07:53:27.762+0000] {processor.py:840} INFO - DAG(s) 'retail_dag' retrieved from /opt/airflow/dags/retail.py
[2024-04-08T07:53:27.815+0000] {logging_mixin.py:188} INFO - [2024-04-08T07:53:27.814+0000] {dag.py:3047} INFO - Sync 1 DAGs
[2024-04-08T07:53:27.863+0000] {logging_mixin.py:188} INFO - [2024-04-08T07:53:27.863+0000] {dag.py:3834} INFO - Setting next_dagrun for retail_dag to None, run_after=None
[2024-04-08T07:53:27.911+0000] {processor.py:183} INFO - Processing /opt/airflow/dags/retail.py took 0.180 seconds
[2024-04-08T07:53:58.117+0000] {processor.py:161} INFO - Started process (PID=211) to work on /opt/airflow/dags/retail.py
[2024-04-08T07:53:58.120+0000] {processor.py:830} INFO - Processing file /opt/airflow/dags/retail.py for tasks to queue
[2024-04-08T07:53:58.123+0000] {logging_mixin.py:188} INFO - [2024-04-08T07:53:58.122+0000] {dagbag.py:540} INFO - Filling up the DagBag from /opt/airflow/dags/retail.py
[2024-04-08T07:53:58.142+0000] {processor.py:840} INFO - DAG(s) 'retail_dag' retrieved from /opt/airflow/dags/retail.py
[2024-04-08T07:53:58.189+0000] {logging_mixin.py:188} INFO - [2024-04-08T07:53:58.188+0000] {dag.py:3047} INFO - Sync 1 DAGs
[2024-04-08T07:53:58.215+0000] {logging_mixin.py:188} INFO - [2024-04-08T07:53:58.214+0000] {dag.py:3834} INFO - Setting next_dagrun for retail_dag to None, run_after=None
[2024-04-08T07:53:58.258+0000] {processor.py:183} INFO - Processing /opt/airflow/dags/retail.py took 0.148 seconds
[2024-04-08T07:54:28.323+0000] {processor.py:161} INFO - Started process (PID=218) to work on /opt/airflow/dags/retail.py
[2024-04-08T07:54:28.325+0000] {processor.py:830} INFO - Processing file /opt/airflow/dags/retail.py for tasks to queue
[2024-04-08T07:54:28.328+0000] {logging_mixin.py:188} INFO - [2024-04-08T07:54:28.328+0000] {dagbag.py:540} INFO - Filling up the DagBag from /opt/airflow/dags/retail.py
[2024-04-08T07:54:28.348+0000] {processor.py:840} INFO - DAG(s) 'retail_dag' retrieved from /opt/airflow/dags/retail.py
[2024-04-08T07:54:28.395+0000] {logging_mixin.py:188} INFO - [2024-04-08T07:54:28.394+0000] {dag.py:3047} INFO - Sync 1 DAGs
[2024-04-08T07:54:28.420+0000] {logging_mixin.py:188} INFO - [2024-04-08T07:54:28.420+0000] {dag.py:3834} INFO - Setting next_dagrun for retail_dag to None, run_after=None
[2024-04-08T07:54:28.467+0000] {processor.py:183} INFO - Processing /opt/airflow/dags/retail.py took 0.151 seconds
[2024-04-08T07:54:58.729+0000] {processor.py:161} INFO - Started process (PID=225) to work on /opt/airflow/dags/retail.py
[2024-04-08T07:54:58.731+0000] {processor.py:830} INFO - Processing file /opt/airflow/dags/retail.py for tasks to queue
[2024-04-08T07:54:58.736+0000] {logging_mixin.py:188} INFO - [2024-04-08T07:54:58.735+0000] {dagbag.py:540} INFO - Filling up the DagBag from /opt/airflow/dags/retail.py
[2024-04-08T07:54:58.762+0000] {processor.py:840} INFO - DAG(s) 'retail_dag' retrieved from /opt/airflow/dags/retail.py
[2024-04-08T07:54:58.821+0000] {logging_mixin.py:188} INFO - [2024-04-08T07:54:58.820+0000] {dag.py:3047} INFO - Sync 1 DAGs
[2024-04-08T07:54:58.846+0000] {logging_mixin.py:188} INFO - [2024-04-08T07:54:58.846+0000] {dag.py:3834} INFO - Setting next_dagrun for retail_dag to None, run_after=None
[2024-04-08T07:54:58.888+0000] {processor.py:183} INFO - Processing /opt/airflow/dags/retail.py took 0.174 seconds
[2024-04-08T07:55:28.984+0000] {processor.py:161} INFO - Started process (PID=232) to work on /opt/airflow/dags/retail.py
[2024-04-08T07:55:28.986+0000] {processor.py:830} INFO - Processing file /opt/airflow/dags/retail.py for tasks to queue
[2024-04-08T07:55:28.991+0000] {logging_mixin.py:188} INFO - [2024-04-08T07:55:28.990+0000] {dagbag.py:540} INFO - Filling up the DagBag from /opt/airflow/dags/retail.py
[2024-04-08T07:55:29.029+0000] {processor.py:840} INFO - DAG(s) 'retail_dag' retrieved from /opt/airflow/dags/retail.py
[2024-04-08T07:55:29.082+0000] {logging_mixin.py:188} INFO - [2024-04-08T07:55:29.080+0000] {dag.py:3047} INFO - Sync 1 DAGs
[2024-04-08T07:55:29.111+0000] {logging_mixin.py:188} INFO - [2024-04-08T07:55:29.111+0000] {dag.py:3834} INFO - Setting next_dagrun for retail_dag to None, run_after=None
[2024-04-08T07:55:29.153+0000] {processor.py:183} INFO - Processing /opt/airflow/dags/retail.py took 0.184 seconds
[2024-04-08T07:55:59.316+0000] {processor.py:161} INFO - Started process (PID=239) to work on /opt/airflow/dags/retail.py
[2024-04-08T07:55:59.318+0000] {processor.py:830} INFO - Processing file /opt/airflow/dags/retail.py for tasks to queue
[2024-04-08T07:55:59.321+0000] {logging_mixin.py:188} INFO - [2024-04-08T07:55:59.320+0000] {dagbag.py:540} INFO - Filling up the DagBag from /opt/airflow/dags/retail.py
[2024-04-08T07:55:59.344+0000] {processor.py:840} INFO - DAG(s) 'retail_dag' retrieved from /opt/airflow/dags/retail.py
[2024-04-08T07:55:59.393+0000] {logging_mixin.py:188} INFO - [2024-04-08T07:55:59.391+0000] {dag.py:3047} INFO - Sync 1 DAGs
[2024-04-08T07:55:59.422+0000] {logging_mixin.py:188} INFO - [2024-04-08T07:55:59.421+0000] {dag.py:3834} INFO - Setting next_dagrun for retail_dag to None, run_after=None
[2024-04-08T07:55:59.467+0000] {processor.py:183} INFO - Processing /opt/airflow/dags/retail.py took 0.156 seconds
[2024-04-08T07:56:29.574+0000] {processor.py:161} INFO - Started process (PID=246) to work on /opt/airflow/dags/retail.py
[2024-04-08T07:56:29.576+0000] {processor.py:830} INFO - Processing file /opt/airflow/dags/retail.py for tasks to queue
[2024-04-08T07:56:29.579+0000] {logging_mixin.py:188} INFO - [2024-04-08T07:56:29.579+0000] {dagbag.py:540} INFO - Filling up the DagBag from /opt/airflow/dags/retail.py
[2024-04-08T07:56:29.603+0000] {processor.py:840} INFO - DAG(s) 'retail_dag' retrieved from /opt/airflow/dags/retail.py
[2024-04-08T07:56:29.650+0000] {logging_mixin.py:188} INFO - [2024-04-08T07:56:29.648+0000] {dag.py:3047} INFO - Sync 1 DAGs
[2024-04-08T07:56:29.672+0000] {logging_mixin.py:188} INFO - [2024-04-08T07:56:29.671+0000] {dag.py:3834} INFO - Setting next_dagrun for retail_dag to None, run_after=None
[2024-04-08T07:56:29.705+0000] {processor.py:183} INFO - Processing /opt/airflow/dags/retail.py took 0.137 seconds
[2024-04-08T07:56:59.864+0000] {processor.py:161} INFO - Started process (PID=253) to work on /opt/airflow/dags/retail.py
[2024-04-08T07:56:59.867+0000] {processor.py:830} INFO - Processing file /opt/airflow/dags/retail.py for tasks to queue
[2024-04-08T07:56:59.869+0000] {logging_mixin.py:188} INFO - [2024-04-08T07:56:59.869+0000] {dagbag.py:540} INFO - Filling up the DagBag from /opt/airflow/dags/retail.py
[2024-04-08T07:56:59.894+0000] {processor.py:840} INFO - DAG(s) 'retail_dag' retrieved from /opt/airflow/dags/retail.py
[2024-04-08T07:56:59.935+0000] {logging_mixin.py:188} INFO - [2024-04-08T07:56:59.933+0000] {dag.py:3047} INFO - Sync 1 DAGs
[2024-04-08T07:56:59.958+0000] {logging_mixin.py:188} INFO - [2024-04-08T07:56:59.958+0000] {dag.py:3834} INFO - Setting next_dagrun for retail_dag to None, run_after=None
[2024-04-08T07:56:59.993+0000] {processor.py:183} INFO - Processing /opt/airflow/dags/retail.py took 0.137 seconds
[2024-04-08T07:57:30.096+0000] {processor.py:161} INFO - Started process (PID=260) to work on /opt/airflow/dags/retail.py
[2024-04-08T07:57:30.097+0000] {processor.py:830} INFO - Processing file /opt/airflow/dags/retail.py for tasks to queue
[2024-04-08T07:57:30.100+0000] {logging_mixin.py:188} INFO - [2024-04-08T07:57:30.099+0000] {dagbag.py:540} INFO - Filling up the DagBag from /opt/airflow/dags/retail.py
[2024-04-08T07:57:30.117+0000] {processor.py:840} INFO - DAG(s) 'retail_dag' retrieved from /opt/airflow/dags/retail.py
[2024-04-08T07:57:30.162+0000] {logging_mixin.py:188} INFO - [2024-04-08T07:57:30.161+0000] {dag.py:3047} INFO - Sync 1 DAGs
[2024-04-08T07:57:30.186+0000] {logging_mixin.py:188} INFO - [2024-04-08T07:57:30.185+0000] {dag.py:3834} INFO - Setting next_dagrun for retail_dag to None, run_after=None
[2024-04-08T07:57:30.222+0000] {processor.py:183} INFO - Processing /opt/airflow/dags/retail.py took 0.134 seconds
[2024-04-08T07:58:00.293+0000] {processor.py:161} INFO - Started process (PID=267) to work on /opt/airflow/dags/retail.py
[2024-04-08T07:58:00.296+0000] {processor.py:830} INFO - Processing file /opt/airflow/dags/retail.py for tasks to queue
[2024-04-08T07:58:00.299+0000] {logging_mixin.py:188} INFO - [2024-04-08T07:58:00.299+0000] {dagbag.py:540} INFO - Filling up the DagBag from /opt/airflow/dags/retail.py
[2024-04-08T07:58:00.316+0000] {processor.py:840} INFO - DAG(s) 'retail_dag' retrieved from /opt/airflow/dags/retail.py
[2024-04-08T07:58:00.363+0000] {logging_mixin.py:188} INFO - [2024-04-08T07:58:00.362+0000] {dag.py:3047} INFO - Sync 1 DAGs
[2024-04-08T07:58:00.391+0000] {logging_mixin.py:188} INFO - [2024-04-08T07:58:00.391+0000] {dag.py:3834} INFO - Setting next_dagrun for retail_dag to None, run_after=None
[2024-04-08T07:58:00.428+0000] {processor.py:183} INFO - Processing /opt/airflow/dags/retail.py took 0.139 seconds
[2024-04-08T07:58:30.613+0000] {processor.py:161} INFO - Started process (PID=274) to work on /opt/airflow/dags/retail.py
[2024-04-08T07:58:30.614+0000] {processor.py:830} INFO - Processing file /opt/airflow/dags/retail.py for tasks to queue
[2024-04-08T07:58:30.617+0000] {logging_mixin.py:188} INFO - [2024-04-08T07:58:30.617+0000] {dagbag.py:540} INFO - Filling up the DagBag from /opt/airflow/dags/retail.py
[2024-04-08T07:58:30.635+0000] {processor.py:840} INFO - DAG(s) 'retail_dag' retrieved from /opt/airflow/dags/retail.py
[2024-04-08T07:58:30.680+0000] {logging_mixin.py:188} INFO - [2024-04-08T07:58:30.679+0000] {dag.py:3047} INFO - Sync 1 DAGs
[2024-04-08T07:58:30.709+0000] {logging_mixin.py:188} INFO - [2024-04-08T07:58:30.709+0000] {dag.py:3834} INFO - Setting next_dagrun for retail_dag to None, run_after=None
[2024-04-08T07:58:30.763+0000] {processor.py:183} INFO - Processing /opt/airflow/dags/retail.py took 0.154 seconds
[2024-04-08T07:59:00.836+0000] {processor.py:161} INFO - Started process (PID=281) to work on /opt/airflow/dags/retail.py
[2024-04-08T07:59:00.838+0000] {processor.py:830} INFO - Processing file /opt/airflow/dags/retail.py for tasks to queue
[2024-04-08T07:59:00.842+0000] {logging_mixin.py:188} INFO - [2024-04-08T07:59:00.841+0000] {dagbag.py:540} INFO - Filling up the DagBag from /opt/airflow/dags/retail.py
[2024-04-08T07:59:00.878+0000] {processor.py:840} INFO - DAG(s) 'retail_dag' retrieved from /opt/airflow/dags/retail.py
[2024-04-08T07:59:00.941+0000] {logging_mixin.py:188} INFO - [2024-04-08T07:59:00.940+0000] {dag.py:3047} INFO - Sync 1 DAGs
[2024-04-08T07:59:00.973+0000] {logging_mixin.py:188} INFO - [2024-04-08T07:59:00.972+0000] {dag.py:3834} INFO - Setting next_dagrun for retail_dag to None, run_after=None
[2024-04-08T07:59:01.015+0000] {processor.py:183} INFO - Processing /opt/airflow/dags/retail.py took 0.193 seconds
[2024-04-08T07:59:31.162+0000] {processor.py:161} INFO - Started process (PID=295) to work on /opt/airflow/dags/retail.py
[2024-04-08T07:59:31.163+0000] {processor.py:830} INFO - Processing file /opt/airflow/dags/retail.py for tasks to queue
[2024-04-08T07:59:31.166+0000] {logging_mixin.py:188} INFO - [2024-04-08T07:59:31.165+0000] {dagbag.py:540} INFO - Filling up the DagBag from /opt/airflow/dags/retail.py
[2024-04-08T07:59:31.194+0000] {processor.py:840} INFO - DAG(s) 'retail_dag' retrieved from /opt/airflow/dags/retail.py
[2024-04-08T07:59:31.244+0000] {logging_mixin.py:188} INFO - [2024-04-08T07:59:31.243+0000] {dag.py:3047} INFO - Sync 1 DAGs
[2024-04-08T07:59:31.284+0000] {logging_mixin.py:188} INFO - [2024-04-08T07:59:31.283+0000] {dag.py:3834} INFO - Setting next_dagrun for retail_dag to None, run_after=None
[2024-04-08T07:59:31.334+0000] {processor.py:183} INFO - Processing /opt/airflow/dags/retail.py took 0.177 seconds
[2024-04-08T08:00:01.404+0000] {processor.py:161} INFO - Started process (PID=302) to work on /opt/airflow/dags/retail.py
[2024-04-08T08:00:01.405+0000] {processor.py:830} INFO - Processing file /opt/airflow/dags/retail.py for tasks to queue
[2024-04-08T08:00:01.408+0000] {logging_mixin.py:188} INFO - [2024-04-08T08:00:01.408+0000] {dagbag.py:540} INFO - Filling up the DagBag from /opt/airflow/dags/retail.py
[2024-04-08T08:00:01.427+0000] {processor.py:840} INFO - DAG(s) 'retail_dag' retrieved from /opt/airflow/dags/retail.py
[2024-04-08T08:00:01.475+0000] {logging_mixin.py:188} INFO - [2024-04-08T08:00:01.474+0000] {dag.py:3047} INFO - Sync 1 DAGs
[2024-04-08T08:00:01.500+0000] {logging_mixin.py:188} INFO - [2024-04-08T08:00:01.499+0000] {dag.py:3834} INFO - Setting next_dagrun for retail_dag to None, run_after=None
[2024-04-08T08:00:01.543+0000] {processor.py:183} INFO - Processing /opt/airflow/dags/retail.py took 0.145 seconds
[2024-04-08T08:00:31.748+0000] {processor.py:161} INFO - Started process (PID=309) to work on /opt/airflow/dags/retail.py
[2024-04-08T08:00:31.750+0000] {processor.py:830} INFO - Processing file /opt/airflow/dags/retail.py for tasks to queue
[2024-04-08T08:00:31.755+0000] {logging_mixin.py:188} INFO - [2024-04-08T08:00:31.754+0000] {dagbag.py:540} INFO - Filling up the DagBag from /opt/airflow/dags/retail.py
[2024-04-08T08:00:31.798+0000] {processor.py:840} INFO - DAG(s) 'retail_dag' retrieved from /opt/airflow/dags/retail.py
[2024-04-08T08:00:31.855+0000] {logging_mixin.py:188} INFO - [2024-04-08T08:00:31.854+0000] {dag.py:3047} INFO - Sync 1 DAGs
[2024-04-08T08:00:31.882+0000] {logging_mixin.py:188} INFO - [2024-04-08T08:00:31.881+0000] {dag.py:3834} INFO - Setting next_dagrun for retail_dag to None, run_after=None
[2024-04-08T08:00:31.918+0000] {processor.py:183} INFO - Processing /opt/airflow/dags/retail.py took 0.183 seconds
[2024-04-08T08:01:01.962+0000] {processor.py:161} INFO - Started process (PID=316) to work on /opt/airflow/dags/retail.py
[2024-04-08T08:01:01.965+0000] {processor.py:830} INFO - Processing file /opt/airflow/dags/retail.py for tasks to queue
[2024-04-08T08:01:01.969+0000] {logging_mixin.py:188} INFO - [2024-04-08T08:01:01.968+0000] {dagbag.py:540} INFO - Filling up the DagBag from /opt/airflow/dags/retail.py
[2024-04-08T08:01:01.992+0000] {processor.py:840} INFO - DAG(s) 'retail_dag' retrieved from /opt/airflow/dags/retail.py
[2024-04-08T08:01:02.040+0000] {logging_mixin.py:188} INFO - [2024-04-08T08:01:02.038+0000] {dag.py:3047} INFO - Sync 1 DAGs
[2024-04-08T08:01:02.065+0000] {logging_mixin.py:188} INFO - [2024-04-08T08:01:02.065+0000] {dag.py:3834} INFO - Setting next_dagrun for retail_dag to None, run_after=None
[2024-04-08T08:01:02.132+0000] {processor.py:183} INFO - Processing /opt/airflow/dags/retail.py took 0.175 seconds
[2024-04-08T08:01:32.313+0000] {processor.py:161} INFO - Started process (PID=323) to work on /opt/airflow/dags/retail.py
[2024-04-08T08:01:32.314+0000] {processor.py:830} INFO - Processing file /opt/airflow/dags/retail.py for tasks to queue
[2024-04-08T08:01:32.319+0000] {logging_mixin.py:188} INFO - [2024-04-08T08:01:32.318+0000] {dagbag.py:540} INFO - Filling up the DagBag from /opt/airflow/dags/retail.py
[2024-04-08T08:01:32.346+0000] {processor.py:840} INFO - DAG(s) 'retail_dag' retrieved from /opt/airflow/dags/retail.py
[2024-04-08T08:01:32.398+0000] {logging_mixin.py:188} INFO - [2024-04-08T08:01:32.394+0000] {dag.py:3047} INFO - Sync 1 DAGs
[2024-04-08T08:01:32.435+0000] {logging_mixin.py:188} INFO - [2024-04-08T08:01:32.435+0000] {dag.py:3834} INFO - Setting next_dagrun for retail_dag to None, run_after=None
[2024-04-08T08:01:32.485+0000] {processor.py:183} INFO - Processing /opt/airflow/dags/retail.py took 0.178 seconds
[2024-04-08T08:02:02.523+0000] {processor.py:161} INFO - Started process (PID=330) to work on /opt/airflow/dags/retail.py
[2024-04-08T08:02:02.524+0000] {processor.py:830} INFO - Processing file /opt/airflow/dags/retail.py for tasks to queue
[2024-04-08T08:02:02.527+0000] {logging_mixin.py:188} INFO - [2024-04-08T08:02:02.527+0000] {dagbag.py:540} INFO - Filling up the DagBag from /opt/airflow/dags/retail.py
[2024-04-08T08:02:02.550+0000] {processor.py:840} INFO - DAG(s) 'retail_dag' retrieved from /opt/airflow/dags/retail.py
[2024-04-08T08:02:02.610+0000] {logging_mixin.py:188} INFO - [2024-04-08T08:02:02.608+0000] {dag.py:3047} INFO - Sync 1 DAGs
[2024-04-08T08:02:02.635+0000] {logging_mixin.py:188} INFO - [2024-04-08T08:02:02.634+0000] {dag.py:3834} INFO - Setting next_dagrun for retail_dag to None, run_after=None
[2024-04-08T08:02:02.674+0000] {processor.py:183} INFO - Processing /opt/airflow/dags/retail.py took 0.156 seconds
[2024-04-08T08:02:32.930+0000] {processor.py:161} INFO - Started process (PID=337) to work on /opt/airflow/dags/retail.py
[2024-04-08T08:02:32.932+0000] {processor.py:830} INFO - Processing file /opt/airflow/dags/retail.py for tasks to queue
[2024-04-08T08:02:32.935+0000] {logging_mixin.py:188} INFO - [2024-04-08T08:02:32.935+0000] {dagbag.py:540} INFO - Filling up the DagBag from /opt/airflow/dags/retail.py
[2024-04-08T08:02:32.954+0000] {processor.py:840} INFO - DAG(s) 'retail_dag' retrieved from /opt/airflow/dags/retail.py
[2024-04-08T08:02:32.999+0000] {logging_mixin.py:188} INFO - [2024-04-08T08:02:32.997+0000] {dag.py:3047} INFO - Sync 1 DAGs
[2024-04-08T08:02:33.027+0000] {logging_mixin.py:188} INFO - [2024-04-08T08:02:33.026+0000] {dag.py:3834} INFO - Setting next_dagrun for retail_dag to None, run_after=None
[2024-04-08T08:02:33.063+0000] {processor.py:183} INFO - Processing /opt/airflow/dags/retail.py took 0.138 seconds
[2024-04-08T08:03:03.149+0000] {processor.py:161} INFO - Started process (PID=344) to work on /opt/airflow/dags/retail.py
[2024-04-08T08:03:03.153+0000] {processor.py:830} INFO - Processing file /opt/airflow/dags/retail.py for tasks to queue
[2024-04-08T08:03:03.155+0000] {logging_mixin.py:188} INFO - [2024-04-08T08:03:03.155+0000] {dagbag.py:540} INFO - Filling up the DagBag from /opt/airflow/dags/retail.py
[2024-04-08T08:03:03.176+0000] {processor.py:840} INFO - DAG(s) 'retail_dag' retrieved from /opt/airflow/dags/retail.py
[2024-04-08T08:03:03.227+0000] {logging_mixin.py:188} INFO - [2024-04-08T08:03:03.226+0000] {dag.py:3047} INFO - Sync 1 DAGs
[2024-04-08T08:03:03.261+0000] {logging_mixin.py:188} INFO - [2024-04-08T08:03:03.260+0000] {dag.py:3834} INFO - Setting next_dagrun for retail_dag to None, run_after=None
[2024-04-08T08:03:03.308+0000] {processor.py:183} INFO - Processing /opt/airflow/dags/retail.py took 0.167 seconds
[2024-04-08T08:03:33.453+0000] {processor.py:161} INFO - Started process (PID=351) to work on /opt/airflow/dags/retail.py
[2024-04-08T08:03:33.454+0000] {processor.py:830} INFO - Processing file /opt/airflow/dags/retail.py for tasks to queue
[2024-04-08T08:03:33.457+0000] {logging_mixin.py:188} INFO - [2024-04-08T08:03:33.457+0000] {dagbag.py:540} INFO - Filling up the DagBag from /opt/airflow/dags/retail.py
[2024-04-08T08:03:33.478+0000] {processor.py:840} INFO - DAG(s) 'retail_dag' retrieved from /opt/airflow/dags/retail.py
[2024-04-08T08:03:33.520+0000] {logging_mixin.py:188} INFO - [2024-04-08T08:03:33.519+0000] {dag.py:3047} INFO - Sync 1 DAGs
[2024-04-08T08:03:33.552+0000] {logging_mixin.py:188} INFO - [2024-04-08T08:03:33.552+0000] {dag.py:3834} INFO - Setting next_dagrun for retail_dag to None, run_after=None
[2024-04-08T08:03:33.594+0000] {processor.py:183} INFO - Processing /opt/airflow/dags/retail.py took 0.147 seconds
[2024-04-08T08:04:03.686+0000] {processor.py:161} INFO - Started process (PID=358) to work on /opt/airflow/dags/retail.py
[2024-04-08T08:04:03.689+0000] {processor.py:830} INFO - Processing file /opt/airflow/dags/retail.py for tasks to queue
[2024-04-08T08:04:03.693+0000] {logging_mixin.py:188} INFO - [2024-04-08T08:04:03.692+0000] {dagbag.py:540} INFO - Filling up the DagBag from /opt/airflow/dags/retail.py
[2024-04-08T08:04:03.714+0000] {processor.py:840} INFO - DAG(s) 'retail_dag' retrieved from /opt/airflow/dags/retail.py
[2024-04-08T08:04:03.765+0000] {logging_mixin.py:188} INFO - [2024-04-08T08:04:03.764+0000] {dag.py:3047} INFO - Sync 1 DAGs
[2024-04-08T08:04:03.790+0000] {logging_mixin.py:188} INFO - [2024-04-08T08:04:03.789+0000] {dag.py:3834} INFO - Setting next_dagrun for retail_dag to None, run_after=None
[2024-04-08T08:04:03.836+0000] {processor.py:183} INFO - Processing /opt/airflow/dags/retail.py took 0.157 seconds
[2024-04-08T08:04:33.979+0000] {processor.py:161} INFO - Started process (PID=365) to work on /opt/airflow/dags/retail.py
[2024-04-08T08:04:33.981+0000] {processor.py:830} INFO - Processing file /opt/airflow/dags/retail.py for tasks to queue
[2024-04-08T08:04:33.984+0000] {logging_mixin.py:188} INFO - [2024-04-08T08:04:33.983+0000] {dagbag.py:540} INFO - Filling up the DagBag from /opt/airflow/dags/retail.py
[2024-04-08T08:04:34.005+0000] {processor.py:840} INFO - DAG(s) 'retail_dag' retrieved from /opt/airflow/dags/retail.py
[2024-04-08T08:04:34.048+0000] {logging_mixin.py:188} INFO - [2024-04-08T08:04:34.047+0000] {dag.py:3047} INFO - Sync 1 DAGs
[2024-04-08T08:04:34.072+0000] {logging_mixin.py:188} INFO - [2024-04-08T08:04:34.071+0000] {dag.py:3834} INFO - Setting next_dagrun for retail_dag to None, run_after=None
[2024-04-08T08:04:34.122+0000] {processor.py:183} INFO - Processing /opt/airflow/dags/retail.py took 0.150 seconds
[2024-04-08T08:05:04.222+0000] {processor.py:161} INFO - Started process (PID=373) to work on /opt/airflow/dags/retail.py
[2024-04-08T08:05:04.223+0000] {processor.py:830} INFO - Processing file /opt/airflow/dags/retail.py for tasks to queue
[2024-04-08T08:05:04.227+0000] {logging_mixin.py:188} INFO - [2024-04-08T08:05:04.226+0000] {dagbag.py:540} INFO - Filling up the DagBag from /opt/airflow/dags/retail.py
[2024-04-08T08:05:04.251+0000] {processor.py:840} INFO - DAG(s) 'retail_dag' retrieved from /opt/airflow/dags/retail.py
[2024-04-08T08:05:04.295+0000] {logging_mixin.py:188} INFO - [2024-04-08T08:05:04.294+0000] {dag.py:3047} INFO - Sync 1 DAGs
[2024-04-08T08:05:04.322+0000] {logging_mixin.py:188} INFO - [2024-04-08T08:05:04.321+0000] {dag.py:3834} INFO - Setting next_dagrun for retail_dag to None, run_after=None
[2024-04-08T08:05:04.360+0000] {processor.py:183} INFO - Processing /opt/airflow/dags/retail.py took 0.144 seconds
[2024-04-08T08:05:34.508+0000] {processor.py:161} INFO - Started process (PID=380) to work on /opt/airflow/dags/retail.py
[2024-04-08T08:05:34.509+0000] {processor.py:830} INFO - Processing file /opt/airflow/dags/retail.py for tasks to queue
[2024-04-08T08:05:34.512+0000] {logging_mixin.py:188} INFO - [2024-04-08T08:05:34.511+0000] {dagbag.py:540} INFO - Filling up the DagBag from /opt/airflow/dags/retail.py
[2024-04-08T08:05:34.529+0000] {processor.py:840} INFO - DAG(s) 'retail_dag' retrieved from /opt/airflow/dags/retail.py
[2024-04-08T08:05:34.572+0000] {logging_mixin.py:188} INFO - [2024-04-08T08:05:34.571+0000] {dag.py:3047} INFO - Sync 1 DAGs
[2024-04-08T08:05:34.596+0000] {logging_mixin.py:188} INFO - [2024-04-08T08:05:34.596+0000] {dag.py:3834} INFO - Setting next_dagrun for retail_dag to None, run_after=None
[2024-04-08T08:05:34.632+0000] {processor.py:183} INFO - Processing /opt/airflow/dags/retail.py took 0.129 seconds
[2024-04-08T08:52:12.818+0000] {processor.py:161} INFO - Started process (PID=381) to work on /opt/airflow/dags/retail.py
[2024-04-08T08:52:12.822+0000] {processor.py:830} INFO - Processing file /opt/airflow/dags/retail.py for tasks to queue
[2024-04-08T08:52:12.829+0000] {logging_mixin.py:188} INFO - [2024-04-08T08:52:12.828+0000] {dagbag.py:540} INFO - Filling up the DagBag from /opt/airflow/dags/retail.py
[2024-04-08T08:52:12.859+0000] {processor.py:840} INFO - DAG(s) 'retail_dag' retrieved from /opt/airflow/dags/retail.py
[2024-04-08T08:52:12.920+0000] {logging_mixin.py:188} INFO - [2024-04-08T08:52:12.918+0000] {dag.py:3047} INFO - Sync 1 DAGs
[2024-04-08T08:52:12.975+0000] {logging_mixin.py:188} INFO - [2024-04-08T08:52:12.974+0000] {dag.py:3834} INFO - Setting next_dagrun for retail_dag to None, run_after=None
[2024-04-08T08:52:13.020+0000] {processor.py:183} INFO - Processing /opt/airflow/dags/retail.py took 0.226 seconds
[2024-04-08T09:08:45.086+0000] {processor.py:161} INFO - Started process (PID=382) to work on /opt/airflow/dags/retail.py
[2024-04-08T09:08:45.093+0000] {processor.py:830} INFO - Processing file /opt/airflow/dags/retail.py for tasks to queue
[2024-04-08T09:08:45.103+0000] {logging_mixin.py:188} INFO - [2024-04-08T09:08:45.101+0000] {dagbag.py:540} INFO - Filling up the DagBag from /opt/airflow/dags/retail.py
[2024-04-08T09:08:45.220+0000] {processor.py:840} INFO - DAG(s) 'retail_dag' retrieved from /opt/airflow/dags/retail.py
[2024-04-08T09:08:45.372+0000] {logging_mixin.py:188} INFO - [2024-04-08T09:08:45.371+0000] {dag.py:3047} INFO - Sync 1 DAGs
[2024-04-08T09:08:45.532+0000] {logging_mixin.py:188} INFO - [2024-04-08T09:08:45.531+0000] {dag.py:3834} INFO - Setting next_dagrun for retail_dag to None, run_after=None
[2024-04-08T09:08:45.630+0000] {processor.py:183} INFO - Processing /opt/airflow/dags/retail.py took 0.570 seconds
[2024-04-08T09:09:15.980+0000] {processor.py:161} INFO - Started process (PID=389) to work on /opt/airflow/dags/retail.py
[2024-04-08T09:09:15.982+0000] {processor.py:830} INFO - Processing file /opt/airflow/dags/retail.py for tasks to queue
[2024-04-08T09:09:15.986+0000] {logging_mixin.py:188} INFO - [2024-04-08T09:09:15.985+0000] {dagbag.py:540} INFO - Filling up the DagBag from /opt/airflow/dags/retail.py
[2024-04-08T09:09:16.017+0000] {processor.py:840} INFO - DAG(s) 'retail_dag' retrieved from /opt/airflow/dags/retail.py
[2024-04-08T09:09:16.068+0000] {logging_mixin.py:188} INFO - [2024-04-08T09:09:16.067+0000] {dag.py:3047} INFO - Sync 1 DAGs
[2024-04-08T09:09:16.099+0000] {logging_mixin.py:188} INFO - [2024-04-08T09:09:16.098+0000] {dag.py:3834} INFO - Setting next_dagrun for retail_dag to None, run_after=None
[2024-04-08T09:09:16.132+0000] {processor.py:183} INFO - Processing /opt/airflow/dags/retail.py took 0.165 seconds
