[2024-03-23T14:09:08.819+0000] {processor.py:161} INFO - Started process (PID=57) to work on /home/airflow/.local/lib/python3.8/site-packages/airflow/example_dags/example_bash_operator.py
[2024-03-23T14:09:08.823+0000] {processor.py:830} INFO - Processing file /home/airflow/.local/lib/python3.8/site-packages/airflow/example_dags/example_bash_operator.py for tasks to queue
[2024-03-23T14:09:08.828+0000] {logging_mixin.py:188} INFO - [2024-03-23T14:09:08.827+0000] {dagbag.py:540} INFO - Filling up the DagBag from /home/airflow/.local/lib/python3.8/site-packages/airflow/example_dags/example_bash_operator.py
[2024-03-23T14:09:08.886+0000] {processor.py:840} INFO - DAG(s) 'example_bash_operator' retrieved from /home/airflow/.local/lib/python3.8/site-packages/airflow/example_dags/example_bash_operator.py
[2024-03-23T14:09:09.304+0000] {logging_mixin.py:188} INFO - [2024-03-23T14:09:09.303+0000] {dag.py:3047} INFO - Sync 1 DAGs
[2024-03-23T14:09:09.373+0000] {logging_mixin.py:188} INFO - [2024-03-23T14:09:09.373+0000] {dag.py:3834} INFO - Setting next_dagrun for example_bash_operator to 2024-03-22 00:00:00+00:00, run_after=2024-03-23 00:00:00+00:00
[2024-03-23T14:09:09.461+0000] {processor.py:183} INFO - Processing /home/airflow/.local/lib/python3.8/site-packages/airflow/example_dags/example_bash_operator.py took 0.653 seconds
[2024-03-23T14:09:39.781+0000] {processor.py:161} INFO - Started process (PID=118) to work on /home/airflow/.local/lib/python3.8/site-packages/airflow/example_dags/example_bash_operator.py
[2024-03-23T14:09:39.783+0000] {processor.py:830} INFO - Processing file /home/airflow/.local/lib/python3.8/site-packages/airflow/example_dags/example_bash_operator.py for tasks to queue
[2024-03-23T14:09:39.785+0000] {logging_mixin.py:188} INFO - [2024-03-23T14:09:39.785+0000] {dagbag.py:540} INFO - Filling up the DagBag from /home/airflow/.local/lib/python3.8/site-packages/airflow/example_dags/example_bash_operator.py
[2024-03-23T14:09:39.805+0000] {processor.py:840} INFO - DAG(s) 'example_bash_operator' retrieved from /home/airflow/.local/lib/python3.8/site-packages/airflow/example_dags/example_bash_operator.py
[2024-03-23T14:09:39.864+0000] {logging_mixin.py:188} INFO - [2024-03-23T14:09:39.864+0000] {dag.py:3047} INFO - Sync 1 DAGs
[2024-03-23T14:09:39.904+0000] {logging_mixin.py:188} INFO - [2024-03-23T14:09:39.904+0000] {dag.py:3834} INFO - Setting next_dagrun for example_bash_operator to 2024-03-22 00:00:00+00:00, run_after=2024-03-23 00:00:00+00:00
[2024-03-23T14:09:39.947+0000] {processor.py:183} INFO - Processing /home/airflow/.local/lib/python3.8/site-packages/airflow/example_dags/example_bash_operator.py took 0.171 seconds
[2024-03-23T14:10:10.294+0000] {processor.py:161} INFO - Started process (PID=173) to work on /home/airflow/.local/lib/python3.8/site-packages/airflow/example_dags/example_bash_operator.py
[2024-03-23T14:10:10.296+0000] {processor.py:830} INFO - Processing file /home/airflow/.local/lib/python3.8/site-packages/airflow/example_dags/example_bash_operator.py for tasks to queue
[2024-03-23T14:10:10.300+0000] {logging_mixin.py:188} INFO - [2024-03-23T14:10:10.299+0000] {dagbag.py:540} INFO - Filling up the DagBag from /home/airflow/.local/lib/python3.8/site-packages/airflow/example_dags/example_bash_operator.py
[2024-03-23T14:10:10.324+0000] {processor.py:840} INFO - DAG(s) 'example_bash_operator' retrieved from /home/airflow/.local/lib/python3.8/site-packages/airflow/example_dags/example_bash_operator.py
[2024-03-23T14:10:10.390+0000] {logging_mixin.py:188} INFO - [2024-03-23T14:10:10.389+0000] {dag.py:3047} INFO - Sync 1 DAGs
[2024-03-23T14:10:10.439+0000] {logging_mixin.py:188} INFO - [2024-03-23T14:10:10.439+0000] {dag.py:3834} INFO - Setting next_dagrun for example_bash_operator to 2024-03-22 00:00:00+00:00, run_after=2024-03-23 00:00:00+00:00
[2024-03-23T14:10:10.485+0000] {processor.py:183} INFO - Processing /home/airflow/.local/lib/python3.8/site-packages/airflow/example_dags/example_bash_operator.py took 0.196 seconds
[2024-03-23T14:10:40.657+0000] {processor.py:161} INFO - Started process (PID=228) to work on /home/airflow/.local/lib/python3.8/site-packages/airflow/example_dags/example_bash_operator.py
[2024-03-23T14:10:40.659+0000] {processor.py:830} INFO - Processing file /home/airflow/.local/lib/python3.8/site-packages/airflow/example_dags/example_bash_operator.py for tasks to queue
[2024-03-23T14:10:40.662+0000] {logging_mixin.py:188} INFO - [2024-03-23T14:10:40.662+0000] {dagbag.py:540} INFO - Filling up the DagBag from /home/airflow/.local/lib/python3.8/site-packages/airflow/example_dags/example_bash_operator.py
[2024-03-23T14:10:40.682+0000] {processor.py:840} INFO - DAG(s) 'example_bash_operator' retrieved from /home/airflow/.local/lib/python3.8/site-packages/airflow/example_dags/example_bash_operator.py
[2024-03-23T14:10:40.745+0000] {logging_mixin.py:188} INFO - [2024-03-23T14:10:40.744+0000] {dag.py:3047} INFO - Sync 1 DAGs
[2024-03-23T14:10:40.789+0000] {logging_mixin.py:188} INFO - [2024-03-23T14:10:40.789+0000] {dag.py:3834} INFO - Setting next_dagrun for example_bash_operator to 2024-03-22 00:00:00+00:00, run_after=2024-03-23 00:00:00+00:00
[2024-03-23T14:10:40.827+0000] {processor.py:183} INFO - Processing /home/airflow/.local/lib/python3.8/site-packages/airflow/example_dags/example_bash_operator.py took 0.174 seconds
[2024-03-23T14:11:11.131+0000] {processor.py:161} INFO - Started process (PID=283) to work on /home/airflow/.local/lib/python3.8/site-packages/airflow/example_dags/example_bash_operator.py
[2024-03-23T14:11:11.132+0000] {processor.py:830} INFO - Processing file /home/airflow/.local/lib/python3.8/site-packages/airflow/example_dags/example_bash_operator.py for tasks to queue
[2024-03-23T14:11:11.135+0000] {logging_mixin.py:188} INFO - [2024-03-23T14:11:11.135+0000] {dagbag.py:540} INFO - Filling up the DagBag from /home/airflow/.local/lib/python3.8/site-packages/airflow/example_dags/example_bash_operator.py
[2024-03-23T14:11:11.154+0000] {processor.py:840} INFO - DAG(s) 'example_bash_operator' retrieved from /home/airflow/.local/lib/python3.8/site-packages/airflow/example_dags/example_bash_operator.py
[2024-03-23T14:11:11.211+0000] {logging_mixin.py:188} INFO - [2024-03-23T14:11:11.211+0000] {dag.py:3047} INFO - Sync 1 DAGs
[2024-03-23T14:11:11.257+0000] {logging_mixin.py:188} INFO - [2024-03-23T14:11:11.256+0000] {dag.py:3834} INFO - Setting next_dagrun for example_bash_operator to 2024-03-22 00:00:00+00:00, run_after=2024-03-23 00:00:00+00:00
[2024-03-23T14:11:11.296+0000] {processor.py:183} INFO - Processing /home/airflow/.local/lib/python3.8/site-packages/airflow/example_dags/example_bash_operator.py took 0.170 seconds
[2024-03-23T14:11:41.908+0000] {processor.py:161} INFO - Started process (PID=338) to work on /home/airflow/.local/lib/python3.8/site-packages/airflow/example_dags/example_bash_operator.py
[2024-03-23T14:11:41.909+0000] {processor.py:830} INFO - Processing file /home/airflow/.local/lib/python3.8/site-packages/airflow/example_dags/example_bash_operator.py for tasks to queue
[2024-03-23T14:11:41.913+0000] {logging_mixin.py:188} INFO - [2024-03-23T14:11:41.913+0000] {dagbag.py:540} INFO - Filling up the DagBag from /home/airflow/.local/lib/python3.8/site-packages/airflow/example_dags/example_bash_operator.py
[2024-03-23T14:11:41.938+0000] {processor.py:840} INFO - DAG(s) 'example_bash_operator' retrieved from /home/airflow/.local/lib/python3.8/site-packages/airflow/example_dags/example_bash_operator.py
[2024-03-23T14:11:42.009+0000] {logging_mixin.py:188} INFO - [2024-03-23T14:11:42.008+0000] {dag.py:3047} INFO - Sync 1 DAGs
[2024-03-23T14:11:42.056+0000] {logging_mixin.py:188} INFO - [2024-03-23T14:11:42.056+0000] {dag.py:3834} INFO - Setting next_dagrun for example_bash_operator to 2024-03-22 00:00:00+00:00, run_after=2024-03-23 00:00:00+00:00
[2024-03-23T14:11:42.096+0000] {processor.py:183} INFO - Processing /home/airflow/.local/lib/python3.8/site-packages/airflow/example_dags/example_bash_operator.py took 0.194 seconds
[2024-03-23T14:12:12.453+0000] {processor.py:161} INFO - Started process (PID=393) to work on /home/airflow/.local/lib/python3.8/site-packages/airflow/example_dags/example_bash_operator.py
[2024-03-23T14:12:12.455+0000] {processor.py:830} INFO - Processing file /home/airflow/.local/lib/python3.8/site-packages/airflow/example_dags/example_bash_operator.py for tasks to queue
[2024-03-23T14:12:12.457+0000] {logging_mixin.py:188} INFO - [2024-03-23T14:12:12.457+0000] {dagbag.py:540} INFO - Filling up the DagBag from /home/airflow/.local/lib/python3.8/site-packages/airflow/example_dags/example_bash_operator.py
[2024-03-23T14:12:12.477+0000] {processor.py:840} INFO - DAG(s) 'example_bash_operator' retrieved from /home/airflow/.local/lib/python3.8/site-packages/airflow/example_dags/example_bash_operator.py
[2024-03-23T14:12:12.540+0000] {logging_mixin.py:188} INFO - [2024-03-23T14:12:12.539+0000] {dag.py:3047} INFO - Sync 1 DAGs
[2024-03-23T14:12:12.582+0000] {logging_mixin.py:188} INFO - [2024-03-23T14:12:12.581+0000] {dag.py:3834} INFO - Setting next_dagrun for example_bash_operator to 2024-03-22 00:00:00+00:00, run_after=2024-03-23 00:00:00+00:00
[2024-03-23T14:12:12.616+0000] {processor.py:183} INFO - Processing /home/airflow/.local/lib/python3.8/site-packages/airflow/example_dags/example_bash_operator.py took 0.167 seconds
