[2024-03-23T14:09:10.250+0000] {processor.py:161} INFO - Started process (PID=68) to work on /home/airflow/.local/lib/python3.8/site-packages/airflow/example_dags/example_branch_labels.py
[2024-03-23T14:09:10.251+0000] {processor.py:830} INFO - Processing file /home/airflow/.local/lib/python3.8/site-packages/airflow/example_dags/example_branch_labels.py for tasks to queue
[2024-03-23T14:09:10.253+0000] {logging_mixin.py:188} INFO - [2024-03-23T14:09:10.253+0000] {dagbag.py:540} INFO - Filling up the DagBag from /home/airflow/.local/lib/python3.8/site-packages/airflow/example_dags/example_branch_labels.py
[2024-03-23T14:09:10.317+0000] {processor.py:840} INFO - DAG(s) 'example_branch_labels' retrieved from /home/airflow/.local/lib/python3.8/site-packages/airflow/example_dags/example_branch_labels.py
[2024-03-23T14:09:10.783+0000] {logging_mixin.py:188} INFO - [2024-03-23T14:09:10.782+0000] {dag.py:3047} INFO - Sync 1 DAGs
[2024-03-23T14:09:10.864+0000] {logging_mixin.py:188} INFO - [2024-03-23T14:09:10.863+0000] {dag.py:3834} INFO - Setting next_dagrun for example_branch_labels to 2024-03-22 00:00:00+00:00, run_after=2024-03-23 00:00:00+00:00
[2024-03-23T14:09:10.911+0000] {processor.py:183} INFO - Processing /home/airflow/.local/lib/python3.8/site-packages/airflow/example_dags/example_branch_labels.py took 0.666 seconds
[2024-03-23T14:09:41.287+0000] {processor.py:161} INFO - Started process (PID=123) to work on /home/airflow/.local/lib/python3.8/site-packages/airflow/example_dags/example_branch_labels.py
[2024-03-23T14:09:41.289+0000] {processor.py:830} INFO - Processing file /home/airflow/.local/lib/python3.8/site-packages/airflow/example_dags/example_branch_labels.py for tasks to queue
[2024-03-23T14:09:41.291+0000] {logging_mixin.py:188} INFO - [2024-03-23T14:09:41.291+0000] {dagbag.py:540} INFO - Filling up the DagBag from /home/airflow/.local/lib/python3.8/site-packages/airflow/example_dags/example_branch_labels.py
[2024-03-23T14:09:41.305+0000] {processor.py:840} INFO - DAG(s) 'example_branch_labels' retrieved from /home/airflow/.local/lib/python3.8/site-packages/airflow/example_dags/example_branch_labels.py
[2024-03-23T14:09:41.347+0000] {logging_mixin.py:188} INFO - [2024-03-23T14:09:41.347+0000] {dag.py:3047} INFO - Sync 1 DAGs
[2024-03-23T14:09:41.391+0000] {logging_mixin.py:188} INFO - [2024-03-23T14:09:41.391+0000] {dag.py:3834} INFO - Setting next_dagrun for example_branch_labels to 2024-03-22 00:00:00+00:00, run_after=2024-03-23 00:00:00+00:00
[2024-03-23T14:09:41.431+0000] {processor.py:183} INFO - Processing /home/airflow/.local/lib/python3.8/site-packages/airflow/example_dags/example_branch_labels.py took 0.148 seconds
[2024-03-23T14:10:11.775+0000] {processor.py:161} INFO - Started process (PID=178) to work on /home/airflow/.local/lib/python3.8/site-packages/airflow/example_dags/example_branch_labels.py
[2024-03-23T14:10:11.777+0000] {processor.py:830} INFO - Processing file /home/airflow/.local/lib/python3.8/site-packages/airflow/example_dags/example_branch_labels.py for tasks to queue
[2024-03-23T14:10:11.779+0000] {logging_mixin.py:188} INFO - [2024-03-23T14:10:11.779+0000] {dagbag.py:540} INFO - Filling up the DagBag from /home/airflow/.local/lib/python3.8/site-packages/airflow/example_dags/example_branch_labels.py
[2024-03-23T14:10:11.795+0000] {processor.py:840} INFO - DAG(s) 'example_branch_labels' retrieved from /home/airflow/.local/lib/python3.8/site-packages/airflow/example_dags/example_branch_labels.py
[2024-03-23T14:10:11.840+0000] {logging_mixin.py:188} INFO - [2024-03-23T14:10:11.839+0000] {dag.py:3047} INFO - Sync 1 DAGs
[2024-03-23T14:10:11.896+0000] {logging_mixin.py:188} INFO - [2024-03-23T14:10:11.896+0000] {dag.py:3834} INFO - Setting next_dagrun for example_branch_labels to 2024-03-22 00:00:00+00:00, run_after=2024-03-23 00:00:00+00:00
[2024-03-23T14:10:11.939+0000] {processor.py:183} INFO - Processing /home/airflow/.local/lib/python3.8/site-packages/airflow/example_dags/example_branch_labels.py took 0.171 seconds
[2024-03-23T14:10:42.063+0000] {processor.py:161} INFO - Started process (PID=233) to work on /home/airflow/.local/lib/python3.8/site-packages/airflow/example_dags/example_branch_labels.py
[2024-03-23T14:10:42.064+0000] {processor.py:830} INFO - Processing file /home/airflow/.local/lib/python3.8/site-packages/airflow/example_dags/example_branch_labels.py for tasks to queue
[2024-03-23T14:10:42.067+0000] {logging_mixin.py:188} INFO - [2024-03-23T14:10:42.066+0000] {dagbag.py:540} INFO - Filling up the DagBag from /home/airflow/.local/lib/python3.8/site-packages/airflow/example_dags/example_branch_labels.py
[2024-03-23T14:10:42.083+0000] {processor.py:840} INFO - DAG(s) 'example_branch_labels' retrieved from /home/airflow/.local/lib/python3.8/site-packages/airflow/example_dags/example_branch_labels.py
[2024-03-23T14:10:42.119+0000] {logging_mixin.py:188} INFO - [2024-03-23T14:10:42.118+0000] {dag.py:3047} INFO - Sync 1 DAGs
[2024-03-23T14:10:42.166+0000] {logging_mixin.py:188} INFO - [2024-03-23T14:10:42.166+0000] {dag.py:3834} INFO - Setting next_dagrun for example_branch_labels to 2024-03-22 00:00:00+00:00, run_after=2024-03-23 00:00:00+00:00
[2024-03-23T14:10:42.200+0000] {processor.py:183} INFO - Processing /home/airflow/.local/lib/python3.8/site-packages/airflow/example_dags/example_branch_labels.py took 0.142 seconds
[2024-03-23T14:11:12.468+0000] {processor.py:161} INFO - Started process (PID=288) to work on /home/airflow/.local/lib/python3.8/site-packages/airflow/example_dags/example_branch_labels.py
[2024-03-23T14:11:12.470+0000] {processor.py:830} INFO - Processing file /home/airflow/.local/lib/python3.8/site-packages/airflow/example_dags/example_branch_labels.py for tasks to queue
[2024-03-23T14:11:12.474+0000] {logging_mixin.py:188} INFO - [2024-03-23T14:11:12.472+0000] {dagbag.py:540} INFO - Filling up the DagBag from /home/airflow/.local/lib/python3.8/site-packages/airflow/example_dags/example_branch_labels.py
[2024-03-23T14:11:12.504+0000] {processor.py:840} INFO - DAG(s) 'example_branch_labels' retrieved from /home/airflow/.local/lib/python3.8/site-packages/airflow/example_dags/example_branch_labels.py
[2024-03-23T14:11:12.570+0000] {logging_mixin.py:188} INFO - [2024-03-23T14:11:12.569+0000] {dag.py:3047} INFO - Sync 1 DAGs
[2024-03-23T14:11:12.650+0000] {logging_mixin.py:188} INFO - [2024-03-23T14:11:12.650+0000] {dag.py:3834} INFO - Setting next_dagrun for example_branch_labels to 2024-03-22 00:00:00+00:00, run_after=2024-03-23 00:00:00+00:00
[2024-03-23T14:11:12.689+0000] {processor.py:183} INFO - Processing /home/airflow/.local/lib/python3.8/site-packages/airflow/example_dags/example_branch_labels.py took 0.227 seconds
[2024-03-23T14:11:43.281+0000] {processor.py:161} INFO - Started process (PID=343) to work on /home/airflow/.local/lib/python3.8/site-packages/airflow/example_dags/example_branch_labels.py
[2024-03-23T14:11:43.283+0000] {processor.py:830} INFO - Processing file /home/airflow/.local/lib/python3.8/site-packages/airflow/example_dags/example_branch_labels.py for tasks to queue
[2024-03-23T14:11:43.285+0000] {logging_mixin.py:188} INFO - [2024-03-23T14:11:43.285+0000] {dagbag.py:540} INFO - Filling up the DagBag from /home/airflow/.local/lib/python3.8/site-packages/airflow/example_dags/example_branch_labels.py
[2024-03-23T14:11:43.302+0000] {processor.py:840} INFO - DAG(s) 'example_branch_labels' retrieved from /home/airflow/.local/lib/python3.8/site-packages/airflow/example_dags/example_branch_labels.py
[2024-03-23T14:11:43.349+0000] {logging_mixin.py:188} INFO - [2024-03-23T14:11:43.348+0000] {dag.py:3047} INFO - Sync 1 DAGs
[2024-03-23T14:11:43.422+0000] {logging_mixin.py:188} INFO - [2024-03-23T14:11:43.421+0000] {dag.py:3834} INFO - Setting next_dagrun for example_branch_labels to 2024-03-22 00:00:00+00:00, run_after=2024-03-23 00:00:00+00:00
[2024-03-23T14:11:43.477+0000] {processor.py:183} INFO - Processing /home/airflow/.local/lib/python3.8/site-packages/airflow/example_dags/example_branch_labels.py took 0.202 seconds
[2024-03-23T14:12:13.793+0000] {processor.py:161} INFO - Started process (PID=398) to work on /home/airflow/.local/lib/python3.8/site-packages/airflow/example_dags/example_branch_labels.py
[2024-03-23T14:12:13.795+0000] {processor.py:830} INFO - Processing file /home/airflow/.local/lib/python3.8/site-packages/airflow/example_dags/example_branch_labels.py for tasks to queue
[2024-03-23T14:12:13.798+0000] {logging_mixin.py:188} INFO - [2024-03-23T14:12:13.798+0000] {dagbag.py:540} INFO - Filling up the DagBag from /home/airflow/.local/lib/python3.8/site-packages/airflow/example_dags/example_branch_labels.py
[2024-03-23T14:12:13.818+0000] {processor.py:840} INFO - DAG(s) 'example_branch_labels' retrieved from /home/airflow/.local/lib/python3.8/site-packages/airflow/example_dags/example_branch_labels.py
[2024-03-23T14:12:13.887+0000] {logging_mixin.py:188} INFO - [2024-03-23T14:12:13.886+0000] {dag.py:3047} INFO - Sync 1 DAGs
[2024-03-23T14:12:13.955+0000] {logging_mixin.py:188} INFO - [2024-03-23T14:12:13.954+0000] {dag.py:3834} INFO - Setting next_dagrun for example_branch_labels to 2024-03-22 00:00:00+00:00, run_after=2024-03-23 00:00:00+00:00
[2024-03-23T14:12:13.996+0000] {processor.py:183} INFO - Processing /home/airflow/.local/lib/python3.8/site-packages/airflow/example_dags/example_branch_labels.py took 0.210 seconds
