[2024-03-23T14:09:14.596+0000] {processor.py:161} INFO - Started process (PID=82) to work on /home/airflow/.local/lib/python3.8/site-packages/airflow/example_dags/example_sla_dag.py
[2024-03-23T14:09:14.597+0000] {processor.py:830} INFO - Processing file /home/airflow/.local/lib/python3.8/site-packages/airflow/example_dags/example_sla_dag.py for tasks to queue
[2024-03-23T14:09:14.599+0000] {logging_mixin.py:188} INFO - [2024-03-23T14:09:14.599+0000] {dagbag.py:540} INFO - Filling up the DagBag from /home/airflow/.local/lib/python3.8/site-packages/airflow/example_dags/example_sla_dag.py
[2024-03-23T14:09:14.617+0000] {processor.py:840} INFO - DAG(s) 'example_sla_dag' retrieved from /home/airflow/.local/lib/python3.8/site-packages/airflow/example_dags/example_sla_dag.py
[2024-03-23T14:09:14.856+0000] {logging_mixin.py:188} INFO - [2024-03-23T14:09:14.856+0000] {dag.py:3047} INFO - Sync 1 DAGs
[2024-03-23T14:09:14.910+0000] {logging_mixin.py:188} INFO - [2024-03-23T14:09:14.909+0000] {dag.py:3834} INFO - Setting next_dagrun for example_sla_dag to 2024-03-23 14:06:00+00:00, run_after=2024-03-23 14:08:00+00:00
[2024-03-23T14:09:14.956+0000] {processor.py:183} INFO - Processing /home/airflow/.local/lib/python3.8/site-packages/airflow/example_dags/example_sla_dag.py took 0.365 seconds
[2024-03-23T14:09:45.341+0000] {processor.py:161} INFO - Started process (PID=137) to work on /home/airflow/.local/lib/python3.8/site-packages/airflow/example_dags/example_sla_dag.py
[2024-03-23T14:09:45.343+0000] {processor.py:830} INFO - Processing file /home/airflow/.local/lib/python3.8/site-packages/airflow/example_dags/example_sla_dag.py for tasks to queue
[2024-03-23T14:09:45.346+0000] {logging_mixin.py:188} INFO - [2024-03-23T14:09:45.345+0000] {dagbag.py:540} INFO - Filling up the DagBag from /home/airflow/.local/lib/python3.8/site-packages/airflow/example_dags/example_sla_dag.py
[2024-03-23T14:09:45.364+0000] {processor.py:840} INFO - DAG(s) 'example_sla_dag' retrieved from /home/airflow/.local/lib/python3.8/site-packages/airflow/example_dags/example_sla_dag.py
[2024-03-23T14:09:45.402+0000] {logging_mixin.py:188} INFO - [2024-03-23T14:09:45.401+0000] {dag.py:3047} INFO - Sync 1 DAGs
[2024-03-23T14:09:45.453+0000] {logging_mixin.py:188} INFO - [2024-03-23T14:09:45.453+0000] {dag.py:3834} INFO - Setting next_dagrun for example_sla_dag to 2024-03-23 14:06:00+00:00, run_after=2024-03-23 14:08:00+00:00
[2024-03-23T14:09:45.491+0000] {processor.py:183} INFO - Processing /home/airflow/.local/lib/python3.8/site-packages/airflow/example_dags/example_sla_dag.py took 0.156 seconds
[2024-03-23T14:10:15.628+0000] {processor.py:161} INFO - Started process (PID=192) to work on /home/airflow/.local/lib/python3.8/site-packages/airflow/example_dags/example_sla_dag.py
[2024-03-23T14:10:15.631+0000] {processor.py:830} INFO - Processing file /home/airflow/.local/lib/python3.8/site-packages/airflow/example_dags/example_sla_dag.py for tasks to queue
[2024-03-23T14:10:15.635+0000] {logging_mixin.py:188} INFO - [2024-03-23T14:10:15.634+0000] {dagbag.py:540} INFO - Filling up the DagBag from /home/airflow/.local/lib/python3.8/site-packages/airflow/example_dags/example_sla_dag.py
[2024-03-23T14:10:15.655+0000] {processor.py:840} INFO - DAG(s) 'example_sla_dag' retrieved from /home/airflow/.local/lib/python3.8/site-packages/airflow/example_dags/example_sla_dag.py
[2024-03-23T14:10:15.695+0000] {logging_mixin.py:188} INFO - [2024-03-23T14:10:15.695+0000] {dag.py:3047} INFO - Sync 1 DAGs
[2024-03-23T14:10:15.754+0000] {logging_mixin.py:188} INFO - [2024-03-23T14:10:15.754+0000] {dag.py:3834} INFO - Setting next_dagrun for example_sla_dag to 2024-03-23 14:08:00+00:00, run_after=2024-03-23 14:10:00+00:00
[2024-03-23T14:10:15.794+0000] {processor.py:183} INFO - Processing /home/airflow/.local/lib/python3.8/site-packages/airflow/example_dags/example_sla_dag.py took 0.171 seconds
[2024-03-23T14:10:45.890+0000] {processor.py:161} INFO - Started process (PID=246) to work on /home/airflow/.local/lib/python3.8/site-packages/airflow/example_dags/example_sla_dag.py
[2024-03-23T14:10:45.892+0000] {processor.py:830} INFO - Processing file /home/airflow/.local/lib/python3.8/site-packages/airflow/example_dags/example_sla_dag.py for tasks to queue
[2024-03-23T14:10:45.895+0000] {logging_mixin.py:188} INFO - [2024-03-23T14:10:45.894+0000] {dagbag.py:540} INFO - Filling up the DagBag from /home/airflow/.local/lib/python3.8/site-packages/airflow/example_dags/example_sla_dag.py
[2024-03-23T14:10:45.909+0000] {processor.py:840} INFO - DAG(s) 'example_sla_dag' retrieved from /home/airflow/.local/lib/python3.8/site-packages/airflow/example_dags/example_sla_dag.py
[2024-03-23T14:10:45.948+0000] {logging_mixin.py:188} INFO - [2024-03-23T14:10:45.948+0000] {dag.py:3047} INFO - Sync 1 DAGs
[2024-03-23T14:10:45.997+0000] {logging_mixin.py:188} INFO - [2024-03-23T14:10:45.997+0000] {dag.py:3834} INFO - Setting next_dagrun for example_sla_dag to 2024-03-23 14:08:00+00:00, run_after=2024-03-23 14:10:00+00:00
[2024-03-23T14:10:46.043+0000] {processor.py:183} INFO - Processing /home/airflow/.local/lib/python3.8/site-packages/airflow/example_dags/example_sla_dag.py took 0.158 seconds
[2024-03-23T14:11:16.162+0000] {processor.py:161} INFO - Started process (PID=301) to work on /home/airflow/.local/lib/python3.8/site-packages/airflow/example_dags/example_sla_dag.py
[2024-03-23T14:11:16.164+0000] {processor.py:830} INFO - Processing file /home/airflow/.local/lib/python3.8/site-packages/airflow/example_dags/example_sla_dag.py for tasks to queue
[2024-03-23T14:11:16.166+0000] {logging_mixin.py:188} INFO - [2024-03-23T14:11:16.166+0000] {dagbag.py:540} INFO - Filling up the DagBag from /home/airflow/.local/lib/python3.8/site-packages/airflow/example_dags/example_sla_dag.py
[2024-03-23T14:11:16.181+0000] {processor.py:840} INFO - DAG(s) 'example_sla_dag' retrieved from /home/airflow/.local/lib/python3.8/site-packages/airflow/example_dags/example_sla_dag.py
[2024-03-23T14:11:16.214+0000] {logging_mixin.py:188} INFO - [2024-03-23T14:11:16.214+0000] {dag.py:3047} INFO - Sync 1 DAGs
[2024-03-23T14:11:16.259+0000] {logging_mixin.py:188} INFO - [2024-03-23T14:11:16.259+0000] {dag.py:3834} INFO - Setting next_dagrun for example_sla_dag to 2024-03-23 14:08:00+00:00, run_after=2024-03-23 14:10:00+00:00
[2024-03-23T14:11:16.304+0000] {processor.py:183} INFO - Processing /home/airflow/.local/lib/python3.8/site-packages/airflow/example_dags/example_sla_dag.py took 0.148 seconds
[2024-03-23T14:11:46.971+0000] {processor.py:161} INFO - Started process (PID=356) to work on /home/airflow/.local/lib/python3.8/site-packages/airflow/example_dags/example_sla_dag.py
[2024-03-23T14:11:46.972+0000] {processor.py:830} INFO - Processing file /home/airflow/.local/lib/python3.8/site-packages/airflow/example_dags/example_sla_dag.py for tasks to queue
[2024-03-23T14:11:46.975+0000] {logging_mixin.py:188} INFO - [2024-03-23T14:11:46.974+0000] {dagbag.py:540} INFO - Filling up the DagBag from /home/airflow/.local/lib/python3.8/site-packages/airflow/example_dags/example_sla_dag.py
[2024-03-23T14:11:46.989+0000] {processor.py:840} INFO - DAG(s) 'example_sla_dag' retrieved from /home/airflow/.local/lib/python3.8/site-packages/airflow/example_dags/example_sla_dag.py
[2024-03-23T14:11:47.047+0000] {logging_mixin.py:188} INFO - [2024-03-23T14:11:47.046+0000] {dag.py:3047} INFO - Sync 1 DAGs
[2024-03-23T14:11:47.108+0000] {logging_mixin.py:188} INFO - [2024-03-23T14:11:47.108+0000] {dag.py:3834} INFO - Setting next_dagrun for example_sla_dag to 2024-03-23 14:08:00+00:00, run_after=2024-03-23 14:10:00+00:00
[2024-03-23T14:11:47.146+0000] {processor.py:183} INFO - Processing /home/airflow/.local/lib/python3.8/site-packages/airflow/example_dags/example_sla_dag.py took 0.180 seconds
[2024-03-23T14:12:17.249+0000] {processor.py:161} INFO - Started process (PID=411) to work on /home/airflow/.local/lib/python3.8/site-packages/airflow/example_dags/example_sla_dag.py
[2024-03-23T14:12:17.251+0000] {processor.py:830} INFO - Processing file /home/airflow/.local/lib/python3.8/site-packages/airflow/example_dags/example_sla_dag.py for tasks to queue
[2024-03-23T14:12:17.255+0000] {logging_mixin.py:188} INFO - [2024-03-23T14:12:17.254+0000] {dagbag.py:540} INFO - Filling up the DagBag from /home/airflow/.local/lib/python3.8/site-packages/airflow/example_dags/example_sla_dag.py
[2024-03-23T14:12:17.269+0000] {processor.py:840} INFO - DAG(s) 'example_sla_dag' retrieved from /home/airflow/.local/lib/python3.8/site-packages/airflow/example_dags/example_sla_dag.py
[2024-03-23T14:12:17.305+0000] {logging_mixin.py:188} INFO - [2024-03-23T14:12:17.305+0000] {dag.py:3047} INFO - Sync 1 DAGs
[2024-03-23T14:12:17.356+0000] {logging_mixin.py:188} INFO - [2024-03-23T14:12:17.356+0000] {dag.py:3834} INFO - Setting next_dagrun for example_sla_dag to 2024-03-23 14:10:00+00:00, run_after=2024-03-23 14:12:00+00:00
[2024-03-23T14:12:17.397+0000] {processor.py:183} INFO - Processing /home/airflow/.local/lib/python3.8/site-packages/airflow/example_dags/example_sla_dag.py took 0.153 seconds
