[2024-03-23T14:09:06.946+0000] {processor.py:161} INFO - Started process (PID=49) to work on /home/airflow/.local/lib/python3.8/site-packages/airflow/example_dags/example_short_circuit_decorator.py
[2024-03-23T14:09:06.948+0000] {processor.py:830} INFO - Processing file /home/airflow/.local/lib/python3.8/site-packages/airflow/example_dags/example_short_circuit_decorator.py for tasks to queue
[2024-03-23T14:09:06.952+0000] {logging_mixin.py:188} INFO - [2024-03-23T14:09:06.951+0000] {dagbag.py:540} INFO - Filling up the DagBag from /home/airflow/.local/lib/python3.8/site-packages/airflow/example_dags/example_short_circuit_decorator.py
[2024-03-23T14:09:06.979+0000] {processor.py:840} INFO - DAG(s) 'example_short_circuit_decorator' retrieved from /home/airflow/.local/lib/python3.8/site-packages/airflow/example_dags/example_short_circuit_decorator.py
[2024-03-23T14:09:07.264+0000] {logging_mixin.py:188} INFO - [2024-03-23T14:09:07.264+0000] {dag.py:3047} INFO - Sync 1 DAGs
[2024-03-23T14:09:07.310+0000] {logging_mixin.py:188} INFO - [2024-03-23T14:09:07.310+0000] {dag.py:3834} INFO - Setting next_dagrun for example_short_circuit_decorator to 2024-03-22 00:00:00+00:00, run_after=2024-03-23 00:00:00+00:00
[2024-03-23T14:09:07.354+0000] {processor.py:183} INFO - Processing /home/airflow/.local/lib/python3.8/site-packages/airflow/example_dags/example_short_circuit_decorator.py took 0.417 seconds
[2024-03-23T14:09:37.946+0000] {processor.py:161} INFO - Started process (PID=104) to work on /home/airflow/.local/lib/python3.8/site-packages/airflow/example_dags/example_short_circuit_decorator.py
[2024-03-23T14:09:37.948+0000] {processor.py:830} INFO - Processing file /home/airflow/.local/lib/python3.8/site-packages/airflow/example_dags/example_short_circuit_decorator.py for tasks to queue
[2024-03-23T14:09:37.950+0000] {logging_mixin.py:188} INFO - [2024-03-23T14:09:37.950+0000] {dagbag.py:540} INFO - Filling up the DagBag from /home/airflow/.local/lib/python3.8/site-packages/airflow/example_dags/example_short_circuit_decorator.py
[2024-03-23T14:09:37.964+0000] {processor.py:840} INFO - DAG(s) 'example_short_circuit_decorator' retrieved from /home/airflow/.local/lib/python3.8/site-packages/airflow/example_dags/example_short_circuit_decorator.py
[2024-03-23T14:09:38.011+0000] {logging_mixin.py:188} INFO - [2024-03-23T14:09:38.010+0000] {dag.py:3047} INFO - Sync 1 DAGs
[2024-03-23T14:09:38.056+0000] {logging_mixin.py:188} INFO - [2024-03-23T14:09:38.056+0000] {dag.py:3834} INFO - Setting next_dagrun for example_short_circuit_decorator to 2024-03-22 00:00:00+00:00, run_after=2024-03-23 00:00:00+00:00
[2024-03-23T14:09:38.095+0000] {processor.py:183} INFO - Processing /home/airflow/.local/lib/python3.8/site-packages/airflow/example_dags/example_short_circuit_decorator.py took 0.154 seconds
[2024-03-23T14:10:08.381+0000] {processor.py:161} INFO - Started process (PID=159) to work on /home/airflow/.local/lib/python3.8/site-packages/airflow/example_dags/example_short_circuit_decorator.py
[2024-03-23T14:10:08.383+0000] {processor.py:830} INFO - Processing file /home/airflow/.local/lib/python3.8/site-packages/airflow/example_dags/example_short_circuit_decorator.py for tasks to queue
[2024-03-23T14:10:08.388+0000] {logging_mixin.py:188} INFO - [2024-03-23T14:10:08.387+0000] {dagbag.py:540} INFO - Filling up the DagBag from /home/airflow/.local/lib/python3.8/site-packages/airflow/example_dags/example_short_circuit_decorator.py
[2024-03-23T14:10:08.410+0000] {processor.py:840} INFO - DAG(s) 'example_short_circuit_decorator' retrieved from /home/airflow/.local/lib/python3.8/site-packages/airflow/example_dags/example_short_circuit_decorator.py
[2024-03-23T14:10:08.471+0000] {logging_mixin.py:188} INFO - [2024-03-23T14:10:08.471+0000] {dag.py:3047} INFO - Sync 1 DAGs
[2024-03-23T14:10:08.517+0000] {logging_mixin.py:188} INFO - [2024-03-23T14:10:08.517+0000] {dag.py:3834} INFO - Setting next_dagrun for example_short_circuit_decorator to 2024-03-22 00:00:00+00:00, run_after=2024-03-23 00:00:00+00:00
[2024-03-23T14:10:08.560+0000] {processor.py:183} INFO - Processing /home/airflow/.local/lib/python3.8/site-packages/airflow/example_dags/example_short_circuit_decorator.py took 0.187 seconds
[2024-03-23T14:10:38.791+0000] {processor.py:161} INFO - Started process (PID=214) to work on /home/airflow/.local/lib/python3.8/site-packages/airflow/example_dags/example_short_circuit_decorator.py
[2024-03-23T14:10:38.793+0000] {processor.py:830} INFO - Processing file /home/airflow/.local/lib/python3.8/site-packages/airflow/example_dags/example_short_circuit_decorator.py for tasks to queue
[2024-03-23T14:10:38.796+0000] {logging_mixin.py:188} INFO - [2024-03-23T14:10:38.795+0000] {dagbag.py:540} INFO - Filling up the DagBag from /home/airflow/.local/lib/python3.8/site-packages/airflow/example_dags/example_short_circuit_decorator.py
[2024-03-23T14:10:38.812+0000] {processor.py:840} INFO - DAG(s) 'example_short_circuit_decorator' retrieved from /home/airflow/.local/lib/python3.8/site-packages/airflow/example_dags/example_short_circuit_decorator.py
[2024-03-23T14:10:38.866+0000] {logging_mixin.py:188} INFO - [2024-03-23T14:10:38.865+0000] {dag.py:3047} INFO - Sync 1 DAGs
[2024-03-23T14:10:38.923+0000] {logging_mixin.py:188} INFO - [2024-03-23T14:10:38.923+0000] {dag.py:3834} INFO - Setting next_dagrun for example_short_circuit_decorator to 2024-03-22 00:00:00+00:00, run_after=2024-03-23 00:00:00+00:00
[2024-03-23T14:10:38.968+0000] {processor.py:183} INFO - Processing /home/airflow/.local/lib/python3.8/site-packages/airflow/example_dags/example_short_circuit_decorator.py took 0.183 seconds
[2024-03-23T14:11:09.233+0000] {processor.py:161} INFO - Started process (PID=269) to work on /home/airflow/.local/lib/python3.8/site-packages/airflow/example_dags/example_short_circuit_decorator.py
[2024-03-23T14:11:09.235+0000] {processor.py:830} INFO - Processing file /home/airflow/.local/lib/python3.8/site-packages/airflow/example_dags/example_short_circuit_decorator.py for tasks to queue
[2024-03-23T14:11:09.240+0000] {logging_mixin.py:188} INFO - [2024-03-23T14:11:09.239+0000] {dagbag.py:540} INFO - Filling up the DagBag from /home/airflow/.local/lib/python3.8/site-packages/airflow/example_dags/example_short_circuit_decorator.py
[2024-03-23T14:11:09.261+0000] {processor.py:840} INFO - DAG(s) 'example_short_circuit_decorator' retrieved from /home/airflow/.local/lib/python3.8/site-packages/airflow/example_dags/example_short_circuit_decorator.py
[2024-03-23T14:11:09.308+0000] {logging_mixin.py:188} INFO - [2024-03-23T14:11:09.308+0000] {dag.py:3047} INFO - Sync 1 DAGs
[2024-03-23T14:11:09.361+0000] {logging_mixin.py:188} INFO - [2024-03-23T14:11:09.360+0000] {dag.py:3834} INFO - Setting next_dagrun for example_short_circuit_decorator to 2024-03-22 00:00:00+00:00, run_after=2024-03-23 00:00:00+00:00
[2024-03-23T14:11:09.419+0000] {processor.py:183} INFO - Processing /home/airflow/.local/lib/python3.8/site-packages/airflow/example_dags/example_short_circuit_decorator.py took 0.191 seconds
[2024-03-23T14:11:39.938+0000] {processor.py:161} INFO - Started process (PID=330) to work on /home/airflow/.local/lib/python3.8/site-packages/airflow/example_dags/example_short_circuit_decorator.py
[2024-03-23T14:11:39.941+0000] {processor.py:830} INFO - Processing file /home/airflow/.local/lib/python3.8/site-packages/airflow/example_dags/example_short_circuit_decorator.py for tasks to queue
[2024-03-23T14:11:39.944+0000] {logging_mixin.py:188} INFO - [2024-03-23T14:11:39.944+0000] {dagbag.py:540} INFO - Filling up the DagBag from /home/airflow/.local/lib/python3.8/site-packages/airflow/example_dags/example_short_circuit_decorator.py
[2024-03-23T14:11:39.963+0000] {processor.py:840} INFO - DAG(s) 'example_short_circuit_decorator' retrieved from /home/airflow/.local/lib/python3.8/site-packages/airflow/example_dags/example_short_circuit_decorator.py
[2024-03-23T14:11:40.014+0000] {logging_mixin.py:188} INFO - [2024-03-23T14:11:40.014+0000] {dag.py:3047} INFO - Sync 1 DAGs
[2024-03-23T14:11:40.062+0000] {logging_mixin.py:188} INFO - [2024-03-23T14:11:40.062+0000] {dag.py:3834} INFO - Setting next_dagrun for example_short_circuit_decorator to 2024-03-22 00:00:00+00:00, run_after=2024-03-23 00:00:00+00:00
[2024-03-23T14:11:40.109+0000] {processor.py:183} INFO - Processing /home/airflow/.local/lib/python3.8/site-packages/airflow/example_dags/example_short_circuit_decorator.py took 0.177 seconds
[2024-03-23T14:12:10.369+0000] {processor.py:161} INFO - Started process (PID=385) to work on /home/airflow/.local/lib/python3.8/site-packages/airflow/example_dags/example_short_circuit_decorator.py
[2024-03-23T14:12:10.372+0000] {processor.py:830} INFO - Processing file /home/airflow/.local/lib/python3.8/site-packages/airflow/example_dags/example_short_circuit_decorator.py for tasks to queue
[2024-03-23T14:12:10.375+0000] {logging_mixin.py:188} INFO - [2024-03-23T14:12:10.374+0000] {dagbag.py:540} INFO - Filling up the DagBag from /home/airflow/.local/lib/python3.8/site-packages/airflow/example_dags/example_short_circuit_decorator.py
[2024-03-23T14:12:10.431+0000] {processor.py:840} INFO - DAG(s) 'example_short_circuit_decorator' retrieved from /home/airflow/.local/lib/python3.8/site-packages/airflow/example_dags/example_short_circuit_decorator.py
[2024-03-23T14:12:10.527+0000] {logging_mixin.py:188} INFO - [2024-03-23T14:12:10.526+0000] {dag.py:3047} INFO - Sync 1 DAGs
[2024-03-23T14:12:10.611+0000] {logging_mixin.py:188} INFO - [2024-03-23T14:12:10.611+0000] {dag.py:3834} INFO - Setting next_dagrun for example_short_circuit_decorator to 2024-03-22 00:00:00+00:00, run_after=2024-03-23 00:00:00+00:00
[2024-03-23T14:12:10.678+0000] {processor.py:183} INFO - Processing /home/airflow/.local/lib/python3.8/site-packages/airflow/example_dags/example_short_circuit_decorator.py took 0.319 seconds
