[2024-03-23T14:09:15.453+0000] {processor.py:161} INFO - Started process (PID=86) to work on /home/airflow/.local/lib/python3.8/site-packages/airflow/example_dags/example_skip_dag.py
[2024-03-23T14:09:15.455+0000] {processor.py:830} INFO - Processing file /home/airflow/.local/lib/python3.8/site-packages/airflow/example_dags/example_skip_dag.py for tasks to queue
[2024-03-23T14:09:15.461+0000] {logging_mixin.py:188} INFO - [2024-03-23T14:09:15.461+0000] {dagbag.py:540} INFO - Filling up the DagBag from /home/airflow/.local/lib/python3.8/site-packages/airflow/example_dags/example_skip_dag.py
[2024-03-23T14:09:15.476+0000] {processor.py:840} INFO - DAG(s) 'example_skip_dag' retrieved from /home/airflow/.local/lib/python3.8/site-packages/airflow/example_dags/example_skip_dag.py
[2024-03-23T14:09:15.707+0000] {logging_mixin.py:188} INFO - [2024-03-23T14:09:15.707+0000] {dag.py:3047} INFO - Sync 1 DAGs
[2024-03-23T14:09:15.756+0000] {logging_mixin.py:188} INFO - [2024-03-23T14:09:15.756+0000] {dag.py:3834} INFO - Setting next_dagrun for example_skip_dag to 2024-03-22 00:00:00+00:00, run_after=2024-03-23 00:00:00+00:00
[2024-03-23T14:09:15.814+0000] {processor.py:183} INFO - Processing /home/airflow/.local/lib/python3.8/site-packages/airflow/example_dags/example_skip_dag.py took 0.366 seconds
[2024-03-23T14:09:45.843+0000] {processor.py:161} INFO - Started process (PID=141) to work on /home/airflow/.local/lib/python3.8/site-packages/airflow/example_dags/example_skip_dag.py
[2024-03-23T14:09:45.845+0000] {processor.py:830} INFO - Processing file /home/airflow/.local/lib/python3.8/site-packages/airflow/example_dags/example_skip_dag.py for tasks to queue
[2024-03-23T14:09:45.848+0000] {logging_mixin.py:188} INFO - [2024-03-23T14:09:45.847+0000] {dagbag.py:540} INFO - Filling up the DagBag from /home/airflow/.local/lib/python3.8/site-packages/airflow/example_dags/example_skip_dag.py
[2024-03-23T14:09:45.858+0000] {processor.py:840} INFO - DAG(s) 'example_skip_dag' retrieved from /home/airflow/.local/lib/python3.8/site-packages/airflow/example_dags/example_skip_dag.py
[2024-03-23T14:09:45.898+0000] {logging_mixin.py:188} INFO - [2024-03-23T14:09:45.897+0000] {dag.py:3047} INFO - Sync 1 DAGs
[2024-03-23T14:09:45.937+0000] {logging_mixin.py:188} INFO - [2024-03-23T14:09:45.936+0000] {dag.py:3834} INFO - Setting next_dagrun for example_skip_dag to 2024-03-22 00:00:00+00:00, run_after=2024-03-23 00:00:00+00:00
[2024-03-23T14:09:45.975+0000] {processor.py:183} INFO - Processing /home/airflow/.local/lib/python3.8/site-packages/airflow/example_dags/example_skip_dag.py took 0.136 seconds
[2024-03-23T14:10:16.273+0000] {processor.py:161} INFO - Started process (PID=196) to work on /home/airflow/.local/lib/python3.8/site-packages/airflow/example_dags/example_skip_dag.py
[2024-03-23T14:10:16.275+0000] {processor.py:830} INFO - Processing file /home/airflow/.local/lib/python3.8/site-packages/airflow/example_dags/example_skip_dag.py for tasks to queue
[2024-03-23T14:10:16.278+0000] {logging_mixin.py:188} INFO - [2024-03-23T14:10:16.277+0000] {dagbag.py:540} INFO - Filling up the DagBag from /home/airflow/.local/lib/python3.8/site-packages/airflow/example_dags/example_skip_dag.py
[2024-03-23T14:10:16.290+0000] {processor.py:840} INFO - DAG(s) 'example_skip_dag' retrieved from /home/airflow/.local/lib/python3.8/site-packages/airflow/example_dags/example_skip_dag.py
[2024-03-23T14:10:16.338+0000] {logging_mixin.py:188} INFO - [2024-03-23T14:10:16.337+0000] {dag.py:3047} INFO - Sync 1 DAGs
[2024-03-23T14:10:16.385+0000] {logging_mixin.py:188} INFO - [2024-03-23T14:10:16.385+0000] {dag.py:3834} INFO - Setting next_dagrun for example_skip_dag to 2024-03-22 00:00:00+00:00, run_after=2024-03-23 00:00:00+00:00
[2024-03-23T14:10:16.429+0000] {processor.py:183} INFO - Processing /home/airflow/.local/lib/python3.8/site-packages/airflow/example_dags/example_skip_dag.py took 0.163 seconds
[2024-03-23T14:10:46.963+0000] {processor.py:161} INFO - Started process (PID=251) to work on /home/airflow/.local/lib/python3.8/site-packages/airflow/example_dags/example_skip_dag.py
[2024-03-23T14:10:46.964+0000] {processor.py:830} INFO - Processing file /home/airflow/.local/lib/python3.8/site-packages/airflow/example_dags/example_skip_dag.py for tasks to queue
[2024-03-23T14:10:46.967+0000] {logging_mixin.py:188} INFO - [2024-03-23T14:10:46.966+0000] {dagbag.py:540} INFO - Filling up the DagBag from /home/airflow/.local/lib/python3.8/site-packages/airflow/example_dags/example_skip_dag.py
[2024-03-23T14:10:46.978+0000] {processor.py:840} INFO - DAG(s) 'example_skip_dag' retrieved from /home/airflow/.local/lib/python3.8/site-packages/airflow/example_dags/example_skip_dag.py
[2024-03-23T14:10:47.035+0000] {logging_mixin.py:188} INFO - [2024-03-23T14:10:47.035+0000] {dag.py:3047} INFO - Sync 1 DAGs
[2024-03-23T14:10:47.097+0000] {logging_mixin.py:188} INFO - [2024-03-23T14:10:47.096+0000] {dag.py:3834} INFO - Setting next_dagrun for example_skip_dag to 2024-03-22 00:00:00+00:00, run_after=2024-03-23 00:00:00+00:00
[2024-03-23T14:10:47.149+0000] {processor.py:183} INFO - Processing /home/airflow/.local/lib/python3.8/site-packages/airflow/example_dags/example_skip_dag.py took 0.191 seconds
[2024-03-23T14:11:17.756+0000] {processor.py:161} INFO - Started process (PID=306) to work on /home/airflow/.local/lib/python3.8/site-packages/airflow/example_dags/example_skip_dag.py
[2024-03-23T14:11:17.758+0000] {processor.py:830} INFO - Processing file /home/airflow/.local/lib/python3.8/site-packages/airflow/example_dags/example_skip_dag.py for tasks to queue
[2024-03-23T14:11:17.761+0000] {logging_mixin.py:188} INFO - [2024-03-23T14:11:17.760+0000] {dagbag.py:540} INFO - Filling up the DagBag from /home/airflow/.local/lib/python3.8/site-packages/airflow/example_dags/example_skip_dag.py
[2024-03-23T14:11:17.785+0000] {processor.py:840} INFO - DAG(s) 'example_skip_dag' retrieved from /home/airflow/.local/lib/python3.8/site-packages/airflow/example_dags/example_skip_dag.py
[2024-03-23T14:11:17.835+0000] {logging_mixin.py:188} INFO - [2024-03-23T14:11:17.834+0000] {dag.py:3047} INFO - Sync 1 DAGs
[2024-03-23T14:11:17.895+0000] {logging_mixin.py:188} INFO - [2024-03-23T14:11:17.894+0000] {dag.py:3834} INFO - Setting next_dagrun for example_skip_dag to 2024-03-22 00:00:00+00:00, run_after=2024-03-23 00:00:00+00:00
[2024-03-23T14:11:17.928+0000] {processor.py:183} INFO - Processing /home/airflow/.local/lib/python3.8/site-packages/airflow/example_dags/example_skip_dag.py took 0.177 seconds
[2024-03-23T14:11:48.675+0000] {processor.py:161} INFO - Started process (PID=361) to work on /home/airflow/.local/lib/python3.8/site-packages/airflow/example_dags/example_skip_dag.py
[2024-03-23T14:11:48.680+0000] {processor.py:830} INFO - Processing file /home/airflow/.local/lib/python3.8/site-packages/airflow/example_dags/example_skip_dag.py for tasks to queue
[2024-03-23T14:11:48.684+0000] {logging_mixin.py:188} INFO - [2024-03-23T14:11:48.683+0000] {dagbag.py:540} INFO - Filling up the DagBag from /home/airflow/.local/lib/python3.8/site-packages/airflow/example_dags/example_skip_dag.py
[2024-03-23T14:11:48.701+0000] {processor.py:840} INFO - DAG(s) 'example_skip_dag' retrieved from /home/airflow/.local/lib/python3.8/site-packages/airflow/example_dags/example_skip_dag.py
[2024-03-23T14:11:48.752+0000] {logging_mixin.py:188} INFO - [2024-03-23T14:11:48.751+0000] {dag.py:3047} INFO - Sync 1 DAGs
[2024-03-23T14:11:48.795+0000] {logging_mixin.py:188} INFO - [2024-03-23T14:11:48.795+0000] {dag.py:3834} INFO - Setting next_dagrun for example_skip_dag to 2024-03-22 00:00:00+00:00, run_after=2024-03-23 00:00:00+00:00
[2024-03-23T14:11:48.850+0000] {processor.py:183} INFO - Processing /home/airflow/.local/lib/python3.8/site-packages/airflow/example_dags/example_skip_dag.py took 0.193 seconds
[2024-03-23T14:12:19.403+0000] {processor.py:161} INFO - Started process (PID=416) to work on /home/airflow/.local/lib/python3.8/site-packages/airflow/example_dags/example_skip_dag.py
[2024-03-23T14:12:19.404+0000] {processor.py:830} INFO - Processing file /home/airflow/.local/lib/python3.8/site-packages/airflow/example_dags/example_skip_dag.py for tasks to queue
[2024-03-23T14:12:19.407+0000] {logging_mixin.py:188} INFO - [2024-03-23T14:12:19.406+0000] {dagbag.py:540} INFO - Filling up the DagBag from /home/airflow/.local/lib/python3.8/site-packages/airflow/example_dags/example_skip_dag.py
[2024-03-23T14:12:19.416+0000] {processor.py:840} INFO - DAG(s) 'example_skip_dag' retrieved from /home/airflow/.local/lib/python3.8/site-packages/airflow/example_dags/example_skip_dag.py
[2024-03-23T14:12:19.453+0000] {logging_mixin.py:188} INFO - [2024-03-23T14:12:19.452+0000] {dag.py:3047} INFO - Sync 1 DAGs
[2024-03-23T14:12:19.491+0000] {logging_mixin.py:188} INFO - [2024-03-23T14:12:19.490+0000] {dag.py:3834} INFO - Setting next_dagrun for example_skip_dag to 2024-03-22 00:00:00+00:00, run_after=2024-03-23 00:00:00+00:00
[2024-03-23T14:12:19.525+0000] {processor.py:183} INFO - Processing /home/airflow/.local/lib/python3.8/site-packages/airflow/example_dags/example_skip_dag.py took 0.127 seconds
