[2024-03-23T14:09:07.495+0000] {processor.py:161} INFO - Started process (PID=52) to work on /home/airflow/.local/lib/python3.8/site-packages/airflow/example_dags/example_python_operator.py
[2024-03-23T14:09:07.497+0000] {processor.py:830} INFO - Processing file /home/airflow/.local/lib/python3.8/site-packages/airflow/example_dags/example_python_operator.py for tasks to queue
[2024-03-23T14:09:07.500+0000] {logging_mixin.py:188} INFO - [2024-03-23T14:09:07.500+0000] {dagbag.py:540} INFO - Filling up the DagBag from /home/airflow/.local/lib/python3.8/site-packages/airflow/example_dags/example_python_operator.py
[2024-03-23T14:09:07.528+0000] {processor.py:840} INFO - DAG(s) 'example_python_operator' retrieved from /home/airflow/.local/lib/python3.8/site-packages/airflow/example_dags/example_python_operator.py
[2024-03-23T14:09:07.782+0000] {logging_mixin.py:188} INFO - [2024-03-23T14:09:07.781+0000] {dag.py:3047} INFO - Sync 1 DAGs
[2024-03-23T14:09:07.804+0000] {logging_mixin.py:188} INFO - [2024-03-23T14:09:07.803+0000] {dag.py:3834} INFO - Setting next_dagrun for example_python_operator to None, run_after=None
[2024-03-23T14:09:07.846+0000] {processor.py:183} INFO - Processing /home/airflow/.local/lib/python3.8/site-packages/airflow/example_dags/example_python_operator.py took 0.357 seconds
[2024-03-23T14:09:38.323+0000] {processor.py:161} INFO - Started process (PID=107) to work on /home/airflow/.local/lib/python3.8/site-packages/airflow/example_dags/example_python_operator.py
[2024-03-23T14:09:38.325+0000] {processor.py:830} INFO - Processing file /home/airflow/.local/lib/python3.8/site-packages/airflow/example_dags/example_python_operator.py for tasks to queue
[2024-03-23T14:09:38.328+0000] {logging_mixin.py:188} INFO - [2024-03-23T14:09:38.328+0000] {dagbag.py:540} INFO - Filling up the DagBag from /home/airflow/.local/lib/python3.8/site-packages/airflow/example_dags/example_python_operator.py
[2024-03-23T14:09:38.348+0000] {processor.py:840} INFO - DAG(s) 'example_python_operator' retrieved from /home/airflow/.local/lib/python3.8/site-packages/airflow/example_dags/example_python_operator.py
[2024-03-23T14:09:38.394+0000] {logging_mixin.py:188} INFO - [2024-03-23T14:09:38.393+0000] {dag.py:3047} INFO - Sync 1 DAGs
[2024-03-23T14:09:38.419+0000] {logging_mixin.py:188} INFO - [2024-03-23T14:09:38.419+0000] {dag.py:3834} INFO - Setting next_dagrun for example_python_operator to None, run_after=None
[2024-03-23T14:09:38.459+0000] {processor.py:183} INFO - Processing /home/airflow/.local/lib/python3.8/site-packages/airflow/example_dags/example_python_operator.py took 0.142 seconds
[2024-03-23T14:10:08.840+0000] {processor.py:161} INFO - Started process (PID=162) to work on /home/airflow/.local/lib/python3.8/site-packages/airflow/example_dags/example_python_operator.py
[2024-03-23T14:10:08.843+0000] {processor.py:830} INFO - Processing file /home/airflow/.local/lib/python3.8/site-packages/airflow/example_dags/example_python_operator.py for tasks to queue
[2024-03-23T14:10:08.845+0000] {logging_mixin.py:188} INFO - [2024-03-23T14:10:08.845+0000] {dagbag.py:540} INFO - Filling up the DagBag from /home/airflow/.local/lib/python3.8/site-packages/airflow/example_dags/example_python_operator.py
[2024-03-23T14:10:08.862+0000] {processor.py:840} INFO - DAG(s) 'example_python_operator' retrieved from /home/airflow/.local/lib/python3.8/site-packages/airflow/example_dags/example_python_operator.py
[2024-03-23T14:10:08.906+0000] {logging_mixin.py:188} INFO - [2024-03-23T14:10:08.905+0000] {dag.py:3047} INFO - Sync 1 DAGs
[2024-03-23T14:10:08.929+0000] {logging_mixin.py:188} INFO - [2024-03-23T14:10:08.928+0000] {dag.py:3834} INFO - Setting next_dagrun for example_python_operator to None, run_after=None
[2024-03-23T14:10:08.967+0000] {processor.py:183} INFO - Processing /home/airflow/.local/lib/python3.8/site-packages/airflow/example_dags/example_python_operator.py took 0.131 seconds
[2024-03-23T14:10:39.216+0000] {processor.py:161} INFO - Started process (PID=217) to work on /home/airflow/.local/lib/python3.8/site-packages/airflow/example_dags/example_python_operator.py
[2024-03-23T14:10:39.218+0000] {processor.py:830} INFO - Processing file /home/airflow/.local/lib/python3.8/site-packages/airflow/example_dags/example_python_operator.py for tasks to queue
[2024-03-23T14:10:39.221+0000] {logging_mixin.py:188} INFO - [2024-03-23T14:10:39.221+0000] {dagbag.py:540} INFO - Filling up the DagBag from /home/airflow/.local/lib/python3.8/site-packages/airflow/example_dags/example_python_operator.py
[2024-03-23T14:10:39.240+0000] {processor.py:840} INFO - DAG(s) 'example_python_operator' retrieved from /home/airflow/.local/lib/python3.8/site-packages/airflow/example_dags/example_python_operator.py
[2024-03-23T14:10:39.290+0000] {logging_mixin.py:188} INFO - [2024-03-23T14:10:39.289+0000] {dag.py:3047} INFO - Sync 1 DAGs
[2024-03-23T14:10:39.317+0000] {logging_mixin.py:188} INFO - [2024-03-23T14:10:39.317+0000] {dag.py:3834} INFO - Setting next_dagrun for example_python_operator to None, run_after=None
[2024-03-23T14:10:39.360+0000] {processor.py:183} INFO - Processing /home/airflow/.local/lib/python3.8/site-packages/airflow/example_dags/example_python_operator.py took 0.151 seconds
[2024-03-23T14:11:09.686+0000] {processor.py:161} INFO - Started process (PID=278) to work on /home/airflow/.local/lib/python3.8/site-packages/airflow/example_dags/example_python_operator.py
[2024-03-23T14:11:09.688+0000] {processor.py:830} INFO - Processing file /home/airflow/.local/lib/python3.8/site-packages/airflow/example_dags/example_python_operator.py for tasks to queue
[2024-03-23T14:11:09.691+0000] {logging_mixin.py:188} INFO - [2024-03-23T14:11:09.691+0000] {dagbag.py:540} INFO - Filling up the DagBag from /home/airflow/.local/lib/python3.8/site-packages/airflow/example_dags/example_python_operator.py
[2024-03-23T14:11:09.709+0000] {processor.py:840} INFO - DAG(s) 'example_python_operator' retrieved from /home/airflow/.local/lib/python3.8/site-packages/airflow/example_dags/example_python_operator.py
[2024-03-23T14:11:09.759+0000] {logging_mixin.py:188} INFO - [2024-03-23T14:11:09.759+0000] {dag.py:3047} INFO - Sync 1 DAGs
[2024-03-23T14:11:09.790+0000] {logging_mixin.py:188} INFO - [2024-03-23T14:11:09.789+0000] {dag.py:3834} INFO - Setting next_dagrun for example_python_operator to None, run_after=None
[2024-03-23T14:11:09.841+0000] {processor.py:183} INFO - Processing /home/airflow/.local/lib/python3.8/site-packages/airflow/example_dags/example_python_operator.py took 0.160 seconds
[2024-03-23T14:11:40.410+0000] {processor.py:161} INFO - Started process (PID=333) to work on /home/airflow/.local/lib/python3.8/site-packages/airflow/example_dags/example_python_operator.py
[2024-03-23T14:11:40.413+0000] {processor.py:830} INFO - Processing file /home/airflow/.local/lib/python3.8/site-packages/airflow/example_dags/example_python_operator.py for tasks to queue
[2024-03-23T14:11:40.416+0000] {logging_mixin.py:188} INFO - [2024-03-23T14:11:40.415+0000] {dagbag.py:540} INFO - Filling up the DagBag from /home/airflow/.local/lib/python3.8/site-packages/airflow/example_dags/example_python_operator.py
[2024-03-23T14:11:40.436+0000] {processor.py:840} INFO - DAG(s) 'example_python_operator' retrieved from /home/airflow/.local/lib/python3.8/site-packages/airflow/example_dags/example_python_operator.py
[2024-03-23T14:11:40.483+0000] {logging_mixin.py:188} INFO - [2024-03-23T14:11:40.482+0000] {dag.py:3047} INFO - Sync 1 DAGs
[2024-03-23T14:11:40.512+0000] {logging_mixin.py:188} INFO - [2024-03-23T14:11:40.511+0000] {dag.py:3834} INFO - Setting next_dagrun for example_python_operator to None, run_after=None
[2024-03-23T14:11:40.555+0000] {processor.py:183} INFO - Processing /home/airflow/.local/lib/python3.8/site-packages/airflow/example_dags/example_python_operator.py took 0.152 seconds
[2024-03-23T14:12:10.918+0000] {processor.py:161} INFO - Started process (PID=388) to work on /home/airflow/.local/lib/python3.8/site-packages/airflow/example_dags/example_python_operator.py
[2024-03-23T14:12:10.920+0000] {processor.py:830} INFO - Processing file /home/airflow/.local/lib/python3.8/site-packages/airflow/example_dags/example_python_operator.py for tasks to queue
[2024-03-23T14:12:10.922+0000] {logging_mixin.py:188} INFO - [2024-03-23T14:12:10.922+0000] {dagbag.py:540} INFO - Filling up the DagBag from /home/airflow/.local/lib/python3.8/site-packages/airflow/example_dags/example_python_operator.py
[2024-03-23T14:12:10.939+0000] {processor.py:840} INFO - DAG(s) 'example_python_operator' retrieved from /home/airflow/.local/lib/python3.8/site-packages/airflow/example_dags/example_python_operator.py
[2024-03-23T14:12:10.994+0000] {logging_mixin.py:188} INFO - [2024-03-23T14:12:10.994+0000] {dag.py:3047} INFO - Sync 1 DAGs
[2024-03-23T14:12:11.021+0000] {logging_mixin.py:188} INFO - [2024-03-23T14:12:11.020+0000] {dag.py:3834} INFO - Setting next_dagrun for example_python_operator to None, run_after=None
[2024-03-23T14:12:11.062+0000] {processor.py:183} INFO - Processing /home/airflow/.local/lib/python3.8/site-packages/airflow/example_dags/example_python_operator.py took 0.148 seconds
