[2024-03-23T14:09:12.591+0000] {processor.py:161} INFO - Started process (PID=75) to work on /home/airflow/.local/lib/python3.8/site-packages/airflow/example_dags/example_nested_branch_dag.py
[2024-03-23T14:09:12.593+0000] {processor.py:830} INFO - Processing file /home/airflow/.local/lib/python3.8/site-packages/airflow/example_dags/example_nested_branch_dag.py for tasks to queue
[2024-03-23T14:09:12.597+0000] {logging_mixin.py:188} INFO - [2024-03-23T14:09:12.596+0000] {dagbag.py:540} INFO - Filling up the DagBag from /home/airflow/.local/lib/python3.8/site-packages/airflow/example_dags/example_nested_branch_dag.py
[2024-03-23T14:09:12.630+0000] {processor.py:840} INFO - DAG(s) 'example_nested_branch_dag' retrieved from /home/airflow/.local/lib/python3.8/site-packages/airflow/example_dags/example_nested_branch_dag.py
[2024-03-23T14:09:12.941+0000] {logging_mixin.py:188} INFO - [2024-03-23T14:09:12.940+0000] {dag.py:3047} INFO - Sync 1 DAGs
[2024-03-23T14:09:13.004+0000] {logging_mixin.py:188} INFO - [2024-03-23T14:09:13.003+0000] {dag.py:3834} INFO - Setting next_dagrun for example_nested_branch_dag to 2024-03-22 00:00:00+00:00, run_after=2024-03-23 00:00:00+00:00
[2024-03-23T14:09:13.063+0000] {processor.py:183} INFO - Processing /home/airflow/.local/lib/python3.8/site-packages/airflow/example_dags/example_nested_branch_dag.py took 0.483 seconds
[2024-03-23T14:09:43.430+0000] {processor.py:161} INFO - Started process (PID=130) to work on /home/airflow/.local/lib/python3.8/site-packages/airflow/example_dags/example_nested_branch_dag.py
[2024-03-23T14:09:43.433+0000] {processor.py:830} INFO - Processing file /home/airflow/.local/lib/python3.8/site-packages/airflow/example_dags/example_nested_branch_dag.py for tasks to queue
[2024-03-23T14:09:43.436+0000] {logging_mixin.py:188} INFO - [2024-03-23T14:09:43.435+0000] {dagbag.py:540} INFO - Filling up the DagBag from /home/airflow/.local/lib/python3.8/site-packages/airflow/example_dags/example_nested_branch_dag.py
[2024-03-23T14:09:43.460+0000] {processor.py:840} INFO - DAG(s) 'example_nested_branch_dag' retrieved from /home/airflow/.local/lib/python3.8/site-packages/airflow/example_dags/example_nested_branch_dag.py
[2024-03-23T14:09:43.504+0000] {logging_mixin.py:188} INFO - [2024-03-23T14:09:43.504+0000] {dag.py:3047} INFO - Sync 1 DAGs
[2024-03-23T14:09:43.552+0000] {logging_mixin.py:188} INFO - [2024-03-23T14:09:43.551+0000] {dag.py:3834} INFO - Setting next_dagrun for example_nested_branch_dag to 2024-03-22 00:00:00+00:00, run_after=2024-03-23 00:00:00+00:00
[2024-03-23T14:09:43.590+0000] {processor.py:183} INFO - Processing /home/airflow/.local/lib/python3.8/site-packages/airflow/example_dags/example_nested_branch_dag.py took 0.167 seconds
[2024-03-23T14:10:13.680+0000] {processor.py:161} INFO - Started process (PID=185) to work on /home/airflow/.local/lib/python3.8/site-packages/airflow/example_dags/example_nested_branch_dag.py
[2024-03-23T14:10:13.682+0000] {processor.py:830} INFO - Processing file /home/airflow/.local/lib/python3.8/site-packages/airflow/example_dags/example_nested_branch_dag.py for tasks to queue
[2024-03-23T14:10:13.685+0000] {logging_mixin.py:188} INFO - [2024-03-23T14:10:13.684+0000] {dagbag.py:540} INFO - Filling up the DagBag from /home/airflow/.local/lib/python3.8/site-packages/airflow/example_dags/example_nested_branch_dag.py
[2024-03-23T14:10:13.709+0000] {processor.py:840} INFO - DAG(s) 'example_nested_branch_dag' retrieved from /home/airflow/.local/lib/python3.8/site-packages/airflow/example_dags/example_nested_branch_dag.py
[2024-03-23T14:10:13.755+0000] {logging_mixin.py:188} INFO - [2024-03-23T14:10:13.754+0000] {dag.py:3047} INFO - Sync 1 DAGs
[2024-03-23T14:10:13.803+0000] {logging_mixin.py:188} INFO - [2024-03-23T14:10:13.803+0000] {dag.py:3834} INFO - Setting next_dagrun for example_nested_branch_dag to 2024-03-22 00:00:00+00:00, run_after=2024-03-23 00:00:00+00:00
[2024-03-23T14:10:13.847+0000] {processor.py:183} INFO - Processing /home/airflow/.local/lib/python3.8/site-packages/airflow/example_dags/example_nested_branch_dag.py took 0.173 seconds
[2024-03-23T14:10:43.941+0000] {processor.py:161} INFO - Started process (PID=240) to work on /home/airflow/.local/lib/python3.8/site-packages/airflow/example_dags/example_nested_branch_dag.py
[2024-03-23T14:10:43.942+0000] {processor.py:830} INFO - Processing file /home/airflow/.local/lib/python3.8/site-packages/airflow/example_dags/example_nested_branch_dag.py for tasks to queue
[2024-03-23T14:10:43.945+0000] {logging_mixin.py:188} INFO - [2024-03-23T14:10:43.944+0000] {dagbag.py:540} INFO - Filling up the DagBag from /home/airflow/.local/lib/python3.8/site-packages/airflow/example_dags/example_nested_branch_dag.py
[2024-03-23T14:10:43.963+0000] {processor.py:840} INFO - DAG(s) 'example_nested_branch_dag' retrieved from /home/airflow/.local/lib/python3.8/site-packages/airflow/example_dags/example_nested_branch_dag.py
[2024-03-23T14:10:44.007+0000] {logging_mixin.py:188} INFO - [2024-03-23T14:10:44.006+0000] {dag.py:3047} INFO - Sync 1 DAGs
[2024-03-23T14:10:44.052+0000] {logging_mixin.py:188} INFO - [2024-03-23T14:10:44.051+0000] {dag.py:3834} INFO - Setting next_dagrun for example_nested_branch_dag to 2024-03-22 00:00:00+00:00, run_after=2024-03-23 00:00:00+00:00
[2024-03-23T14:10:44.094+0000] {processor.py:183} INFO - Processing /home/airflow/.local/lib/python3.8/site-packages/airflow/example_dags/example_nested_branch_dag.py took 0.158 seconds
[2024-03-23T14:11:14.427+0000] {processor.py:161} INFO - Started process (PID=295) to work on /home/airflow/.local/lib/python3.8/site-packages/airflow/example_dags/example_nested_branch_dag.py
[2024-03-23T14:11:14.430+0000] {processor.py:830} INFO - Processing file /home/airflow/.local/lib/python3.8/site-packages/airflow/example_dags/example_nested_branch_dag.py for tasks to queue
[2024-03-23T14:11:14.433+0000] {logging_mixin.py:188} INFO - [2024-03-23T14:11:14.432+0000] {dagbag.py:540} INFO - Filling up the DagBag from /home/airflow/.local/lib/python3.8/site-packages/airflow/example_dags/example_nested_branch_dag.py
[2024-03-23T14:11:14.455+0000] {processor.py:840} INFO - DAG(s) 'example_nested_branch_dag' retrieved from /home/airflow/.local/lib/python3.8/site-packages/airflow/example_dags/example_nested_branch_dag.py
[2024-03-23T14:11:14.494+0000] {logging_mixin.py:188} INFO - [2024-03-23T14:11:14.494+0000] {dag.py:3047} INFO - Sync 1 DAGs
[2024-03-23T14:11:14.543+0000] {logging_mixin.py:188} INFO - [2024-03-23T14:11:14.542+0000] {dag.py:3834} INFO - Setting next_dagrun for example_nested_branch_dag to 2024-03-22 00:00:00+00:00, run_after=2024-03-23 00:00:00+00:00
[2024-03-23T14:11:14.585+0000] {processor.py:183} INFO - Processing /home/airflow/.local/lib/python3.8/site-packages/airflow/example_dags/example_nested_branch_dag.py took 0.162 seconds
[2024-03-23T14:11:45.383+0000] {processor.py:161} INFO - Started process (PID=350) to work on /home/airflow/.local/lib/python3.8/site-packages/airflow/example_dags/example_nested_branch_dag.py
[2024-03-23T14:11:45.386+0000] {processor.py:830} INFO - Processing file /home/airflow/.local/lib/python3.8/site-packages/airflow/example_dags/example_nested_branch_dag.py for tasks to queue
[2024-03-23T14:11:45.389+0000] {logging_mixin.py:188} INFO - [2024-03-23T14:11:45.388+0000] {dagbag.py:540} INFO - Filling up the DagBag from /home/airflow/.local/lib/python3.8/site-packages/airflow/example_dags/example_nested_branch_dag.py
[2024-03-23T14:11:45.409+0000] {processor.py:840} INFO - DAG(s) 'example_nested_branch_dag' retrieved from /home/airflow/.local/lib/python3.8/site-packages/airflow/example_dags/example_nested_branch_dag.py
[2024-03-23T14:11:45.457+0000] {logging_mixin.py:188} INFO - [2024-03-23T14:11:45.456+0000] {dag.py:3047} INFO - Sync 1 DAGs
[2024-03-23T14:11:45.507+0000] {logging_mixin.py:188} INFO - [2024-03-23T14:11:45.507+0000] {dag.py:3834} INFO - Setting next_dagrun for example_nested_branch_dag to 2024-03-22 00:00:00+00:00, run_after=2024-03-23 00:00:00+00:00
[2024-03-23T14:11:45.550+0000] {processor.py:183} INFO - Processing /home/airflow/.local/lib/python3.8/site-packages/airflow/example_dags/example_nested_branch_dag.py took 0.172 seconds
[2024-03-23T14:12:15.637+0000] {processor.py:161} INFO - Started process (PID=405) to work on /home/airflow/.local/lib/python3.8/site-packages/airflow/example_dags/example_nested_branch_dag.py
[2024-03-23T14:12:15.639+0000] {processor.py:830} INFO - Processing file /home/airflow/.local/lib/python3.8/site-packages/airflow/example_dags/example_nested_branch_dag.py for tasks to queue
[2024-03-23T14:12:15.642+0000] {logging_mixin.py:188} INFO - [2024-03-23T14:12:15.641+0000] {dagbag.py:540} INFO - Filling up the DagBag from /home/airflow/.local/lib/python3.8/site-packages/airflow/example_dags/example_nested_branch_dag.py
[2024-03-23T14:12:15.660+0000] {processor.py:840} INFO - DAG(s) 'example_nested_branch_dag' retrieved from /home/airflow/.local/lib/python3.8/site-packages/airflow/example_dags/example_nested_branch_dag.py
[2024-03-23T14:12:15.702+0000] {logging_mixin.py:188} INFO - [2024-03-23T14:12:15.701+0000] {dag.py:3047} INFO - Sync 1 DAGs
[2024-03-23T14:12:15.747+0000] {logging_mixin.py:188} INFO - [2024-03-23T14:12:15.747+0000] {dag.py:3834} INFO - Setting next_dagrun for example_nested_branch_dag to 2024-03-22 00:00:00+00:00, run_after=2024-03-23 00:00:00+00:00
[2024-03-23T14:12:15.787+0000] {processor.py:183} INFO - Processing /home/airflow/.local/lib/python3.8/site-packages/airflow/example_dags/example_nested_branch_dag.py took 0.155 seconds
