[2024-03-23T14:09:06.475+0000] {processor.py:161} INFO - Started process (PID=48) to work on /home/airflow/.local/lib/python3.8/site-packages/airflow/example_dags/example_branch_operator.py
[2024-03-23T14:09:06.476+0000] {processor.py:830} INFO - Processing file /home/airflow/.local/lib/python3.8/site-packages/airflow/example_dags/example_branch_operator.py for tasks to queue
[2024-03-23T14:09:06.479+0000] {logging_mixin.py:188} INFO - [2024-03-23T14:09:06.478+0000] {dagbag.py:540} INFO - Filling up the DagBag from /home/airflow/.local/lib/python3.8/site-packages/airflow/example_dags/example_branch_operator.py
[2024-03-23T14:09:06.605+0000] {processor.py:840} INFO - DAG(s) 'example_branch_operator' retrieved from /home/airflow/.local/lib/python3.8/site-packages/airflow/example_dags/example_branch_operator.py
[2024-03-23T14:09:06.899+0000] {logging_mixin.py:188} INFO - [2024-03-23T14:09:06.898+0000] {dag.py:3047} INFO - Sync 1 DAGs
[2024-03-23T14:09:06.956+0000] {logging_mixin.py:188} INFO - [2024-03-23T14:09:06.955+0000] {dag.py:3834} INFO - Setting next_dagrun for example_branch_operator to 2024-03-22 00:00:00+00:00, run_after=2024-03-23 00:00:00+00:00
[2024-03-23T14:09:07.001+0000] {processor.py:183} INFO - Processing /home/airflow/.local/lib/python3.8/site-packages/airflow/example_dags/example_branch_operator.py took 0.531 seconds
[2024-03-23T14:09:37.939+0000] {processor.py:161} INFO - Started process (PID=103) to work on /home/airflow/.local/lib/python3.8/site-packages/airflow/example_dags/example_branch_operator.py
[2024-03-23T14:09:37.942+0000] {processor.py:830} INFO - Processing file /home/airflow/.local/lib/python3.8/site-packages/airflow/example_dags/example_branch_operator.py for tasks to queue
[2024-03-23T14:09:37.945+0000] {logging_mixin.py:188} INFO - [2024-03-23T14:09:37.944+0000] {dagbag.py:540} INFO - Filling up the DagBag from /home/airflow/.local/lib/python3.8/site-packages/airflow/example_dags/example_branch_operator.py
[2024-03-23T14:09:37.976+0000] {processor.py:840} INFO - DAG(s) 'example_branch_operator' retrieved from /home/airflow/.local/lib/python3.8/site-packages/airflow/example_dags/example_branch_operator.py
[2024-03-23T14:09:38.031+0000] {logging_mixin.py:188} INFO - [2024-03-23T14:09:38.030+0000] {dag.py:3047} INFO - Sync 1 DAGs
[2024-03-23T14:09:38.075+0000] {logging_mixin.py:188} INFO - [2024-03-23T14:09:38.074+0000] {dag.py:3834} INFO - Setting next_dagrun for example_branch_operator to 2024-03-22 00:00:00+00:00, run_after=2024-03-23 00:00:00+00:00
[2024-03-23T14:09:38.116+0000] {processor.py:183} INFO - Processing /home/airflow/.local/lib/python3.8/site-packages/airflow/example_dags/example_branch_operator.py took 0.182 seconds
[2024-03-23T14:10:08.367+0000] {processor.py:161} INFO - Started process (PID=158) to work on /home/airflow/.local/lib/python3.8/site-packages/airflow/example_dags/example_branch_operator.py
[2024-03-23T14:10:08.371+0000] {processor.py:830} INFO - Processing file /home/airflow/.local/lib/python3.8/site-packages/airflow/example_dags/example_branch_operator.py for tasks to queue
[2024-03-23T14:10:08.374+0000] {logging_mixin.py:188} INFO - [2024-03-23T14:10:08.373+0000] {dagbag.py:540} INFO - Filling up the DagBag from /home/airflow/.local/lib/python3.8/site-packages/airflow/example_dags/example_branch_operator.py
[2024-03-23T14:10:08.422+0000] {processor.py:840} INFO - DAG(s) 'example_branch_operator' retrieved from /home/airflow/.local/lib/python3.8/site-packages/airflow/example_dags/example_branch_operator.py
[2024-03-23T14:10:08.490+0000] {logging_mixin.py:188} INFO - [2024-03-23T14:10:08.490+0000] {dag.py:3047} INFO - Sync 1 DAGs
[2024-03-23T14:10:08.548+0000] {logging_mixin.py:188} INFO - [2024-03-23T14:10:08.547+0000] {dag.py:3834} INFO - Setting next_dagrun for example_branch_operator to 2024-03-22 00:00:00+00:00, run_after=2024-03-23 00:00:00+00:00
[2024-03-23T14:10:08.589+0000] {processor.py:183} INFO - Processing /home/airflow/.local/lib/python3.8/site-packages/airflow/example_dags/example_branch_operator.py took 0.229 seconds
[2024-03-23T14:10:38.778+0000] {processor.py:161} INFO - Started process (PID=213) to work on /home/airflow/.local/lib/python3.8/site-packages/airflow/example_dags/example_branch_operator.py
[2024-03-23T14:10:38.780+0000] {processor.py:830} INFO - Processing file /home/airflow/.local/lib/python3.8/site-packages/airflow/example_dags/example_branch_operator.py for tasks to queue
[2024-03-23T14:10:38.784+0000] {logging_mixin.py:188} INFO - [2024-03-23T14:10:38.783+0000] {dagbag.py:540} INFO - Filling up the DagBag from /home/airflow/.local/lib/python3.8/site-packages/airflow/example_dags/example_branch_operator.py
[2024-03-23T14:10:38.820+0000] {processor.py:840} INFO - DAG(s) 'example_branch_operator' retrieved from /home/airflow/.local/lib/python3.8/site-packages/airflow/example_dags/example_branch_operator.py
[2024-03-23T14:10:38.886+0000] {logging_mixin.py:188} INFO - [2024-03-23T14:10:38.885+0000] {dag.py:3047} INFO - Sync 1 DAGs
[2024-03-23T14:10:38.943+0000] {logging_mixin.py:188} INFO - [2024-03-23T14:10:38.943+0000] {dag.py:3834} INFO - Setting next_dagrun for example_branch_operator to 2024-03-22 00:00:00+00:00, run_after=2024-03-23 00:00:00+00:00
[2024-03-23T14:10:38.989+0000] {processor.py:183} INFO - Processing /home/airflow/.local/lib/python3.8/site-packages/airflow/example_dags/example_branch_operator.py took 0.217 seconds
[2024-03-23T14:11:09.223+0000] {processor.py:161} INFO - Started process (PID=268) to work on /home/airflow/.local/lib/python3.8/site-packages/airflow/example_dags/example_branch_operator.py
[2024-03-23T14:11:09.226+0000] {processor.py:830} INFO - Processing file /home/airflow/.local/lib/python3.8/site-packages/airflow/example_dags/example_branch_operator.py for tasks to queue
[2024-03-23T14:11:09.229+0000] {logging_mixin.py:188} INFO - [2024-03-23T14:11:09.228+0000] {dagbag.py:540} INFO - Filling up the DagBag from /home/airflow/.local/lib/python3.8/site-packages/airflow/example_dags/example_branch_operator.py
[2024-03-23T14:11:09.264+0000] {processor.py:840} INFO - DAG(s) 'example_branch_operator' retrieved from /home/airflow/.local/lib/python3.8/site-packages/airflow/example_dags/example_branch_operator.py
[2024-03-23T14:11:09.318+0000] {logging_mixin.py:188} INFO - [2024-03-23T14:11:09.317+0000] {dag.py:3047} INFO - Sync 1 DAGs
[2024-03-23T14:11:09.385+0000] {logging_mixin.py:188} INFO - [2024-03-23T14:11:09.385+0000] {dag.py:3834} INFO - Setting next_dagrun for example_branch_operator to 2024-03-22 00:00:00+00:00, run_after=2024-03-23 00:00:00+00:00
[2024-03-23T14:11:09.436+0000] {processor.py:183} INFO - Processing /home/airflow/.local/lib/python3.8/site-packages/airflow/example_dags/example_branch_operator.py took 0.220 seconds
[2024-03-23T14:11:39.922+0000] {processor.py:161} INFO - Started process (PID=329) to work on /home/airflow/.local/lib/python3.8/site-packages/airflow/example_dags/example_branch_operator.py
[2024-03-23T14:11:39.927+0000] {processor.py:830} INFO - Processing file /home/airflow/.local/lib/python3.8/site-packages/airflow/example_dags/example_branch_operator.py for tasks to queue
[2024-03-23T14:11:39.931+0000] {logging_mixin.py:188} INFO - [2024-03-23T14:11:39.930+0000] {dagbag.py:540} INFO - Filling up the DagBag from /home/airflow/.local/lib/python3.8/site-packages/airflow/example_dags/example_branch_operator.py
[2024-03-23T14:11:39.973+0000] {processor.py:840} INFO - DAG(s) 'example_branch_operator' retrieved from /home/airflow/.local/lib/python3.8/site-packages/airflow/example_dags/example_branch_operator.py
[2024-03-23T14:11:40.033+0000] {logging_mixin.py:188} INFO - [2024-03-23T14:11:40.033+0000] {dag.py:3047} INFO - Sync 1 DAGs
[2024-03-23T14:11:40.081+0000] {logging_mixin.py:188} INFO - [2024-03-23T14:11:40.081+0000] {dag.py:3834} INFO - Setting next_dagrun for example_branch_operator to 2024-03-22 00:00:00+00:00, run_after=2024-03-23 00:00:00+00:00
[2024-03-23T14:11:40.146+0000] {processor.py:183} INFO - Processing /home/airflow/.local/lib/python3.8/site-packages/airflow/example_dags/example_branch_operator.py took 0.230 seconds
[2024-03-23T14:12:10.355+0000] {processor.py:161} INFO - Started process (PID=384) to work on /home/airflow/.local/lib/python3.8/site-packages/airflow/example_dags/example_branch_operator.py
[2024-03-23T14:12:10.357+0000] {processor.py:830} INFO - Processing file /home/airflow/.local/lib/python3.8/site-packages/airflow/example_dags/example_branch_operator.py for tasks to queue
[2024-03-23T14:12:10.362+0000] {logging_mixin.py:188} INFO - [2024-03-23T14:12:10.362+0000] {dagbag.py:540} INFO - Filling up the DagBag from /home/airflow/.local/lib/python3.8/site-packages/airflow/example_dags/example_branch_operator.py
[2024-03-23T14:12:10.431+0000] {processor.py:840} INFO - DAG(s) 'example_branch_operator' retrieved from /home/airflow/.local/lib/python3.8/site-packages/airflow/example_dags/example_branch_operator.py
[2024-03-23T14:12:10.545+0000] {logging_mixin.py:188} INFO - [2024-03-23T14:12:10.544+0000] {dag.py:3047} INFO - Sync 1 DAGs
[2024-03-23T14:12:10.623+0000] {logging_mixin.py:188} INFO - [2024-03-23T14:12:10.622+0000] {dag.py:3834} INFO - Setting next_dagrun for example_branch_operator to 2024-03-22 00:00:00+00:00, run_after=2024-03-23 00:00:00+00:00
[2024-03-23T14:12:10.696+0000] {processor.py:183} INFO - Processing /home/airflow/.local/lib/python3.8/site-packages/airflow/example_dags/example_branch_operator.py took 0.367 seconds
