[2024-03-23T14:09:11.405+0000] {processor.py:161} INFO - Started process (PID=71) to work on /home/airflow/.local/lib/python3.8/site-packages/airflow/example_dags/example_branch_python_dop_operator_3.py
[2024-03-23T14:09:11.407+0000] {processor.py:830} INFO - Processing file /home/airflow/.local/lib/python3.8/site-packages/airflow/example_dags/example_branch_python_dop_operator_3.py for tasks to queue
[2024-03-23T14:09:11.410+0000] {logging_mixin.py:188} INFO - [2024-03-23T14:09:11.409+0000] {dagbag.py:540} INFO - Filling up the DagBag from /home/airflow/.local/lib/python3.8/site-packages/airflow/example_dags/example_branch_python_dop_operator_3.py
[2024-03-23T14:09:11.433+0000] {processor.py:840} INFO - DAG(s) 'example_branch_dop_operator_v3' retrieved from /home/airflow/.local/lib/python3.8/site-packages/airflow/example_dags/example_branch_python_dop_operator_3.py
[2024-03-23T14:09:11.688+0000] {logging_mixin.py:188} INFO - [2024-03-23T14:09:11.687+0000] {dag.py:3047} INFO - Sync 1 DAGs
[2024-03-23T14:09:11.785+0000] {logging_mixin.py:188} INFO - [2024-03-23T14:09:11.782+0000] {dag.py:3834} INFO - Setting next_dagrun for example_branch_dop_operator_v3 to 2024-03-23 14:08:00+00:00, run_after=2024-03-23 14:09:00+00:00
[2024-03-23T14:09:11.951+0000] {processor.py:183} INFO - Processing /home/airflow/.local/lib/python3.8/site-packages/airflow/example_dags/example_branch_python_dop_operator_3.py took 0.552 seconds
[2024-03-23T14:09:42.024+0000] {processor.py:161} INFO - Started process (PID=126) to work on /home/airflow/.local/lib/python3.8/site-packages/airflow/example_dags/example_branch_python_dop_operator_3.py
[2024-03-23T14:09:42.025+0000] {processor.py:830} INFO - Processing file /home/airflow/.local/lib/python3.8/site-packages/airflow/example_dags/example_branch_python_dop_operator_3.py for tasks to queue
[2024-03-23T14:09:42.028+0000] {logging_mixin.py:188} INFO - [2024-03-23T14:09:42.028+0000] {dagbag.py:540} INFO - Filling up the DagBag from /home/airflow/.local/lib/python3.8/site-packages/airflow/example_dags/example_branch_python_dop_operator_3.py
[2024-03-23T14:09:42.048+0000] {processor.py:840} INFO - DAG(s) 'example_branch_dop_operator_v3' retrieved from /home/airflow/.local/lib/python3.8/site-packages/airflow/example_dags/example_branch_python_dop_operator_3.py
[2024-03-23T14:09:42.086+0000] {logging_mixin.py:188} INFO - [2024-03-23T14:09:42.086+0000] {dag.py:3047} INFO - Sync 1 DAGs
[2024-03-23T14:09:42.133+0000] {logging_mixin.py:188} INFO - [2024-03-23T14:09:42.133+0000] {dag.py:3834} INFO - Setting next_dagrun for example_branch_dop_operator_v3 to 2024-03-23 14:08:00+00:00, run_after=2024-03-23 14:09:00+00:00
[2024-03-23T14:09:42.169+0000] {processor.py:183} INFO - Processing /home/airflow/.local/lib/python3.8/site-packages/airflow/example_dags/example_branch_python_dop_operator_3.py took 0.150 seconds
[2024-03-23T14:10:12.459+0000] {processor.py:161} INFO - Started process (PID=181) to work on /home/airflow/.local/lib/python3.8/site-packages/airflow/example_dags/example_branch_python_dop_operator_3.py
[2024-03-23T14:10:12.461+0000] {processor.py:830} INFO - Processing file /home/airflow/.local/lib/python3.8/site-packages/airflow/example_dags/example_branch_python_dop_operator_3.py for tasks to queue
[2024-03-23T14:10:12.464+0000] {logging_mixin.py:188} INFO - [2024-03-23T14:10:12.463+0000] {dagbag.py:540} INFO - Filling up the DagBag from /home/airflow/.local/lib/python3.8/site-packages/airflow/example_dags/example_branch_python_dop_operator_3.py
[2024-03-23T14:10:12.485+0000] {processor.py:840} INFO - DAG(s) 'example_branch_dop_operator_v3' retrieved from /home/airflow/.local/lib/python3.8/site-packages/airflow/example_dags/example_branch_python_dop_operator_3.py
[2024-03-23T14:10:12.529+0000] {logging_mixin.py:188} INFO - [2024-03-23T14:10:12.528+0000] {dag.py:3047} INFO - Sync 1 DAGs
[2024-03-23T14:10:12.594+0000] {logging_mixin.py:188} INFO - [2024-03-23T14:10:12.593+0000] {dag.py:3834} INFO - Setting next_dagrun for example_branch_dop_operator_v3 to 2024-03-23 14:09:00+00:00, run_after=2024-03-23 14:10:00+00:00
[2024-03-23T14:10:12.633+0000] {processor.py:183} INFO - Processing /home/airflow/.local/lib/python3.8/site-packages/airflow/example_dags/example_branch_python_dop_operator_3.py took 0.180 seconds
[2024-03-23T14:10:42.754+0000] {processor.py:161} INFO - Started process (PID=236) to work on /home/airflow/.local/lib/python3.8/site-packages/airflow/example_dags/example_branch_python_dop_operator_3.py
[2024-03-23T14:10:42.755+0000] {processor.py:830} INFO - Processing file /home/airflow/.local/lib/python3.8/site-packages/airflow/example_dags/example_branch_python_dop_operator_3.py for tasks to queue
[2024-03-23T14:10:42.758+0000] {logging_mixin.py:188} INFO - [2024-03-23T14:10:42.758+0000] {dagbag.py:540} INFO - Filling up the DagBag from /home/airflow/.local/lib/python3.8/site-packages/airflow/example_dags/example_branch_python_dop_operator_3.py
[2024-03-23T14:10:42.775+0000] {processor.py:840} INFO - DAG(s) 'example_branch_dop_operator_v3' retrieved from /home/airflow/.local/lib/python3.8/site-packages/airflow/example_dags/example_branch_python_dop_operator_3.py
[2024-03-23T14:10:42.813+0000] {logging_mixin.py:188} INFO - [2024-03-23T14:10:42.812+0000] {dag.py:3047} INFO - Sync 1 DAGs
[2024-03-23T14:10:42.874+0000] {logging_mixin.py:188} INFO - [2024-03-23T14:10:42.874+0000] {dag.py:3834} INFO - Setting next_dagrun for example_branch_dop_operator_v3 to 2024-03-23 14:09:00+00:00, run_after=2024-03-23 14:10:00+00:00
[2024-03-23T14:10:42.916+0000] {processor.py:183} INFO - Processing /home/airflow/.local/lib/python3.8/site-packages/airflow/example_dags/example_branch_python_dop_operator_3.py took 0.167 seconds
[2024-03-23T14:11:12.962+0000] {processor.py:161} INFO - Started process (PID=291) to work on /home/airflow/.local/lib/python3.8/site-packages/airflow/example_dags/example_branch_python_dop_operator_3.py
[2024-03-23T14:11:12.964+0000] {processor.py:830} INFO - Processing file /home/airflow/.local/lib/python3.8/site-packages/airflow/example_dags/example_branch_python_dop_operator_3.py for tasks to queue
[2024-03-23T14:11:12.967+0000] {logging_mixin.py:188} INFO - [2024-03-23T14:11:12.967+0000] {dagbag.py:540} INFO - Filling up the DagBag from /home/airflow/.local/lib/python3.8/site-packages/airflow/example_dags/example_branch_python_dop_operator_3.py
[2024-03-23T14:11:12.981+0000] {processor.py:840} INFO - DAG(s) 'example_branch_dop_operator_v3' retrieved from /home/airflow/.local/lib/python3.8/site-packages/airflow/example_dags/example_branch_python_dop_operator_3.py
[2024-03-23T14:11:13.023+0000] {logging_mixin.py:188} INFO - [2024-03-23T14:11:13.022+0000] {dag.py:3047} INFO - Sync 1 DAGs
[2024-03-23T14:11:13.080+0000] {logging_mixin.py:188} INFO - [2024-03-23T14:11:13.079+0000] {dag.py:3834} INFO - Setting next_dagrun for example_branch_dop_operator_v3 to 2024-03-23 14:10:00+00:00, run_after=2024-03-23 14:11:00+00:00
[2024-03-23T14:11:13.116+0000] {processor.py:183} INFO - Processing /home/airflow/.local/lib/python3.8/site-packages/airflow/example_dags/example_branch_python_dop_operator_3.py took 0.159 seconds
[2024-03-23T14:11:43.945+0000] {processor.py:161} INFO - Started process (PID=346) to work on /home/airflow/.local/lib/python3.8/site-packages/airflow/example_dags/example_branch_python_dop_operator_3.py
[2024-03-23T14:11:43.947+0000] {processor.py:830} INFO - Processing file /home/airflow/.local/lib/python3.8/site-packages/airflow/example_dags/example_branch_python_dop_operator_3.py for tasks to queue
[2024-03-23T14:11:43.951+0000] {logging_mixin.py:188} INFO - [2024-03-23T14:11:43.950+0000] {dagbag.py:540} INFO - Filling up the DagBag from /home/airflow/.local/lib/python3.8/site-packages/airflow/example_dags/example_branch_python_dop_operator_3.py
[2024-03-23T14:11:43.973+0000] {processor.py:840} INFO - DAG(s) 'example_branch_dop_operator_v3' retrieved from /home/airflow/.local/lib/python3.8/site-packages/airflow/example_dags/example_branch_python_dop_operator_3.py
[2024-03-23T14:11:44.025+0000] {logging_mixin.py:188} INFO - [2024-03-23T14:11:44.024+0000] {dag.py:3047} INFO - Sync 1 DAGs
[2024-03-23T14:11:44.095+0000] {logging_mixin.py:188} INFO - [2024-03-23T14:11:44.095+0000] {dag.py:3834} INFO - Setting next_dagrun for example_branch_dop_operator_v3 to 2024-03-23 14:10:00+00:00, run_after=2024-03-23 14:11:00+00:00
[2024-03-23T14:11:44.148+0000] {processor.py:183} INFO - Processing /home/airflow/.local/lib/python3.8/site-packages/airflow/example_dags/example_branch_python_dop_operator_3.py took 0.209 seconds
[2024-03-23T14:12:14.266+0000] {processor.py:161} INFO - Started process (PID=401) to work on /home/airflow/.local/lib/python3.8/site-packages/airflow/example_dags/example_branch_python_dop_operator_3.py
[2024-03-23T14:12:14.267+0000] {processor.py:830} INFO - Processing file /home/airflow/.local/lib/python3.8/site-packages/airflow/example_dags/example_branch_python_dop_operator_3.py for tasks to queue
[2024-03-23T14:12:14.270+0000] {logging_mixin.py:188} INFO - [2024-03-23T14:12:14.269+0000] {dagbag.py:540} INFO - Filling up the DagBag from /home/airflow/.local/lib/python3.8/site-packages/airflow/example_dags/example_branch_python_dop_operator_3.py
[2024-03-23T14:12:14.285+0000] {processor.py:840} INFO - DAG(s) 'example_branch_dop_operator_v3' retrieved from /home/airflow/.local/lib/python3.8/site-packages/airflow/example_dags/example_branch_python_dop_operator_3.py
[2024-03-23T14:12:14.321+0000] {logging_mixin.py:188} INFO - [2024-03-23T14:12:14.321+0000] {dag.py:3047} INFO - Sync 1 DAGs
[2024-03-23T14:12:14.371+0000] {logging_mixin.py:188} INFO - [2024-03-23T14:12:14.371+0000] {dag.py:3834} INFO - Setting next_dagrun for example_branch_dop_operator_v3 to 2024-03-23 14:11:00+00:00, run_after=2024-03-23 14:12:00+00:00
[2024-03-23T14:12:14.406+0000] {processor.py:183} INFO - Processing /home/airflow/.local/lib/python3.8/site-packages/airflow/example_dags/example_branch_python_dop_operator_3.py took 0.145 seconds
