[2024-03-23T14:09:15.659+0000] {processor.py:161} INFO - Started process (PID=87) to work on /home/airflow/.local/lib/python3.8/site-packages/airflow/example_dags/example_python_decorator.py
[2024-03-23T14:09:15.661+0000] {processor.py:830} INFO - Processing file /home/airflow/.local/lib/python3.8/site-packages/airflow/example_dags/example_python_decorator.py for tasks to queue
[2024-03-23T14:09:15.666+0000] {logging_mixin.py:188} INFO - [2024-03-23T14:09:15.666+0000] {dagbag.py:540} INFO - Filling up the DagBag from /home/airflow/.local/lib/python3.8/site-packages/airflow/example_dags/example_python_decorator.py
[2024-03-23T14:09:15.699+0000] {processor.py:840} INFO - DAG(s) 'example_python_decorator' retrieved from /home/airflow/.local/lib/python3.8/site-packages/airflow/example_dags/example_python_decorator.py
[2024-03-23T14:09:15.975+0000] {logging_mixin.py:188} INFO - [2024-03-23T14:09:15.974+0000] {dag.py:3047} INFO - Sync 1 DAGs
[2024-03-23T14:09:15.999+0000] {logging_mixin.py:188} INFO - [2024-03-23T14:09:15.998+0000] {dag.py:3834} INFO - Setting next_dagrun for example_python_decorator to None, run_after=None
[2024-03-23T14:09:16.042+0000] {processor.py:183} INFO - Processing /home/airflow/.local/lib/python3.8/site-packages/airflow/example_dags/example_python_decorator.py took 0.390 seconds
[2024-03-23T14:09:46.865+0000] {processor.py:161} INFO - Started process (PID=142) to work on /home/airflow/.local/lib/python3.8/site-packages/airflow/example_dags/example_python_decorator.py
[2024-03-23T14:09:46.871+0000] {processor.py:830} INFO - Processing file /home/airflow/.local/lib/python3.8/site-packages/airflow/example_dags/example_python_decorator.py for tasks to queue
[2024-03-23T14:09:46.875+0000] {logging_mixin.py:188} INFO - [2024-03-23T14:09:46.874+0000] {dagbag.py:540} INFO - Filling up the DagBag from /home/airflow/.local/lib/python3.8/site-packages/airflow/example_dags/example_python_decorator.py
[2024-03-23T14:09:46.907+0000] {processor.py:840} INFO - DAG(s) 'example_python_decorator' retrieved from /home/airflow/.local/lib/python3.8/site-packages/airflow/example_dags/example_python_decorator.py
[2024-03-23T14:09:46.960+0000] {logging_mixin.py:188} INFO - [2024-03-23T14:09:46.959+0000] {dag.py:3047} INFO - Sync 1 DAGs
[2024-03-23T14:09:46.988+0000] {logging_mixin.py:188} INFO - [2024-03-23T14:09:46.987+0000] {dag.py:3834} INFO - Setting next_dagrun for example_python_decorator to None, run_after=None
[2024-03-23T14:09:47.030+0000] {processor.py:183} INFO - Processing /home/airflow/.local/lib/python3.8/site-packages/airflow/example_dags/example_python_decorator.py took 0.171 seconds
[2024-03-23T14:10:17.382+0000] {processor.py:161} INFO - Started process (PID=197) to work on /home/airflow/.local/lib/python3.8/site-packages/airflow/example_dags/example_python_decorator.py
[2024-03-23T14:10:17.386+0000] {processor.py:830} INFO - Processing file /home/airflow/.local/lib/python3.8/site-packages/airflow/example_dags/example_python_decorator.py for tasks to queue
[2024-03-23T14:10:17.389+0000] {logging_mixin.py:188} INFO - [2024-03-23T14:10:17.388+0000] {dagbag.py:540} INFO - Filling up the DagBag from /home/airflow/.local/lib/python3.8/site-packages/airflow/example_dags/example_python_decorator.py
[2024-03-23T14:10:17.417+0000] {processor.py:840} INFO - DAG(s) 'example_python_decorator' retrieved from /home/airflow/.local/lib/python3.8/site-packages/airflow/example_dags/example_python_decorator.py
[2024-03-23T14:10:17.476+0000] {logging_mixin.py:188} INFO - [2024-03-23T14:10:17.475+0000] {dag.py:3047} INFO - Sync 1 DAGs
[2024-03-23T14:10:17.505+0000] {logging_mixin.py:188} INFO - [2024-03-23T14:10:17.505+0000] {dag.py:3834} INFO - Setting next_dagrun for example_python_decorator to None, run_after=None
[2024-03-23T14:10:17.550+0000] {processor.py:183} INFO - Processing /home/airflow/.local/lib/python3.8/site-packages/airflow/example_dags/example_python_decorator.py took 0.174 seconds
[2024-03-23T14:10:48.050+0000] {processor.py:161} INFO - Started process (PID=252) to work on /home/airflow/.local/lib/python3.8/site-packages/airflow/example_dags/example_python_decorator.py
[2024-03-23T14:10:48.052+0000] {processor.py:830} INFO - Processing file /home/airflow/.local/lib/python3.8/site-packages/airflow/example_dags/example_python_decorator.py for tasks to queue
[2024-03-23T14:10:48.056+0000] {logging_mixin.py:188} INFO - [2024-03-23T14:10:48.055+0000] {dagbag.py:540} INFO - Filling up the DagBag from /home/airflow/.local/lib/python3.8/site-packages/airflow/example_dags/example_python_decorator.py
[2024-03-23T14:10:48.082+0000] {processor.py:840} INFO - DAG(s) 'example_python_decorator' retrieved from /home/airflow/.local/lib/python3.8/site-packages/airflow/example_dags/example_python_decorator.py
[2024-03-23T14:10:48.125+0000] {logging_mixin.py:188} INFO - [2024-03-23T14:10:48.125+0000] {dag.py:3047} INFO - Sync 1 DAGs
[2024-03-23T14:10:48.151+0000] {logging_mixin.py:188} INFO - [2024-03-23T14:10:48.150+0000] {dag.py:3834} INFO - Setting next_dagrun for example_python_decorator to None, run_after=None
[2024-03-23T14:10:48.194+0000] {processor.py:183} INFO - Processing /home/airflow/.local/lib/python3.8/site-packages/airflow/example_dags/example_python_decorator.py took 0.150 seconds
[2024-03-23T14:11:18.928+0000] {processor.py:161} INFO - Started process (PID=307) to work on /home/airflow/.local/lib/python3.8/site-packages/airflow/example_dags/example_python_decorator.py
[2024-03-23T14:11:18.932+0000] {processor.py:830} INFO - Processing file /home/airflow/.local/lib/python3.8/site-packages/airflow/example_dags/example_python_decorator.py for tasks to queue
[2024-03-23T14:11:18.938+0000] {logging_mixin.py:188} INFO - [2024-03-23T14:11:18.937+0000] {dagbag.py:540} INFO - Filling up the DagBag from /home/airflow/.local/lib/python3.8/site-packages/airflow/example_dags/example_python_decorator.py
[2024-03-23T14:11:18.992+0000] {processor.py:840} INFO - DAG(s) 'example_python_decorator' retrieved from /home/airflow/.local/lib/python3.8/site-packages/airflow/example_dags/example_python_decorator.py
[2024-03-23T14:11:19.042+0000] {logging_mixin.py:188} INFO - [2024-03-23T14:11:19.041+0000] {dag.py:3047} INFO - Sync 1 DAGs
[2024-03-23T14:11:19.067+0000] {logging_mixin.py:188} INFO - [2024-03-23T14:11:19.067+0000] {dag.py:3834} INFO - Setting next_dagrun for example_python_decorator to None, run_after=None
[2024-03-23T14:11:19.113+0000] {processor.py:183} INFO - Processing /home/airflow/.local/lib/python3.8/site-packages/airflow/example_dags/example_python_decorator.py took 0.195 seconds
[2024-03-23T14:11:49.853+0000] {processor.py:161} INFO - Started process (PID=362) to work on /home/airflow/.local/lib/python3.8/site-packages/airflow/example_dags/example_python_decorator.py
[2024-03-23T14:11:49.856+0000] {processor.py:830} INFO - Processing file /home/airflow/.local/lib/python3.8/site-packages/airflow/example_dags/example_python_decorator.py for tasks to queue
[2024-03-23T14:11:49.859+0000] {logging_mixin.py:188} INFO - [2024-03-23T14:11:49.859+0000] {dagbag.py:540} INFO - Filling up the DagBag from /home/airflow/.local/lib/python3.8/site-packages/airflow/example_dags/example_python_decorator.py
[2024-03-23T14:11:49.896+0000] {processor.py:840} INFO - DAG(s) 'example_python_decorator' retrieved from /home/airflow/.local/lib/python3.8/site-packages/airflow/example_dags/example_python_decorator.py
[2024-03-23T14:11:49.946+0000] {logging_mixin.py:188} INFO - [2024-03-23T14:11:49.946+0000] {dag.py:3047} INFO - Sync 1 DAGs
[2024-03-23T14:11:49.967+0000] {logging_mixin.py:188} INFO - [2024-03-23T14:11:49.966+0000] {dag.py:3834} INFO - Setting next_dagrun for example_python_decorator to None, run_after=None
[2024-03-23T14:11:50.007+0000] {processor.py:183} INFO - Processing /home/airflow/.local/lib/python3.8/site-packages/airflow/example_dags/example_python_decorator.py took 0.169 seconds
[2024-03-23T14:12:20.421+0000] {processor.py:161} INFO - Started process (PID=417) to work on /home/airflow/.local/lib/python3.8/site-packages/airflow/example_dags/example_python_decorator.py
[2024-03-23T14:12:20.424+0000] {processor.py:830} INFO - Processing file /home/airflow/.local/lib/python3.8/site-packages/airflow/example_dags/example_python_decorator.py for tasks to queue
[2024-03-23T14:12:20.427+0000] {logging_mixin.py:188} INFO - [2024-03-23T14:12:20.426+0000] {dagbag.py:540} INFO - Filling up the DagBag from /home/airflow/.local/lib/python3.8/site-packages/airflow/example_dags/example_python_decorator.py
[2024-03-23T14:12:20.457+0000] {processor.py:840} INFO - DAG(s) 'example_python_decorator' retrieved from /home/airflow/.local/lib/python3.8/site-packages/airflow/example_dags/example_python_decorator.py
[2024-03-23T14:12:20.506+0000] {logging_mixin.py:188} INFO - [2024-03-23T14:12:20.505+0000] {dag.py:3047} INFO - Sync 1 DAGs
[2024-03-23T14:12:20.541+0000] {logging_mixin.py:188} INFO - [2024-03-23T14:12:20.540+0000] {dag.py:3834} INFO - Setting next_dagrun for example_python_decorator to None, run_after=None
[2024-03-23T14:12:20.586+0000] {processor.py:183} INFO - Processing /home/airflow/.local/lib/python3.8/site-packages/airflow/example_dags/example_python_decorator.py took 0.170 seconds
