[2024-03-23T14:09:10.788+0000] {processor.py:161} INFO - Started process (PID=69) to work on /home/airflow/.local/lib/python3.8/site-packages/airflow/example_dags/example_datasets.py
[2024-03-23T14:09:10.806+0000] {processor.py:830} INFO - Processing file /home/airflow/.local/lib/python3.8/site-packages/airflow/example_dags/example_datasets.py for tasks to queue
[2024-03-23T14:09:10.817+0000] {logging_mixin.py:188} INFO - [2024-03-23T14:09:10.816+0000] {dagbag.py:540} INFO - Filling up the DagBag from /home/airflow/.local/lib/python3.8/site-packages/airflow/example_dags/example_datasets.py
[2024-03-23T14:09:10.874+0000] {processor.py:840} INFO - DAG(s) 'dataset_produces_2', 'dataset_consumes_1_never_scheduled', 'dataset_consumes_1_and_2', 'dataset_consumes_1', 'dataset_produces_1', 'dataset_consumes_unknown_never_scheduled' retrieved from /home/airflow/.local/lib/python3.8/site-packages/airflow/example_dags/example_datasets.py
[2024-03-23T14:09:11.251+0000] {logging_mixin.py:188} INFO - [2024-03-23T14:09:11.250+0000] {dag.py:3047} INFO - Sync 6 DAGs
[2024-03-23T14:09:11.309+0000] {logging_mixin.py:188} INFO - [2024-03-23T14:09:11.309+0000] {dag.py:3834} INFO - Setting next_dagrun for dataset_consumes_1 to None, run_after=None
[2024-03-23T14:09:11.321+0000] {logging_mixin.py:188} INFO - [2024-03-23T14:09:11.321+0000] {dag.py:3834} INFO - Setting next_dagrun for dataset_consumes_1_and_2 to None, run_after=None
[2024-03-23T14:09:11.324+0000] {logging_mixin.py:188} INFO - [2024-03-23T14:09:11.324+0000] {dag.py:3834} INFO - Setting next_dagrun for dataset_consumes_1_never_scheduled to None, run_after=None
[2024-03-23T14:09:11.329+0000] {logging_mixin.py:188} INFO - [2024-03-23T14:09:11.328+0000] {dag.py:3834} INFO - Setting next_dagrun for dataset_consumes_unknown_never_scheduled to None, run_after=None
[2024-03-23T14:09:11.338+0000] {logging_mixin.py:188} INFO - [2024-03-23T14:09:11.337+0000] {dag.py:3834} INFO - Setting next_dagrun for dataset_produces_1 to 2024-03-22 00:00:00+00:00, run_after=2024-03-23 00:00:00+00:00
[2024-03-23T14:09:11.342+0000] {logging_mixin.py:188} INFO - [2024-03-23T14:09:11.341+0000] {dag.py:3834} INFO - Setting next_dagrun for dataset_produces_2 to None, run_after=None
[2024-03-23T14:09:11.442+0000] {processor.py:183} INFO - Processing /home/airflow/.local/lib/python3.8/site-packages/airflow/example_dags/example_datasets.py took 0.693 seconds
[2024-03-23T14:09:41.731+0000] {processor.py:161} INFO - Started process (PID=125) to work on /home/airflow/.local/lib/python3.8/site-packages/airflow/example_dags/example_datasets.py
[2024-03-23T14:09:41.733+0000] {processor.py:830} INFO - Processing file /home/airflow/.local/lib/python3.8/site-packages/airflow/example_dags/example_datasets.py for tasks to queue
[2024-03-23T14:09:41.736+0000] {logging_mixin.py:188} INFO - [2024-03-23T14:09:41.736+0000] {dagbag.py:540} INFO - Filling up the DagBag from /home/airflow/.local/lib/python3.8/site-packages/airflow/example_dags/example_datasets.py
[2024-03-23T14:09:41.755+0000] {processor.py:840} INFO - DAG(s) 'dataset_consumes_unknown_never_scheduled', 'dataset_produces_1', 'dataset_consumes_1_never_scheduled', 'dataset_consumes_1_and_2', 'dataset_produces_2', 'dataset_consumes_1' retrieved from /home/airflow/.local/lib/python3.8/site-packages/airflow/example_dags/example_datasets.py
[2024-03-23T14:09:41.846+0000] {logging_mixin.py:188} INFO - [2024-03-23T14:09:41.845+0000] {dag.py:3047} INFO - Sync 6 DAGs
[2024-03-23T14:09:41.889+0000] {logging_mixin.py:188} INFO - [2024-03-23T14:09:41.889+0000] {dag.py:3834} INFO - Setting next_dagrun for dataset_consumes_1 to None, run_after=None
[2024-03-23T14:09:41.897+0000] {logging_mixin.py:188} INFO - [2024-03-23T14:09:41.897+0000] {dag.py:3834} INFO - Setting next_dagrun for dataset_consumes_1_and_2 to None, run_after=None
[2024-03-23T14:09:41.901+0000] {logging_mixin.py:188} INFO - [2024-03-23T14:09:41.900+0000] {dag.py:3834} INFO - Setting next_dagrun for dataset_consumes_1_never_scheduled to None, run_after=None
[2024-03-23T14:09:41.904+0000] {logging_mixin.py:188} INFO - [2024-03-23T14:09:41.904+0000] {dag.py:3834} INFO - Setting next_dagrun for dataset_consumes_unknown_never_scheduled to None, run_after=None
[2024-03-23T14:09:41.911+0000] {logging_mixin.py:188} INFO - [2024-03-23T14:09:41.910+0000] {dag.py:3834} INFO - Setting next_dagrun for dataset_produces_1 to 2024-03-22 00:00:00+00:00, run_after=2024-03-23 00:00:00+00:00
[2024-03-23T14:09:41.914+0000] {logging_mixin.py:188} INFO - [2024-03-23T14:09:41.914+0000] {dag.py:3834} INFO - Setting next_dagrun for dataset_produces_2 to None, run_after=None
[2024-03-23T14:09:41.990+0000] {processor.py:183} INFO - Processing /home/airflow/.local/lib/python3.8/site-packages/airflow/example_dags/example_datasets.py took 0.265 seconds
[2024-03-23T14:10:12.183+0000] {processor.py:161} INFO - Started process (PID=180) to work on /home/airflow/.local/lib/python3.8/site-packages/airflow/example_dags/example_datasets.py
[2024-03-23T14:10:12.186+0000] {processor.py:830} INFO - Processing file /home/airflow/.local/lib/python3.8/site-packages/airflow/example_dags/example_datasets.py for tasks to queue
[2024-03-23T14:10:12.189+0000] {logging_mixin.py:188} INFO - [2024-03-23T14:10:12.188+0000] {dagbag.py:540} INFO - Filling up the DagBag from /home/airflow/.local/lib/python3.8/site-packages/airflow/example_dags/example_datasets.py
[2024-03-23T14:10:12.206+0000] {processor.py:840} INFO - DAG(s) 'dataset_produces_1', 'dataset_consumes_1_and_2', 'dataset_consumes_1', 'dataset_produces_2', 'dataset_consumes_1_never_scheduled', 'dataset_consumes_unknown_never_scheduled' retrieved from /home/airflow/.local/lib/python3.8/site-packages/airflow/example_dags/example_datasets.py
[2024-03-23T14:10:12.284+0000] {logging_mixin.py:188} INFO - [2024-03-23T14:10:12.284+0000] {dag.py:3047} INFO - Sync 6 DAGs
[2024-03-23T14:10:12.329+0000] {logging_mixin.py:188} INFO - [2024-03-23T14:10:12.329+0000] {dag.py:3834} INFO - Setting next_dagrun for dataset_consumes_1 to None, run_after=None
[2024-03-23T14:10:12.339+0000] {logging_mixin.py:188} INFO - [2024-03-23T14:10:12.338+0000] {dag.py:3834} INFO - Setting next_dagrun for dataset_consumes_1_and_2 to None, run_after=None
[2024-03-23T14:10:12.342+0000] {logging_mixin.py:188} INFO - [2024-03-23T14:10:12.342+0000] {dag.py:3834} INFO - Setting next_dagrun for dataset_consumes_1_never_scheduled to None, run_after=None
[2024-03-23T14:10:12.346+0000] {logging_mixin.py:188} INFO - [2024-03-23T14:10:12.345+0000] {dag.py:3834} INFO - Setting next_dagrun for dataset_consumes_unknown_never_scheduled to None, run_after=None
[2024-03-23T14:10:12.351+0000] {logging_mixin.py:188} INFO - [2024-03-23T14:10:12.351+0000] {dag.py:3834} INFO - Setting next_dagrun for dataset_produces_1 to 2024-03-22 00:00:00+00:00, run_after=2024-03-23 00:00:00+00:00
[2024-03-23T14:10:12.354+0000] {logging_mixin.py:188} INFO - [2024-03-23T14:10:12.354+0000] {dag.py:3834} INFO - Setting next_dagrun for dataset_produces_2 to None, run_after=None
[2024-03-23T14:10:12.424+0000] {processor.py:183} INFO - Processing /home/airflow/.local/lib/python3.8/site-packages/airflow/example_dags/example_datasets.py took 0.245 seconds
[2024-03-23T14:10:42.470+0000] {processor.py:161} INFO - Started process (PID=235) to work on /home/airflow/.local/lib/python3.8/site-packages/airflow/example_dags/example_datasets.py
[2024-03-23T14:10:42.473+0000] {processor.py:830} INFO - Processing file /home/airflow/.local/lib/python3.8/site-packages/airflow/example_dags/example_datasets.py for tasks to queue
[2024-03-23T14:10:42.476+0000] {logging_mixin.py:188} INFO - [2024-03-23T14:10:42.475+0000] {dagbag.py:540} INFO - Filling up the DagBag from /home/airflow/.local/lib/python3.8/site-packages/airflow/example_dags/example_datasets.py
[2024-03-23T14:10:42.494+0000] {processor.py:840} INFO - DAG(s) 'dataset_consumes_1', 'dataset_produces_1', 'dataset_consumes_unknown_never_scheduled', 'dataset_produces_2', 'dataset_consumes_1_never_scheduled', 'dataset_consumes_1_and_2' retrieved from /home/airflow/.local/lib/python3.8/site-packages/airflow/example_dags/example_datasets.py
[2024-03-23T14:10:42.582+0000] {logging_mixin.py:188} INFO - [2024-03-23T14:10:42.581+0000] {dag.py:3047} INFO - Sync 6 DAGs
[2024-03-23T14:10:42.631+0000] {logging_mixin.py:188} INFO - [2024-03-23T14:10:42.630+0000] {dag.py:3834} INFO - Setting next_dagrun for dataset_consumes_1 to None, run_after=None
[2024-03-23T14:10:42.638+0000] {logging_mixin.py:188} INFO - [2024-03-23T14:10:42.637+0000] {dag.py:3834} INFO - Setting next_dagrun for dataset_consumes_1_and_2 to None, run_after=None
[2024-03-23T14:10:42.641+0000] {logging_mixin.py:188} INFO - [2024-03-23T14:10:42.640+0000] {dag.py:3834} INFO - Setting next_dagrun for dataset_consumes_1_never_scheduled to None, run_after=None
[2024-03-23T14:10:42.645+0000] {logging_mixin.py:188} INFO - [2024-03-23T14:10:42.645+0000] {dag.py:3834} INFO - Setting next_dagrun for dataset_consumes_unknown_never_scheduled to None, run_after=None
[2024-03-23T14:10:42.651+0000] {logging_mixin.py:188} INFO - [2024-03-23T14:10:42.651+0000] {dag.py:3834} INFO - Setting next_dagrun for dataset_produces_1 to 2024-03-22 00:00:00+00:00, run_after=2024-03-23 00:00:00+00:00
[2024-03-23T14:10:42.654+0000] {logging_mixin.py:188} INFO - [2024-03-23T14:10:42.654+0000] {dag.py:3834} INFO - Setting next_dagrun for dataset_produces_2 to None, run_after=None
[2024-03-23T14:10:42.723+0000] {processor.py:183} INFO - Processing /home/airflow/.local/lib/python3.8/site-packages/airflow/example_dags/example_datasets.py took 0.259 seconds
[2024-03-23T14:11:12.954+0000] {processor.py:161} INFO - Started process (PID=290) to work on /home/airflow/.local/lib/python3.8/site-packages/airflow/example_dags/example_datasets.py
[2024-03-23T14:11:12.956+0000] {processor.py:830} INFO - Processing file /home/airflow/.local/lib/python3.8/site-packages/airflow/example_dags/example_datasets.py for tasks to queue
[2024-03-23T14:11:12.958+0000] {logging_mixin.py:188} INFO - [2024-03-23T14:11:12.958+0000] {dagbag.py:540} INFO - Filling up the DagBag from /home/airflow/.local/lib/python3.8/site-packages/airflow/example_dags/example_datasets.py
[2024-03-23T14:11:12.974+0000] {processor.py:840} INFO - DAG(s) 'dataset_consumes_unknown_never_scheduled', 'dataset_produces_2', 'dataset_consumes_1_and_2', 'dataset_consumes_1_never_scheduled', 'dataset_produces_1', 'dataset_consumes_1' retrieved from /home/airflow/.local/lib/python3.8/site-packages/airflow/example_dags/example_datasets.py
[2024-03-23T14:11:13.054+0000] {logging_mixin.py:188} INFO - [2024-03-23T14:11:13.053+0000] {dag.py:3047} INFO - Sync 6 DAGs
[2024-03-23T14:11:13.104+0000] {logging_mixin.py:188} INFO - [2024-03-23T14:11:13.103+0000] {dag.py:3834} INFO - Setting next_dagrun for dataset_consumes_1 to None, run_after=None
[2024-03-23T14:11:13.111+0000] {logging_mixin.py:188} INFO - [2024-03-23T14:11:13.110+0000] {dag.py:3834} INFO - Setting next_dagrun for dataset_consumes_1_and_2 to None, run_after=None
[2024-03-23T14:11:13.114+0000] {logging_mixin.py:188} INFO - [2024-03-23T14:11:13.114+0000] {dag.py:3834} INFO - Setting next_dagrun for dataset_consumes_1_never_scheduled to None, run_after=None
[2024-03-23T14:11:13.117+0000] {logging_mixin.py:188} INFO - [2024-03-23T14:11:13.117+0000] {dag.py:3834} INFO - Setting next_dagrun for dataset_consumes_unknown_never_scheduled to None, run_after=None
[2024-03-23T14:11:13.125+0000] {logging_mixin.py:188} INFO - [2024-03-23T14:11:13.124+0000] {dag.py:3834} INFO - Setting next_dagrun for dataset_produces_1 to 2024-03-22 00:00:00+00:00, run_after=2024-03-23 00:00:00+00:00
[2024-03-23T14:11:13.128+0000] {logging_mixin.py:188} INFO - [2024-03-23T14:11:13.127+0000] {dag.py:3834} INFO - Setting next_dagrun for dataset_produces_2 to None, run_after=None
[2024-03-23T14:11:13.202+0000] {processor.py:183} INFO - Processing /home/airflow/.local/lib/python3.8/site-packages/airflow/example_dags/example_datasets.py took 0.252 seconds
[2024-03-23T14:11:43.521+0000] {processor.py:161} INFO - Started process (PID=344) to work on /home/airflow/.local/lib/python3.8/site-packages/airflow/example_dags/example_datasets.py
[2024-03-23T14:11:43.524+0000] {processor.py:830} INFO - Processing file /home/airflow/.local/lib/python3.8/site-packages/airflow/example_dags/example_datasets.py for tasks to queue
[2024-03-23T14:11:43.529+0000] {logging_mixin.py:188} INFO - [2024-03-23T14:11:43.528+0000] {dagbag.py:540} INFO - Filling up the DagBag from /home/airflow/.local/lib/python3.8/site-packages/airflow/example_dags/example_datasets.py
[2024-03-23T14:11:43.569+0000] {processor.py:840} INFO - DAG(s) 'dataset_consumes_1_and_2', 'dataset_consumes_unknown_never_scheduled', 'dataset_consumes_1_never_scheduled', 'dataset_consumes_1', 'dataset_produces_2', 'dataset_produces_1' retrieved from /home/airflow/.local/lib/python3.8/site-packages/airflow/example_dags/example_datasets.py
[2024-03-23T14:11:43.682+0000] {logging_mixin.py:188} INFO - [2024-03-23T14:11:43.680+0000] {dag.py:3047} INFO - Sync 6 DAGs
[2024-03-23T14:11:43.752+0000] {logging_mixin.py:188} INFO - [2024-03-23T14:11:43.752+0000] {dag.py:3834} INFO - Setting next_dagrun for dataset_consumes_1 to None, run_after=None
[2024-03-23T14:11:43.764+0000] {logging_mixin.py:188} INFO - [2024-03-23T14:11:43.763+0000] {dag.py:3834} INFO - Setting next_dagrun for dataset_consumes_1_and_2 to None, run_after=None
[2024-03-23T14:11:43.767+0000] {logging_mixin.py:188} INFO - [2024-03-23T14:11:43.767+0000] {dag.py:3834} INFO - Setting next_dagrun for dataset_consumes_1_never_scheduled to None, run_after=None
[2024-03-23T14:11:43.772+0000] {logging_mixin.py:188} INFO - [2024-03-23T14:11:43.771+0000] {dag.py:3834} INFO - Setting next_dagrun for dataset_consumes_unknown_never_scheduled to None, run_after=None
[2024-03-23T14:11:43.783+0000] {logging_mixin.py:188} INFO - [2024-03-23T14:11:43.783+0000] {dag.py:3834} INFO - Setting next_dagrun for dataset_produces_1 to 2024-03-22 00:00:00+00:00, run_after=2024-03-23 00:00:00+00:00
[2024-03-23T14:11:43.788+0000] {logging_mixin.py:188} INFO - [2024-03-23T14:11:43.788+0000] {dag.py:3834} INFO - Setting next_dagrun for dataset_produces_2 to None, run_after=None
[2024-03-23T14:11:43.888+0000] {processor.py:183} INFO - Processing /home/airflow/.local/lib/python3.8/site-packages/airflow/example_dags/example_datasets.py took 0.377 seconds
[2024-03-23T14:12:14.012+0000] {processor.py:161} INFO - Started process (PID=399) to work on /home/airflow/.local/lib/python3.8/site-packages/airflow/example_dags/example_datasets.py
[2024-03-23T14:12:14.014+0000] {processor.py:830} INFO - Processing file /home/airflow/.local/lib/python3.8/site-packages/airflow/example_dags/example_datasets.py for tasks to queue
[2024-03-23T14:12:14.017+0000] {logging_mixin.py:188} INFO - [2024-03-23T14:12:14.016+0000] {dagbag.py:540} INFO - Filling up the DagBag from /home/airflow/.local/lib/python3.8/site-packages/airflow/example_dags/example_datasets.py
[2024-03-23T14:12:14.031+0000] {processor.py:840} INFO - DAG(s) 'dataset_produces_1', 'dataset_consumes_unknown_never_scheduled', 'dataset_consumes_1_never_scheduled', 'dataset_produces_2', 'dataset_consumes_1', 'dataset_consumes_1_and_2' retrieved from /home/airflow/.local/lib/python3.8/site-packages/airflow/example_dags/example_datasets.py
[2024-03-23T14:12:14.100+0000] {logging_mixin.py:188} INFO - [2024-03-23T14:12:14.099+0000] {dag.py:3047} INFO - Sync 6 DAGs
[2024-03-23T14:12:14.141+0000] {logging_mixin.py:188} INFO - [2024-03-23T14:12:14.140+0000] {dag.py:3834} INFO - Setting next_dagrun for dataset_consumes_1 to None, run_after=None
[2024-03-23T14:12:14.148+0000] {logging_mixin.py:188} INFO - [2024-03-23T14:12:14.148+0000] {dag.py:3834} INFO - Setting next_dagrun for dataset_consumes_1_and_2 to None, run_after=None
[2024-03-23T14:12:14.151+0000] {logging_mixin.py:188} INFO - [2024-03-23T14:12:14.151+0000] {dag.py:3834} INFO - Setting next_dagrun for dataset_consumes_1_never_scheduled to None, run_after=None
[2024-03-23T14:12:14.153+0000] {logging_mixin.py:188} INFO - [2024-03-23T14:12:14.153+0000] {dag.py:3834} INFO - Setting next_dagrun for dataset_consumes_unknown_never_scheduled to None, run_after=None
[2024-03-23T14:12:14.159+0000] {logging_mixin.py:188} INFO - [2024-03-23T14:12:14.158+0000] {dag.py:3834} INFO - Setting next_dagrun for dataset_produces_1 to 2024-03-22 00:00:00+00:00, run_after=2024-03-23 00:00:00+00:00
[2024-03-23T14:12:14.162+0000] {logging_mixin.py:188} INFO - [2024-03-23T14:12:14.162+0000] {dag.py:3834} INFO - Setting next_dagrun for dataset_produces_2 to None, run_after=None
[2024-03-23T14:12:14.228+0000] {processor.py:183} INFO - Processing /home/airflow/.local/lib/python3.8/site-packages/airflow/example_dags/example_datasets.py took 0.221 seconds
