[2024-03-23T14:09:11.478+0000] {processor.py:161} INFO - Started process (PID=72) to work on /home/airflow/.local/lib/python3.8/site-packages/airflow/example_dags/example_xcom.py
[2024-03-23T14:09:11.480+0000] {processor.py:830} INFO - Processing file /home/airflow/.local/lib/python3.8/site-packages/airflow/example_dags/example_xcom.py for tasks to queue
[2024-03-23T14:09:11.483+0000] {logging_mixin.py:188} INFO - [2024-03-23T14:09:11.482+0000] {dagbag.py:540} INFO - Filling up the DagBag from /home/airflow/.local/lib/python3.8/site-packages/airflow/example_dags/example_xcom.py
[2024-03-23T14:09:11.508+0000] {processor.py:840} INFO - DAG(s) 'example_xcom' retrieved from /home/airflow/.local/lib/python3.8/site-packages/airflow/example_dags/example_xcom.py
[2024-03-23T14:09:11.838+0000] {logging_mixin.py:188} INFO - [2024-03-23T14:09:11.837+0000] {dag.py:3047} INFO - Sync 1 DAGs
[2024-03-23T14:09:11.981+0000] {logging_mixin.py:188} INFO - [2024-03-23T14:09:11.981+0000] {dag.py:3834} INFO - Setting next_dagrun for example_xcom to 2021-01-01 00:00:00+00:00, run_after=2021-01-01 00:00:00+00:00
[2024-03-23T14:09:12.053+0000] {processor.py:183} INFO - Processing /home/airflow/.local/lib/python3.8/site-packages/airflow/example_dags/example_xcom.py took 0.580 seconds
[2024-03-23T14:09:42.200+0000] {processor.py:161} INFO - Started process (PID=127) to work on /home/airflow/.local/lib/python3.8/site-packages/airflow/example_dags/example_xcom.py
[2024-03-23T14:09:42.202+0000] {processor.py:830} INFO - Processing file /home/airflow/.local/lib/python3.8/site-packages/airflow/example_dags/example_xcom.py for tasks to queue
[2024-03-23T14:09:42.205+0000] {logging_mixin.py:188} INFO - [2024-03-23T14:09:42.204+0000] {dagbag.py:540} INFO - Filling up the DagBag from /home/airflow/.local/lib/python3.8/site-packages/airflow/example_dags/example_xcom.py
[2024-03-23T14:09:42.217+0000] {processor.py:840} INFO - DAG(s) 'example_xcom' retrieved from /home/airflow/.local/lib/python3.8/site-packages/airflow/example_dags/example_xcom.py
[2024-03-23T14:09:42.256+0000] {logging_mixin.py:188} INFO - [2024-03-23T14:09:42.255+0000] {dag.py:3047} INFO - Sync 1 DAGs
[2024-03-23T14:09:42.294+0000] {logging_mixin.py:188} INFO - [2024-03-23T14:09:42.294+0000] {dag.py:3834} INFO - Setting next_dagrun for example_xcom to 2021-01-01 00:00:00+00:00, run_after=2021-01-01 00:00:00+00:00
[2024-03-23T14:09:42.332+0000] {processor.py:183} INFO - Processing /home/airflow/.local/lib/python3.8/site-packages/airflow/example_dags/example_xcom.py took 0.136 seconds
[2024-03-23T14:10:12.470+0000] {processor.py:161} INFO - Started process (PID=182) to work on /home/airflow/.local/lib/python3.8/site-packages/airflow/example_dags/example_xcom.py
[2024-03-23T14:10:12.472+0000] {processor.py:830} INFO - Processing file /home/airflow/.local/lib/python3.8/site-packages/airflow/example_dags/example_xcom.py for tasks to queue
[2024-03-23T14:10:12.475+0000] {logging_mixin.py:188} INFO - [2024-03-23T14:10:12.475+0000] {dagbag.py:540} INFO - Filling up the DagBag from /home/airflow/.local/lib/python3.8/site-packages/airflow/example_dags/example_xcom.py
[2024-03-23T14:10:12.493+0000] {processor.py:840} INFO - DAG(s) 'example_xcom' retrieved from /home/airflow/.local/lib/python3.8/site-packages/airflow/example_dags/example_xcom.py
[2024-03-23T14:10:12.538+0000] {logging_mixin.py:188} INFO - [2024-03-23T14:10:12.537+0000] {dag.py:3047} INFO - Sync 1 DAGs
[2024-03-23T14:10:12.585+0000] {logging_mixin.py:188} INFO - [2024-03-23T14:10:12.584+0000] {dag.py:3834} INFO - Setting next_dagrun for example_xcom to 2021-01-01 00:00:00+00:00, run_after=2021-01-01 00:00:00+00:00
[2024-03-23T14:10:12.626+0000] {processor.py:183} INFO - Processing /home/airflow/.local/lib/python3.8/site-packages/airflow/example_dags/example_xcom.py took 0.163 seconds
[2024-03-23T14:10:42.765+0000] {processor.py:161} INFO - Started process (PID=237) to work on /home/airflow/.local/lib/python3.8/site-packages/airflow/example_dags/example_xcom.py
[2024-03-23T14:10:42.766+0000] {processor.py:830} INFO - Processing file /home/airflow/.local/lib/python3.8/site-packages/airflow/example_dags/example_xcom.py for tasks to queue
[2024-03-23T14:10:42.769+0000] {logging_mixin.py:188} INFO - [2024-03-23T14:10:42.768+0000] {dagbag.py:540} INFO - Filling up the DagBag from /home/airflow/.local/lib/python3.8/site-packages/airflow/example_dags/example_xcom.py
[2024-03-23T14:10:42.785+0000] {processor.py:840} INFO - DAG(s) 'example_xcom' retrieved from /home/airflow/.local/lib/python3.8/site-packages/airflow/example_dags/example_xcom.py
[2024-03-23T14:10:42.834+0000] {logging_mixin.py:188} INFO - [2024-03-23T14:10:42.834+0000] {dag.py:3047} INFO - Sync 1 DAGs
[2024-03-23T14:10:42.878+0000] {logging_mixin.py:188} INFO - [2024-03-23T14:10:42.877+0000] {dag.py:3834} INFO - Setting next_dagrun for example_xcom to 2021-01-01 00:00:00+00:00, run_after=2021-01-01 00:00:00+00:00
[2024-03-23T14:10:42.921+0000] {processor.py:183} INFO - Processing /home/airflow/.local/lib/python3.8/site-packages/airflow/example_dags/example_xcom.py took 0.162 seconds
[2024-03-23T14:11:13.149+0000] {processor.py:161} INFO - Started process (PID=292) to work on /home/airflow/.local/lib/python3.8/site-packages/airflow/example_dags/example_xcom.py
[2024-03-23T14:11:13.151+0000] {processor.py:830} INFO - Processing file /home/airflow/.local/lib/python3.8/site-packages/airflow/example_dags/example_xcom.py for tasks to queue
[2024-03-23T14:11:13.155+0000] {logging_mixin.py:188} INFO - [2024-03-23T14:11:13.154+0000] {dagbag.py:540} INFO - Filling up the DagBag from /home/airflow/.local/lib/python3.8/site-packages/airflow/example_dags/example_xcom.py
[2024-03-23T14:11:13.169+0000] {processor.py:840} INFO - DAG(s) 'example_xcom' retrieved from /home/airflow/.local/lib/python3.8/site-packages/airflow/example_dags/example_xcom.py
[2024-03-23T14:11:13.213+0000] {logging_mixin.py:188} INFO - [2024-03-23T14:11:13.213+0000] {dag.py:3047} INFO - Sync 1 DAGs
[2024-03-23T14:11:13.257+0000] {logging_mixin.py:188} INFO - [2024-03-23T14:11:13.257+0000] {dag.py:3834} INFO - Setting next_dagrun for example_xcom to 2021-01-01 00:00:00+00:00, run_after=2021-01-01 00:00:00+00:00
[2024-03-23T14:11:13.296+0000] {processor.py:183} INFO - Processing /home/airflow/.local/lib/python3.8/site-packages/airflow/example_dags/example_xcom.py took 0.152 seconds
[2024-03-23T14:11:44.186+0000] {processor.py:161} INFO - Started process (PID=347) to work on /home/airflow/.local/lib/python3.8/site-packages/airflow/example_dags/example_xcom.py
[2024-03-23T14:11:44.188+0000] {processor.py:830} INFO - Processing file /home/airflow/.local/lib/python3.8/site-packages/airflow/example_dags/example_xcom.py for tasks to queue
[2024-03-23T14:11:44.191+0000] {logging_mixin.py:188} INFO - [2024-03-23T14:11:44.190+0000] {dagbag.py:540} INFO - Filling up the DagBag from /home/airflow/.local/lib/python3.8/site-packages/airflow/example_dags/example_xcom.py
[2024-03-23T14:11:44.205+0000] {processor.py:840} INFO - DAG(s) 'example_xcom' retrieved from /home/airflow/.local/lib/python3.8/site-packages/airflow/example_dags/example_xcom.py
[2024-03-23T14:11:44.260+0000] {logging_mixin.py:188} INFO - [2024-03-23T14:11:44.259+0000] {dag.py:3047} INFO - Sync 1 DAGs
[2024-03-23T14:11:44.315+0000] {logging_mixin.py:188} INFO - [2024-03-23T14:11:44.314+0000] {dag.py:3834} INFO - Setting next_dagrun for example_xcom to 2021-01-01 00:00:00+00:00, run_after=2021-01-01 00:00:00+00:00
[2024-03-23T14:11:44.364+0000] {processor.py:183} INFO - Processing /home/airflow/.local/lib/python3.8/site-packages/airflow/example_dags/example_xcom.py took 0.184 seconds
[2024-03-23T14:12:14.438+0000] {processor.py:161} INFO - Started process (PID=402) to work on /home/airflow/.local/lib/python3.8/site-packages/airflow/example_dags/example_xcom.py
[2024-03-23T14:12:14.440+0000] {processor.py:830} INFO - Processing file /home/airflow/.local/lib/python3.8/site-packages/airflow/example_dags/example_xcom.py for tasks to queue
[2024-03-23T14:12:14.443+0000] {logging_mixin.py:188} INFO - [2024-03-23T14:12:14.443+0000] {dagbag.py:540} INFO - Filling up the DagBag from /home/airflow/.local/lib/python3.8/site-packages/airflow/example_dags/example_xcom.py
[2024-03-23T14:12:14.455+0000] {processor.py:840} INFO - DAG(s) 'example_xcom' retrieved from /home/airflow/.local/lib/python3.8/site-packages/airflow/example_dags/example_xcom.py
[2024-03-23T14:12:14.494+0000] {logging_mixin.py:188} INFO - [2024-03-23T14:12:14.493+0000] {dag.py:3047} INFO - Sync 1 DAGs
[2024-03-23T14:12:14.532+0000] {logging_mixin.py:188} INFO - [2024-03-23T14:12:14.531+0000] {dag.py:3834} INFO - Setting next_dagrun for example_xcom to 2021-01-01 00:00:00+00:00, run_after=2021-01-01 00:00:00+00:00
[2024-03-23T14:12:14.568+0000] {processor.py:183} INFO - Processing /home/airflow/.local/lib/python3.8/site-packages/airflow/example_dags/example_xcom.py took 0.135 seconds
