[2024-03-23T14:09:13.177+0000] {processor.py:161} INFO - Started process (PID=78) to work on /home/airflow/.local/lib/python3.8/site-packages/airflow/example_dags/example_short_circuit_operator.py
[2024-03-23T14:09:13.179+0000] {processor.py:830} INFO - Processing file /home/airflow/.local/lib/python3.8/site-packages/airflow/example_dags/example_short_circuit_operator.py for tasks to queue
[2024-03-23T14:09:13.183+0000] {logging_mixin.py:188} INFO - [2024-03-23T14:09:13.183+0000] {dagbag.py:540} INFO - Filling up the DagBag from /home/airflow/.local/lib/python3.8/site-packages/airflow/example_dags/example_short_circuit_operator.py
[2024-03-23T14:09:13.209+0000] {processor.py:840} INFO - DAG(s) 'example_short_circuit_operator' retrieved from /home/airflow/.local/lib/python3.8/site-packages/airflow/example_dags/example_short_circuit_operator.py
[2024-03-23T14:09:13.441+0000] {logging_mixin.py:188} INFO - [2024-03-23T14:09:13.440+0000] {dag.py:3047} INFO - Sync 1 DAGs
[2024-03-23T14:09:13.492+0000] {logging_mixin.py:188} INFO - [2024-03-23T14:09:13.492+0000] {dag.py:3834} INFO - Setting next_dagrun for example_short_circuit_operator to 2024-03-22 00:00:00+00:00, run_after=2024-03-23 00:00:00+00:00
[2024-03-23T14:09:13.555+0000] {processor.py:183} INFO - Processing /home/airflow/.local/lib/python3.8/site-packages/airflow/example_dags/example_short_circuit_operator.py took 0.383 seconds
[2024-03-23T14:09:43.810+0000] {processor.py:161} INFO - Started process (PID=133) to work on /home/airflow/.local/lib/python3.8/site-packages/airflow/example_dags/example_short_circuit_operator.py
[2024-03-23T14:09:43.812+0000] {processor.py:830} INFO - Processing file /home/airflow/.local/lib/python3.8/site-packages/airflow/example_dags/example_short_circuit_operator.py for tasks to queue
[2024-03-23T14:09:43.814+0000] {logging_mixin.py:188} INFO - [2024-03-23T14:09:43.814+0000] {dagbag.py:540} INFO - Filling up the DagBag from /home/airflow/.local/lib/python3.8/site-packages/airflow/example_dags/example_short_circuit_operator.py
[2024-03-23T14:09:43.826+0000] {processor.py:840} INFO - DAG(s) 'example_short_circuit_operator' retrieved from /home/airflow/.local/lib/python3.8/site-packages/airflow/example_dags/example_short_circuit_operator.py
[2024-03-23T14:09:43.866+0000] {logging_mixin.py:188} INFO - [2024-03-23T14:09:43.866+0000] {dag.py:3047} INFO - Sync 1 DAGs
[2024-03-23T14:09:43.908+0000] {logging_mixin.py:188} INFO - [2024-03-23T14:09:43.907+0000] {dag.py:3834} INFO - Setting next_dagrun for example_short_circuit_operator to 2024-03-22 00:00:00+00:00, run_after=2024-03-23 00:00:00+00:00
[2024-03-23T14:09:43.943+0000] {processor.py:183} INFO - Processing /home/airflow/.local/lib/python3.8/site-packages/airflow/example_dags/example_short_circuit_operator.py took 0.137 seconds
[2024-03-23T14:10:14.074+0000] {processor.py:161} INFO - Started process (PID=188) to work on /home/airflow/.local/lib/python3.8/site-packages/airflow/example_dags/example_short_circuit_operator.py
[2024-03-23T14:10:14.076+0000] {processor.py:830} INFO - Processing file /home/airflow/.local/lib/python3.8/site-packages/airflow/example_dags/example_short_circuit_operator.py for tasks to queue
[2024-03-23T14:10:14.079+0000] {logging_mixin.py:188} INFO - [2024-03-23T14:10:14.078+0000] {dagbag.py:540} INFO - Filling up the DagBag from /home/airflow/.local/lib/python3.8/site-packages/airflow/example_dags/example_short_circuit_operator.py
[2024-03-23T14:10:14.094+0000] {processor.py:840} INFO - DAG(s) 'example_short_circuit_operator' retrieved from /home/airflow/.local/lib/python3.8/site-packages/airflow/example_dags/example_short_circuit_operator.py
[2024-03-23T14:10:14.146+0000] {logging_mixin.py:188} INFO - [2024-03-23T14:10:14.145+0000] {dag.py:3047} INFO - Sync 1 DAGs
[2024-03-23T14:10:14.196+0000] {logging_mixin.py:188} INFO - [2024-03-23T14:10:14.196+0000] {dag.py:3834} INFO - Setting next_dagrun for example_short_circuit_operator to 2024-03-22 00:00:00+00:00, run_after=2024-03-23 00:00:00+00:00
[2024-03-23T14:10:14.238+0000] {processor.py:183} INFO - Processing /home/airflow/.local/lib/python3.8/site-packages/airflow/example_dags/example_short_circuit_operator.py took 0.171 seconds
[2024-03-23T14:10:44.311+0000] {processor.py:161} INFO - Started process (PID=243) to work on /home/airflow/.local/lib/python3.8/site-packages/airflow/example_dags/example_short_circuit_operator.py
[2024-03-23T14:10:44.313+0000] {processor.py:830} INFO - Processing file /home/airflow/.local/lib/python3.8/site-packages/airflow/example_dags/example_short_circuit_operator.py for tasks to queue
[2024-03-23T14:10:44.316+0000] {logging_mixin.py:188} INFO - [2024-03-23T14:10:44.315+0000] {dagbag.py:540} INFO - Filling up the DagBag from /home/airflow/.local/lib/python3.8/site-packages/airflow/example_dags/example_short_circuit_operator.py
[2024-03-23T14:10:44.332+0000] {processor.py:840} INFO - DAG(s) 'example_short_circuit_operator' retrieved from /home/airflow/.local/lib/python3.8/site-packages/airflow/example_dags/example_short_circuit_operator.py
[2024-03-23T14:10:44.383+0000] {logging_mixin.py:188} INFO - [2024-03-23T14:10:44.382+0000] {dag.py:3047} INFO - Sync 1 DAGs
[2024-03-23T14:10:44.433+0000] {logging_mixin.py:188} INFO - [2024-03-23T14:10:44.433+0000] {dag.py:3834} INFO - Setting next_dagrun for example_short_circuit_operator to 2024-03-22 00:00:00+00:00, run_after=2024-03-23 00:00:00+00:00
[2024-03-23T14:10:44.475+0000] {processor.py:183} INFO - Processing /home/airflow/.local/lib/python3.8/site-packages/airflow/example_dags/example_short_circuit_operator.py took 0.170 seconds
[2024-03-23T14:11:14.642+0000] {processor.py:161} INFO - Started process (PID=298) to work on /home/airflow/.local/lib/python3.8/site-packages/airflow/example_dags/example_short_circuit_operator.py
[2024-03-23T14:11:14.644+0000] {processor.py:830} INFO - Processing file /home/airflow/.local/lib/python3.8/site-packages/airflow/example_dags/example_short_circuit_operator.py for tasks to queue
[2024-03-23T14:11:14.647+0000] {logging_mixin.py:188} INFO - [2024-03-23T14:11:14.646+0000] {dagbag.py:540} INFO - Filling up the DagBag from /home/airflow/.local/lib/python3.8/site-packages/airflow/example_dags/example_short_circuit_operator.py
[2024-03-23T14:11:14.662+0000] {processor.py:840} INFO - DAG(s) 'example_short_circuit_operator' retrieved from /home/airflow/.local/lib/python3.8/site-packages/airflow/example_dags/example_short_circuit_operator.py
[2024-03-23T14:11:14.710+0000] {logging_mixin.py:188} INFO - [2024-03-23T14:11:14.710+0000] {dag.py:3047} INFO - Sync 1 DAGs
[2024-03-23T14:11:14.760+0000] {logging_mixin.py:188} INFO - [2024-03-23T14:11:14.759+0000] {dag.py:3834} INFO - Setting next_dagrun for example_short_circuit_operator to 2024-03-22 00:00:00+00:00, run_after=2024-03-23 00:00:00+00:00
[2024-03-23T14:11:14.805+0000] {processor.py:183} INFO - Processing /home/airflow/.local/lib/python3.8/site-packages/airflow/example_dags/example_short_circuit_operator.py took 0.168 seconds
[2024-03-23T14:11:45.765+0000] {processor.py:161} INFO - Started process (PID=353) to work on /home/airflow/.local/lib/python3.8/site-packages/airflow/example_dags/example_short_circuit_operator.py
[2024-03-23T14:11:45.767+0000] {processor.py:830} INFO - Processing file /home/airflow/.local/lib/python3.8/site-packages/airflow/example_dags/example_short_circuit_operator.py for tasks to queue
[2024-03-23T14:11:45.770+0000] {logging_mixin.py:188} INFO - [2024-03-23T14:11:45.769+0000] {dagbag.py:540} INFO - Filling up the DagBag from /home/airflow/.local/lib/python3.8/site-packages/airflow/example_dags/example_short_circuit_operator.py
[2024-03-23T14:11:45.783+0000] {processor.py:840} INFO - DAG(s) 'example_short_circuit_operator' retrieved from /home/airflow/.local/lib/python3.8/site-packages/airflow/example_dags/example_short_circuit_operator.py
[2024-03-23T14:11:45.828+0000] {logging_mixin.py:188} INFO - [2024-03-23T14:11:45.827+0000] {dag.py:3047} INFO - Sync 1 DAGs
[2024-03-23T14:11:45.872+0000] {logging_mixin.py:188} INFO - [2024-03-23T14:11:45.871+0000] {dag.py:3834} INFO - Setting next_dagrun for example_short_circuit_operator to 2024-03-22 00:00:00+00:00, run_after=2024-03-23 00:00:00+00:00
[2024-03-23T14:11:45.912+0000] {processor.py:183} INFO - Processing /home/airflow/.local/lib/python3.8/site-packages/airflow/example_dags/example_short_circuit_operator.py took 0.153 seconds
[2024-03-23T14:12:16.042+0000] {processor.py:161} INFO - Started process (PID=408) to work on /home/airflow/.local/lib/python3.8/site-packages/airflow/example_dags/example_short_circuit_operator.py
[2024-03-23T14:12:16.045+0000] {processor.py:830} INFO - Processing file /home/airflow/.local/lib/python3.8/site-packages/airflow/example_dags/example_short_circuit_operator.py for tasks to queue
[2024-03-23T14:12:16.049+0000] {logging_mixin.py:188} INFO - [2024-03-23T14:12:16.048+0000] {dagbag.py:540} INFO - Filling up the DagBag from /home/airflow/.local/lib/python3.8/site-packages/airflow/example_dags/example_short_circuit_operator.py
[2024-03-23T14:12:16.066+0000] {processor.py:840} INFO - DAG(s) 'example_short_circuit_operator' retrieved from /home/airflow/.local/lib/python3.8/site-packages/airflow/example_dags/example_short_circuit_operator.py
[2024-03-23T14:12:16.112+0000] {logging_mixin.py:188} INFO - [2024-03-23T14:12:16.111+0000] {dag.py:3047} INFO - Sync 1 DAGs
[2024-03-23T14:12:16.156+0000] {logging_mixin.py:188} INFO - [2024-03-23T14:12:16.155+0000] {dag.py:3834} INFO - Setting next_dagrun for example_short_circuit_operator to 2024-03-22 00:00:00+00:00, run_after=2024-03-23 00:00:00+00:00
[2024-03-23T14:12:16.197+0000] {processor.py:183} INFO - Processing /home/airflow/.local/lib/python3.8/site-packages/airflow/example_dags/example_short_circuit_operator.py took 0.162 seconds
