[2024-03-23T14:09:08.964+0000] {processor.py:161} INFO - Started process (PID=58) to work on /home/airflow/.local/lib/python3.8/site-packages/airflow/example_dags/example_trigger_target_dag.py
[2024-03-23T14:09:08.966+0000] {processor.py:830} INFO - Processing file /home/airflow/.local/lib/python3.8/site-packages/airflow/example_dags/example_trigger_target_dag.py for tasks to queue
[2024-03-23T14:09:08.970+0000] {logging_mixin.py:188} INFO - [2024-03-23T14:09:08.969+0000] {dagbag.py:540} INFO - Filling up the DagBag from /home/airflow/.local/lib/python3.8/site-packages/airflow/example_dags/example_trigger_target_dag.py
[2024-03-23T14:09:08.994+0000] {processor.py:840} INFO - DAG(s) 'example_trigger_target_dag' retrieved from /home/airflow/.local/lib/python3.8/site-packages/airflow/example_dags/example_trigger_target_dag.py
[2024-03-23T14:09:09.373+0000] {logging_mixin.py:188} INFO - [2024-03-23T14:09:09.372+0000] {dag.py:3047} INFO - Sync 1 DAGs
[2024-03-23T14:09:09.433+0000] {logging_mixin.py:188} INFO - [2024-03-23T14:09:09.432+0000] {dag.py:3834} INFO - Setting next_dagrun for example_trigger_target_dag to None, run_after=None
[2024-03-23T14:09:09.502+0000] {processor.py:183} INFO - Processing /home/airflow/.local/lib/python3.8/site-packages/airflow/example_dags/example_trigger_target_dag.py took 0.546 seconds
[2024-03-23T14:09:39.977+0000] {processor.py:161} INFO - Started process (PID=119) to work on /home/airflow/.local/lib/python3.8/site-packages/airflow/example_dags/example_trigger_target_dag.py
[2024-03-23T14:09:39.979+0000] {processor.py:830} INFO - Processing file /home/airflow/.local/lib/python3.8/site-packages/airflow/example_dags/example_trigger_target_dag.py for tasks to queue
[2024-03-23T14:09:39.982+0000] {logging_mixin.py:188} INFO - [2024-03-23T14:09:39.981+0000] {dagbag.py:540} INFO - Filling up the DagBag from /home/airflow/.local/lib/python3.8/site-packages/airflow/example_dags/example_trigger_target_dag.py
[2024-03-23T14:09:39.991+0000] {processor.py:840} INFO - DAG(s) 'example_trigger_target_dag' retrieved from /home/airflow/.local/lib/python3.8/site-packages/airflow/example_dags/example_trigger_target_dag.py
[2024-03-23T14:09:40.027+0000] {logging_mixin.py:188} INFO - [2024-03-23T14:09:40.026+0000] {dag.py:3047} INFO - Sync 1 DAGs
[2024-03-23T14:09:40.049+0000] {logging_mixin.py:188} INFO - [2024-03-23T14:09:40.048+0000] {dag.py:3834} INFO - Setting next_dagrun for example_trigger_target_dag to None, run_after=None
[2024-03-23T14:09:40.086+0000] {processor.py:183} INFO - Processing /home/airflow/.local/lib/python3.8/site-packages/airflow/example_dags/example_trigger_target_dag.py took 0.114 seconds
[2024-03-23T14:10:10.520+0000] {processor.py:161} INFO - Started process (PID=174) to work on /home/airflow/.local/lib/python3.8/site-packages/airflow/example_dags/example_trigger_target_dag.py
[2024-03-23T14:10:10.523+0000] {processor.py:830} INFO - Processing file /home/airflow/.local/lib/python3.8/site-packages/airflow/example_dags/example_trigger_target_dag.py for tasks to queue
[2024-03-23T14:10:10.526+0000] {logging_mixin.py:188} INFO - [2024-03-23T14:10:10.526+0000] {dagbag.py:540} INFO - Filling up the DagBag from /home/airflow/.local/lib/python3.8/site-packages/airflow/example_dags/example_trigger_target_dag.py
[2024-03-23T14:10:10.536+0000] {processor.py:840} INFO - DAG(s) 'example_trigger_target_dag' retrieved from /home/airflow/.local/lib/python3.8/site-packages/airflow/example_dags/example_trigger_target_dag.py
[2024-03-23T14:10:10.580+0000] {logging_mixin.py:188} INFO - [2024-03-23T14:10:10.579+0000] {dag.py:3047} INFO - Sync 1 DAGs
[2024-03-23T14:10:10.616+0000] {logging_mixin.py:188} INFO - [2024-03-23T14:10:10.616+0000] {dag.py:3834} INFO - Setting next_dagrun for example_trigger_target_dag to None, run_after=None
[2024-03-23T14:10:10.675+0000] {processor.py:183} INFO - Processing /home/airflow/.local/lib/python3.8/site-packages/airflow/example_dags/example_trigger_target_dag.py took 0.161 seconds
[2024-03-23T14:10:40.862+0000] {processor.py:161} INFO - Started process (PID=229) to work on /home/airflow/.local/lib/python3.8/site-packages/airflow/example_dags/example_trigger_target_dag.py
[2024-03-23T14:10:40.864+0000] {processor.py:830} INFO - Processing file /home/airflow/.local/lib/python3.8/site-packages/airflow/example_dags/example_trigger_target_dag.py for tasks to queue
[2024-03-23T14:10:40.867+0000] {logging_mixin.py:188} INFO - [2024-03-23T14:10:40.866+0000] {dagbag.py:540} INFO - Filling up the DagBag from /home/airflow/.local/lib/python3.8/site-packages/airflow/example_dags/example_trigger_target_dag.py
[2024-03-23T14:10:40.876+0000] {processor.py:840} INFO - DAG(s) 'example_trigger_target_dag' retrieved from /home/airflow/.local/lib/python3.8/site-packages/airflow/example_dags/example_trigger_target_dag.py
[2024-03-23T14:10:40.916+0000] {logging_mixin.py:188} INFO - [2024-03-23T14:10:40.916+0000] {dag.py:3047} INFO - Sync 1 DAGs
[2024-03-23T14:10:40.940+0000] {logging_mixin.py:188} INFO - [2024-03-23T14:10:40.939+0000] {dag.py:3834} INFO - Setting next_dagrun for example_trigger_target_dag to None, run_after=None
[2024-03-23T14:10:40.983+0000] {processor.py:183} INFO - Processing /home/airflow/.local/lib/python3.8/site-packages/airflow/example_dags/example_trigger_target_dag.py took 0.129 seconds
[2024-03-23T14:11:11.155+0000] {processor.py:161} INFO - Started process (PID=284) to work on /home/airflow/.local/lib/python3.8/site-packages/airflow/example_dags/example_trigger_target_dag.py
[2024-03-23T14:11:11.156+0000] {processor.py:830} INFO - Processing file /home/airflow/.local/lib/python3.8/site-packages/airflow/example_dags/example_trigger_target_dag.py for tasks to queue
[2024-03-23T14:11:11.159+0000] {logging_mixin.py:188} INFO - [2024-03-23T14:11:11.159+0000] {dagbag.py:540} INFO - Filling up the DagBag from /home/airflow/.local/lib/python3.8/site-packages/airflow/example_dags/example_trigger_target_dag.py
[2024-03-23T14:11:11.168+0000] {processor.py:840} INFO - DAG(s) 'example_trigger_target_dag' retrieved from /home/airflow/.local/lib/python3.8/site-packages/airflow/example_dags/example_trigger_target_dag.py
[2024-03-23T14:11:11.203+0000] {logging_mixin.py:188} INFO - [2024-03-23T14:11:11.202+0000] {dag.py:3047} INFO - Sync 1 DAGs
[2024-03-23T14:11:11.227+0000] {logging_mixin.py:188} INFO - [2024-03-23T14:11:11.226+0000] {dag.py:3834} INFO - Setting next_dagrun for example_trigger_target_dag to None, run_after=None
[2024-03-23T14:11:11.268+0000] {processor.py:183} INFO - Processing /home/airflow/.local/lib/python3.8/site-packages/airflow/example_dags/example_trigger_target_dag.py took 0.117 seconds
[2024-03-23T14:11:41.931+0000] {processor.py:161} INFO - Started process (PID=339) to work on /home/airflow/.local/lib/python3.8/site-packages/airflow/example_dags/example_trigger_target_dag.py
[2024-03-23T14:11:41.933+0000] {processor.py:830} INFO - Processing file /home/airflow/.local/lib/python3.8/site-packages/airflow/example_dags/example_trigger_target_dag.py for tasks to queue
[2024-03-23T14:11:41.938+0000] {logging_mixin.py:188} INFO - [2024-03-23T14:11:41.937+0000] {dagbag.py:540} INFO - Filling up the DagBag from /home/airflow/.local/lib/python3.8/site-packages/airflow/example_dags/example_trigger_target_dag.py
[2024-03-23T14:11:41.950+0000] {processor.py:840} INFO - DAG(s) 'example_trigger_target_dag' retrieved from /home/airflow/.local/lib/python3.8/site-packages/airflow/example_dags/example_trigger_target_dag.py
[2024-03-23T14:11:41.994+0000] {logging_mixin.py:188} INFO - [2024-03-23T14:11:41.993+0000] {dag.py:3047} INFO - Sync 1 DAGs
[2024-03-23T14:11:42.022+0000] {logging_mixin.py:188} INFO - [2024-03-23T14:11:42.022+0000] {dag.py:3834} INFO - Setting next_dagrun for example_trigger_target_dag to None, run_after=None
[2024-03-23T14:11:42.062+0000] {processor.py:183} INFO - Processing /home/airflow/.local/lib/python3.8/site-packages/airflow/example_dags/example_trigger_target_dag.py took 0.136 seconds
[2024-03-23T14:12:12.470+0000] {processor.py:161} INFO - Started process (PID=394) to work on /home/airflow/.local/lib/python3.8/site-packages/airflow/example_dags/example_trigger_target_dag.py
[2024-03-23T14:12:12.471+0000] {processor.py:830} INFO - Processing file /home/airflow/.local/lib/python3.8/site-packages/airflow/example_dags/example_trigger_target_dag.py for tasks to queue
[2024-03-23T14:12:12.474+0000] {logging_mixin.py:188} INFO - [2024-03-23T14:12:12.473+0000] {dagbag.py:540} INFO - Filling up the DagBag from /home/airflow/.local/lib/python3.8/site-packages/airflow/example_dags/example_trigger_target_dag.py
[2024-03-23T14:12:12.482+0000] {processor.py:840} INFO - DAG(s) 'example_trigger_target_dag' retrieved from /home/airflow/.local/lib/python3.8/site-packages/airflow/example_dags/example_trigger_target_dag.py
[2024-03-23T14:12:12.515+0000] {logging_mixin.py:188} INFO - [2024-03-23T14:12:12.515+0000] {dag.py:3047} INFO - Sync 1 DAGs
[2024-03-23T14:12:12.537+0000] {logging_mixin.py:188} INFO - [2024-03-23T14:12:12.536+0000] {dag.py:3834} INFO - Setting next_dagrun for example_trigger_target_dag to None, run_after=None
[2024-03-23T14:12:12.572+0000] {processor.py:183} INFO - Processing /home/airflow/.local/lib/python3.8/site-packages/airflow/example_dags/example_trigger_target_dag.py took 0.106 seconds
