[2024-03-23T14:09:07.880+0000] {processor.py:161} INFO - Started process (PID=53) to work on /home/airflow/.local/lib/python3.8/site-packages/airflow/example_dags/example_setup_teardown.py
[2024-03-23T14:09:07.881+0000] {processor.py:830} INFO - Processing file /home/airflow/.local/lib/python3.8/site-packages/airflow/example_dags/example_setup_teardown.py for tasks to queue
[2024-03-23T14:09:07.884+0000] {logging_mixin.py:188} INFO - [2024-03-23T14:09:07.884+0000] {dagbag.py:540} INFO - Filling up the DagBag from /home/airflow/.local/lib/python3.8/site-packages/airflow/example_dags/example_setup_teardown.py
[2024-03-23T14:09:07.901+0000] {processor.py:840} INFO - DAG(s) 'example_setup_teardown' retrieved from /home/airflow/.local/lib/python3.8/site-packages/airflow/example_dags/example_setup_teardown.py
[2024-03-23T14:09:08.130+0000] {logging_mixin.py:188} INFO - [2024-03-23T14:09:08.129+0000] {dag.py:3047} INFO - Sync 1 DAGs
[2024-03-23T14:09:08.177+0000] {logging_mixin.py:188} INFO - [2024-03-23T14:09:08.177+0000] {dag.py:3834} INFO - Setting next_dagrun for example_setup_teardown to 2024-03-22 00:00:00+00:00, run_after=2024-03-23 00:00:00+00:00
[2024-03-23T14:09:08.221+0000] {processor.py:183} INFO - Processing /home/airflow/.local/lib/python3.8/site-packages/airflow/example_dags/example_setup_teardown.py took 0.346 seconds
[2024-03-23T14:09:38.414+0000] {processor.py:161} INFO - Started process (PID=108) to work on /home/airflow/.local/lib/python3.8/site-packages/airflow/example_dags/example_setup_teardown.py
[2024-03-23T14:09:38.416+0000] {processor.py:830} INFO - Processing file /home/airflow/.local/lib/python3.8/site-packages/airflow/example_dags/example_setup_teardown.py for tasks to queue
[2024-03-23T14:09:38.418+0000] {logging_mixin.py:188} INFO - [2024-03-23T14:09:38.418+0000] {dagbag.py:540} INFO - Filling up the DagBag from /home/airflow/.local/lib/python3.8/site-packages/airflow/example_dags/example_setup_teardown.py
[2024-03-23T14:09:38.428+0000] {processor.py:840} INFO - DAG(s) 'example_setup_teardown' retrieved from /home/airflow/.local/lib/python3.8/site-packages/airflow/example_dags/example_setup_teardown.py
[2024-03-23T14:09:38.470+0000] {logging_mixin.py:188} INFO - [2024-03-23T14:09:38.470+0000] {dag.py:3047} INFO - Sync 1 DAGs
[2024-03-23T14:09:38.518+0000] {logging_mixin.py:188} INFO - [2024-03-23T14:09:38.518+0000] {dag.py:3834} INFO - Setting next_dagrun for example_setup_teardown to 2024-03-22 00:00:00+00:00, run_after=2024-03-23 00:00:00+00:00
[2024-03-23T14:09:38.557+0000] {processor.py:183} INFO - Processing /home/airflow/.local/lib/python3.8/site-packages/airflow/example_dags/example_setup_teardown.py took 0.150 seconds
[2024-03-23T14:10:08.925+0000] {processor.py:161} INFO - Started process (PID=163) to work on /home/airflow/.local/lib/python3.8/site-packages/airflow/example_dags/example_setup_teardown.py
[2024-03-23T14:10:08.927+0000] {processor.py:830} INFO - Processing file /home/airflow/.local/lib/python3.8/site-packages/airflow/example_dags/example_setup_teardown.py for tasks to queue
[2024-03-23T14:10:08.930+0000] {logging_mixin.py:188} INFO - [2024-03-23T14:10:08.929+0000] {dagbag.py:540} INFO - Filling up the DagBag from /home/airflow/.local/lib/python3.8/site-packages/airflow/example_dags/example_setup_teardown.py
[2024-03-23T14:10:08.940+0000] {processor.py:840} INFO - DAG(s) 'example_setup_teardown' retrieved from /home/airflow/.local/lib/python3.8/site-packages/airflow/example_dags/example_setup_teardown.py
[2024-03-23T14:10:08.977+0000] {logging_mixin.py:188} INFO - [2024-03-23T14:10:08.977+0000] {dag.py:3047} INFO - Sync 1 DAGs
[2024-03-23T14:10:09.021+0000] {logging_mixin.py:188} INFO - [2024-03-23T14:10:09.020+0000] {dag.py:3834} INFO - Setting next_dagrun for example_setup_teardown to 2024-03-22 00:00:00+00:00, run_after=2024-03-23 00:00:00+00:00
[2024-03-23T14:10:09.065+0000] {processor.py:183} INFO - Processing /home/airflow/.local/lib/python3.8/site-packages/airflow/example_dags/example_setup_teardown.py took 0.144 seconds
[2024-03-23T14:10:39.309+0000] {processor.py:161} INFO - Started process (PID=219) to work on /home/airflow/.local/lib/python3.8/site-packages/airflow/example_dags/example_setup_teardown.py
[2024-03-23T14:10:39.311+0000] {processor.py:830} INFO - Processing file /home/airflow/.local/lib/python3.8/site-packages/airflow/example_dags/example_setup_teardown.py for tasks to queue
[2024-03-23T14:10:39.314+0000] {logging_mixin.py:188} INFO - [2024-03-23T14:10:39.313+0000] {dagbag.py:540} INFO - Filling up the DagBag from /home/airflow/.local/lib/python3.8/site-packages/airflow/example_dags/example_setup_teardown.py
[2024-03-23T14:10:39.325+0000] {processor.py:840} INFO - DAG(s) 'example_setup_teardown' retrieved from /home/airflow/.local/lib/python3.8/site-packages/airflow/example_dags/example_setup_teardown.py
[2024-03-23T14:10:39.367+0000] {logging_mixin.py:188} INFO - [2024-03-23T14:10:39.367+0000] {dag.py:3047} INFO - Sync 1 DAGs
[2024-03-23T14:10:39.410+0000] {logging_mixin.py:188} INFO - [2024-03-23T14:10:39.410+0000] {dag.py:3834} INFO - Setting next_dagrun for example_setup_teardown to 2024-03-22 00:00:00+00:00, run_after=2024-03-23 00:00:00+00:00
[2024-03-23T14:10:39.453+0000] {processor.py:183} INFO - Processing /home/airflow/.local/lib/python3.8/site-packages/airflow/example_dags/example_setup_teardown.py took 0.149 seconds
[2024-03-23T14:11:09.764+0000] {processor.py:161} INFO - Started process (PID=279) to work on /home/airflow/.local/lib/python3.8/site-packages/airflow/example_dags/example_setup_teardown.py
[2024-03-23T14:11:09.766+0000] {processor.py:830} INFO - Processing file /home/airflow/.local/lib/python3.8/site-packages/airflow/example_dags/example_setup_teardown.py for tasks to queue
[2024-03-23T14:11:09.769+0000] {logging_mixin.py:188} INFO - [2024-03-23T14:11:09.769+0000] {dagbag.py:540} INFO - Filling up the DagBag from /home/airflow/.local/lib/python3.8/site-packages/airflow/example_dags/example_setup_teardown.py
[2024-03-23T14:11:09.781+0000] {processor.py:840} INFO - DAG(s) 'example_setup_teardown' retrieved from /home/airflow/.local/lib/python3.8/site-packages/airflow/example_dags/example_setup_teardown.py
[2024-03-23T14:11:09.836+0000] {logging_mixin.py:188} INFO - [2024-03-23T14:11:09.836+0000] {dag.py:3047} INFO - Sync 1 DAGs
[2024-03-23T14:11:09.891+0000] {logging_mixin.py:188} INFO - [2024-03-23T14:11:09.891+0000] {dag.py:3834} INFO - Setting next_dagrun for example_setup_teardown to 2024-03-22 00:00:00+00:00, run_after=2024-03-23 00:00:00+00:00
[2024-03-23T14:11:09.932+0000] {processor.py:183} INFO - Processing /home/airflow/.local/lib/python3.8/site-packages/airflow/example_dags/example_setup_teardown.py took 0.172 seconds
[2024-03-23T14:11:40.513+0000] {processor.py:161} INFO - Started process (PID=334) to work on /home/airflow/.local/lib/python3.8/site-packages/airflow/example_dags/example_setup_teardown.py
[2024-03-23T14:11:40.515+0000] {processor.py:830} INFO - Processing file /home/airflow/.local/lib/python3.8/site-packages/airflow/example_dags/example_setup_teardown.py for tasks to queue
[2024-03-23T14:11:40.518+0000] {logging_mixin.py:188} INFO - [2024-03-23T14:11:40.517+0000] {dagbag.py:540} INFO - Filling up the DagBag from /home/airflow/.local/lib/python3.8/site-packages/airflow/example_dags/example_setup_teardown.py
[2024-03-23T14:11:40.529+0000] {processor.py:840} INFO - DAG(s) 'example_setup_teardown' retrieved from /home/airflow/.local/lib/python3.8/site-packages/airflow/example_dags/example_setup_teardown.py
[2024-03-23T14:11:40.573+0000] {logging_mixin.py:188} INFO - [2024-03-23T14:11:40.572+0000] {dag.py:3047} INFO - Sync 1 DAGs
[2024-03-23T14:11:40.621+0000] {logging_mixin.py:188} INFO - [2024-03-23T14:11:40.621+0000] {dag.py:3834} INFO - Setting next_dagrun for example_setup_teardown to 2024-03-22 00:00:00+00:00, run_after=2024-03-23 00:00:00+00:00
[2024-03-23T14:11:40.664+0000] {processor.py:183} INFO - Processing /home/airflow/.local/lib/python3.8/site-packages/airflow/example_dags/example_setup_teardown.py took 0.157 seconds
[2024-03-23T14:12:11.096+0000] {processor.py:161} INFO - Started process (PID=389) to work on /home/airflow/.local/lib/python3.8/site-packages/airflow/example_dags/example_setup_teardown.py
[2024-03-23T14:12:11.098+0000] {processor.py:830} INFO - Processing file /home/airflow/.local/lib/python3.8/site-packages/airflow/example_dags/example_setup_teardown.py for tasks to queue
[2024-03-23T14:12:11.100+0000] {logging_mixin.py:188} INFO - [2024-03-23T14:12:11.100+0000] {dagbag.py:540} INFO - Filling up the DagBag from /home/airflow/.local/lib/python3.8/site-packages/airflow/example_dags/example_setup_teardown.py
[2024-03-23T14:12:11.113+0000] {processor.py:840} INFO - DAG(s) 'example_setup_teardown' retrieved from /home/airflow/.local/lib/python3.8/site-packages/airflow/example_dags/example_setup_teardown.py
[2024-03-23T14:12:11.160+0000] {logging_mixin.py:188} INFO - [2024-03-23T14:12:11.160+0000] {dag.py:3047} INFO - Sync 1 DAGs
[2024-03-23T14:12:11.207+0000] {logging_mixin.py:188} INFO - [2024-03-23T14:12:11.206+0000] {dag.py:3834} INFO - Setting next_dagrun for example_setup_teardown to 2024-03-22 00:00:00+00:00, run_after=2024-03-23 00:00:00+00:00
[2024-03-23T14:12:11.245+0000] {processor.py:183} INFO - Processing /home/airflow/.local/lib/python3.8/site-packages/airflow/example_dags/example_setup_teardown.py took 0.154 seconds
