[2024-03-23T14:09:12.694+0000] {processor.py:161} INFO - Started process (PID=76) to work on /home/airflow/.local/lib/python3.8/site-packages/airflow/example_dags/example_sensors.py
[2024-03-23T14:09:12.695+0000] {processor.py:830} INFO - Processing file /home/airflow/.local/lib/python3.8/site-packages/airflow/example_dags/example_sensors.py for tasks to queue
[2024-03-23T14:09:12.699+0000] {logging_mixin.py:188} INFO - [2024-03-23T14:09:12.698+0000] {dagbag.py:540} INFO - Filling up the DagBag from /home/airflow/.local/lib/python3.8/site-packages/airflow/example_dags/example_sensors.py
[2024-03-23T14:09:12.728+0000] {processor.py:840} INFO - DAG(s) 'example_sensors' retrieved from /home/airflow/.local/lib/python3.8/site-packages/airflow/example_dags/example_sensors.py
[2024-03-23T14:09:13.036+0000] {logging_mixin.py:188} INFO - [2024-03-23T14:09:13.034+0000] {dag.py:3047} INFO - Sync 1 DAGs
[2024-03-23T14:09:13.064+0000] {logging_mixin.py:188} INFO - [2024-03-23T14:09:13.064+0000] {dag.py:3834} INFO - Setting next_dagrun for example_sensors to None, run_after=None
[2024-03-23T14:09:13.131+0000] {processor.py:183} INFO - Processing /home/airflow/.local/lib/python3.8/site-packages/airflow/example_dags/example_sensors.py took 0.445 seconds
[2024-03-23T14:09:43.627+0000] {processor.py:161} INFO - Started process (PID=131) to work on /home/airflow/.local/lib/python3.8/site-packages/airflow/example_dags/example_sensors.py
[2024-03-23T14:09:43.629+0000] {processor.py:830} INFO - Processing file /home/airflow/.local/lib/python3.8/site-packages/airflow/example_dags/example_sensors.py for tasks to queue
[2024-03-23T14:09:43.633+0000] {logging_mixin.py:188} INFO - [2024-03-23T14:09:43.632+0000] {dagbag.py:540} INFO - Filling up the DagBag from /home/airflow/.local/lib/python3.8/site-packages/airflow/example_dags/example_sensors.py
[2024-03-23T14:09:43.655+0000] {processor.py:840} INFO - DAG(s) 'example_sensors' retrieved from /home/airflow/.local/lib/python3.8/site-packages/airflow/example_dags/example_sensors.py
[2024-03-23T14:09:43.709+0000] {logging_mixin.py:188} INFO - [2024-03-23T14:09:43.708+0000] {dag.py:3047} INFO - Sync 1 DAGs
[2024-03-23T14:09:43.731+0000] {logging_mixin.py:188} INFO - [2024-03-23T14:09:43.731+0000] {dag.py:3834} INFO - Setting next_dagrun for example_sensors to None, run_after=None
[2024-03-23T14:09:43.767+0000] {processor.py:183} INFO - Processing /home/airflow/.local/lib/python3.8/site-packages/airflow/example_dags/example_sensors.py took 0.148 seconds
[2024-03-23T14:10:13.882+0000] {processor.py:161} INFO - Started process (PID=186) to work on /home/airflow/.local/lib/python3.8/site-packages/airflow/example_dags/example_sensors.py
[2024-03-23T14:10:13.884+0000] {processor.py:830} INFO - Processing file /home/airflow/.local/lib/python3.8/site-packages/airflow/example_dags/example_sensors.py for tasks to queue
[2024-03-23T14:10:13.887+0000] {logging_mixin.py:188} INFO - [2024-03-23T14:10:13.886+0000] {dagbag.py:540} INFO - Filling up the DagBag from /home/airflow/.local/lib/python3.8/site-packages/airflow/example_dags/example_sensors.py
[2024-03-23T14:10:13.903+0000] {processor.py:840} INFO - DAG(s) 'example_sensors' retrieved from /home/airflow/.local/lib/python3.8/site-packages/airflow/example_dags/example_sensors.py
[2024-03-23T14:10:13.955+0000] {logging_mixin.py:188} INFO - [2024-03-23T14:10:13.954+0000] {dag.py:3047} INFO - Sync 1 DAGs
[2024-03-23T14:10:13.984+0000] {logging_mixin.py:188} INFO - [2024-03-23T14:10:13.983+0000] {dag.py:3834} INFO - Setting next_dagrun for example_sensors to None, run_after=None
[2024-03-23T14:10:14.027+0000] {processor.py:183} INFO - Processing /home/airflow/.local/lib/python3.8/site-packages/airflow/example_dags/example_sensors.py took 0.150 seconds
[2024-03-23T14:10:44.128+0000] {processor.py:161} INFO - Started process (PID=241) to work on /home/airflow/.local/lib/python3.8/site-packages/airflow/example_dags/example_sensors.py
[2024-03-23T14:10:44.130+0000] {processor.py:830} INFO - Processing file /home/airflow/.local/lib/python3.8/site-packages/airflow/example_dags/example_sensors.py for tasks to queue
[2024-03-23T14:10:44.133+0000] {logging_mixin.py:188} INFO - [2024-03-23T14:10:44.132+0000] {dagbag.py:540} INFO - Filling up the DagBag from /home/airflow/.local/lib/python3.8/site-packages/airflow/example_dags/example_sensors.py
[2024-03-23T14:10:44.148+0000] {processor.py:840} INFO - DAG(s) 'example_sensors' retrieved from /home/airflow/.local/lib/python3.8/site-packages/airflow/example_dags/example_sensors.py
[2024-03-23T14:10:44.198+0000] {logging_mixin.py:188} INFO - [2024-03-23T14:10:44.198+0000] {dag.py:3047} INFO - Sync 1 DAGs
[2024-03-23T14:10:44.222+0000] {logging_mixin.py:188} INFO - [2024-03-23T14:10:44.221+0000] {dag.py:3834} INFO - Setting next_dagrun for example_sensors to None, run_after=None
[2024-03-23T14:10:44.263+0000] {processor.py:183} INFO - Processing /home/airflow/.local/lib/python3.8/site-packages/airflow/example_dags/example_sensors.py took 0.140 seconds
[2024-03-23T14:11:14.457+0000] {processor.py:161} INFO - Started process (PID=296) to work on /home/airflow/.local/lib/python3.8/site-packages/airflow/example_dags/example_sensors.py
[2024-03-23T14:11:14.458+0000] {processor.py:830} INFO - Processing file /home/airflow/.local/lib/python3.8/site-packages/airflow/example_dags/example_sensors.py for tasks to queue
[2024-03-23T14:11:14.461+0000] {logging_mixin.py:188} INFO - [2024-03-23T14:11:14.461+0000] {dagbag.py:540} INFO - Filling up the DagBag from /home/airflow/.local/lib/python3.8/site-packages/airflow/example_dags/example_sensors.py
[2024-03-23T14:11:14.475+0000] {processor.py:840} INFO - DAG(s) 'example_sensors' retrieved from /home/airflow/.local/lib/python3.8/site-packages/airflow/example_dags/example_sensors.py
[2024-03-23T14:11:14.528+0000] {logging_mixin.py:188} INFO - [2024-03-23T14:11:14.527+0000] {dag.py:3047} INFO - Sync 1 DAGs
[2024-03-23T14:11:14.555+0000] {logging_mixin.py:188} INFO - [2024-03-23T14:11:14.555+0000] {dag.py:3834} INFO - Setting next_dagrun for example_sensors to None, run_after=None
[2024-03-23T14:11:14.600+0000] {processor.py:183} INFO - Processing /home/airflow/.local/lib/python3.8/site-packages/airflow/example_dags/example_sensors.py took 0.148 seconds
[2024-03-23T14:11:45.587+0000] {processor.py:161} INFO - Started process (PID=351) to work on /home/airflow/.local/lib/python3.8/site-packages/airflow/example_dags/example_sensors.py
[2024-03-23T14:11:45.590+0000] {processor.py:830} INFO - Processing file /home/airflow/.local/lib/python3.8/site-packages/airflow/example_dags/example_sensors.py for tasks to queue
[2024-03-23T14:11:45.592+0000] {logging_mixin.py:188} INFO - [2024-03-23T14:11:45.592+0000] {dagbag.py:540} INFO - Filling up the DagBag from /home/airflow/.local/lib/python3.8/site-packages/airflow/example_dags/example_sensors.py
[2024-03-23T14:11:45.609+0000] {processor.py:840} INFO - DAG(s) 'example_sensors' retrieved from /home/airflow/.local/lib/python3.8/site-packages/airflow/example_dags/example_sensors.py
[2024-03-23T14:11:45.660+0000] {logging_mixin.py:188} INFO - [2024-03-23T14:11:45.660+0000] {dag.py:3047} INFO - Sync 1 DAGs
[2024-03-23T14:11:45.687+0000] {logging_mixin.py:188} INFO - [2024-03-23T14:11:45.687+0000] {dag.py:3834} INFO - Setting next_dagrun for example_sensors to None, run_after=None
[2024-03-23T14:11:45.731+0000] {processor.py:183} INFO - Processing /home/airflow/.local/lib/python3.8/site-packages/airflow/example_dags/example_sensors.py took 0.149 seconds
[2024-03-23T14:12:15.827+0000] {processor.py:161} INFO - Started process (PID=406) to work on /home/airflow/.local/lib/python3.8/site-packages/airflow/example_dags/example_sensors.py
[2024-03-23T14:12:15.829+0000] {processor.py:830} INFO - Processing file /home/airflow/.local/lib/python3.8/site-packages/airflow/example_dags/example_sensors.py for tasks to queue
[2024-03-23T14:12:15.831+0000] {logging_mixin.py:188} INFO - [2024-03-23T14:12:15.831+0000] {dagbag.py:540} INFO - Filling up the DagBag from /home/airflow/.local/lib/python3.8/site-packages/airflow/example_dags/example_sensors.py
[2024-03-23T14:12:15.856+0000] {processor.py:840} INFO - DAG(s) 'example_sensors' retrieved from /home/airflow/.local/lib/python3.8/site-packages/airflow/example_dags/example_sensors.py
[2024-03-23T14:12:15.919+0000] {logging_mixin.py:188} INFO - [2024-03-23T14:12:15.918+0000] {dag.py:3047} INFO - Sync 1 DAGs
[2024-03-23T14:12:15.949+0000] {logging_mixin.py:188} INFO - [2024-03-23T14:12:15.949+0000] {dag.py:3834} INFO - Setting next_dagrun for example_sensors to None, run_after=None
[2024-03-23T14:12:15.996+0000] {processor.py:183} INFO - Processing /home/airflow/.local/lib/python3.8/site-packages/airflow/example_dags/example_sensors.py took 0.176 seconds
