[2024-03-23T14:09:16.078+0000] {processor.py:161} INFO - Started process (PID=89) to work on /home/airflow/.local/lib/python3.8/site-packages/airflow/example_dags/example_sensor_decorator.py
[2024-03-23T14:09:16.079+0000] {processor.py:830} INFO - Processing file /home/airflow/.local/lib/python3.8/site-packages/airflow/example_dags/example_sensor_decorator.py for tasks to queue
[2024-03-23T14:09:16.083+0000] {logging_mixin.py:188} INFO - [2024-03-23T14:09:16.083+0000] {dagbag.py:540} INFO - Filling up the DagBag from /home/airflow/.local/lib/python3.8/site-packages/airflow/example_dags/example_sensor_decorator.py
[2024-03-23T14:09:16.097+0000] {processor.py:840} INFO - DAG(s) 'example_sensor_decorator' retrieved from /home/airflow/.local/lib/python3.8/site-packages/airflow/example_dags/example_sensor_decorator.py
[2024-03-23T14:09:16.336+0000] {logging_mixin.py:188} INFO - [2024-03-23T14:09:16.336+0000] {dag.py:3047} INFO - Sync 1 DAGs
[2024-03-23T14:09:16.356+0000] {logging_mixin.py:188} INFO - [2024-03-23T14:09:16.355+0000] {dag.py:3834} INFO - Setting next_dagrun for example_sensor_decorator to None, run_after=None
[2024-03-23T14:09:16.397+0000] {processor.py:183} INFO - Processing /home/airflow/.local/lib/python3.8/site-packages/airflow/example_dags/example_sensor_decorator.py took 0.326 seconds
[2024-03-23T14:09:47.047+0000] {processor.py:161} INFO - Started process (PID=144) to work on /home/airflow/.local/lib/python3.8/site-packages/airflow/example_dags/example_sensor_decorator.py
[2024-03-23T14:09:47.049+0000] {processor.py:830} INFO - Processing file /home/airflow/.local/lib/python3.8/site-packages/airflow/example_dags/example_sensor_decorator.py for tasks to queue
[2024-03-23T14:09:47.052+0000] {logging_mixin.py:188} INFO - [2024-03-23T14:09:47.051+0000] {dagbag.py:540} INFO - Filling up the DagBag from /home/airflow/.local/lib/python3.8/site-packages/airflow/example_dags/example_sensor_decorator.py
[2024-03-23T14:09:47.062+0000] {processor.py:840} INFO - DAG(s) 'example_sensor_decorator' retrieved from /home/airflow/.local/lib/python3.8/site-packages/airflow/example_dags/example_sensor_decorator.py
[2024-03-23T14:09:47.099+0000] {logging_mixin.py:188} INFO - [2024-03-23T14:09:47.099+0000] {dag.py:3047} INFO - Sync 1 DAGs
[2024-03-23T14:09:47.124+0000] {logging_mixin.py:188} INFO - [2024-03-23T14:09:47.123+0000] {dag.py:3834} INFO - Setting next_dagrun for example_sensor_decorator to None, run_after=None
[2024-03-23T14:09:47.162+0000] {processor.py:183} INFO - Processing /home/airflow/.local/lib/python3.8/site-packages/airflow/example_dags/example_sensor_decorator.py took 0.120 seconds
[2024-03-23T14:10:17.560+0000] {processor.py:161} INFO - Started process (PID=199) to work on /home/airflow/.local/lib/python3.8/site-packages/airflow/example_dags/example_sensor_decorator.py
[2024-03-23T14:10:17.562+0000] {processor.py:830} INFO - Processing file /home/airflow/.local/lib/python3.8/site-packages/airflow/example_dags/example_sensor_decorator.py for tasks to queue
[2024-03-23T14:10:17.566+0000] {logging_mixin.py:188} INFO - [2024-03-23T14:10:17.565+0000] {dagbag.py:540} INFO - Filling up the DagBag from /home/airflow/.local/lib/python3.8/site-packages/airflow/example_dags/example_sensor_decorator.py
[2024-03-23T14:10:17.578+0000] {processor.py:840} INFO - DAG(s) 'example_sensor_decorator' retrieved from /home/airflow/.local/lib/python3.8/site-packages/airflow/example_dags/example_sensor_decorator.py
[2024-03-23T14:10:17.622+0000] {logging_mixin.py:188} INFO - [2024-03-23T14:10:17.621+0000] {dag.py:3047} INFO - Sync 1 DAGs
[2024-03-23T14:10:17.666+0000] {logging_mixin.py:188} INFO - [2024-03-23T14:10:17.664+0000] {dag.py:3834} INFO - Setting next_dagrun for example_sensor_decorator to None, run_after=None
[2024-03-23T14:10:17.705+0000] {processor.py:183} INFO - Processing /home/airflow/.local/lib/python3.8/site-packages/airflow/example_dags/example_sensor_decorator.py took 0.152 seconds
[2024-03-23T14:10:48.218+0000] {processor.py:161} INFO - Started process (PID=254) to work on /home/airflow/.local/lib/python3.8/site-packages/airflow/example_dags/example_sensor_decorator.py
[2024-03-23T14:10:48.219+0000] {processor.py:830} INFO - Processing file /home/airflow/.local/lib/python3.8/site-packages/airflow/example_dags/example_sensor_decorator.py for tasks to queue
[2024-03-23T14:10:48.222+0000] {logging_mixin.py:188} INFO - [2024-03-23T14:10:48.221+0000] {dagbag.py:540} INFO - Filling up the DagBag from /home/airflow/.local/lib/python3.8/site-packages/airflow/example_dags/example_sensor_decorator.py
[2024-03-23T14:10:48.234+0000] {processor.py:840} INFO - DAG(s) 'example_sensor_decorator' retrieved from /home/airflow/.local/lib/python3.8/site-packages/airflow/example_dags/example_sensor_decorator.py
[2024-03-23T14:10:48.276+0000] {logging_mixin.py:188} INFO - [2024-03-23T14:10:48.276+0000] {dag.py:3047} INFO - Sync 1 DAGs
[2024-03-23T14:10:48.300+0000] {logging_mixin.py:188} INFO - [2024-03-23T14:10:48.299+0000] {dag.py:3834} INFO - Setting next_dagrun for example_sensor_decorator to None, run_after=None
[2024-03-23T14:10:48.344+0000] {processor.py:183} INFO - Processing /home/airflow/.local/lib/python3.8/site-packages/airflow/example_dags/example_sensor_decorator.py took 0.131 seconds
[2024-03-23T14:11:19.121+0000] {processor.py:161} INFO - Started process (PID=309) to work on /home/airflow/.local/lib/python3.8/site-packages/airflow/example_dags/example_sensor_decorator.py
[2024-03-23T14:11:19.123+0000] {processor.py:830} INFO - Processing file /home/airflow/.local/lib/python3.8/site-packages/airflow/example_dags/example_sensor_decorator.py for tasks to queue
[2024-03-23T14:11:19.127+0000] {logging_mixin.py:188} INFO - [2024-03-23T14:11:19.126+0000] {dagbag.py:540} INFO - Filling up the DagBag from /home/airflow/.local/lib/python3.8/site-packages/airflow/example_dags/example_sensor_decorator.py
[2024-03-23T14:11:19.137+0000] {processor.py:840} INFO - DAG(s) 'example_sensor_decorator' retrieved from /home/airflow/.local/lib/python3.8/site-packages/airflow/example_dags/example_sensor_decorator.py
[2024-03-23T14:11:19.177+0000] {logging_mixin.py:188} INFO - [2024-03-23T14:11:19.177+0000] {dag.py:3047} INFO - Sync 1 DAGs
[2024-03-23T14:11:19.202+0000] {logging_mixin.py:188} INFO - [2024-03-23T14:11:19.201+0000] {dag.py:3834} INFO - Setting next_dagrun for example_sensor_decorator to None, run_after=None
[2024-03-23T14:11:19.241+0000] {processor.py:183} INFO - Processing /home/airflow/.local/lib/python3.8/site-packages/airflow/example_dags/example_sensor_decorator.py took 0.125 seconds
[2024-03-23T14:11:50.016+0000] {processor.py:161} INFO - Started process (PID=364) to work on /home/airflow/.local/lib/python3.8/site-packages/airflow/example_dags/example_sensor_decorator.py
[2024-03-23T14:11:50.018+0000] {processor.py:830} INFO - Processing file /home/airflow/.local/lib/python3.8/site-packages/airflow/example_dags/example_sensor_decorator.py for tasks to queue
[2024-03-23T14:11:50.021+0000] {logging_mixin.py:188} INFO - [2024-03-23T14:11:50.020+0000] {dagbag.py:540} INFO - Filling up the DagBag from /home/airflow/.local/lib/python3.8/site-packages/airflow/example_dags/example_sensor_decorator.py
[2024-03-23T14:11:50.030+0000] {processor.py:840} INFO - DAG(s) 'example_sensor_decorator' retrieved from /home/airflow/.local/lib/python3.8/site-packages/airflow/example_dags/example_sensor_decorator.py
[2024-03-23T14:11:50.063+0000] {logging_mixin.py:188} INFO - [2024-03-23T14:11:50.062+0000] {dag.py:3047} INFO - Sync 1 DAGs
[2024-03-23T14:11:50.085+0000] {logging_mixin.py:188} INFO - [2024-03-23T14:11:50.085+0000] {dag.py:3834} INFO - Setting next_dagrun for example_sensor_decorator to None, run_after=None
[2024-03-23T14:11:50.120+0000] {processor.py:183} INFO - Processing /home/airflow/.local/lib/python3.8/site-packages/airflow/example_dags/example_sensor_decorator.py took 0.110 seconds
[2024-03-23T14:12:20.607+0000] {processor.py:161} INFO - Started process (PID=419) to work on /home/airflow/.local/lib/python3.8/site-packages/airflow/example_dags/example_sensor_decorator.py
[2024-03-23T14:12:20.609+0000] {processor.py:830} INFO - Processing file /home/airflow/.local/lib/python3.8/site-packages/airflow/example_dags/example_sensor_decorator.py for tasks to queue
[2024-03-23T14:12:20.613+0000] {logging_mixin.py:188} INFO - [2024-03-23T14:12:20.612+0000] {dagbag.py:540} INFO - Filling up the DagBag from /home/airflow/.local/lib/python3.8/site-packages/airflow/example_dags/example_sensor_decorator.py
[2024-03-23T14:12:20.625+0000] {processor.py:840} INFO - DAG(s) 'example_sensor_decorator' retrieved from /home/airflow/.local/lib/python3.8/site-packages/airflow/example_dags/example_sensor_decorator.py
[2024-03-23T14:12:20.665+0000] {logging_mixin.py:188} INFO - [2024-03-23T14:12:20.665+0000] {dag.py:3047} INFO - Sync 1 DAGs
[2024-03-23T14:12:20.690+0000] {logging_mixin.py:188} INFO - [2024-03-23T14:12:20.689+0000] {dag.py:3834} INFO - Setting next_dagrun for example_sensor_decorator to None, run_after=None
[2024-03-23T14:12:20.727+0000] {processor.py:183} INFO - Processing /home/airflow/.local/lib/python3.8/site-packages/airflow/example_dags/example_sensor_decorator.py took 0.127 seconds
