[2024-03-23T14:09:16.837+0000] {processor.py:161} INFO - Started process (PID=93) to work on /home/airflow/.local/lib/python3.8/site-packages/airflow/example_dags/example_xcomargs.py
[2024-03-23T14:09:16.838+0000] {processor.py:830} INFO - Processing file /home/airflow/.local/lib/python3.8/site-packages/airflow/example_dags/example_xcomargs.py for tasks to queue
[2024-03-23T14:09:16.841+0000] {logging_mixin.py:188} INFO - [2024-03-23T14:09:16.841+0000] {dagbag.py:540} INFO - Filling up the DagBag from /home/airflow/.local/lib/python3.8/site-packages/airflow/example_dags/example_xcomargs.py
[2024-03-23T14:09:16.863+0000] {processor.py:840} INFO - DAG(s) 'example_xcom_args_with_operators', 'example_xcom_args' retrieved from /home/airflow/.local/lib/python3.8/site-packages/airflow/example_dags/example_xcomargs.py
[2024-03-23T14:09:17.105+0000] {logging_mixin.py:188} INFO - [2024-03-23T14:09:17.104+0000] {dag.py:3047} INFO - Sync 2 DAGs
[2024-03-23T14:09:17.136+0000] {logging_mixin.py:188} INFO - [2024-03-23T14:09:17.136+0000] {dag.py:3834} INFO - Setting next_dagrun for example_xcom_args to None, run_after=None
[2024-03-23T14:09:17.144+0000] {logging_mixin.py:188} INFO - [2024-03-23T14:09:17.144+0000] {dag.py:3834} INFO - Setting next_dagrun for example_xcom_args_with_operators to None, run_after=None
[2024-03-23T14:09:17.187+0000] {processor.py:183} INFO - Processing /home/airflow/.local/lib/python3.8/site-packages/airflow/example_dags/example_xcomargs.py took 0.355 seconds
[2024-03-23T14:09:47.419+0000] {processor.py:161} INFO - Started process (PID=148) to work on /home/airflow/.local/lib/python3.8/site-packages/airflow/example_dags/example_xcomargs.py
[2024-03-23T14:09:47.421+0000] {processor.py:830} INFO - Processing file /home/airflow/.local/lib/python3.8/site-packages/airflow/example_dags/example_xcomargs.py for tasks to queue
[2024-03-23T14:09:47.424+0000] {logging_mixin.py:188} INFO - [2024-03-23T14:09:47.423+0000] {dagbag.py:540} INFO - Filling up the DagBag from /home/airflow/.local/lib/python3.8/site-packages/airflow/example_dags/example_xcomargs.py
[2024-03-23T14:09:47.437+0000] {processor.py:840} INFO - DAG(s) 'example_xcom_args_with_operators', 'example_xcom_args' retrieved from /home/airflow/.local/lib/python3.8/site-packages/airflow/example_dags/example_xcomargs.py
[2024-03-23T14:09:47.487+0000] {logging_mixin.py:188} INFO - [2024-03-23T14:09:47.486+0000] {dag.py:3047} INFO - Sync 2 DAGs
[2024-03-23T14:09:47.517+0000] {logging_mixin.py:188} INFO - [2024-03-23T14:09:47.516+0000] {dag.py:3834} INFO - Setting next_dagrun for example_xcom_args to None, run_after=None
[2024-03-23T14:09:47.526+0000] {logging_mixin.py:188} INFO - [2024-03-23T14:09:47.525+0000] {dag.py:3834} INFO - Setting next_dagrun for example_xcom_args_with_operators to None, run_after=None
[2024-03-23T14:09:47.559+0000] {processor.py:183} INFO - Processing /home/airflow/.local/lib/python3.8/site-packages/airflow/example_dags/example_xcomargs.py took 0.146 seconds
[2024-03-23T14:10:17.965+0000] {processor.py:161} INFO - Started process (PID=203) to work on /home/airflow/.local/lib/python3.8/site-packages/airflow/example_dags/example_xcomargs.py
[2024-03-23T14:10:17.967+0000] {processor.py:830} INFO - Processing file /home/airflow/.local/lib/python3.8/site-packages/airflow/example_dags/example_xcomargs.py for tasks to queue
[2024-03-23T14:10:17.971+0000] {logging_mixin.py:188} INFO - [2024-03-23T14:10:17.970+0000] {dagbag.py:540} INFO - Filling up the DagBag from /home/airflow/.local/lib/python3.8/site-packages/airflow/example_dags/example_xcomargs.py
[2024-03-23T14:10:17.986+0000] {processor.py:840} INFO - DAG(s) 'example_xcom_args_with_operators', 'example_xcom_args' retrieved from /home/airflow/.local/lib/python3.8/site-packages/airflow/example_dags/example_xcomargs.py
[2024-03-23T14:10:18.034+0000] {logging_mixin.py:188} INFO - [2024-03-23T14:10:18.033+0000] {dag.py:3047} INFO - Sync 2 DAGs
[2024-03-23T14:10:18.059+0000] {logging_mixin.py:188} INFO - [2024-03-23T14:10:18.059+0000] {dag.py:3834} INFO - Setting next_dagrun for example_xcom_args to None, run_after=None
[2024-03-23T14:10:18.067+0000] {logging_mixin.py:188} INFO - [2024-03-23T14:10:18.066+0000] {dag.py:3834} INFO - Setting next_dagrun for example_xcom_args_with_operators to None, run_after=None
[2024-03-23T14:10:18.103+0000] {processor.py:183} INFO - Processing /home/airflow/.local/lib/python3.8/site-packages/airflow/example_dags/example_xcomargs.py took 0.143 seconds
[2024-03-23T14:10:48.595+0000] {processor.py:161} INFO - Started process (PID=258) to work on /home/airflow/.local/lib/python3.8/site-packages/airflow/example_dags/example_xcomargs.py
[2024-03-23T14:10:48.596+0000] {processor.py:830} INFO - Processing file /home/airflow/.local/lib/python3.8/site-packages/airflow/example_dags/example_xcomargs.py for tasks to queue
[2024-03-23T14:10:48.599+0000] {logging_mixin.py:188} INFO - [2024-03-23T14:10:48.598+0000] {dagbag.py:540} INFO - Filling up the DagBag from /home/airflow/.local/lib/python3.8/site-packages/airflow/example_dags/example_xcomargs.py
[2024-03-23T14:10:48.612+0000] {processor.py:840} INFO - DAG(s) 'example_xcom_args', 'example_xcom_args_with_operators' retrieved from /home/airflow/.local/lib/python3.8/site-packages/airflow/example_dags/example_xcomargs.py
[2024-03-23T14:10:48.661+0000] {logging_mixin.py:188} INFO - [2024-03-23T14:10:48.661+0000] {dag.py:3047} INFO - Sync 2 DAGs
[2024-03-23T14:10:48.689+0000] {logging_mixin.py:188} INFO - [2024-03-23T14:10:48.689+0000] {dag.py:3834} INFO - Setting next_dagrun for example_xcom_args to None, run_after=None
[2024-03-23T14:10:48.702+0000] {logging_mixin.py:188} INFO - [2024-03-23T14:10:48.702+0000] {dag.py:3834} INFO - Setting next_dagrun for example_xcom_args_with_operators to None, run_after=None
[2024-03-23T14:10:48.741+0000] {processor.py:183} INFO - Processing /home/airflow/.local/lib/python3.8/site-packages/airflow/example_dags/example_xcomargs.py took 0.152 seconds
[2024-03-23T14:11:19.491+0000] {processor.py:161} INFO - Started process (PID=313) to work on /home/airflow/.local/lib/python3.8/site-packages/airflow/example_dags/example_xcomargs.py
[2024-03-23T14:11:19.493+0000] {processor.py:830} INFO - Processing file /home/airflow/.local/lib/python3.8/site-packages/airflow/example_dags/example_xcomargs.py for tasks to queue
[2024-03-23T14:11:19.496+0000] {logging_mixin.py:188} INFO - [2024-03-23T14:11:19.495+0000] {dagbag.py:540} INFO - Filling up the DagBag from /home/airflow/.local/lib/python3.8/site-packages/airflow/example_dags/example_xcomargs.py
[2024-03-23T14:11:19.510+0000] {processor.py:840} INFO - DAG(s) 'example_xcom_args', 'example_xcom_args_with_operators' retrieved from /home/airflow/.local/lib/python3.8/site-packages/airflow/example_dags/example_xcomargs.py
[2024-03-23T14:11:19.559+0000] {logging_mixin.py:188} INFO - [2024-03-23T14:11:19.558+0000] {dag.py:3047} INFO - Sync 2 DAGs
[2024-03-23T14:11:19.591+0000] {logging_mixin.py:188} INFO - [2024-03-23T14:11:19.590+0000] {dag.py:3834} INFO - Setting next_dagrun for example_xcom_args to None, run_after=None
[2024-03-23T14:11:19.599+0000] {logging_mixin.py:188} INFO - [2024-03-23T14:11:19.598+0000] {dag.py:3834} INFO - Setting next_dagrun for example_xcom_args_with_operators to None, run_after=None
[2024-03-23T14:11:19.637+0000] {processor.py:183} INFO - Processing /home/airflow/.local/lib/python3.8/site-packages/airflow/example_dags/example_xcomargs.py took 0.152 seconds
[2024-03-23T14:11:50.346+0000] {processor.py:161} INFO - Started process (PID=368) to work on /home/airflow/.local/lib/python3.8/site-packages/airflow/example_dags/example_xcomargs.py
[2024-03-23T14:11:50.348+0000] {processor.py:830} INFO - Processing file /home/airflow/.local/lib/python3.8/site-packages/airflow/example_dags/example_xcomargs.py for tasks to queue
[2024-03-23T14:11:50.350+0000] {logging_mixin.py:188} INFO - [2024-03-23T14:11:50.350+0000] {dagbag.py:540} INFO - Filling up the DagBag from /home/airflow/.local/lib/python3.8/site-packages/airflow/example_dags/example_xcomargs.py
[2024-03-23T14:11:50.367+0000] {processor.py:840} INFO - DAG(s) 'example_xcom_args', 'example_xcom_args_with_operators' retrieved from /home/airflow/.local/lib/python3.8/site-packages/airflow/example_dags/example_xcomargs.py
[2024-03-23T14:11:50.411+0000] {logging_mixin.py:188} INFO - [2024-03-23T14:11:50.411+0000] {dag.py:3047} INFO - Sync 2 DAGs
[2024-03-23T14:11:50.442+0000] {logging_mixin.py:188} INFO - [2024-03-23T14:11:50.441+0000] {dag.py:3834} INFO - Setting next_dagrun for example_xcom_args to None, run_after=None
[2024-03-23T14:11:50.451+0000] {logging_mixin.py:188} INFO - [2024-03-23T14:11:50.450+0000] {dag.py:3834} INFO - Setting next_dagrun for example_xcom_args_with_operators to None, run_after=None
[2024-03-23T14:11:50.483+0000] {processor.py:183} INFO - Processing /home/airflow/.local/lib/python3.8/site-packages/airflow/example_dags/example_xcomargs.py took 0.142 seconds
[2024-03-23T14:12:20.969+0000] {processor.py:161} INFO - Started process (PID=423) to work on /home/airflow/.local/lib/python3.8/site-packages/airflow/example_dags/example_xcomargs.py
[2024-03-23T14:12:20.971+0000] {processor.py:830} INFO - Processing file /home/airflow/.local/lib/python3.8/site-packages/airflow/example_dags/example_xcomargs.py for tasks to queue
[2024-03-23T14:12:20.974+0000] {logging_mixin.py:188} INFO - [2024-03-23T14:12:20.973+0000] {dagbag.py:540} INFO - Filling up the DagBag from /home/airflow/.local/lib/python3.8/site-packages/airflow/example_dags/example_xcomargs.py
[2024-03-23T14:12:20.989+0000] {processor.py:840} INFO - DAG(s) 'example_xcom_args', 'example_xcom_args_with_operators' retrieved from /home/airflow/.local/lib/python3.8/site-packages/airflow/example_dags/example_xcomargs.py
[2024-03-23T14:12:21.041+0000] {logging_mixin.py:188} INFO - [2024-03-23T14:12:21.041+0000] {dag.py:3047} INFO - Sync 2 DAGs
[2024-03-23T14:12:21.070+0000] {logging_mixin.py:188} INFO - [2024-03-23T14:12:21.069+0000] {dag.py:3834} INFO - Setting next_dagrun for example_xcom_args to None, run_after=None
[2024-03-23T14:12:21.077+0000] {logging_mixin.py:188} INFO - [2024-03-23T14:12:21.076+0000] {dag.py:3834} INFO - Setting next_dagrun for example_xcom_args_with_operators to None, run_after=None
[2024-03-23T14:12:21.112+0000] {processor.py:183} INFO - Processing /home/airflow/.local/lib/python3.8/site-packages/airflow/example_dags/example_xcomargs.py took 0.148 seconds
