[2024-03-23T14:09:12.101+0000] {processor.py:161} INFO - Started process (PID=74) to work on /home/airflow/.local/lib/python3.8/site-packages/airflow/example_dags/example_dynamic_task_mapping_with_no_taskflow_operators.py
[2024-03-23T14:09:12.103+0000] {processor.py:830} INFO - Processing file /home/airflow/.local/lib/python3.8/site-packages/airflow/example_dags/example_dynamic_task_mapping_with_no_taskflow_operators.py for tasks to queue
[2024-03-23T14:09:12.107+0000] {logging_mixin.py:188} INFO - [2024-03-23T14:09:12.106+0000] {dagbag.py:540} INFO - Filling up the DagBag from /home/airflow/.local/lib/python3.8/site-packages/airflow/example_dags/example_dynamic_task_mapping_with_no_taskflow_operators.py
[2024-03-23T14:09:12.126+0000] {processor.py:840} INFO - DAG(s) 'example_dynamic_task_mapping_with_no_taskflow_operators' retrieved from /home/airflow/.local/lib/python3.8/site-packages/airflow/example_dags/example_dynamic_task_mapping_with_no_taskflow_operators.py
[2024-03-23T14:09:12.500+0000] {logging_mixin.py:188} INFO - [2024-03-23T14:09:12.499+0000] {dag.py:3047} INFO - Sync 1 DAGs
[2024-03-23T14:09:12.567+0000] {logging_mixin.py:188} INFO - [2024-03-23T14:09:12.566+0000] {dag.py:3834} INFO - Setting next_dagrun for example_dynamic_task_mapping_with_no_taskflow_operators to 2024-03-22 00:00:00+00:00, run_after=2024-03-23 00:00:00+00:00
[2024-03-23T14:09:12.629+0000] {processor.py:183} INFO - Processing /home/airflow/.local/lib/python3.8/site-packages/airflow/example_dags/example_dynamic_task_mapping_with_no_taskflow_operators.py took 0.535 seconds
[2024-03-23T14:09:43.243+0000] {processor.py:161} INFO - Started process (PID=129) to work on /home/airflow/.local/lib/python3.8/site-packages/airflow/example_dags/example_dynamic_task_mapping_with_no_taskflow_operators.py
[2024-03-23T14:09:43.246+0000] {processor.py:830} INFO - Processing file /home/airflow/.local/lib/python3.8/site-packages/airflow/example_dags/example_dynamic_task_mapping_with_no_taskflow_operators.py for tasks to queue
[2024-03-23T14:09:43.251+0000] {logging_mixin.py:188} INFO - [2024-03-23T14:09:43.250+0000] {dagbag.py:540} INFO - Filling up the DagBag from /home/airflow/.local/lib/python3.8/site-packages/airflow/example_dags/example_dynamic_task_mapping_with_no_taskflow_operators.py
[2024-03-23T14:09:43.266+0000] {processor.py:840} INFO - DAG(s) 'example_dynamic_task_mapping_with_no_taskflow_operators' retrieved from /home/airflow/.local/lib/python3.8/site-packages/airflow/example_dags/example_dynamic_task_mapping_with_no_taskflow_operators.py
[2024-03-23T14:09:43.310+0000] {logging_mixin.py:188} INFO - [2024-03-23T14:09:43.310+0000] {dag.py:3047} INFO - Sync 1 DAGs
[2024-03-23T14:09:43.360+0000] {logging_mixin.py:188} INFO - [2024-03-23T14:09:43.359+0000] {dag.py:3834} INFO - Setting next_dagrun for example_dynamic_task_mapping_with_no_taskflow_operators to 2024-03-22 00:00:00+00:00, run_after=2024-03-23 00:00:00+00:00
[2024-03-23T14:09:43.406+0000] {processor.py:183} INFO - Processing /home/airflow/.local/lib/python3.8/site-packages/airflow/example_dags/example_dynamic_task_mapping_with_no_taskflow_operators.py took 0.173 seconds
[2024-03-23T14:10:13.496+0000] {processor.py:161} INFO - Started process (PID=184) to work on /home/airflow/.local/lib/python3.8/site-packages/airflow/example_dags/example_dynamic_task_mapping_with_no_taskflow_operators.py
[2024-03-23T14:10:13.498+0000] {processor.py:830} INFO - Processing file /home/airflow/.local/lib/python3.8/site-packages/airflow/example_dags/example_dynamic_task_mapping_with_no_taskflow_operators.py for tasks to queue
[2024-03-23T14:10:13.502+0000] {logging_mixin.py:188} INFO - [2024-03-23T14:10:13.501+0000] {dagbag.py:540} INFO - Filling up the DagBag from /home/airflow/.local/lib/python3.8/site-packages/airflow/example_dags/example_dynamic_task_mapping_with_no_taskflow_operators.py
[2024-03-23T14:10:13.516+0000] {processor.py:840} INFO - DAG(s) 'example_dynamic_task_mapping_with_no_taskflow_operators' retrieved from /home/airflow/.local/lib/python3.8/site-packages/airflow/example_dags/example_dynamic_task_mapping_with_no_taskflow_operators.py
[2024-03-23T14:10:13.557+0000] {logging_mixin.py:188} INFO - [2024-03-23T14:10:13.556+0000] {dag.py:3047} INFO - Sync 1 DAGs
[2024-03-23T14:10:13.610+0000] {logging_mixin.py:188} INFO - [2024-03-23T14:10:13.610+0000] {dag.py:3834} INFO - Setting next_dagrun for example_dynamic_task_mapping_with_no_taskflow_operators to 2024-03-22 00:00:00+00:00, run_after=2024-03-23 00:00:00+00:00
[2024-03-23T14:10:13.654+0000] {processor.py:183} INFO - Processing /home/airflow/.local/lib/python3.8/site-packages/airflow/example_dags/example_dynamic_task_mapping_with_no_taskflow_operators.py took 0.164 seconds
[2024-03-23T14:10:43.790+0000] {processor.py:161} INFO - Started process (PID=239) to work on /home/airflow/.local/lib/python3.8/site-packages/airflow/example_dags/example_dynamic_task_mapping_with_no_taskflow_operators.py
[2024-03-23T14:10:43.791+0000] {processor.py:830} INFO - Processing file /home/airflow/.local/lib/python3.8/site-packages/airflow/example_dags/example_dynamic_task_mapping_with_no_taskflow_operators.py for tasks to queue
[2024-03-23T14:10:43.794+0000] {logging_mixin.py:188} INFO - [2024-03-23T14:10:43.794+0000] {dagbag.py:540} INFO - Filling up the DagBag from /home/airflow/.local/lib/python3.8/site-packages/airflow/example_dags/example_dynamic_task_mapping_with_no_taskflow_operators.py
[2024-03-23T14:10:43.804+0000] {processor.py:840} INFO - DAG(s) 'example_dynamic_task_mapping_with_no_taskflow_operators' retrieved from /home/airflow/.local/lib/python3.8/site-packages/airflow/example_dags/example_dynamic_task_mapping_with_no_taskflow_operators.py
[2024-03-23T14:10:43.840+0000] {logging_mixin.py:188} INFO - [2024-03-23T14:10:43.840+0000] {dag.py:3047} INFO - Sync 1 DAGs
[2024-03-23T14:10:43.883+0000] {logging_mixin.py:188} INFO - [2024-03-23T14:10:43.883+0000] {dag.py:3834} INFO - Setting next_dagrun for example_dynamic_task_mapping_with_no_taskflow_operators to 2024-03-22 00:00:00+00:00, run_after=2024-03-23 00:00:00+00:00
[2024-03-23T14:10:43.923+0000] {processor.py:183} INFO - Processing /home/airflow/.local/lib/python3.8/site-packages/airflow/example_dags/example_dynamic_task_mapping_with_no_taskflow_operators.py took 0.140 seconds
[2024-03-23T14:11:14.255+0000] {processor.py:161} INFO - Started process (PID=294) to work on /home/airflow/.local/lib/python3.8/site-packages/airflow/example_dags/example_dynamic_task_mapping_with_no_taskflow_operators.py
[2024-03-23T14:11:14.257+0000] {processor.py:830} INFO - Processing file /home/airflow/.local/lib/python3.8/site-packages/airflow/example_dags/example_dynamic_task_mapping_with_no_taskflow_operators.py for tasks to queue
[2024-03-23T14:11:14.261+0000] {logging_mixin.py:188} INFO - [2024-03-23T14:11:14.261+0000] {dagbag.py:540} INFO - Filling up the DagBag from /home/airflow/.local/lib/python3.8/site-packages/airflow/example_dags/example_dynamic_task_mapping_with_no_taskflow_operators.py
[2024-03-23T14:11:14.274+0000] {processor.py:840} INFO - DAG(s) 'example_dynamic_task_mapping_with_no_taskflow_operators' retrieved from /home/airflow/.local/lib/python3.8/site-packages/airflow/example_dags/example_dynamic_task_mapping_with_no_taskflow_operators.py
[2024-03-23T14:11:14.315+0000] {logging_mixin.py:188} INFO - [2024-03-23T14:11:14.315+0000] {dag.py:3047} INFO - Sync 1 DAGs
[2024-03-23T14:11:14.372+0000] {logging_mixin.py:188} INFO - [2024-03-23T14:11:14.371+0000] {dag.py:3834} INFO - Setting next_dagrun for example_dynamic_task_mapping_with_no_taskflow_operators to 2024-03-22 00:00:00+00:00, run_after=2024-03-23 00:00:00+00:00
[2024-03-23T14:11:14.416+0000] {processor.py:183} INFO - Processing /home/airflow/.local/lib/python3.8/site-packages/airflow/example_dags/example_dynamic_task_mapping_with_no_taskflow_operators.py took 0.167 seconds
[2024-03-23T14:11:45.209+0000] {processor.py:161} INFO - Started process (PID=349) to work on /home/airflow/.local/lib/python3.8/site-packages/airflow/example_dags/example_dynamic_task_mapping_with_no_taskflow_operators.py
[2024-03-23T14:11:45.211+0000] {processor.py:830} INFO - Processing file /home/airflow/.local/lib/python3.8/site-packages/airflow/example_dags/example_dynamic_task_mapping_with_no_taskflow_operators.py for tasks to queue
[2024-03-23T14:11:45.214+0000] {logging_mixin.py:188} INFO - [2024-03-23T14:11:45.214+0000] {dagbag.py:540} INFO - Filling up the DagBag from /home/airflow/.local/lib/python3.8/site-packages/airflow/example_dags/example_dynamic_task_mapping_with_no_taskflow_operators.py
[2024-03-23T14:11:45.227+0000] {processor.py:840} INFO - DAG(s) 'example_dynamic_task_mapping_with_no_taskflow_operators' retrieved from /home/airflow/.local/lib/python3.8/site-packages/airflow/example_dags/example_dynamic_task_mapping_with_no_taskflow_operators.py
[2024-03-23T14:11:45.270+0000] {logging_mixin.py:188} INFO - [2024-03-23T14:11:45.269+0000] {dag.py:3047} INFO - Sync 1 DAGs
[2024-03-23T14:11:45.318+0000] {logging_mixin.py:188} INFO - [2024-03-23T14:11:45.317+0000] {dag.py:3834} INFO - Setting next_dagrun for example_dynamic_task_mapping_with_no_taskflow_operators to 2024-03-22 00:00:00+00:00, run_after=2024-03-23 00:00:00+00:00
[2024-03-23T14:11:45.361+0000] {processor.py:183} INFO - Processing /home/airflow/.local/lib/python3.8/site-packages/airflow/example_dags/example_dynamic_task_mapping_with_no_taskflow_operators.py took 0.157 seconds
[2024-03-23T14:12:15.469+0000] {processor.py:161} INFO - Started process (PID=404) to work on /home/airflow/.local/lib/python3.8/site-packages/airflow/example_dags/example_dynamic_task_mapping_with_no_taskflow_operators.py
[2024-03-23T14:12:15.471+0000] {processor.py:830} INFO - Processing file /home/airflow/.local/lib/python3.8/site-packages/airflow/example_dags/example_dynamic_task_mapping_with_no_taskflow_operators.py for tasks to queue
[2024-03-23T14:12:15.475+0000] {logging_mixin.py:188} INFO - [2024-03-23T14:12:15.474+0000] {dagbag.py:540} INFO - Filling up the DagBag from /home/airflow/.local/lib/python3.8/site-packages/airflow/example_dags/example_dynamic_task_mapping_with_no_taskflow_operators.py
[2024-03-23T14:12:15.488+0000] {processor.py:840} INFO - DAG(s) 'example_dynamic_task_mapping_with_no_taskflow_operators' retrieved from /home/airflow/.local/lib/python3.8/site-packages/airflow/example_dags/example_dynamic_task_mapping_with_no_taskflow_operators.py
[2024-03-23T14:12:15.528+0000] {logging_mixin.py:188} INFO - [2024-03-23T14:12:15.528+0000] {dag.py:3047} INFO - Sync 1 DAGs
[2024-03-23T14:12:15.571+0000] {logging_mixin.py:188} INFO - [2024-03-23T14:12:15.571+0000] {dag.py:3834} INFO - Setting next_dagrun for example_dynamic_task_mapping_with_no_taskflow_operators to 2024-03-22 00:00:00+00:00, run_after=2024-03-23 00:00:00+00:00
[2024-03-23T14:12:15.610+0000] {processor.py:183} INFO - Processing /home/airflow/.local/lib/python3.8/site-packages/airflow/example_dags/example_dynamic_task_mapping_with_no_taskflow_operators.py took 0.149 seconds
