[2024-03-23T14:09:13.535+0000] {processor.py:161} INFO - Started process (PID=79) to work on /home/airflow/.local/lib/python3.8/site-packages/airflow/example_dags/example_dag_decorator.py
[2024-03-23T14:09:13.537+0000] {processor.py:830} INFO - Processing file /home/airflow/.local/lib/python3.8/site-packages/airflow/example_dags/example_dag_decorator.py for tasks to queue
[2024-03-23T14:09:13.540+0000] {logging_mixin.py:188} INFO - [2024-03-23T14:09:13.539+0000] {dagbag.py:540} INFO - Filling up the DagBag from /home/airflow/.local/lib/python3.8/site-packages/airflow/example_dags/example_dag_decorator.py
[2024-03-23T14:09:14.241+0000] {processor.py:840} INFO - DAG(s) 'example_dag_decorator' retrieved from /home/airflow/.local/lib/python3.8/site-packages/airflow/example_dags/example_dag_decorator.py
[2024-03-23T14:09:14.496+0000] {logging_mixin.py:188} INFO - [2024-03-23T14:09:14.496+0000] {dag.py:3047} INFO - Sync 1 DAGs
[2024-03-23T14:09:14.537+0000] {logging_mixin.py:188} INFO - [2024-03-23T14:09:14.536+0000] {dag.py:3834} INFO - Setting next_dagrun for example_dag_decorator to None, run_after=None
[2024-03-23T14:09:14.589+0000] {processor.py:183} INFO - Processing /home/airflow/.local/lib/python3.8/site-packages/airflow/example_dags/example_dag_decorator.py took 1.061 seconds
[2024-03-23T14:09:44.974+0000] {processor.py:161} INFO - Started process (PID=134) to work on /home/airflow/.local/lib/python3.8/site-packages/airflow/example_dags/example_dag_decorator.py
[2024-03-23T14:09:44.980+0000] {processor.py:830} INFO - Processing file /home/airflow/.local/lib/python3.8/site-packages/airflow/example_dags/example_dag_decorator.py for tasks to queue
[2024-03-23T14:09:44.984+0000] {logging_mixin.py:188} INFO - [2024-03-23T14:09:44.983+0000] {dagbag.py:540} INFO - Filling up the DagBag from /home/airflow/.local/lib/python3.8/site-packages/airflow/example_dags/example_dag_decorator.py
[2024-03-23T14:09:45.215+0000] {processor.py:840} INFO - DAG(s) 'example_dag_decorator' retrieved from /home/airflow/.local/lib/python3.8/site-packages/airflow/example_dags/example_dag_decorator.py
[2024-03-23T14:09:45.445+0000] {logging_mixin.py:188} INFO - [2024-03-23T14:09:45.444+0000] {dag.py:3047} INFO - Sync 1 DAGs
[2024-03-23T14:09:45.467+0000] {logging_mixin.py:188} INFO - [2024-03-23T14:09:45.466+0000] {dag.py:3834} INFO - Setting next_dagrun for example_dag_decorator to None, run_after=None
[2024-03-23T14:09:45.509+0000] {processor.py:183} INFO - Processing /home/airflow/.local/lib/python3.8/site-packages/airflow/example_dags/example_dag_decorator.py took 0.541 seconds
[2024-03-23T14:10:15.618+0000] {processor.py:161} INFO - Started process (PID=191) to work on /home/airflow/.local/lib/python3.8/site-packages/airflow/example_dags/example_dag_decorator.py
[2024-03-23T14:10:15.621+0000] {processor.py:830} INFO - Processing file /home/airflow/.local/lib/python3.8/site-packages/airflow/example_dags/example_dag_decorator.py for tasks to queue
[2024-03-23T14:10:15.625+0000] {logging_mixin.py:188} INFO - [2024-03-23T14:10:15.624+0000] {dagbag.py:540} INFO - Filling up the DagBag from /home/airflow/.local/lib/python3.8/site-packages/airflow/example_dags/example_dag_decorator.py
[2024-03-23T14:10:15.829+0000] {processor.py:840} INFO - DAG(s) 'example_dag_decorator' retrieved from /home/airflow/.local/lib/python3.8/site-packages/airflow/example_dags/example_dag_decorator.py
[2024-03-23T14:10:16.078+0000] {logging_mixin.py:188} INFO - [2024-03-23T14:10:16.077+0000] {dag.py:3047} INFO - Sync 1 DAGs
[2024-03-23T14:10:16.106+0000] {logging_mixin.py:188} INFO - [2024-03-23T14:10:16.105+0000] {dag.py:3834} INFO - Setting next_dagrun for example_dag_decorator to None, run_after=None
[2024-03-23T14:10:16.153+0000] {processor.py:183} INFO - Processing /home/airflow/.local/lib/python3.8/site-packages/airflow/example_dags/example_dag_decorator.py took 0.540 seconds
[2024-03-23T14:10:46.239+0000] {processor.py:161} INFO - Started process (PID=248) to work on /home/airflow/.local/lib/python3.8/site-packages/airflow/example_dags/example_dag_decorator.py
[2024-03-23T14:10:46.240+0000] {processor.py:830} INFO - Processing file /home/airflow/.local/lib/python3.8/site-packages/airflow/example_dags/example_dag_decorator.py for tasks to queue
[2024-03-23T14:10:46.244+0000] {logging_mixin.py:188} INFO - [2024-03-23T14:10:46.243+0000] {dagbag.py:540} INFO - Filling up the DagBag from /home/airflow/.local/lib/python3.8/site-packages/airflow/example_dags/example_dag_decorator.py
[2024-03-23T14:10:46.429+0000] {processor.py:840} INFO - DAG(s) 'example_dag_decorator' retrieved from /home/airflow/.local/lib/python3.8/site-packages/airflow/example_dags/example_dag_decorator.py
[2024-03-23T14:10:46.662+0000] {logging_mixin.py:188} INFO - [2024-03-23T14:10:46.661+0000] {dag.py:3047} INFO - Sync 1 DAGs
[2024-03-23T14:10:46.686+0000] {logging_mixin.py:188} INFO - [2024-03-23T14:10:46.685+0000] {dag.py:3834} INFO - Setting next_dagrun for example_dag_decorator to None, run_after=None
[2024-03-23T14:10:46.727+0000] {processor.py:183} INFO - Processing /home/airflow/.local/lib/python3.8/site-packages/airflow/example_dags/example_dag_decorator.py took 0.493 seconds
[2024-03-23T14:11:17.357+0000] {processor.py:161} INFO - Started process (PID=303) to work on /home/airflow/.local/lib/python3.8/site-packages/airflow/example_dags/example_dag_decorator.py
[2024-03-23T14:11:17.359+0000] {processor.py:830} INFO - Processing file /home/airflow/.local/lib/python3.8/site-packages/airflow/example_dags/example_dag_decorator.py for tasks to queue
[2024-03-23T14:11:17.362+0000] {logging_mixin.py:188} INFO - [2024-03-23T14:11:17.362+0000] {dagbag.py:540} INFO - Filling up the DagBag from /home/airflow/.local/lib/python3.8/site-packages/airflow/example_dags/example_dag_decorator.py
[2024-03-23T14:11:17.556+0000] {processor.py:840} INFO - DAG(s) 'example_dag_decorator' retrieved from /home/airflow/.local/lib/python3.8/site-packages/airflow/example_dags/example_dag_decorator.py
[2024-03-23T14:11:17.776+0000] {logging_mixin.py:188} INFO - [2024-03-23T14:11:17.776+0000] {dag.py:3047} INFO - Sync 1 DAGs
[2024-03-23T14:11:17.808+0000] {logging_mixin.py:188} INFO - [2024-03-23T14:11:17.808+0000] {dag.py:3834} INFO - Setting next_dagrun for example_dag_decorator to None, run_after=None
[2024-03-23T14:11:17.850+0000] {processor.py:183} INFO - Processing /home/airflow/.local/lib/python3.8/site-packages/airflow/example_dags/example_dag_decorator.py took 0.500 seconds
[2024-03-23T14:11:48.200+0000] {processor.py:161} INFO - Started process (PID=358) to work on /home/airflow/.local/lib/python3.8/site-packages/airflow/example_dags/example_dag_decorator.py
[2024-03-23T14:11:48.206+0000] {processor.py:830} INFO - Processing file /home/airflow/.local/lib/python3.8/site-packages/airflow/example_dags/example_dag_decorator.py for tasks to queue
[2024-03-23T14:11:48.212+0000] {logging_mixin.py:188} INFO - [2024-03-23T14:11:48.211+0000] {dagbag.py:540} INFO - Filling up the DagBag from /home/airflow/.local/lib/python3.8/site-packages/airflow/example_dags/example_dag_decorator.py
[2024-03-23T14:11:48.410+0000] {processor.py:840} INFO - DAG(s) 'example_dag_decorator' retrieved from /home/airflow/.local/lib/python3.8/site-packages/airflow/example_dags/example_dag_decorator.py
[2024-03-23T14:11:48.723+0000] {logging_mixin.py:188} INFO - [2024-03-23T14:11:48.723+0000] {dag.py:3047} INFO - Sync 1 DAGs
[2024-03-23T14:11:48.748+0000] {logging_mixin.py:188} INFO - [2024-03-23T14:11:48.747+0000] {dag.py:3834} INFO - Setting next_dagrun for example_dag_decorator to None, run_after=None
[2024-03-23T14:11:48.793+0000] {processor.py:183} INFO - Processing /home/airflow/.local/lib/python3.8/site-packages/airflow/example_dags/example_dag_decorator.py took 0.600 seconds
[2024-03-23T14:12:18.865+0000] {processor.py:161} INFO - Started process (PID=415) to work on /home/airflow/.local/lib/python3.8/site-packages/airflow/example_dags/example_dag_decorator.py
[2024-03-23T14:12:18.867+0000] {processor.py:830} INFO - Processing file /home/airflow/.local/lib/python3.8/site-packages/airflow/example_dags/example_dag_decorator.py for tasks to queue
[2024-03-23T14:12:18.870+0000] {logging_mixin.py:188} INFO - [2024-03-23T14:12:18.869+0000] {dagbag.py:540} INFO - Filling up the DagBag from /home/airflow/.local/lib/python3.8/site-packages/airflow/example_dags/example_dag_decorator.py
[2024-03-23T14:12:19.088+0000] {processor.py:840} INFO - DAG(s) 'example_dag_decorator' retrieved from /home/airflow/.local/lib/python3.8/site-packages/airflow/example_dags/example_dag_decorator.py
[2024-03-23T14:12:19.305+0000] {logging_mixin.py:188} INFO - [2024-03-23T14:12:19.305+0000] {dag.py:3047} INFO - Sync 1 DAGs
[2024-03-23T14:12:19.327+0000] {logging_mixin.py:188} INFO - [2024-03-23T14:12:19.326+0000] {dag.py:3834} INFO - Setting next_dagrun for example_dag_decorator to None, run_after=None
[2024-03-23T14:12:19.371+0000] {processor.py:183} INFO - Processing /home/airflow/.local/lib/python3.8/site-packages/airflow/example_dags/example_dag_decorator.py took 0.512 seconds
