[2024-03-23T14:09:09.517+0000] {processor.py:161} INFO - Started process (PID=65) to work on /home/airflow/.local/lib/python3.8/site-packages/airflow/example_dags/example_latest_only.py
[2024-03-23T14:09:09.519+0000] {processor.py:830} INFO - Processing file /home/airflow/.local/lib/python3.8/site-packages/airflow/example_dags/example_latest_only.py for tasks to queue
[2024-03-23T14:09:09.522+0000] {logging_mixin.py:188} INFO - [2024-03-23T14:09:09.521+0000] {dagbag.py:540} INFO - Filling up the DagBag from /home/airflow/.local/lib/python3.8/site-packages/airflow/example_dags/example_latest_only.py
[2024-03-23T14:09:09.539+0000] {processor.py:840} INFO - DAG(s) 'latest_only' retrieved from /home/airflow/.local/lib/python3.8/site-packages/airflow/example_dags/example_latest_only.py
[2024-03-23T14:09:09.911+0000] {logging_mixin.py:188} INFO - [2024-03-23T14:09:09.910+0000] {dag.py:3047} INFO - Sync 1 DAGs
[2024-03-23T14:09:09.991+0000] {logging_mixin.py:188} INFO - [2024-03-23T14:09:09.990+0000] {dag.py:3834} INFO - Setting next_dagrun for latest_only to 2024-03-23 08:00:00+00:00, run_after=2024-03-23 12:00:00+00:00
[2024-03-23T14:09:10.042+0000] {processor.py:183} INFO - Processing /home/airflow/.local/lib/python3.8/site-packages/airflow/example_dags/example_latest_only.py took 0.531 seconds
[2024-03-23T14:09:40.117+0000] {processor.py:161} INFO - Started process (PID=120) to work on /home/airflow/.local/lib/python3.8/site-packages/airflow/example_dags/example_latest_only.py
[2024-03-23T14:09:40.118+0000] {processor.py:830} INFO - Processing file /home/airflow/.local/lib/python3.8/site-packages/airflow/example_dags/example_latest_only.py for tasks to queue
[2024-03-23T14:09:40.121+0000] {logging_mixin.py:188} INFO - [2024-03-23T14:09:40.120+0000] {dagbag.py:540} INFO - Filling up the DagBag from /home/airflow/.local/lib/python3.8/site-packages/airflow/example_dags/example_latest_only.py
[2024-03-23T14:09:40.128+0000] {processor.py:840} INFO - DAG(s) 'latest_only' retrieved from /home/airflow/.local/lib/python3.8/site-packages/airflow/example_dags/example_latest_only.py
[2024-03-23T14:09:40.162+0000] {logging_mixin.py:188} INFO - [2024-03-23T14:09:40.162+0000] {dag.py:3047} INFO - Sync 1 DAGs
[2024-03-23T14:09:40.199+0000] {logging_mixin.py:188} INFO - [2024-03-23T14:09:40.199+0000] {dag.py:3834} INFO - Setting next_dagrun for latest_only to 2024-03-23 08:00:00+00:00, run_after=2024-03-23 12:00:00+00:00
[2024-03-23T14:09:40.234+0000] {processor.py:183} INFO - Processing /home/airflow/.local/lib/python3.8/site-packages/airflow/example_dags/example_latest_only.py took 0.122 seconds
[2024-03-23T14:10:10.529+0000] {processor.py:161} INFO - Started process (PID=175) to work on /home/airflow/.local/lib/python3.8/site-packages/airflow/example_dags/example_latest_only.py
[2024-03-23T14:10:10.531+0000] {processor.py:830} INFO - Processing file /home/airflow/.local/lib/python3.8/site-packages/airflow/example_dags/example_latest_only.py for tasks to queue
[2024-03-23T14:10:10.535+0000] {logging_mixin.py:188} INFO - [2024-03-23T14:10:10.535+0000] {dagbag.py:540} INFO - Filling up the DagBag from /home/airflow/.local/lib/python3.8/site-packages/airflow/example_dags/example_latest_only.py
[2024-03-23T14:10:10.544+0000] {processor.py:840} INFO - DAG(s) 'latest_only' retrieved from /home/airflow/.local/lib/python3.8/site-packages/airflow/example_dags/example_latest_only.py
[2024-03-23T14:10:10.590+0000] {logging_mixin.py:188} INFO - [2024-03-23T14:10:10.589+0000] {dag.py:3047} INFO - Sync 1 DAGs
[2024-03-23T14:10:10.659+0000] {logging_mixin.py:188} INFO - [2024-03-23T14:10:10.659+0000] {dag.py:3834} INFO - Setting next_dagrun for latest_only to 2024-03-23 08:00:00+00:00, run_after=2024-03-23 12:00:00+00:00
[2024-03-23T14:10:10.712+0000] {processor.py:183} INFO - Processing /home/airflow/.local/lib/python3.8/site-packages/airflow/example_dags/example_latest_only.py took 0.189 seconds
[2024-03-23T14:10:40.872+0000] {processor.py:161} INFO - Started process (PID=230) to work on /home/airflow/.local/lib/python3.8/site-packages/airflow/example_dags/example_latest_only.py
[2024-03-23T14:10:40.874+0000] {processor.py:830} INFO - Processing file /home/airflow/.local/lib/python3.8/site-packages/airflow/example_dags/example_latest_only.py for tasks to queue
[2024-03-23T14:10:40.877+0000] {logging_mixin.py:188} INFO - [2024-03-23T14:10:40.876+0000] {dagbag.py:540} INFO - Filling up the DagBag from /home/airflow/.local/lib/python3.8/site-packages/airflow/example_dags/example_latest_only.py
[2024-03-23T14:10:40.886+0000] {processor.py:840} INFO - DAG(s) 'latest_only' retrieved from /home/airflow/.local/lib/python3.8/site-packages/airflow/example_dags/example_latest_only.py
[2024-03-23T14:10:40.921+0000] {logging_mixin.py:188} INFO - [2024-03-23T14:10:40.921+0000] {dag.py:3047} INFO - Sync 1 DAGs
[2024-03-23T14:10:40.970+0000] {logging_mixin.py:188} INFO - [2024-03-23T14:10:40.970+0000] {dag.py:3834} INFO - Setting next_dagrun for latest_only to 2024-03-23 08:00:00+00:00, run_after=2024-03-23 12:00:00+00:00
[2024-03-23T14:10:41.011+0000] {processor.py:183} INFO - Processing /home/airflow/.local/lib/python3.8/site-packages/airflow/example_dags/example_latest_only.py took 0.145 seconds
[2024-03-23T14:11:11.298+0000] {processor.py:161} INFO - Started process (PID=285) to work on /home/airflow/.local/lib/python3.8/site-packages/airflow/example_dags/example_latest_only.py
[2024-03-23T14:11:11.300+0000] {processor.py:830} INFO - Processing file /home/airflow/.local/lib/python3.8/site-packages/airflow/example_dags/example_latest_only.py for tasks to queue
[2024-03-23T14:11:11.303+0000] {logging_mixin.py:188} INFO - [2024-03-23T14:11:11.302+0000] {dagbag.py:540} INFO - Filling up the DagBag from /home/airflow/.local/lib/python3.8/site-packages/airflow/example_dags/example_latest_only.py
[2024-03-23T14:11:11.310+0000] {processor.py:840} INFO - DAG(s) 'latest_only' retrieved from /home/airflow/.local/lib/python3.8/site-packages/airflow/example_dags/example_latest_only.py
[2024-03-23T14:11:11.345+0000] {logging_mixin.py:188} INFO - [2024-03-23T14:11:11.345+0000] {dag.py:3047} INFO - Sync 1 DAGs
[2024-03-23T14:11:11.386+0000] {logging_mixin.py:188} INFO - [2024-03-23T14:11:11.385+0000] {dag.py:3834} INFO - Setting next_dagrun for latest_only to 2024-03-23 08:00:00+00:00, run_after=2024-03-23 12:00:00+00:00
[2024-03-23T14:11:11.419+0000] {processor.py:183} INFO - Processing /home/airflow/.local/lib/python3.8/site-packages/airflow/example_dags/example_latest_only.py took 0.125 seconds
[2024-03-23T14:11:42.095+0000] {processor.py:161} INFO - Started process (PID=340) to work on /home/airflow/.local/lib/python3.8/site-packages/airflow/example_dags/example_latest_only.py
[2024-03-23T14:11:42.097+0000] {processor.py:830} INFO - Processing file /home/airflow/.local/lib/python3.8/site-packages/airflow/example_dags/example_latest_only.py for tasks to queue
[2024-03-23T14:11:42.100+0000] {logging_mixin.py:188} INFO - [2024-03-23T14:11:42.100+0000] {dagbag.py:540} INFO - Filling up the DagBag from /home/airflow/.local/lib/python3.8/site-packages/airflow/example_dags/example_latest_only.py
[2024-03-23T14:11:42.109+0000] {processor.py:840} INFO - DAG(s) 'latest_only' retrieved from /home/airflow/.local/lib/python3.8/site-packages/airflow/example_dags/example_latest_only.py
[2024-03-23T14:11:42.148+0000] {logging_mixin.py:188} INFO - [2024-03-23T14:11:42.147+0000] {dag.py:3047} INFO - Sync 1 DAGs
[2024-03-23T14:11:42.189+0000] {logging_mixin.py:188} INFO - [2024-03-23T14:11:42.189+0000] {dag.py:3834} INFO - Setting next_dagrun for latest_only to 2024-03-23 08:00:00+00:00, run_after=2024-03-23 12:00:00+00:00
[2024-03-23T14:11:42.230+0000] {processor.py:183} INFO - Processing /home/airflow/.local/lib/python3.8/site-packages/airflow/example_dags/example_latest_only.py took 0.140 seconds
[2024-03-23T14:12:12.601+0000] {processor.py:161} INFO - Started process (PID=395) to work on /home/airflow/.local/lib/python3.8/site-packages/airflow/example_dags/example_latest_only.py
[2024-03-23T14:12:12.603+0000] {processor.py:830} INFO - Processing file /home/airflow/.local/lib/python3.8/site-packages/airflow/example_dags/example_latest_only.py for tasks to queue
[2024-03-23T14:12:12.605+0000] {logging_mixin.py:188} INFO - [2024-03-23T14:12:12.605+0000] {dagbag.py:540} INFO - Filling up the DagBag from /home/airflow/.local/lib/python3.8/site-packages/airflow/example_dags/example_latest_only.py
[2024-03-23T14:12:12.613+0000] {processor.py:840} INFO - DAG(s) 'latest_only' retrieved from /home/airflow/.local/lib/python3.8/site-packages/airflow/example_dags/example_latest_only.py
[2024-03-23T14:12:12.651+0000] {logging_mixin.py:188} INFO - [2024-03-23T14:12:12.651+0000] {dag.py:3047} INFO - Sync 1 DAGs
[2024-03-23T14:12:12.698+0000] {logging_mixin.py:188} INFO - [2024-03-23T14:12:12.697+0000] {dag.py:3834} INFO - Setting next_dagrun for latest_only to 2024-03-23 08:00:00+00:00, run_after=2024-03-23 12:00:00+00:00
[2024-03-23T14:12:12.733+0000] {processor.py:183} INFO - Processing /home/airflow/.local/lib/python3.8/site-packages/airflow/example_dags/example_latest_only.py took 0.136 seconds
