[2024-03-23T14:09:15.002+0000] {processor.py:161} INFO - Started process (PID=84) to work on /home/airflow/.local/lib/python3.8/site-packages/airflow/example_dags/example_subdag_operator.py
[2024-03-23T14:09:15.006+0000] {processor.py:830} INFO - Processing file /home/airflow/.local/lib/python3.8/site-packages/airflow/example_dags/example_subdag_operator.py for tasks to queue
[2024-03-23T14:09:15.008+0000] {logging_mixin.py:188} INFO - [2024-03-23T14:09:15.008+0000] {dagbag.py:540} INFO - Filling up the DagBag from /home/airflow/.local/lib/python3.8/site-packages/airflow/example_dags/example_subdag_operator.py
[2024-03-23T14:09:15.057+0000] {processor.py:840} INFO - DAG(s) 'example_subdag_operator.section-1', 'example_subdag_operator.section-2', 'example_subdag_operator' retrieved from /home/airflow/.local/lib/python3.8/site-packages/airflow/example_dags/example_subdag_operator.py
[2024-03-23T14:09:15.285+0000] {logging_mixin.py:188} INFO - [2024-03-23T14:09:15.284+0000] {dag.py:3047} INFO - Sync 3 DAGs
[2024-03-23T14:09:15.335+0000] {logging_mixin.py:188} INFO - [2024-03-23T14:09:15.334+0000] {dag.py:3834} INFO - Setting next_dagrun for example_subdag_operator to 2022-01-01 00:00:00+00:00, run_after=2022-01-01 00:00:00+00:00
[2024-03-23T14:09:15.343+0000] {logging_mixin.py:188} INFO - [2024-03-23T14:09:15.342+0000] {dag.py:3834} INFO - Setting next_dagrun for example_subdag_operator.section-1 to None, run_after=None
[2024-03-23T14:09:15.345+0000] {logging_mixin.py:188} INFO - [2024-03-23T14:09:15.345+0000] {dag.py:3834} INFO - Setting next_dagrun for example_subdag_operator.section-2 to None, run_after=None
[2024-03-23T14:09:15.370+0000] {logging_mixin.py:188} INFO - [2024-03-23T14:09:15.370+0000] {dag.py:3047} INFO - Sync 2 DAGs
[2024-03-23T14:09:15.386+0000] {logging_mixin.py:188} INFO - [2024-03-23T14:09:15.385+0000] {dag.py:3834} INFO - Setting next_dagrun for example_subdag_operator.section-1 to None, run_after=None
[2024-03-23T14:09:15.387+0000] {logging_mixin.py:188} INFO - [2024-03-23T14:09:15.386+0000] {dag.py:3834} INFO - Setting next_dagrun for example_subdag_operator.section-2 to None, run_after=None
[2024-03-23T14:09:15.414+0000] {processor.py:183} INFO - Processing /home/airflow/.local/lib/python3.8/site-packages/airflow/example_dags/example_subdag_operator.py took 0.419 seconds
[2024-03-23T14:09:45.555+0000] {processor.py:161} INFO - Started process (PID=139) to work on /home/airflow/.local/lib/python3.8/site-packages/airflow/example_dags/example_subdag_operator.py
[2024-03-23T14:09:45.557+0000] {processor.py:830} INFO - Processing file /home/airflow/.local/lib/python3.8/site-packages/airflow/example_dags/example_subdag_operator.py for tasks to queue
[2024-03-23T14:09:45.560+0000] {logging_mixin.py:188} INFO - [2024-03-23T14:09:45.560+0000] {dagbag.py:540} INFO - Filling up the DagBag from /home/airflow/.local/lib/python3.8/site-packages/airflow/example_dags/example_subdag_operator.py
[2024-03-23T14:09:45.606+0000] {processor.py:840} INFO - DAG(s) 'example_subdag_operator.section-1', 'example_subdag_operator.section-2', 'example_subdag_operator' retrieved from /home/airflow/.local/lib/python3.8/site-packages/airflow/example_dags/example_subdag_operator.py
[2024-03-23T14:09:45.638+0000] {logging_mixin.py:188} INFO - [2024-03-23T14:09:45.638+0000] {dag.py:3047} INFO - Sync 3 DAGs
[2024-03-23T14:09:45.694+0000] {logging_mixin.py:188} INFO - [2024-03-23T14:09:45.693+0000] {dag.py:3834} INFO - Setting next_dagrun for example_subdag_operator to 2022-01-01 00:00:00+00:00, run_after=2022-01-01 00:00:00+00:00
[2024-03-23T14:09:45.703+0000] {logging_mixin.py:188} INFO - [2024-03-23T14:09:45.702+0000] {dag.py:3834} INFO - Setting next_dagrun for example_subdag_operator.section-1 to None, run_after=None
[2024-03-23T14:09:45.706+0000] {logging_mixin.py:188} INFO - [2024-03-23T14:09:45.706+0000] {dag.py:3834} INFO - Setting next_dagrun for example_subdag_operator.section-2 to None, run_after=None
[2024-03-23T14:09:45.723+0000] {logging_mixin.py:188} INFO - [2024-03-23T14:09:45.722+0000] {dag.py:3047} INFO - Sync 2 DAGs
[2024-03-23T14:09:45.734+0000] {logging_mixin.py:188} INFO - [2024-03-23T14:09:45.734+0000] {dag.py:3834} INFO - Setting next_dagrun for example_subdag_operator.section-1 to None, run_after=None
[2024-03-23T14:09:45.735+0000] {logging_mixin.py:188} INFO - [2024-03-23T14:09:45.735+0000] {dag.py:3834} INFO - Setting next_dagrun for example_subdag_operator.section-2 to None, run_after=None
[2024-03-23T14:09:45.761+0000] {processor.py:183} INFO - Processing /home/airflow/.local/lib/python3.8/site-packages/airflow/example_dags/example_subdag_operator.py took 0.212 seconds
[2024-03-23T14:10:16.007+0000] {processor.py:161} INFO - Started process (PID=194) to work on /home/airflow/.local/lib/python3.8/site-packages/airflow/example_dags/example_subdag_operator.py
[2024-03-23T14:10:16.009+0000] {processor.py:830} INFO - Processing file /home/airflow/.local/lib/python3.8/site-packages/airflow/example_dags/example_subdag_operator.py for tasks to queue
[2024-03-23T14:10:16.012+0000] {logging_mixin.py:188} INFO - [2024-03-23T14:10:16.012+0000] {dagbag.py:540} INFO - Filling up the DagBag from /home/airflow/.local/lib/python3.8/site-packages/airflow/example_dags/example_subdag_operator.py
[2024-03-23T14:10:16.065+0000] {processor.py:840} INFO - DAG(s) 'example_subdag_operator.section-1', 'example_subdag_operator.section-2', 'example_subdag_operator' retrieved from /home/airflow/.local/lib/python3.8/site-packages/airflow/example_dags/example_subdag_operator.py
[2024-03-23T14:10:16.106+0000] {logging_mixin.py:188} INFO - [2024-03-23T14:10:16.105+0000] {dag.py:3047} INFO - Sync 3 DAGs
[2024-03-23T14:10:16.161+0000] {logging_mixin.py:188} INFO - [2024-03-23T14:10:16.161+0000] {dag.py:3834} INFO - Setting next_dagrun for example_subdag_operator to 2022-01-01 00:00:00+00:00, run_after=2022-01-01 00:00:00+00:00
[2024-03-23T14:10:16.170+0000] {logging_mixin.py:188} INFO - [2024-03-23T14:10:16.169+0000] {dag.py:3834} INFO - Setting next_dagrun for example_subdag_operator.section-1 to None, run_after=None
[2024-03-23T14:10:16.173+0000] {logging_mixin.py:188} INFO - [2024-03-23T14:10:16.173+0000] {dag.py:3834} INFO - Setting next_dagrun for example_subdag_operator.section-2 to None, run_after=None
[2024-03-23T14:10:16.189+0000] {logging_mixin.py:188} INFO - [2024-03-23T14:10:16.189+0000] {dag.py:3047} INFO - Sync 2 DAGs
[2024-03-23T14:10:16.203+0000] {logging_mixin.py:188} INFO - [2024-03-23T14:10:16.203+0000] {dag.py:3834} INFO - Setting next_dagrun for example_subdag_operator.section-1 to None, run_after=None
[2024-03-23T14:10:16.204+0000] {logging_mixin.py:188} INFO - [2024-03-23T14:10:16.204+0000] {dag.py:3834} INFO - Setting next_dagrun for example_subdag_operator.section-2 to None, run_after=None
[2024-03-23T14:10:16.233+0000] {processor.py:183} INFO - Processing /home/airflow/.local/lib/python3.8/site-packages/airflow/example_dags/example_subdag_operator.py took 0.231 seconds
[2024-03-23T14:10:46.762+0000] {processor.py:161} INFO - Started process (PID=249) to work on /home/airflow/.local/lib/python3.8/site-packages/airflow/example_dags/example_subdag_operator.py
[2024-03-23T14:10:46.764+0000] {processor.py:830} INFO - Processing file /home/airflow/.local/lib/python3.8/site-packages/airflow/example_dags/example_subdag_operator.py for tasks to queue
[2024-03-23T14:10:46.768+0000] {logging_mixin.py:188} INFO - [2024-03-23T14:10:46.767+0000] {dagbag.py:540} INFO - Filling up the DagBag from /home/airflow/.local/lib/python3.8/site-packages/airflow/example_dags/example_subdag_operator.py
[2024-03-23T14:10:46.826+0000] {processor.py:840} INFO - DAG(s) 'example_subdag_operator.section-1', 'example_subdag_operator.section-2', 'example_subdag_operator' retrieved from /home/airflow/.local/lib/python3.8/site-packages/airflow/example_dags/example_subdag_operator.py
[2024-03-23T14:10:46.875+0000] {logging_mixin.py:188} INFO - [2024-03-23T14:10:46.875+0000] {dag.py:3047} INFO - Sync 3 DAGs
[2024-03-23T14:10:46.931+0000] {logging_mixin.py:188} INFO - [2024-03-23T14:10:46.930+0000] {dag.py:3834} INFO - Setting next_dagrun for example_subdag_operator to 2022-01-01 00:00:00+00:00, run_after=2022-01-01 00:00:00+00:00
[2024-03-23T14:10:46.940+0000] {logging_mixin.py:188} INFO - [2024-03-23T14:10:46.939+0000] {dag.py:3834} INFO - Setting next_dagrun for example_subdag_operator.section-1 to None, run_after=None
[2024-03-23T14:10:46.943+0000] {logging_mixin.py:188} INFO - [2024-03-23T14:10:46.943+0000] {dag.py:3834} INFO - Setting next_dagrun for example_subdag_operator.section-2 to None, run_after=None
[2024-03-23T14:10:46.959+0000] {logging_mixin.py:188} INFO - [2024-03-23T14:10:46.959+0000] {dag.py:3047} INFO - Sync 2 DAGs
[2024-03-23T14:10:46.969+0000] {logging_mixin.py:188} INFO - [2024-03-23T14:10:46.969+0000] {dag.py:3834} INFO - Setting next_dagrun for example_subdag_operator.section-1 to None, run_after=None
[2024-03-23T14:10:46.970+0000] {logging_mixin.py:188} INFO - [2024-03-23T14:10:46.970+0000] {dag.py:3834} INFO - Setting next_dagrun for example_subdag_operator.section-2 to None, run_after=None
[2024-03-23T14:10:46.994+0000] {processor.py:183} INFO - Processing /home/airflow/.local/lib/python3.8/site-packages/airflow/example_dags/example_subdag_operator.py took 0.237 seconds
[2024-03-23T14:11:17.362+0000] {processor.py:161} INFO - Started process (PID=304) to work on /home/airflow/.local/lib/python3.8/site-packages/airflow/example_dags/example_subdag_operator.py
[2024-03-23T14:11:17.363+0000] {processor.py:830} INFO - Processing file /home/airflow/.local/lib/python3.8/site-packages/airflow/example_dags/example_subdag_operator.py for tasks to queue
[2024-03-23T14:11:17.366+0000] {logging_mixin.py:188} INFO - [2024-03-23T14:11:17.365+0000] {dagbag.py:540} INFO - Filling up the DagBag from /home/airflow/.local/lib/python3.8/site-packages/airflow/example_dags/example_subdag_operator.py
[2024-03-23T14:11:17.410+0000] {processor.py:840} INFO - DAG(s) 'example_subdag_operator.section-1', 'example_subdag_operator.section-2', 'example_subdag_operator' retrieved from /home/airflow/.local/lib/python3.8/site-packages/airflow/example_dags/example_subdag_operator.py
[2024-03-23T14:11:17.444+0000] {logging_mixin.py:188} INFO - [2024-03-23T14:11:17.444+0000] {dag.py:3047} INFO - Sync 3 DAGs
[2024-03-23T14:11:17.491+0000] {logging_mixin.py:188} INFO - [2024-03-23T14:11:17.490+0000] {dag.py:3834} INFO - Setting next_dagrun for example_subdag_operator to 2022-01-01 00:00:00+00:00, run_after=2022-01-01 00:00:00+00:00
[2024-03-23T14:11:17.498+0000] {logging_mixin.py:188} INFO - [2024-03-23T14:11:17.498+0000] {dag.py:3834} INFO - Setting next_dagrun for example_subdag_operator.section-1 to None, run_after=None
[2024-03-23T14:11:17.501+0000] {logging_mixin.py:188} INFO - [2024-03-23T14:11:17.501+0000] {dag.py:3834} INFO - Setting next_dagrun for example_subdag_operator.section-2 to None, run_after=None
[2024-03-23T14:11:17.518+0000] {logging_mixin.py:188} INFO - [2024-03-23T14:11:17.518+0000] {dag.py:3047} INFO - Sync 2 DAGs
[2024-03-23T14:11:17.529+0000] {logging_mixin.py:188} INFO - [2024-03-23T14:11:17.529+0000] {dag.py:3834} INFO - Setting next_dagrun for example_subdag_operator.section-1 to None, run_after=None
[2024-03-23T14:11:17.530+0000] {logging_mixin.py:188} INFO - [2024-03-23T14:11:17.530+0000] {dag.py:3834} INFO - Setting next_dagrun for example_subdag_operator.section-2 to None, run_after=None
[2024-03-23T14:11:17.555+0000] {processor.py:183} INFO - Processing /home/airflow/.local/lib/python3.8/site-packages/airflow/example_dags/example_subdag_operator.py took 0.198 seconds
[2024-03-23T14:11:48.213+0000] {processor.py:161} INFO - Started process (PID=359) to work on /home/airflow/.local/lib/python3.8/site-packages/airflow/example_dags/example_subdag_operator.py
[2024-03-23T14:11:48.217+0000] {processor.py:830} INFO - Processing file /home/airflow/.local/lib/python3.8/site-packages/airflow/example_dags/example_subdag_operator.py for tasks to queue
[2024-03-23T14:11:48.221+0000] {logging_mixin.py:188} INFO - [2024-03-23T14:11:48.220+0000] {dagbag.py:540} INFO - Filling up the DagBag from /home/airflow/.local/lib/python3.8/site-packages/airflow/example_dags/example_subdag_operator.py
[2024-03-23T14:11:48.271+0000] {processor.py:840} INFO - DAG(s) 'example_subdag_operator.section-1', 'example_subdag_operator.section-2', 'example_subdag_operator' retrieved from /home/airflow/.local/lib/python3.8/site-packages/airflow/example_dags/example_subdag_operator.py
[2024-03-23T14:11:48.304+0000] {logging_mixin.py:188} INFO - [2024-03-23T14:11:48.303+0000] {dag.py:3047} INFO - Sync 3 DAGs
[2024-03-23T14:11:48.346+0000] {logging_mixin.py:188} INFO - [2024-03-23T14:11:48.346+0000] {dag.py:3834} INFO - Setting next_dagrun for example_subdag_operator to 2022-01-01 00:00:00+00:00, run_after=2022-01-01 00:00:00+00:00
[2024-03-23T14:11:48.352+0000] {logging_mixin.py:188} INFO - [2024-03-23T14:11:48.352+0000] {dag.py:3834} INFO - Setting next_dagrun for example_subdag_operator.section-1 to None, run_after=None
[2024-03-23T14:11:48.355+0000] {logging_mixin.py:188} INFO - [2024-03-23T14:11:48.355+0000] {dag.py:3834} INFO - Setting next_dagrun for example_subdag_operator.section-2 to None, run_after=None
[2024-03-23T14:11:48.367+0000] {logging_mixin.py:188} INFO - [2024-03-23T14:11:48.367+0000] {dag.py:3047} INFO - Sync 2 DAGs
[2024-03-23T14:11:48.377+0000] {logging_mixin.py:188} INFO - [2024-03-23T14:11:48.377+0000] {dag.py:3834} INFO - Setting next_dagrun for example_subdag_operator.section-1 to None, run_after=None
[2024-03-23T14:11:48.378+0000] {logging_mixin.py:188} INFO - [2024-03-23T14:11:48.378+0000] {dag.py:3834} INFO - Setting next_dagrun for example_subdag_operator.section-2 to None, run_after=None
[2024-03-23T14:11:48.401+0000] {processor.py:183} INFO - Processing /home/airflow/.local/lib/python3.8/site-packages/airflow/example_dags/example_subdag_operator.py took 0.197 seconds
[2024-03-23T14:12:18.455+0000] {processor.py:161} INFO - Started process (PID=413) to work on /home/airflow/.local/lib/python3.8/site-packages/airflow/example_dags/example_subdag_operator.py
[2024-03-23T14:12:18.459+0000] {processor.py:830} INFO - Processing file /home/airflow/.local/lib/python3.8/site-packages/airflow/example_dags/example_subdag_operator.py for tasks to queue
[2024-03-23T14:12:18.461+0000] {logging_mixin.py:188} INFO - [2024-03-23T14:12:18.461+0000] {dagbag.py:540} INFO - Filling up the DagBag from /home/airflow/.local/lib/python3.8/site-packages/airflow/example_dags/example_subdag_operator.py
[2024-03-23T14:12:18.508+0000] {processor.py:840} INFO - DAG(s) 'example_subdag_operator.section-1', 'example_subdag_operator.section-2', 'example_subdag_operator' retrieved from /home/airflow/.local/lib/python3.8/site-packages/airflow/example_dags/example_subdag_operator.py
[2024-03-23T14:12:18.544+0000] {logging_mixin.py:188} INFO - [2024-03-23T14:12:18.544+0000] {dag.py:3047} INFO - Sync 3 DAGs
[2024-03-23T14:12:18.586+0000] {logging_mixin.py:188} INFO - [2024-03-23T14:12:18.585+0000] {dag.py:3834} INFO - Setting next_dagrun for example_subdag_operator to 2022-01-01 00:00:00+00:00, run_after=2022-01-01 00:00:00+00:00
[2024-03-23T14:12:18.593+0000] {logging_mixin.py:188} INFO - [2024-03-23T14:12:18.592+0000] {dag.py:3834} INFO - Setting next_dagrun for example_subdag_operator.section-1 to None, run_after=None
[2024-03-23T14:12:18.595+0000] {logging_mixin.py:188} INFO - [2024-03-23T14:12:18.595+0000] {dag.py:3834} INFO - Setting next_dagrun for example_subdag_operator.section-2 to None, run_after=None
[2024-03-23T14:12:18.608+0000] {logging_mixin.py:188} INFO - [2024-03-23T14:12:18.608+0000] {dag.py:3047} INFO - Sync 2 DAGs
[2024-03-23T14:12:18.619+0000] {logging_mixin.py:188} INFO - [2024-03-23T14:12:18.618+0000] {dag.py:3834} INFO - Setting next_dagrun for example_subdag_operator.section-1 to None, run_after=None
[2024-03-23T14:12:18.620+0000] {logging_mixin.py:188} INFO - [2024-03-23T14:12:18.619+0000] {dag.py:3834} INFO - Setting next_dagrun for example_subdag_operator.section-2 to None, run_after=None
[2024-03-23T14:12:18.645+0000] {processor.py:183} INFO - Processing /home/airflow/.local/lib/python3.8/site-packages/airflow/example_dags/example_subdag_operator.py took 0.199 seconds
