[2024-03-23T14:09:10.082+0000] {processor.py:161} INFO - Started process (PID=67) to work on /home/airflow/.local/lib/python3.8/site-packages/airflow/example_dags/example_task_group.py
[2024-03-23T14:09:10.083+0000] {processor.py:830} INFO - Processing file /home/airflow/.local/lib/python3.8/site-packages/airflow/example_dags/example_task_group.py for tasks to queue
[2024-03-23T14:09:10.086+0000] {logging_mixin.py:188} INFO - [2024-03-23T14:09:10.085+0000] {dagbag.py:540} INFO - Filling up the DagBag from /home/airflow/.local/lib/python3.8/site-packages/airflow/example_dags/example_task_group.py
[2024-03-23T14:09:10.108+0000] {processor.py:840} INFO - DAG(s) 'example_task_group' retrieved from /home/airflow/.local/lib/python3.8/site-packages/airflow/example_dags/example_task_group.py
[2024-03-23T14:09:10.487+0000] {logging_mixin.py:188} INFO - [2024-03-23T14:09:10.486+0000] {dag.py:3047} INFO - Sync 1 DAGs
[2024-03-23T14:09:10.599+0000] {logging_mixin.py:188} INFO - [2024-03-23T14:09:10.598+0000] {dag.py:3834} INFO - Setting next_dagrun for example_task_group to 2024-03-22 00:00:00+00:00, run_after=2024-03-23 00:00:00+00:00
[2024-03-23T14:09:10.704+0000] {processor.py:183} INFO - Processing /home/airflow/.local/lib/python3.8/site-packages/airflow/example_dags/example_task_group.py took 0.628 seconds
[2024-03-23T14:09:41.279+0000] {processor.py:161} INFO - Started process (PID=122) to work on /home/airflow/.local/lib/python3.8/site-packages/airflow/example_dags/example_task_group.py
[2024-03-23T14:09:41.281+0000] {processor.py:830} INFO - Processing file /home/airflow/.local/lib/python3.8/site-packages/airflow/example_dags/example_task_group.py for tasks to queue
[2024-03-23T14:09:41.284+0000] {logging_mixin.py:188} INFO - [2024-03-23T14:09:41.283+0000] {dagbag.py:540} INFO - Filling up the DagBag from /home/airflow/.local/lib/python3.8/site-packages/airflow/example_dags/example_task_group.py
[2024-03-23T14:09:41.295+0000] {processor.py:840} INFO - DAG(s) 'example_task_group' retrieved from /home/airflow/.local/lib/python3.8/site-packages/airflow/example_dags/example_task_group.py
[2024-03-23T14:09:41.335+0000] {logging_mixin.py:188} INFO - [2024-03-23T14:09:41.334+0000] {dag.py:3047} INFO - Sync 1 DAGs
[2024-03-23T14:09:41.378+0000] {logging_mixin.py:188} INFO - [2024-03-23T14:09:41.378+0000] {dag.py:3834} INFO - Setting next_dagrun for example_task_group to 2024-03-22 00:00:00+00:00, run_after=2024-03-23 00:00:00+00:00
[2024-03-23T14:09:41.418+0000] {processor.py:183} INFO - Processing /home/airflow/.local/lib/python3.8/site-packages/airflow/example_dags/example_task_group.py took 0.146 seconds
[2024-03-23T14:10:11.762+0000] {processor.py:161} INFO - Started process (PID=177) to work on /home/airflow/.local/lib/python3.8/site-packages/airflow/example_dags/example_task_group.py
[2024-03-23T14:10:11.766+0000] {processor.py:830} INFO - Processing file /home/airflow/.local/lib/python3.8/site-packages/airflow/example_dags/example_task_group.py for tasks to queue
[2024-03-23T14:10:11.771+0000] {logging_mixin.py:188} INFO - [2024-03-23T14:10:11.770+0000] {dagbag.py:540} INFO - Filling up the DagBag from /home/airflow/.local/lib/python3.8/site-packages/airflow/example_dags/example_task_group.py
[2024-03-23T14:10:11.784+0000] {processor.py:840} INFO - DAG(s) 'example_task_group' retrieved from /home/airflow/.local/lib/python3.8/site-packages/airflow/example_dags/example_task_group.py
[2024-03-23T14:10:11.829+0000] {logging_mixin.py:188} INFO - [2024-03-23T14:10:11.828+0000] {dag.py:3047} INFO - Sync 1 DAGs
[2024-03-23T14:10:11.877+0000] {logging_mixin.py:188} INFO - [2024-03-23T14:10:11.877+0000] {dag.py:3834} INFO - Setting next_dagrun for example_task_group to 2024-03-22 00:00:00+00:00, run_after=2024-03-23 00:00:00+00:00
[2024-03-23T14:10:11.923+0000] {processor.py:183} INFO - Processing /home/airflow/.local/lib/python3.8/site-packages/airflow/example_dags/example_task_group.py took 0.167 seconds
[2024-03-23T14:10:42.056+0000] {processor.py:161} INFO - Started process (PID=232) to work on /home/airflow/.local/lib/python3.8/site-packages/airflow/example_dags/example_task_group.py
[2024-03-23T14:10:42.058+0000] {processor.py:830} INFO - Processing file /home/airflow/.local/lib/python3.8/site-packages/airflow/example_dags/example_task_group.py for tasks to queue
[2024-03-23T14:10:42.061+0000] {logging_mixin.py:188} INFO - [2024-03-23T14:10:42.061+0000] {dagbag.py:540} INFO - Filling up the DagBag from /home/airflow/.local/lib/python3.8/site-packages/airflow/example_dags/example_task_group.py
[2024-03-23T14:10:42.073+0000] {processor.py:840} INFO - DAG(s) 'example_task_group' retrieved from /home/airflow/.local/lib/python3.8/site-packages/airflow/example_dags/example_task_group.py
[2024-03-23T14:10:42.116+0000] {logging_mixin.py:188} INFO - [2024-03-23T14:10:42.116+0000] {dag.py:3047} INFO - Sync 1 DAGs
[2024-03-23T14:10:42.161+0000] {logging_mixin.py:188} INFO - [2024-03-23T14:10:42.161+0000] {dag.py:3834} INFO - Setting next_dagrun for example_task_group to 2024-03-22 00:00:00+00:00, run_after=2024-03-23 00:00:00+00:00
[2024-03-23T14:10:42.200+0000] {processor.py:183} INFO - Processing /home/airflow/.local/lib/python3.8/site-packages/airflow/example_dags/example_task_group.py took 0.151 seconds
[2024-03-23T14:11:12.458+0000] {processor.py:161} INFO - Started process (PID=287) to work on /home/airflow/.local/lib/python3.8/site-packages/airflow/example_dags/example_task_group.py
[2024-03-23T14:11:12.461+0000] {processor.py:830} INFO - Processing file /home/airflow/.local/lib/python3.8/site-packages/airflow/example_dags/example_task_group.py for tasks to queue
[2024-03-23T14:11:12.465+0000] {logging_mixin.py:188} INFO - [2024-03-23T14:11:12.464+0000] {dagbag.py:540} INFO - Filling up the DagBag from /home/airflow/.local/lib/python3.8/site-packages/airflow/example_dags/example_task_group.py
[2024-03-23T14:11:12.492+0000] {processor.py:840} INFO - DAG(s) 'example_task_group' retrieved from /home/airflow/.local/lib/python3.8/site-packages/airflow/example_dags/example_task_group.py
[2024-03-23T14:11:12.557+0000] {logging_mixin.py:188} INFO - [2024-03-23T14:11:12.556+0000] {dag.py:3047} INFO - Sync 1 DAGs
[2024-03-23T14:11:12.619+0000] {logging_mixin.py:188} INFO - [2024-03-23T14:11:12.619+0000] {dag.py:3834} INFO - Setting next_dagrun for example_task_group to 2024-03-22 00:00:00+00:00, run_after=2024-03-23 00:00:00+00:00
[2024-03-23T14:11:12.663+0000] {processor.py:183} INFO - Processing /home/airflow/.local/lib/python3.8/site-packages/airflow/example_dags/example_task_group.py took 0.210 seconds
[2024-03-23T14:11:43.271+0000] {processor.py:161} INFO - Started process (PID=342) to work on /home/airflow/.local/lib/python3.8/site-packages/airflow/example_dags/example_task_group.py
[2024-03-23T14:11:43.275+0000] {processor.py:830} INFO - Processing file /home/airflow/.local/lib/python3.8/site-packages/airflow/example_dags/example_task_group.py for tasks to queue
[2024-03-23T14:11:43.278+0000] {logging_mixin.py:188} INFO - [2024-03-23T14:11:43.277+0000] {dagbag.py:540} INFO - Filling up the DagBag from /home/airflow/.local/lib/python3.8/site-packages/airflow/example_dags/example_task_group.py
[2024-03-23T14:11:43.293+0000] {processor.py:840} INFO - DAG(s) 'example_task_group' retrieved from /home/airflow/.local/lib/python3.8/site-packages/airflow/example_dags/example_task_group.py
[2024-03-23T14:11:43.341+0000] {logging_mixin.py:188} INFO - [2024-03-23T14:11:43.340+0000] {dag.py:3047} INFO - Sync 1 DAGs
[2024-03-23T14:11:43.409+0000] {logging_mixin.py:188} INFO - [2024-03-23T14:11:43.408+0000] {dag.py:3834} INFO - Setting next_dagrun for example_task_group to 2024-03-22 00:00:00+00:00, run_after=2024-03-23 00:00:00+00:00
[2024-03-23T14:11:43.469+0000] {processor.py:183} INFO - Processing /home/airflow/.local/lib/python3.8/site-packages/airflow/example_dags/example_task_group.py took 0.204 seconds
[2024-03-23T14:12:13.779+0000] {processor.py:161} INFO - Started process (PID=397) to work on /home/airflow/.local/lib/python3.8/site-packages/airflow/example_dags/example_task_group.py
[2024-03-23T14:12:13.783+0000] {processor.py:830} INFO - Processing file /home/airflow/.local/lib/python3.8/site-packages/airflow/example_dags/example_task_group.py for tasks to queue
[2024-03-23T14:12:13.787+0000] {logging_mixin.py:188} INFO - [2024-03-23T14:12:13.786+0000] {dagbag.py:540} INFO - Filling up the DagBag from /home/airflow/.local/lib/python3.8/site-packages/airflow/example_dags/example_task_group.py
[2024-03-23T14:12:13.801+0000] {processor.py:840} INFO - DAG(s) 'example_task_group' retrieved from /home/airflow/.local/lib/python3.8/site-packages/airflow/example_dags/example_task_group.py
[2024-03-23T14:12:13.868+0000] {logging_mixin.py:188} INFO - [2024-03-23T14:12:13.867+0000] {dag.py:3047} INFO - Sync 1 DAGs
[2024-03-23T14:12:13.927+0000] {logging_mixin.py:188} INFO - [2024-03-23T14:12:13.926+0000] {dag.py:3834} INFO - Setting next_dagrun for example_task_group to 2024-03-22 00:00:00+00:00, run_after=2024-03-23 00:00:00+00:00
[2024-03-23T14:12:13.980+0000] {processor.py:183} INFO - Processing /home/airflow/.local/lib/python3.8/site-packages/airflow/example_dags/example_task_group.py took 0.207 seconds
