[2024-03-23T14:09:17.019+0000] {processor.py:161} INFO - Started process (PID=94) to work on /home/airflow/.local/lib/python3.8/site-packages/airflow/example_dags/example_latest_only_with_trigger.py
[2024-03-23T14:09:17.020+0000] {processor.py:830} INFO - Processing file /home/airflow/.local/lib/python3.8/site-packages/airflow/example_dags/example_latest_only_with_trigger.py for tasks to queue
[2024-03-23T14:09:17.023+0000] {logging_mixin.py:188} INFO - [2024-03-23T14:09:17.023+0000] {dagbag.py:540} INFO - Filling up the DagBag from /home/airflow/.local/lib/python3.8/site-packages/airflow/example_dags/example_latest_only_with_trigger.py
[2024-03-23T14:09:17.033+0000] {processor.py:840} INFO - DAG(s) 'latest_only_with_trigger' retrieved from /home/airflow/.local/lib/python3.8/site-packages/airflow/example_dags/example_latest_only_with_trigger.py
[2024-03-23T14:09:17.267+0000] {logging_mixin.py:188} INFO - [2024-03-23T14:09:17.267+0000] {dag.py:3047} INFO - Sync 1 DAGs
[2024-03-23T14:09:17.307+0000] {logging_mixin.py:188} INFO - [2024-03-23T14:09:17.307+0000] {dag.py:3834} INFO - Setting next_dagrun for latest_only_with_trigger to 2024-03-23 08:00:00+00:00, run_after=2024-03-23 12:00:00+00:00
[2024-03-23T14:09:17.343+0000] {processor.py:183} INFO - Processing /home/airflow/.local/lib/python3.8/site-packages/airflow/example_dags/example_latest_only_with_trigger.py took 0.329 seconds
[2024-03-23T14:09:47.502+0000] {processor.py:161} INFO - Started process (PID=149) to work on /home/airflow/.local/lib/python3.8/site-packages/airflow/example_dags/example_latest_only_with_trigger.py
[2024-03-23T14:09:47.504+0000] {processor.py:830} INFO - Processing file /home/airflow/.local/lib/python3.8/site-packages/airflow/example_dags/example_latest_only_with_trigger.py for tasks to queue
[2024-03-23T14:09:47.507+0000] {logging_mixin.py:188} INFO - [2024-03-23T14:09:47.506+0000] {dagbag.py:540} INFO - Filling up the DagBag from /home/airflow/.local/lib/python3.8/site-packages/airflow/example_dags/example_latest_only_with_trigger.py
[2024-03-23T14:09:47.519+0000] {processor.py:840} INFO - DAG(s) 'latest_only_with_trigger' retrieved from /home/airflow/.local/lib/python3.8/site-packages/airflow/example_dags/example_latest_only_with_trigger.py
[2024-03-23T14:09:47.559+0000] {logging_mixin.py:188} INFO - [2024-03-23T14:09:47.558+0000] {dag.py:3047} INFO - Sync 1 DAGs
[2024-03-23T14:09:47.601+0000] {logging_mixin.py:188} INFO - [2024-03-23T14:09:47.601+0000] {dag.py:3834} INFO - Setting next_dagrun for latest_only_with_trigger to 2024-03-23 08:00:00+00:00, run_after=2024-03-23 12:00:00+00:00
[2024-03-23T14:09:47.637+0000] {processor.py:183} INFO - Processing /home/airflow/.local/lib/python3.8/site-packages/airflow/example_dags/example_latest_only_with_trigger.py took 0.142 seconds
[2024-03-23T14:10:18.059+0000] {processor.py:161} INFO - Started process (PID=204) to work on /home/airflow/.local/lib/python3.8/site-packages/airflow/example_dags/example_latest_only_with_trigger.py
[2024-03-23T14:10:18.061+0000] {processor.py:830} INFO - Processing file /home/airflow/.local/lib/python3.8/site-packages/airflow/example_dags/example_latest_only_with_trigger.py for tasks to queue
[2024-03-23T14:10:18.063+0000] {logging_mixin.py:188} INFO - [2024-03-23T14:10:18.063+0000] {dagbag.py:540} INFO - Filling up the DagBag from /home/airflow/.local/lib/python3.8/site-packages/airflow/example_dags/example_latest_only_with_trigger.py
[2024-03-23T14:10:18.072+0000] {processor.py:840} INFO - DAG(s) 'latest_only_with_trigger' retrieved from /home/airflow/.local/lib/python3.8/site-packages/airflow/example_dags/example_latest_only_with_trigger.py
[2024-03-23T14:10:18.113+0000] {logging_mixin.py:188} INFO - [2024-03-23T14:10:18.112+0000] {dag.py:3047} INFO - Sync 1 DAGs
[2024-03-23T14:10:18.164+0000] {logging_mixin.py:188} INFO - [2024-03-23T14:10:18.163+0000] {dag.py:3834} INFO - Setting next_dagrun for latest_only_with_trigger to 2024-03-23 08:00:00+00:00, run_after=2024-03-23 12:00:00+00:00
[2024-03-23T14:10:18.204+0000] {processor.py:183} INFO - Processing /home/airflow/.local/lib/python3.8/site-packages/airflow/example_dags/example_latest_only_with_trigger.py took 0.151 seconds
[2024-03-23T14:10:48.773+0000] {processor.py:161} INFO - Started process (PID=259) to work on /home/airflow/.local/lib/python3.8/site-packages/airflow/example_dags/example_latest_only_with_trigger.py
[2024-03-23T14:10:48.774+0000] {processor.py:830} INFO - Processing file /home/airflow/.local/lib/python3.8/site-packages/airflow/example_dags/example_latest_only_with_trigger.py for tasks to queue
[2024-03-23T14:10:48.777+0000] {logging_mixin.py:188} INFO - [2024-03-23T14:10:48.777+0000] {dagbag.py:540} INFO - Filling up the DagBag from /home/airflow/.local/lib/python3.8/site-packages/airflow/example_dags/example_latest_only_with_trigger.py
[2024-03-23T14:10:48.787+0000] {processor.py:840} INFO - DAG(s) 'latest_only_with_trigger' retrieved from /home/airflow/.local/lib/python3.8/site-packages/airflow/example_dags/example_latest_only_with_trigger.py
[2024-03-23T14:10:48.828+0000] {logging_mixin.py:188} INFO - [2024-03-23T14:10:48.827+0000] {dag.py:3047} INFO - Sync 1 DAGs
[2024-03-23T14:10:48.879+0000] {logging_mixin.py:188} INFO - [2024-03-23T14:10:48.879+0000] {dag.py:3834} INFO - Setting next_dagrun for latest_only_with_trigger to 2024-03-23 08:00:00+00:00, run_after=2024-03-23 12:00:00+00:00
[2024-03-23T14:10:48.917+0000] {processor.py:183} INFO - Processing /home/airflow/.local/lib/python3.8/site-packages/airflow/example_dags/example_latest_only_with_trigger.py took 0.149 seconds
[2024-03-23T14:11:19.590+0000] {processor.py:161} INFO - Started process (PID=314) to work on /home/airflow/.local/lib/python3.8/site-packages/airflow/example_dags/example_latest_only_with_trigger.py
[2024-03-23T14:11:19.592+0000] {processor.py:830} INFO - Processing file /home/airflow/.local/lib/python3.8/site-packages/airflow/example_dags/example_latest_only_with_trigger.py for tasks to queue
[2024-03-23T14:11:19.596+0000] {logging_mixin.py:188} INFO - [2024-03-23T14:11:19.595+0000] {dagbag.py:540} INFO - Filling up the DagBag from /home/airflow/.local/lib/python3.8/site-packages/airflow/example_dags/example_latest_only_with_trigger.py
[2024-03-23T14:11:19.605+0000] {processor.py:840} INFO - DAG(s) 'latest_only_with_trigger' retrieved from /home/airflow/.local/lib/python3.8/site-packages/airflow/example_dags/example_latest_only_with_trigger.py
[2024-03-23T14:11:19.647+0000] {logging_mixin.py:188} INFO - [2024-03-23T14:11:19.646+0000] {dag.py:3047} INFO - Sync 1 DAGs
[2024-03-23T14:11:19.699+0000] {logging_mixin.py:188} INFO - [2024-03-23T14:11:19.698+0000] {dag.py:3834} INFO - Setting next_dagrun for latest_only_with_trigger to 2024-03-23 08:00:00+00:00, run_after=2024-03-23 12:00:00+00:00
[2024-03-23T14:11:19.745+0000] {processor.py:183} INFO - Processing /home/airflow/.local/lib/python3.8/site-packages/airflow/example_dags/example_latest_only_with_trigger.py took 0.161 seconds
[2024-03-23T14:11:50.444+0000] {processor.py:161} INFO - Started process (PID=369) to work on /home/airflow/.local/lib/python3.8/site-packages/airflow/example_dags/example_latest_only_with_trigger.py
[2024-03-23T14:11:50.446+0000] {processor.py:830} INFO - Processing file /home/airflow/.local/lib/python3.8/site-packages/airflow/example_dags/example_latest_only_with_trigger.py for tasks to queue
[2024-03-23T14:11:50.449+0000] {logging_mixin.py:188} INFO - [2024-03-23T14:11:50.449+0000] {dagbag.py:540} INFO - Filling up the DagBag from /home/airflow/.local/lib/python3.8/site-packages/airflow/example_dags/example_latest_only_with_trigger.py
[2024-03-23T14:11:50.459+0000] {processor.py:840} INFO - DAG(s) 'latest_only_with_trigger' retrieved from /home/airflow/.local/lib/python3.8/site-packages/airflow/example_dags/example_latest_only_with_trigger.py
[2024-03-23T14:11:50.497+0000] {logging_mixin.py:188} INFO - [2024-03-23T14:11:50.497+0000] {dag.py:3047} INFO - Sync 1 DAGs
[2024-03-23T14:11:50.543+0000] {logging_mixin.py:188} INFO - [2024-03-23T14:11:50.543+0000] {dag.py:3834} INFO - Setting next_dagrun for latest_only_with_trigger to 2024-03-23 08:00:00+00:00, run_after=2024-03-23 12:00:00+00:00
[2024-03-23T14:11:50.587+0000] {processor.py:183} INFO - Processing /home/airflow/.local/lib/python3.8/site-packages/airflow/example_dags/example_latest_only_with_trigger.py took 0.148 seconds
[2024-03-23T14:12:21.077+0000] {processor.py:161} INFO - Started process (PID=424) to work on /home/airflow/.local/lib/python3.8/site-packages/airflow/example_dags/example_latest_only_with_trigger.py
[2024-03-23T14:12:21.079+0000] {processor.py:830} INFO - Processing file /home/airflow/.local/lib/python3.8/site-packages/airflow/example_dags/example_latest_only_with_trigger.py for tasks to queue
[2024-03-23T14:12:21.081+0000] {logging_mixin.py:188} INFO - [2024-03-23T14:12:21.081+0000] {dagbag.py:540} INFO - Filling up the DagBag from /home/airflow/.local/lib/python3.8/site-packages/airflow/example_dags/example_latest_only_with_trigger.py
[2024-03-23T14:12:21.091+0000] {processor.py:840} INFO - DAG(s) 'latest_only_with_trigger' retrieved from /home/airflow/.local/lib/python3.8/site-packages/airflow/example_dags/example_latest_only_with_trigger.py
[2024-03-23T14:12:21.129+0000] {logging_mixin.py:188} INFO - [2024-03-23T14:12:21.129+0000] {dag.py:3047} INFO - Sync 1 DAGs
[2024-03-23T14:12:21.175+0000] {logging_mixin.py:188} INFO - [2024-03-23T14:12:21.175+0000] {dag.py:3834} INFO - Setting next_dagrun for latest_only_with_trigger to 2024-03-23 08:00:00+00:00, run_after=2024-03-23 12:00:00+00:00
[2024-03-23T14:12:21.212+0000] {processor.py:183} INFO - Processing /home/airflow/.local/lib/python3.8/site-packages/airflow/example_dags/example_latest_only_with_trigger.py took 0.139 seconds
