[2024-03-23T14:09:10.950+0000] {processor.py:161} INFO - Started process (PID=70) to work on /home/airflow/.local/lib/python3.8/site-packages/airflow/example_dags/example_kubernetes_executor.py
[2024-03-23T14:09:10.952+0000] {processor.py:830} INFO - Processing file /home/airflow/.local/lib/python3.8/site-packages/airflow/example_dags/example_kubernetes_executor.py for tasks to queue
[2024-03-23T14:09:10.955+0000] {logging_mixin.py:188} INFO - [2024-03-23T14:09:10.954+0000] {dagbag.py:540} INFO - Filling up the DagBag from /home/airflow/.local/lib/python3.8/site-packages/airflow/example_dags/example_kubernetes_executor.py
[2024-03-23T14:09:10.995+0000] {processor.py:840} INFO - DAG(s) 'example_kubernetes_executor' retrieved from /home/airflow/.local/lib/python3.8/site-packages/airflow/example_dags/example_kubernetes_executor.py
[2024-03-23T14:09:11.272+0000] {logging_mixin.py:188} INFO - [2024-03-23T14:09:11.271+0000] {dag.py:3047} INFO - Sync 1 DAGs
[2024-03-23T14:09:11.303+0000] {logging_mixin.py:188} INFO - [2024-03-23T14:09:11.302+0000] {dag.py:3834} INFO - Setting next_dagrun for example_kubernetes_executor to None, run_after=None
[2024-03-23T14:09:11.364+0000] {processor.py:183} INFO - Processing /home/airflow/.local/lib/python3.8/site-packages/airflow/example_dags/example_kubernetes_executor.py took 0.420 seconds
[2024-03-23T14:09:41.456+0000] {processor.py:161} INFO - Started process (PID=124) to work on /home/airflow/.local/lib/python3.8/site-packages/airflow/example_dags/example_kubernetes_executor.py
[2024-03-23T14:09:41.458+0000] {processor.py:830} INFO - Processing file /home/airflow/.local/lib/python3.8/site-packages/airflow/example_dags/example_kubernetes_executor.py for tasks to queue
[2024-03-23T14:09:41.461+0000] {logging_mixin.py:188} INFO - [2024-03-23T14:09:41.461+0000] {dagbag.py:540} INFO - Filling up the DagBag from /home/airflow/.local/lib/python3.8/site-packages/airflow/example_dags/example_kubernetes_executor.py
[2024-03-23T14:09:41.495+0000] {processor.py:840} INFO - DAG(s) 'example_kubernetes_executor' retrieved from /home/airflow/.local/lib/python3.8/site-packages/airflow/example_dags/example_kubernetes_executor.py
[2024-03-23T14:09:41.570+0000] {logging_mixin.py:188} INFO - [2024-03-23T14:09:41.570+0000] {dag.py:3047} INFO - Sync 1 DAGs
[2024-03-23T14:09:41.600+0000] {logging_mixin.py:188} INFO - [2024-03-23T14:09:41.599+0000] {dag.py:3834} INFO - Setting next_dagrun for example_kubernetes_executor to None, run_after=None
[2024-03-23T14:09:41.679+0000] {processor.py:183} INFO - Processing /home/airflow/.local/lib/python3.8/site-packages/airflow/example_dags/example_kubernetes_executor.py took 0.229 seconds
[2024-03-23T14:10:11.965+0000] {processor.py:161} INFO - Started process (PID=179) to work on /home/airflow/.local/lib/python3.8/site-packages/airflow/example_dags/example_kubernetes_executor.py
[2024-03-23T14:10:11.969+0000] {processor.py:830} INFO - Processing file /home/airflow/.local/lib/python3.8/site-packages/airflow/example_dags/example_kubernetes_executor.py for tasks to queue
[2024-03-23T14:10:11.972+0000] {logging_mixin.py:188} INFO - [2024-03-23T14:10:11.972+0000] {dagbag.py:540} INFO - Filling up the DagBag from /home/airflow/.local/lib/python3.8/site-packages/airflow/example_dags/example_kubernetes_executor.py
[2024-03-23T14:10:12.005+0000] {processor.py:840} INFO - DAG(s) 'example_kubernetes_executor' retrieved from /home/airflow/.local/lib/python3.8/site-packages/airflow/example_dags/example_kubernetes_executor.py
[2024-03-23T14:10:12.081+0000] {logging_mixin.py:188} INFO - [2024-03-23T14:10:12.080+0000] {dag.py:3047} INFO - Sync 1 DAGs
[2024-03-23T14:10:12.106+0000] {logging_mixin.py:188} INFO - [2024-03-23T14:10:12.106+0000] {dag.py:3834} INFO - Setting next_dagrun for example_kubernetes_executor to None, run_after=None
[2024-03-23T14:10:12.147+0000] {processor.py:183} INFO - Processing /home/airflow/.local/lib/python3.8/site-packages/airflow/example_dags/example_kubernetes_executor.py took 0.190 seconds
[2024-03-23T14:10:42.238+0000] {processor.py:161} INFO - Started process (PID=234) to work on /home/airflow/.local/lib/python3.8/site-packages/airflow/example_dags/example_kubernetes_executor.py
[2024-03-23T14:10:42.239+0000] {processor.py:830} INFO - Processing file /home/airflow/.local/lib/python3.8/site-packages/airflow/example_dags/example_kubernetes_executor.py for tasks to queue
[2024-03-23T14:10:42.243+0000] {logging_mixin.py:188} INFO - [2024-03-23T14:10:42.242+0000] {dagbag.py:540} INFO - Filling up the DagBag from /home/airflow/.local/lib/python3.8/site-packages/airflow/example_dags/example_kubernetes_executor.py
[2024-03-23T14:10:42.272+0000] {processor.py:840} INFO - DAG(s) 'example_kubernetes_executor' retrieved from /home/airflow/.local/lib/python3.8/site-packages/airflow/example_dags/example_kubernetes_executor.py
[2024-03-23T14:10:42.348+0000] {logging_mixin.py:188} INFO - [2024-03-23T14:10:42.348+0000] {dag.py:3047} INFO - Sync 1 DAGs
[2024-03-23T14:10:42.376+0000] {logging_mixin.py:188} INFO - [2024-03-23T14:10:42.375+0000] {dag.py:3834} INFO - Setting next_dagrun for example_kubernetes_executor to None, run_after=None
[2024-03-23T14:10:42.431+0000] {processor.py:183} INFO - Processing /home/airflow/.local/lib/python3.8/site-packages/airflow/example_dags/example_kubernetes_executor.py took 0.200 seconds
[2024-03-23T14:11:12.699+0000] {processor.py:161} INFO - Started process (PID=289) to work on /home/airflow/.local/lib/python3.8/site-packages/airflow/example_dags/example_kubernetes_executor.py
[2024-03-23T14:11:12.705+0000] {processor.py:830} INFO - Processing file /home/airflow/.local/lib/python3.8/site-packages/airflow/example_dags/example_kubernetes_executor.py for tasks to queue
[2024-03-23T14:11:12.709+0000] {logging_mixin.py:188} INFO - [2024-03-23T14:11:12.709+0000] {dagbag.py:540} INFO - Filling up the DagBag from /home/airflow/.local/lib/python3.8/site-packages/airflow/example_dags/example_kubernetes_executor.py
[2024-03-23T14:11:12.739+0000] {processor.py:840} INFO - DAG(s) 'example_kubernetes_executor' retrieved from /home/airflow/.local/lib/python3.8/site-packages/airflow/example_dags/example_kubernetes_executor.py
[2024-03-23T14:11:12.834+0000] {logging_mixin.py:188} INFO - [2024-03-23T14:11:12.833+0000] {dag.py:3047} INFO - Sync 1 DAGs
[2024-03-23T14:11:12.878+0000] {logging_mixin.py:188} INFO - [2024-03-23T14:11:12.877+0000] {dag.py:3834} INFO - Setting next_dagrun for example_kubernetes_executor to None, run_after=None
[2024-03-23T14:11:12.924+0000] {processor.py:183} INFO - Processing /home/airflow/.local/lib/python3.8/site-packages/airflow/example_dags/example_kubernetes_executor.py took 0.229 seconds
[2024-03-23T14:11:43.933+0000] {processor.py:161} INFO - Started process (PID=345) to work on /home/airflow/.local/lib/python3.8/site-packages/airflow/example_dags/example_kubernetes_executor.py
[2024-03-23T14:11:43.936+0000] {processor.py:830} INFO - Processing file /home/airflow/.local/lib/python3.8/site-packages/airflow/example_dags/example_kubernetes_executor.py for tasks to queue
[2024-03-23T14:11:43.939+0000] {logging_mixin.py:188} INFO - [2024-03-23T14:11:43.939+0000] {dagbag.py:540} INFO - Filling up the DagBag from /home/airflow/.local/lib/python3.8/site-packages/airflow/example_dags/example_kubernetes_executor.py
[2024-03-23T14:11:43.978+0000] {processor.py:840} INFO - DAG(s) 'example_kubernetes_executor' retrieved from /home/airflow/.local/lib/python3.8/site-packages/airflow/example_dags/example_kubernetes_executor.py
[2024-03-23T14:11:44.064+0000] {logging_mixin.py:188} INFO - [2024-03-23T14:11:44.063+0000] {dag.py:3047} INFO - Sync 1 DAGs
[2024-03-23T14:11:44.095+0000] {logging_mixin.py:188} INFO - [2024-03-23T14:11:44.095+0000] {dag.py:3834} INFO - Setting next_dagrun for example_kubernetes_executor to None, run_after=None
[2024-03-23T14:11:44.146+0000] {processor.py:183} INFO - Processing /home/airflow/.local/lib/python3.8/site-packages/airflow/example_dags/example_kubernetes_executor.py took 0.220 seconds
[2024-03-23T14:12:14.258+0000] {processor.py:161} INFO - Started process (PID=400) to work on /home/airflow/.local/lib/python3.8/site-packages/airflow/example_dags/example_kubernetes_executor.py
[2024-03-23T14:12:14.260+0000] {processor.py:830} INFO - Processing file /home/airflow/.local/lib/python3.8/site-packages/airflow/example_dags/example_kubernetes_executor.py for tasks to queue
[2024-03-23T14:12:14.263+0000] {logging_mixin.py:188} INFO - [2024-03-23T14:12:14.262+0000] {dagbag.py:540} INFO - Filling up the DagBag from /home/airflow/.local/lib/python3.8/site-packages/airflow/example_dags/example_kubernetes_executor.py
[2024-03-23T14:12:14.288+0000] {processor.py:840} INFO - DAG(s) 'example_kubernetes_executor' retrieved from /home/airflow/.local/lib/python3.8/site-packages/airflow/example_dags/example_kubernetes_executor.py
[2024-03-23T14:12:14.353+0000] {logging_mixin.py:188} INFO - [2024-03-23T14:12:14.353+0000] {dag.py:3047} INFO - Sync 1 DAGs
[2024-03-23T14:12:14.379+0000] {logging_mixin.py:188} INFO - [2024-03-23T14:12:14.378+0000] {dag.py:3834} INFO - Setting next_dagrun for example_kubernetes_executor to None, run_after=None
[2024-03-23T14:12:14.415+0000] {processor.py:183} INFO - Processing /home/airflow/.local/lib/python3.8/site-packages/airflow/example_dags/example_kubernetes_executor.py took 0.162 seconds
