[2024-03-23T14:09:16.433+0000] {processor.py:161} INFO - Started process (PID=91) to work on /home/airflow/.local/lib/python3.8/site-packages/airflow/example_dags/example_task_group_decorator.py
[2024-03-23T14:09:16.434+0000] {processor.py:830} INFO - Processing file /home/airflow/.local/lib/python3.8/site-packages/airflow/example_dags/example_task_group_decorator.py for tasks to queue
[2024-03-23T14:09:16.437+0000] {logging_mixin.py:188} INFO - [2024-03-23T14:09:16.436+0000] {dagbag.py:540} INFO - Filling up the DagBag from /home/airflow/.local/lib/python3.8/site-packages/airflow/example_dags/example_task_group_decorator.py
[2024-03-23T14:09:16.467+0000] {processor.py:840} INFO - DAG(s) 'example_task_group_decorator' retrieved from /home/airflow/.local/lib/python3.8/site-packages/airflow/example_dags/example_task_group_decorator.py
[2024-03-23T14:09:16.691+0000] {logging_mixin.py:188} INFO - [2024-03-23T14:09:16.691+0000] {dag.py:3047} INFO - Sync 1 DAGs
[2024-03-23T14:09:16.743+0000] {logging_mixin.py:188} INFO - [2024-03-23T14:09:16.742+0000] {dag.py:3834} INFO - Setting next_dagrun for example_task_group_decorator to 2024-03-22 00:00:00+00:00, run_after=2024-03-23 00:00:00+00:00
[2024-03-23T14:09:16.802+0000] {processor.py:183} INFO - Processing /home/airflow/.local/lib/python3.8/site-packages/airflow/example_dags/example_task_group_decorator.py took 0.374 seconds
[2024-03-23T14:09:47.204+0000] {processor.py:161} INFO - Started process (PID=146) to work on /home/airflow/.local/lib/python3.8/site-packages/airflow/example_dags/example_task_group_decorator.py
[2024-03-23T14:09:47.206+0000] {processor.py:830} INFO - Processing file /home/airflow/.local/lib/python3.8/site-packages/airflow/example_dags/example_task_group_decorator.py for tasks to queue
[2024-03-23T14:09:47.209+0000] {logging_mixin.py:188} INFO - [2024-03-23T14:09:47.208+0000] {dagbag.py:540} INFO - Filling up the DagBag from /home/airflow/.local/lib/python3.8/site-packages/airflow/example_dags/example_task_group_decorator.py
[2024-03-23T14:09:47.248+0000] {processor.py:840} INFO - DAG(s) 'example_task_group_decorator' retrieved from /home/airflow/.local/lib/python3.8/site-packages/airflow/example_dags/example_task_group_decorator.py
[2024-03-23T14:09:47.303+0000] {logging_mixin.py:188} INFO - [2024-03-23T14:09:47.302+0000] {dag.py:3047} INFO - Sync 1 DAGs
[2024-03-23T14:09:47.346+0000] {logging_mixin.py:188} INFO - [2024-03-23T14:09:47.345+0000] {dag.py:3834} INFO - Setting next_dagrun for example_task_group_decorator to 2024-03-22 00:00:00+00:00, run_after=2024-03-23 00:00:00+00:00
[2024-03-23T14:09:47.381+0000] {processor.py:183} INFO - Processing /home/airflow/.local/lib/python3.8/site-packages/airflow/example_dags/example_task_group_decorator.py took 0.184 seconds
[2024-03-23T14:10:17.741+0000] {processor.py:161} INFO - Started process (PID=201) to work on /home/airflow/.local/lib/python3.8/site-packages/airflow/example_dags/example_task_group_decorator.py
[2024-03-23T14:10:17.743+0000] {processor.py:830} INFO - Processing file /home/airflow/.local/lib/python3.8/site-packages/airflow/example_dags/example_task_group_decorator.py for tasks to queue
[2024-03-23T14:10:17.746+0000] {logging_mixin.py:188} INFO - [2024-03-23T14:10:17.746+0000] {dagbag.py:540} INFO - Filling up the DagBag from /home/airflow/.local/lib/python3.8/site-packages/airflow/example_dags/example_task_group_decorator.py
[2024-03-23T14:10:17.779+0000] {processor.py:840} INFO - DAG(s) 'example_task_group_decorator' retrieved from /home/airflow/.local/lib/python3.8/site-packages/airflow/example_dags/example_task_group_decorator.py
[2024-03-23T14:10:17.833+0000] {logging_mixin.py:188} INFO - [2024-03-23T14:10:17.832+0000] {dag.py:3047} INFO - Sync 1 DAGs
[2024-03-23T14:10:17.887+0000] {logging_mixin.py:188} INFO - [2024-03-23T14:10:17.887+0000] {dag.py:3834} INFO - Setting next_dagrun for example_task_group_decorator to 2024-03-22 00:00:00+00:00, run_after=2024-03-23 00:00:00+00:00
[2024-03-23T14:10:17.928+0000] {processor.py:183} INFO - Processing /home/airflow/.local/lib/python3.8/site-packages/airflow/example_dags/example_task_group_decorator.py took 0.193 seconds
[2024-03-23T14:10:48.384+0000] {processor.py:161} INFO - Started process (PID=256) to work on /home/airflow/.local/lib/python3.8/site-packages/airflow/example_dags/example_task_group_decorator.py
[2024-03-23T14:10:48.386+0000] {processor.py:830} INFO - Processing file /home/airflow/.local/lib/python3.8/site-packages/airflow/example_dags/example_task_group_decorator.py for tasks to queue
[2024-03-23T14:10:48.388+0000] {logging_mixin.py:188} INFO - [2024-03-23T14:10:48.388+0000] {dagbag.py:540} INFO - Filling up the DagBag from /home/airflow/.local/lib/python3.8/site-packages/airflow/example_dags/example_task_group_decorator.py
[2024-03-23T14:10:48.421+0000] {processor.py:840} INFO - DAG(s) 'example_task_group_decorator' retrieved from /home/airflow/.local/lib/python3.8/site-packages/airflow/example_dags/example_task_group_decorator.py
[2024-03-23T14:10:48.472+0000] {logging_mixin.py:188} INFO - [2024-03-23T14:10:48.471+0000] {dag.py:3047} INFO - Sync 1 DAGs
[2024-03-23T14:10:48.517+0000] {logging_mixin.py:188} INFO - [2024-03-23T14:10:48.517+0000] {dag.py:3834} INFO - Setting next_dagrun for example_task_group_decorator to 2024-03-22 00:00:00+00:00, run_after=2024-03-23 00:00:00+00:00
[2024-03-23T14:10:48.557+0000] {processor.py:183} INFO - Processing /home/airflow/.local/lib/python3.8/site-packages/airflow/example_dags/example_task_group_decorator.py took 0.178 seconds
[2024-03-23T14:11:19.277+0000] {processor.py:161} INFO - Started process (PID=311) to work on /home/airflow/.local/lib/python3.8/site-packages/airflow/example_dags/example_task_group_decorator.py
[2024-03-23T14:11:19.279+0000] {processor.py:830} INFO - Processing file /home/airflow/.local/lib/python3.8/site-packages/airflow/example_dags/example_task_group_decorator.py for tasks to queue
[2024-03-23T14:11:19.281+0000] {logging_mixin.py:188} INFO - [2024-03-23T14:11:19.281+0000] {dagbag.py:540} INFO - Filling up the DagBag from /home/airflow/.local/lib/python3.8/site-packages/airflow/example_dags/example_task_group_decorator.py
[2024-03-23T14:11:19.313+0000] {processor.py:840} INFO - DAG(s) 'example_task_group_decorator' retrieved from /home/airflow/.local/lib/python3.8/site-packages/airflow/example_dags/example_task_group_decorator.py
[2024-03-23T14:11:19.366+0000] {logging_mixin.py:188} INFO - [2024-03-23T14:11:19.365+0000] {dag.py:3047} INFO - Sync 1 DAGs
[2024-03-23T14:11:19.412+0000] {logging_mixin.py:188} INFO - [2024-03-23T14:11:19.411+0000] {dag.py:3834} INFO - Setting next_dagrun for example_task_group_decorator to 2024-03-22 00:00:00+00:00, run_after=2024-03-23 00:00:00+00:00
[2024-03-23T14:11:19.456+0000] {processor.py:183} INFO - Processing /home/airflow/.local/lib/python3.8/site-packages/airflow/example_dags/example_task_group_decorator.py took 0.183 seconds
[2024-03-23T14:11:50.151+0000] {processor.py:161} INFO - Started process (PID=366) to work on /home/airflow/.local/lib/python3.8/site-packages/airflow/example_dags/example_task_group_decorator.py
[2024-03-23T14:11:50.153+0000] {processor.py:830} INFO - Processing file /home/airflow/.local/lib/python3.8/site-packages/airflow/example_dags/example_task_group_decorator.py for tasks to queue
[2024-03-23T14:11:50.156+0000] {logging_mixin.py:188} INFO - [2024-03-23T14:11:50.155+0000] {dagbag.py:540} INFO - Filling up the DagBag from /home/airflow/.local/lib/python3.8/site-packages/airflow/example_dags/example_task_group_decorator.py
[2024-03-23T14:11:50.185+0000] {processor.py:840} INFO - DAG(s) 'example_task_group_decorator' retrieved from /home/airflow/.local/lib/python3.8/site-packages/airflow/example_dags/example_task_group_decorator.py
[2024-03-23T14:11:50.231+0000] {logging_mixin.py:188} INFO - [2024-03-23T14:11:50.231+0000] {dag.py:3047} INFO - Sync 1 DAGs
[2024-03-23T14:11:50.270+0000] {logging_mixin.py:188} INFO - [2024-03-23T14:11:50.270+0000] {dag.py:3834} INFO - Setting next_dagrun for example_task_group_decorator to 2024-03-22 00:00:00+00:00, run_after=2024-03-23 00:00:00+00:00
[2024-03-23T14:11:50.311+0000] {processor.py:183} INFO - Processing /home/airflow/.local/lib/python3.8/site-packages/airflow/example_dags/example_task_group_decorator.py took 0.164 seconds
[2024-03-23T14:12:20.765+0000] {processor.py:161} INFO - Started process (PID=421) to work on /home/airflow/.local/lib/python3.8/site-packages/airflow/example_dags/example_task_group_decorator.py
[2024-03-23T14:12:20.767+0000] {processor.py:830} INFO - Processing file /home/airflow/.local/lib/python3.8/site-packages/airflow/example_dags/example_task_group_decorator.py for tasks to queue
[2024-03-23T14:12:20.770+0000] {logging_mixin.py:188} INFO - [2024-03-23T14:12:20.770+0000] {dagbag.py:540} INFO - Filling up the DagBag from /home/airflow/.local/lib/python3.8/site-packages/airflow/example_dags/example_task_group_decorator.py
[2024-03-23T14:12:20.800+0000] {processor.py:840} INFO - DAG(s) 'example_task_group_decorator' retrieved from /home/airflow/.local/lib/python3.8/site-packages/airflow/example_dags/example_task_group_decorator.py
[2024-03-23T14:12:20.850+0000] {logging_mixin.py:188} INFO - [2024-03-23T14:12:20.849+0000] {dag.py:3047} INFO - Sync 1 DAGs
[2024-03-23T14:12:20.891+0000] {logging_mixin.py:188} INFO - [2024-03-23T14:12:20.890+0000] {dag.py:3834} INFO - Setting next_dagrun for example_task_group_decorator to 2024-03-22 00:00:00+00:00, run_after=2024-03-23 00:00:00+00:00
[2024-03-23T14:12:20.931+0000] {processor.py:183} INFO - Processing /home/airflow/.local/lib/python3.8/site-packages/airflow/example_dags/example_task_group_decorator.py took 0.171 seconds
