[2024-03-23T14:09:08.266+0000] {processor.py:161} INFO - Started process (PID=55) to work on /home/airflow/.local/lib/python3.8/site-packages/airflow/example_dags/example_external_task_marker_dag.py
[2024-03-23T14:09:08.267+0000] {processor.py:830} INFO - Processing file /home/airflow/.local/lib/python3.8/site-packages/airflow/example_dags/example_external_task_marker_dag.py for tasks to queue
[2024-03-23T14:09:08.269+0000] {logging_mixin.py:188} INFO - [2024-03-23T14:09:08.269+0000] {dagbag.py:540} INFO - Filling up the DagBag from /home/airflow/.local/lib/python3.8/site-packages/airflow/example_dags/example_external_task_marker_dag.py
[2024-03-23T14:09:08.283+0000] {processor.py:840} INFO - DAG(s) 'example_external_task_marker_child', 'example_external_task_marker_parent' retrieved from /home/airflow/.local/lib/python3.8/site-packages/airflow/example_dags/example_external_task_marker_dag.py
[2024-03-23T14:09:08.595+0000] {logging_mixin.py:188} INFO - [2024-03-23T14:09:08.594+0000] {dag.py:3047} INFO - Sync 2 DAGs
[2024-03-23T14:09:08.634+0000] {logging_mixin.py:188} INFO - [2024-03-23T14:09:08.633+0000] {dag.py:3834} INFO - Setting next_dagrun for example_external_task_marker_child to None, run_after=None
[2024-03-23T14:09:08.648+0000] {logging_mixin.py:188} INFO - [2024-03-23T14:09:08.647+0000] {dag.py:3834} INFO - Setting next_dagrun for example_external_task_marker_parent to None, run_after=None
[2024-03-23T14:09:08.716+0000] {processor.py:183} INFO - Processing /home/airflow/.local/lib/python3.8/site-packages/airflow/example_dags/example_external_task_marker_dag.py took 0.455 seconds
[2024-03-23T14:09:39.606+0000] {processor.py:161} INFO - Started process (PID=116) to work on /home/airflow/.local/lib/python3.8/site-packages/airflow/example_dags/example_external_task_marker_dag.py
[2024-03-23T14:09:39.609+0000] {processor.py:830} INFO - Processing file /home/airflow/.local/lib/python3.8/site-packages/airflow/example_dags/example_external_task_marker_dag.py for tasks to queue
[2024-03-23T14:09:39.613+0000] {logging_mixin.py:188} INFO - [2024-03-23T14:09:39.612+0000] {dagbag.py:540} INFO - Filling up the DagBag from /home/airflow/.local/lib/python3.8/site-packages/airflow/example_dags/example_external_task_marker_dag.py
[2024-03-23T14:09:39.627+0000] {processor.py:840} INFO - DAG(s) 'example_external_task_marker_parent', 'example_external_task_marker_child' retrieved from /home/airflow/.local/lib/python3.8/site-packages/airflow/example_dags/example_external_task_marker_dag.py
[2024-03-23T14:09:39.674+0000] {logging_mixin.py:188} INFO - [2024-03-23T14:09:39.673+0000] {dag.py:3047} INFO - Sync 2 DAGs
[2024-03-23T14:09:39.704+0000] {logging_mixin.py:188} INFO - [2024-03-23T14:09:39.703+0000] {dag.py:3834} INFO - Setting next_dagrun for example_external_task_marker_child to None, run_after=None
[2024-03-23T14:09:39.713+0000] {logging_mixin.py:188} INFO - [2024-03-23T14:09:39.713+0000] {dag.py:3834} INFO - Setting next_dagrun for example_external_task_marker_parent to None, run_after=None
[2024-03-23T14:09:39.751+0000] {processor.py:183} INFO - Processing /home/airflow/.local/lib/python3.8/site-packages/airflow/example_dags/example_external_task_marker_dag.py took 0.161 seconds
[2024-03-23T14:10:10.107+0000] {processor.py:161} INFO - Started process (PID=171) to work on /home/airflow/.local/lib/python3.8/site-packages/airflow/example_dags/example_external_task_marker_dag.py
[2024-03-23T14:10:10.111+0000] {processor.py:830} INFO - Processing file /home/airflow/.local/lib/python3.8/site-packages/airflow/example_dags/example_external_task_marker_dag.py for tasks to queue
[2024-03-23T14:10:10.114+0000] {logging_mixin.py:188} INFO - [2024-03-23T14:10:10.114+0000] {dagbag.py:540} INFO - Filling up the DagBag from /home/airflow/.local/lib/python3.8/site-packages/airflow/example_dags/example_external_task_marker_dag.py
[2024-03-23T14:10:10.125+0000] {processor.py:840} INFO - DAG(s) 'example_external_task_marker_parent', 'example_external_task_marker_child' retrieved from /home/airflow/.local/lib/python3.8/site-packages/airflow/example_dags/example_external_task_marker_dag.py
[2024-03-23T14:10:10.177+0000] {logging_mixin.py:188} INFO - [2024-03-23T14:10:10.176+0000] {dag.py:3047} INFO - Sync 2 DAGs
[2024-03-23T14:10:10.213+0000] {logging_mixin.py:188} INFO - [2024-03-23T14:10:10.212+0000] {dag.py:3834} INFO - Setting next_dagrun for example_external_task_marker_child to None, run_after=None
[2024-03-23T14:10:10.222+0000] {logging_mixin.py:188} INFO - [2024-03-23T14:10:10.221+0000] {dag.py:3834} INFO - Setting next_dagrun for example_external_task_marker_parent to None, run_after=None
[2024-03-23T14:10:10.263+0000] {processor.py:183} INFO - Processing /home/airflow/.local/lib/python3.8/site-packages/airflow/example_dags/example_external_task_marker_dag.py took 0.163 seconds
[2024-03-23T14:10:40.496+0000] {processor.py:161} INFO - Started process (PID=226) to work on /home/airflow/.local/lib/python3.8/site-packages/airflow/example_dags/example_external_task_marker_dag.py
[2024-03-23T14:10:40.498+0000] {processor.py:830} INFO - Processing file /home/airflow/.local/lib/python3.8/site-packages/airflow/example_dags/example_external_task_marker_dag.py for tasks to queue
[2024-03-23T14:10:40.503+0000] {logging_mixin.py:188} INFO - [2024-03-23T14:10:40.502+0000] {dagbag.py:540} INFO - Filling up the DagBag from /home/airflow/.local/lib/python3.8/site-packages/airflow/example_dags/example_external_task_marker_dag.py
[2024-03-23T14:10:40.512+0000] {processor.py:840} INFO - DAG(s) 'example_external_task_marker_parent', 'example_external_task_marker_child' retrieved from /home/airflow/.local/lib/python3.8/site-packages/airflow/example_dags/example_external_task_marker_dag.py
[2024-03-23T14:10:40.559+0000] {logging_mixin.py:188} INFO - [2024-03-23T14:10:40.558+0000] {dag.py:3047} INFO - Sync 2 DAGs
[2024-03-23T14:10:40.589+0000] {logging_mixin.py:188} INFO - [2024-03-23T14:10:40.588+0000] {dag.py:3834} INFO - Setting next_dagrun for example_external_task_marker_child to None, run_after=None
[2024-03-23T14:10:40.596+0000] {logging_mixin.py:188} INFO - [2024-03-23T14:10:40.596+0000] {dag.py:3834} INFO - Setting next_dagrun for example_external_task_marker_parent to None, run_after=None
[2024-03-23T14:10:40.629+0000] {processor.py:183} INFO - Processing /home/airflow/.local/lib/python3.8/site-packages/airflow/example_dags/example_external_task_marker_dag.py took 0.139 seconds
[2024-03-23T14:11:10.975+0000] {processor.py:161} INFO - Started process (PID=281) to work on /home/airflow/.local/lib/python3.8/site-packages/airflow/example_dags/example_external_task_marker_dag.py
[2024-03-23T14:11:10.977+0000] {processor.py:830} INFO - Processing file /home/airflow/.local/lib/python3.8/site-packages/airflow/example_dags/example_external_task_marker_dag.py for tasks to queue
[2024-03-23T14:11:10.980+0000] {logging_mixin.py:188} INFO - [2024-03-23T14:11:10.979+0000] {dagbag.py:540} INFO - Filling up the DagBag from /home/airflow/.local/lib/python3.8/site-packages/airflow/example_dags/example_external_task_marker_dag.py
[2024-03-23T14:11:10.990+0000] {processor.py:840} INFO - DAG(s) 'example_external_task_marker_child', 'example_external_task_marker_parent' retrieved from /home/airflow/.local/lib/python3.8/site-packages/airflow/example_dags/example_external_task_marker_dag.py
[2024-03-23T14:11:11.037+0000] {logging_mixin.py:188} INFO - [2024-03-23T14:11:11.036+0000] {dag.py:3047} INFO - Sync 2 DAGs
[2024-03-23T14:11:11.061+0000] {logging_mixin.py:188} INFO - [2024-03-23T14:11:11.061+0000] {dag.py:3834} INFO - Setting next_dagrun for example_external_task_marker_child to None, run_after=None
[2024-03-23T14:11:11.069+0000] {logging_mixin.py:188} INFO - [2024-03-23T14:11:11.068+0000] {dag.py:3834} INFO - Setting next_dagrun for example_external_task_marker_parent to None, run_after=None
[2024-03-23T14:11:11.102+0000] {processor.py:183} INFO - Processing /home/airflow/.local/lib/python3.8/site-packages/airflow/example_dags/example_external_task_marker_dag.py took 0.133 seconds
[2024-03-23T14:11:41.707+0000] {processor.py:161} INFO - Started process (PID=336) to work on /home/airflow/.local/lib/python3.8/site-packages/airflow/example_dags/example_external_task_marker_dag.py
[2024-03-23T14:11:41.710+0000] {processor.py:830} INFO - Processing file /home/airflow/.local/lib/python3.8/site-packages/airflow/example_dags/example_external_task_marker_dag.py for tasks to queue
[2024-03-23T14:11:41.715+0000] {logging_mixin.py:188} INFO - [2024-03-23T14:11:41.714+0000] {dagbag.py:540} INFO - Filling up the DagBag from /home/airflow/.local/lib/python3.8/site-packages/airflow/example_dags/example_external_task_marker_dag.py
[2024-03-23T14:11:41.731+0000] {processor.py:840} INFO - DAG(s) 'example_external_task_marker_child', 'example_external_task_marker_parent' retrieved from /home/airflow/.local/lib/python3.8/site-packages/airflow/example_dags/example_external_task_marker_dag.py
[2024-03-23T14:11:41.787+0000] {logging_mixin.py:188} INFO - [2024-03-23T14:11:41.786+0000] {dag.py:3047} INFO - Sync 2 DAGs
[2024-03-23T14:11:41.822+0000] {logging_mixin.py:188} INFO - [2024-03-23T14:11:41.821+0000] {dag.py:3834} INFO - Setting next_dagrun for example_external_task_marker_child to None, run_after=None
[2024-03-23T14:11:41.832+0000] {logging_mixin.py:188} INFO - [2024-03-23T14:11:41.831+0000] {dag.py:3834} INFO - Setting next_dagrun for example_external_task_marker_parent to None, run_after=None
[2024-03-23T14:11:41.875+0000] {processor.py:183} INFO - Processing /home/airflow/.local/lib/python3.8/site-packages/airflow/example_dags/example_external_task_marker_dag.py took 0.174 seconds
[2024-03-23T14:12:12.288+0000] {processor.py:161} INFO - Started process (PID=391) to work on /home/airflow/.local/lib/python3.8/site-packages/airflow/example_dags/example_external_task_marker_dag.py
[2024-03-23T14:12:12.290+0000] {processor.py:830} INFO - Processing file /home/airflow/.local/lib/python3.8/site-packages/airflow/example_dags/example_external_task_marker_dag.py for tasks to queue
[2024-03-23T14:12:12.293+0000] {logging_mixin.py:188} INFO - [2024-03-23T14:12:12.292+0000] {dagbag.py:540} INFO - Filling up the DagBag from /home/airflow/.local/lib/python3.8/site-packages/airflow/example_dags/example_external_task_marker_dag.py
[2024-03-23T14:12:12.307+0000] {processor.py:840} INFO - DAG(s) 'example_external_task_marker_parent', 'example_external_task_marker_child' retrieved from /home/airflow/.local/lib/python3.8/site-packages/airflow/example_dags/example_external_task_marker_dag.py
[2024-03-23T14:12:12.359+0000] {logging_mixin.py:188} INFO - [2024-03-23T14:12:12.358+0000] {dag.py:3047} INFO - Sync 2 DAGs
[2024-03-23T14:12:12.384+0000] {logging_mixin.py:188} INFO - [2024-03-23T14:12:12.383+0000] {dag.py:3834} INFO - Setting next_dagrun for example_external_task_marker_child to None, run_after=None
[2024-03-23T14:12:12.393+0000] {logging_mixin.py:188} INFO - [2024-03-23T14:12:12.392+0000] {dag.py:3834} INFO - Setting next_dagrun for example_external_task_marker_parent to None, run_after=None
[2024-03-23T14:12:12.426+0000] {processor.py:183} INFO - Processing /home/airflow/.local/lib/python3.8/site-packages/airflow/example_dags/example_external_task_marker_dag.py took 0.144 seconds
