[2024-03-23T14:09:14.235+0000] {processor.py:161} INFO - Started process (PID=81) to work on /home/airflow/.local/lib/python3.8/site-packages/airflow/example_dags/tutorial_dag.py
[2024-03-23T14:09:14.236+0000] {processor.py:830} INFO - Processing file /home/airflow/.local/lib/python3.8/site-packages/airflow/example_dags/tutorial_dag.py for tasks to queue
[2024-03-23T14:09:14.239+0000] {logging_mixin.py:188} INFO - [2024-03-23T14:09:14.238+0000] {dagbag.py:540} INFO - Filling up the DagBag from /home/airflow/.local/lib/python3.8/site-packages/airflow/example_dags/tutorial_dag.py
[2024-03-23T14:09:14.254+0000] {processor.py:840} INFO - DAG(s) 'tutorial_dag' retrieved from /home/airflow/.local/lib/python3.8/site-packages/airflow/example_dags/tutorial_dag.py
[2024-03-23T14:09:14.484+0000] {logging_mixin.py:188} INFO - [2024-03-23T14:09:14.483+0000] {dag.py:3047} INFO - Sync 1 DAGs
[2024-03-23T14:09:14.506+0000] {logging_mixin.py:188} INFO - [2024-03-23T14:09:14.506+0000] {dag.py:3834} INFO - Setting next_dagrun for tutorial_dag to None, run_after=None
[2024-03-23T14:09:14.553+0000] {processor.py:183} INFO - Processing /home/airflow/.local/lib/python3.8/site-packages/airflow/example_dags/tutorial_dag.py took 0.323 seconds
[2024-03-23T14:09:45.193+0000] {processor.py:161} INFO - Started process (PID=136) to work on /home/airflow/.local/lib/python3.8/site-packages/airflow/example_dags/tutorial_dag.py
[2024-03-23T14:09:45.196+0000] {processor.py:830} INFO - Processing file /home/airflow/.local/lib/python3.8/site-packages/airflow/example_dags/tutorial_dag.py for tasks to queue
[2024-03-23T14:09:45.198+0000] {logging_mixin.py:188} INFO - [2024-03-23T14:09:45.198+0000] {dagbag.py:540} INFO - Filling up the DagBag from /home/airflow/.local/lib/python3.8/site-packages/airflow/example_dags/tutorial_dag.py
[2024-03-23T14:09:45.207+0000] {processor.py:840} INFO - DAG(s) 'tutorial_dag' retrieved from /home/airflow/.local/lib/python3.8/site-packages/airflow/example_dags/tutorial_dag.py
[2024-03-23T14:09:45.245+0000] {logging_mixin.py:188} INFO - [2024-03-23T14:09:45.245+0000] {dag.py:3047} INFO - Sync 1 DAGs
[2024-03-23T14:09:45.269+0000] {logging_mixin.py:188} INFO - [2024-03-23T14:09:45.268+0000] {dag.py:3834} INFO - Setting next_dagrun for tutorial_dag to None, run_after=None
[2024-03-23T14:09:45.306+0000] {processor.py:183} INFO - Processing /home/airflow/.local/lib/python3.8/site-packages/airflow/example_dags/tutorial_dag.py took 0.120 seconds
[2024-03-23T14:10:15.456+0000] {processor.py:161} INFO - Started process (PID=190) to work on /home/airflow/.local/lib/python3.8/site-packages/airflow/example_dags/tutorial_dag.py
[2024-03-23T14:10:15.459+0000] {processor.py:830} INFO - Processing file /home/airflow/.local/lib/python3.8/site-packages/airflow/example_dags/tutorial_dag.py for tasks to queue
[2024-03-23T14:10:15.462+0000] {logging_mixin.py:188} INFO - [2024-03-23T14:10:15.461+0000] {dagbag.py:540} INFO - Filling up the DagBag from /home/airflow/.local/lib/python3.8/site-packages/airflow/example_dags/tutorial_dag.py
[2024-03-23T14:10:15.471+0000] {processor.py:840} INFO - DAG(s) 'tutorial_dag' retrieved from /home/airflow/.local/lib/python3.8/site-packages/airflow/example_dags/tutorial_dag.py
[2024-03-23T14:10:15.510+0000] {logging_mixin.py:188} INFO - [2024-03-23T14:10:15.509+0000] {dag.py:3047} INFO - Sync 1 DAGs
[2024-03-23T14:10:15.536+0000] {logging_mixin.py:188} INFO - [2024-03-23T14:10:15.536+0000] {dag.py:3834} INFO - Setting next_dagrun for tutorial_dag to None, run_after=None
[2024-03-23T14:10:15.581+0000] {processor.py:183} INFO - Processing /home/airflow/.local/lib/python3.8/site-packages/airflow/example_dags/tutorial_dag.py took 0.131 seconds
[2024-03-23T14:10:45.735+0000] {processor.py:161} INFO - Started process (PID=245) to work on /home/airflow/.local/lib/python3.8/site-packages/airflow/example_dags/tutorial_dag.py
[2024-03-23T14:10:45.736+0000] {processor.py:830} INFO - Processing file /home/airflow/.local/lib/python3.8/site-packages/airflow/example_dags/tutorial_dag.py for tasks to queue
[2024-03-23T14:10:45.740+0000] {logging_mixin.py:188} INFO - [2024-03-23T14:10:45.739+0000] {dagbag.py:540} INFO - Filling up the DagBag from /home/airflow/.local/lib/python3.8/site-packages/airflow/example_dags/tutorial_dag.py
[2024-03-23T14:10:45.749+0000] {processor.py:840} INFO - DAG(s) 'tutorial_dag' retrieved from /home/airflow/.local/lib/python3.8/site-packages/airflow/example_dags/tutorial_dag.py
[2024-03-23T14:10:45.793+0000] {logging_mixin.py:188} INFO - [2024-03-23T14:10:45.792+0000] {dag.py:3047} INFO - Sync 1 DAGs
[2024-03-23T14:10:45.817+0000] {logging_mixin.py:188} INFO - [2024-03-23T14:10:45.816+0000] {dag.py:3834} INFO - Setting next_dagrun for tutorial_dag to None, run_after=None
[2024-03-23T14:10:45.857+0000] {processor.py:183} INFO - Processing /home/airflow/.local/lib/python3.8/site-packages/airflow/example_dags/tutorial_dag.py took 0.130 seconds
[2024-03-23T14:11:16.013+0000] {processor.py:161} INFO - Started process (PID=300) to work on /home/airflow/.local/lib/python3.8/site-packages/airflow/example_dags/tutorial_dag.py
[2024-03-23T14:11:16.015+0000] {processor.py:830} INFO - Processing file /home/airflow/.local/lib/python3.8/site-packages/airflow/example_dags/tutorial_dag.py for tasks to queue
[2024-03-23T14:11:16.018+0000] {logging_mixin.py:188} INFO - [2024-03-23T14:11:16.017+0000] {dagbag.py:540} INFO - Filling up the DagBag from /home/airflow/.local/lib/python3.8/site-packages/airflow/example_dags/tutorial_dag.py
[2024-03-23T14:11:16.027+0000] {processor.py:840} INFO - DAG(s) 'tutorial_dag' retrieved from /home/airflow/.local/lib/python3.8/site-packages/airflow/example_dags/tutorial_dag.py
[2024-03-23T14:11:16.066+0000] {logging_mixin.py:188} INFO - [2024-03-23T14:11:16.065+0000] {dag.py:3047} INFO - Sync 1 DAGs
[2024-03-23T14:11:16.091+0000] {logging_mixin.py:188} INFO - [2024-03-23T14:11:16.090+0000] {dag.py:3834} INFO - Setting next_dagrun for tutorial_dag to None, run_after=None
[2024-03-23T14:11:16.129+0000] {processor.py:183} INFO - Processing /home/airflow/.local/lib/python3.8/site-packages/airflow/example_dags/tutorial_dag.py took 0.123 seconds
[2024-03-23T14:11:46.815+0000] {processor.py:161} INFO - Started process (PID=355) to work on /home/airflow/.local/lib/python3.8/site-packages/airflow/example_dags/tutorial_dag.py
[2024-03-23T14:11:46.817+0000] {processor.py:830} INFO - Processing file /home/airflow/.local/lib/python3.8/site-packages/airflow/example_dags/tutorial_dag.py for tasks to queue
[2024-03-23T14:11:46.819+0000] {logging_mixin.py:188} INFO - [2024-03-23T14:11:46.818+0000] {dagbag.py:540} INFO - Filling up the DagBag from /home/airflow/.local/lib/python3.8/site-packages/airflow/example_dags/tutorial_dag.py
[2024-03-23T14:11:46.827+0000] {processor.py:840} INFO - DAG(s) 'tutorial_dag' retrieved from /home/airflow/.local/lib/python3.8/site-packages/airflow/example_dags/tutorial_dag.py
[2024-03-23T14:11:46.863+0000] {logging_mixin.py:188} INFO - [2024-03-23T14:11:46.863+0000] {dag.py:3047} INFO - Sync 1 DAGs
[2024-03-23T14:11:46.891+0000] {logging_mixin.py:188} INFO - [2024-03-23T14:11:46.891+0000] {dag.py:3834} INFO - Setting next_dagrun for tutorial_dag to None, run_after=None
[2024-03-23T14:11:46.930+0000] {processor.py:183} INFO - Processing /home/airflow/.local/lib/python3.8/site-packages/airflow/example_dags/tutorial_dag.py took 0.122 seconds
[2024-03-23T14:12:17.093+0000] {processor.py:161} INFO - Started process (PID=410) to work on /home/airflow/.local/lib/python3.8/site-packages/airflow/example_dags/tutorial_dag.py
[2024-03-23T14:12:17.095+0000] {processor.py:830} INFO - Processing file /home/airflow/.local/lib/python3.8/site-packages/airflow/example_dags/tutorial_dag.py for tasks to queue
[2024-03-23T14:12:17.099+0000] {logging_mixin.py:188} INFO - [2024-03-23T14:12:17.098+0000] {dagbag.py:540} INFO - Filling up the DagBag from /home/airflow/.local/lib/python3.8/site-packages/airflow/example_dags/tutorial_dag.py
[2024-03-23T14:12:17.112+0000] {processor.py:840} INFO - DAG(s) 'tutorial_dag' retrieved from /home/airflow/.local/lib/python3.8/site-packages/airflow/example_dags/tutorial_dag.py
[2024-03-23T14:12:17.153+0000] {logging_mixin.py:188} INFO - [2024-03-23T14:12:17.152+0000] {dag.py:3047} INFO - Sync 1 DAGs
[2024-03-23T14:12:17.179+0000] {logging_mixin.py:188} INFO - [2024-03-23T14:12:17.178+0000] {dag.py:3834} INFO - Setting next_dagrun for tutorial_dag to None, run_after=None
[2024-03-23T14:12:17.218+0000] {processor.py:183} INFO - Processing /home/airflow/.local/lib/python3.8/site-packages/airflow/example_dags/tutorial_dag.py took 0.131 seconds
