[2024-03-23T14:09:15.269+0000] {processor.py:161} INFO - Started process (PID=85) to work on /home/airflow/.local/lib/python3.8/site-packages/airflow/example_dags/tutorial_objectstorage.py
[2024-03-23T14:09:15.271+0000] {processor.py:830} INFO - Processing file /home/airflow/.local/lib/python3.8/site-packages/airflow/example_dags/tutorial_objectstorage.py for tasks to queue
[2024-03-23T14:09:15.273+0000] {logging_mixin.py:188} INFO - [2024-03-23T14:09:15.273+0000] {dagbag.py:540} INFO - Filling up the DagBag from /home/airflow/.local/lib/python3.8/site-packages/airflow/example_dags/tutorial_objectstorage.py
[2024-03-23T14:09:15.292+0000] {processor.py:840} INFO - DAG(s) 'tutorial_objectstorage' retrieved from /home/airflow/.local/lib/python3.8/site-packages/airflow/example_dags/tutorial_objectstorage.py
[2024-03-23T14:09:15.554+0000] {logging_mixin.py:188} INFO - [2024-03-23T14:09:15.553+0000] {dag.py:3047} INFO - Sync 1 DAGs
[2024-03-23T14:09:15.575+0000] {logging_mixin.py:188} INFO - [2024-03-23T14:09:15.574+0000] {dag.py:3834} INFO - Setting next_dagrun for tutorial_objectstorage to None, run_after=None
[2024-03-23T14:09:15.620+0000] {processor.py:183} INFO - Processing /home/airflow/.local/lib/python3.8/site-packages/airflow/example_dags/tutorial_objectstorage.py took 0.356 seconds
[2024-03-23T14:09:45.695+0000] {processor.py:161} INFO - Started process (PID=140) to work on /home/airflow/.local/lib/python3.8/site-packages/airflow/example_dags/tutorial_objectstorage.py
[2024-03-23T14:09:45.697+0000] {processor.py:830} INFO - Processing file /home/airflow/.local/lib/python3.8/site-packages/airflow/example_dags/tutorial_objectstorage.py for tasks to queue
[2024-03-23T14:09:45.700+0000] {logging_mixin.py:188} INFO - [2024-03-23T14:09:45.699+0000] {dagbag.py:540} INFO - Filling up the DagBag from /home/airflow/.local/lib/python3.8/site-packages/airflow/example_dags/tutorial_objectstorage.py
[2024-03-23T14:09:45.713+0000] {processor.py:840} INFO - DAG(s) 'tutorial_objectstorage' retrieved from /home/airflow/.local/lib/python3.8/site-packages/airflow/example_dags/tutorial_objectstorage.py
[2024-03-23T14:09:45.752+0000] {logging_mixin.py:188} INFO - [2024-03-23T14:09:45.752+0000] {dag.py:3047} INFO - Sync 1 DAGs
[2024-03-23T14:09:45.777+0000] {logging_mixin.py:188} INFO - [2024-03-23T14:09:45.777+0000] {dag.py:3834} INFO - Setting next_dagrun for tutorial_objectstorage to None, run_after=None
[2024-03-23T14:09:45.815+0000] {processor.py:183} INFO - Processing /home/airflow/.local/lib/python3.8/site-packages/airflow/example_dags/tutorial_objectstorage.py took 0.125 seconds
[2024-03-23T14:10:16.198+0000] {processor.py:161} INFO - Started process (PID=195) to work on /home/airflow/.local/lib/python3.8/site-packages/airflow/example_dags/tutorial_objectstorage.py
[2024-03-23T14:10:16.201+0000] {processor.py:830} INFO - Processing file /home/airflow/.local/lib/python3.8/site-packages/airflow/example_dags/tutorial_objectstorage.py for tasks to queue
[2024-03-23T14:10:16.205+0000] {logging_mixin.py:188} INFO - [2024-03-23T14:10:16.205+0000] {dagbag.py:540} INFO - Filling up the DagBag from /home/airflow/.local/lib/python3.8/site-packages/airflow/example_dags/tutorial_objectstorage.py
[2024-03-23T14:10:16.219+0000] {processor.py:840} INFO - DAG(s) 'tutorial_objectstorage' retrieved from /home/airflow/.local/lib/python3.8/site-packages/airflow/example_dags/tutorial_objectstorage.py
[2024-03-23T14:10:16.263+0000] {logging_mixin.py:188} INFO - [2024-03-23T14:10:16.262+0000] {dag.py:3047} INFO - Sync 1 DAGs
[2024-03-23T14:10:16.292+0000] {logging_mixin.py:188} INFO - [2024-03-23T14:10:16.292+0000] {dag.py:3834} INFO - Setting next_dagrun for tutorial_objectstorage to None, run_after=None
[2024-03-23T14:10:16.338+0000] {processor.py:183} INFO - Processing /home/airflow/.local/lib/python3.8/site-packages/airflow/example_dags/tutorial_objectstorage.py took 0.147 seconds
[2024-03-23T14:10:46.774+0000] {processor.py:161} INFO - Started process (PID=250) to work on /home/airflow/.local/lib/python3.8/site-packages/airflow/example_dags/tutorial_objectstorage.py
[2024-03-23T14:10:46.776+0000] {processor.py:830} INFO - Processing file /home/airflow/.local/lib/python3.8/site-packages/airflow/example_dags/tutorial_objectstorage.py for tasks to queue
[2024-03-23T14:10:46.779+0000] {logging_mixin.py:188} INFO - [2024-03-23T14:10:46.778+0000] {dagbag.py:540} INFO - Filling up the DagBag from /home/airflow/.local/lib/python3.8/site-packages/airflow/example_dags/tutorial_objectstorage.py
[2024-03-23T14:10:46.792+0000] {processor.py:840} INFO - DAG(s) 'tutorial_objectstorage' retrieved from /home/airflow/.local/lib/python3.8/site-packages/airflow/example_dags/tutorial_objectstorage.py
[2024-03-23T14:10:46.854+0000] {logging_mixin.py:188} INFO - [2024-03-23T14:10:46.853+0000] {dag.py:3047} INFO - Sync 1 DAGs
[2024-03-23T14:10:46.883+0000] {logging_mixin.py:188} INFO - [2024-03-23T14:10:46.882+0000] {dag.py:3834} INFO - Setting next_dagrun for tutorial_objectstorage to None, run_after=None
[2024-03-23T14:10:46.928+0000] {processor.py:183} INFO - Processing /home/airflow/.local/lib/python3.8/site-packages/airflow/example_dags/tutorial_objectstorage.py took 0.159 seconds
[2024-03-23T14:11:17.586+0000] {processor.py:161} INFO - Started process (PID=305) to work on /home/airflow/.local/lib/python3.8/site-packages/airflow/example_dags/tutorial_objectstorage.py
[2024-03-23T14:11:17.587+0000] {processor.py:830} INFO - Processing file /home/airflow/.local/lib/python3.8/site-packages/airflow/example_dags/tutorial_objectstorage.py for tasks to queue
[2024-03-23T14:11:17.591+0000] {logging_mixin.py:188} INFO - [2024-03-23T14:11:17.590+0000] {dagbag.py:540} INFO - Filling up the DagBag from /home/airflow/.local/lib/python3.8/site-packages/airflow/example_dags/tutorial_objectstorage.py
[2024-03-23T14:11:17.604+0000] {processor.py:840} INFO - DAG(s) 'tutorial_objectstorage' retrieved from /home/airflow/.local/lib/python3.8/site-packages/airflow/example_dags/tutorial_objectstorage.py
[2024-03-23T14:11:17.638+0000] {logging_mixin.py:188} INFO - [2024-03-23T14:11:17.638+0000] {dag.py:3047} INFO - Sync 1 DAGs
[2024-03-23T14:11:17.677+0000] {logging_mixin.py:188} INFO - [2024-03-23T14:11:17.676+0000] {dag.py:3834} INFO - Setting next_dagrun for tutorial_objectstorage to None, run_after=None
[2024-03-23T14:11:17.725+0000] {processor.py:183} INFO - Processing /home/airflow/.local/lib/python3.8/site-packages/airflow/example_dags/tutorial_objectstorage.py took 0.144 seconds
[2024-03-23T14:11:48.435+0000] {processor.py:161} INFO - Started process (PID=360) to work on /home/airflow/.local/lib/python3.8/site-packages/airflow/example_dags/tutorial_objectstorage.py
[2024-03-23T14:11:48.437+0000] {processor.py:830} INFO - Processing file /home/airflow/.local/lib/python3.8/site-packages/airflow/example_dags/tutorial_objectstorage.py for tasks to queue
[2024-03-23T14:11:48.440+0000] {logging_mixin.py:188} INFO - [2024-03-23T14:11:48.439+0000] {dagbag.py:540} INFO - Filling up the DagBag from /home/airflow/.local/lib/python3.8/site-packages/airflow/example_dags/tutorial_objectstorage.py
[2024-03-23T14:11:48.451+0000] {processor.py:840} INFO - DAG(s) 'tutorial_objectstorage' retrieved from /home/airflow/.local/lib/python3.8/site-packages/airflow/example_dags/tutorial_objectstorage.py
[2024-03-23T14:11:48.488+0000] {logging_mixin.py:188} INFO - [2024-03-23T14:11:48.488+0000] {dag.py:3047} INFO - Sync 1 DAGs
[2024-03-23T14:11:48.545+0000] {logging_mixin.py:188} INFO - [2024-03-23T14:11:48.544+0000] {dag.py:3834} INFO - Setting next_dagrun for tutorial_objectstorage to None, run_after=None
[2024-03-23T14:11:48.618+0000] {processor.py:183} INFO - Processing /home/airflow/.local/lib/python3.8/site-packages/airflow/example_dags/tutorial_objectstorage.py took 0.188 seconds
[2024-03-23T14:12:18.684+0000] {processor.py:161} INFO - Started process (PID=414) to work on /home/airflow/.local/lib/python3.8/site-packages/airflow/example_dags/tutorial_objectstorage.py
[2024-03-23T14:12:18.686+0000] {processor.py:830} INFO - Processing file /home/airflow/.local/lib/python3.8/site-packages/airflow/example_dags/tutorial_objectstorage.py for tasks to queue
[2024-03-23T14:12:18.690+0000] {logging_mixin.py:188} INFO - [2024-03-23T14:12:18.689+0000] {dagbag.py:540} INFO - Filling up the DagBag from /home/airflow/.local/lib/python3.8/site-packages/airflow/example_dags/tutorial_objectstorage.py
[2024-03-23T14:12:18.704+0000] {processor.py:840} INFO - DAG(s) 'tutorial_objectstorage' retrieved from /home/airflow/.local/lib/python3.8/site-packages/airflow/example_dags/tutorial_objectstorage.py
[2024-03-23T14:12:18.748+0000] {logging_mixin.py:188} INFO - [2024-03-23T14:12:18.748+0000] {dag.py:3047} INFO - Sync 1 DAGs
[2024-03-23T14:12:18.773+0000] {logging_mixin.py:188} INFO - [2024-03-23T14:12:18.773+0000] {dag.py:3834} INFO - Setting next_dagrun for tutorial_objectstorage to None, run_after=None
[2024-03-23T14:12:18.815+0000] {processor.py:183} INFO - Processing /home/airflow/.local/lib/python3.8/site-packages/airflow/example_dags/tutorial_objectstorage.py took 0.137 seconds
