[2024-03-23T14:09:08.340+0000] {processor.py:161} INFO - Started process (PID=56) to work on /home/airflow/.local/lib/python3.8/site-packages/airflow/example_dags/tutorial.py
[2024-03-23T14:09:08.349+0000] {processor.py:830} INFO - Processing file /home/airflow/.local/lib/python3.8/site-packages/airflow/example_dags/tutorial.py for tasks to queue
[2024-03-23T14:09:08.374+0000] {logging_mixin.py:188} INFO - [2024-03-23T14:09:08.362+0000] {dagbag.py:540} INFO - Filling up the DagBag from /home/airflow/.local/lib/python3.8/site-packages/airflow/example_dags/tutorial.py
[2024-03-23T14:09:08.412+0000] {processor.py:840} INFO - DAG(s) 'tutorial' retrieved from /home/airflow/.local/lib/python3.8/site-packages/airflow/example_dags/tutorial.py
[2024-03-23T14:09:08.696+0000] {logging_mixin.py:188} INFO - [2024-03-23T14:09:08.696+0000] {dag.py:3047} INFO - Sync 1 DAGs
[2024-03-23T14:09:08.832+0000] {logging_mixin.py:188} INFO - [2024-03-23T14:09:08.831+0000] {dag.py:3834} INFO - Setting next_dagrun for tutorial to 2024-03-22 00:00:00+00:00, run_after=2024-03-23 00:00:00+00:00
[2024-03-23T14:09:08.914+0000] {processor.py:183} INFO - Processing /home/airflow/.local/lib/python3.8/site-packages/airflow/example_dags/tutorial.py took 0.590 seconds
[2024-03-23T14:09:39.606+0000] {processor.py:161} INFO - Started process (PID=117) to work on /home/airflow/.local/lib/python3.8/site-packages/airflow/example_dags/tutorial.py
[2024-03-23T14:09:39.609+0000] {processor.py:830} INFO - Processing file /home/airflow/.local/lib/python3.8/site-packages/airflow/example_dags/tutorial.py for tasks to queue
[2024-03-23T14:09:39.620+0000] {logging_mixin.py:188} INFO - [2024-03-23T14:09:39.619+0000] {dagbag.py:540} INFO - Filling up the DagBag from /home/airflow/.local/lib/python3.8/site-packages/airflow/example_dags/tutorial.py
[2024-03-23T14:09:39.630+0000] {processor.py:840} INFO - DAG(s) 'tutorial' retrieved from /home/airflow/.local/lib/python3.8/site-packages/airflow/example_dags/tutorial.py
[2024-03-23T14:09:39.667+0000] {logging_mixin.py:188} INFO - [2024-03-23T14:09:39.667+0000] {dag.py:3047} INFO - Sync 1 DAGs
[2024-03-23T14:09:39.715+0000] {logging_mixin.py:188} INFO - [2024-03-23T14:09:39.715+0000] {dag.py:3834} INFO - Setting next_dagrun for tutorial to 2024-03-22 00:00:00+00:00, run_after=2024-03-23 00:00:00+00:00
[2024-03-23T14:09:39.756+0000] {processor.py:183} INFO - Processing /home/airflow/.local/lib/python3.8/site-packages/airflow/example_dags/tutorial.py took 0.156 seconds
[2024-03-23T14:10:10.117+0000] {processor.py:161} INFO - Started process (PID=172) to work on /home/airflow/.local/lib/python3.8/site-packages/airflow/example_dags/tutorial.py
[2024-03-23T14:10:10.118+0000] {processor.py:830} INFO - Processing file /home/airflow/.local/lib/python3.8/site-packages/airflow/example_dags/tutorial.py for tasks to queue
[2024-03-23T14:10:10.121+0000] {logging_mixin.py:188} INFO - [2024-03-23T14:10:10.121+0000] {dagbag.py:540} INFO - Filling up the DagBag from /home/airflow/.local/lib/python3.8/site-packages/airflow/example_dags/tutorial.py
[2024-03-23T14:10:10.130+0000] {processor.py:840} INFO - DAG(s) 'tutorial' retrieved from /home/airflow/.local/lib/python3.8/site-packages/airflow/example_dags/tutorial.py
[2024-03-23T14:10:10.172+0000] {logging_mixin.py:188} INFO - [2024-03-23T14:10:10.171+0000] {dag.py:3047} INFO - Sync 1 DAGs
[2024-03-23T14:10:10.228+0000] {logging_mixin.py:188} INFO - [2024-03-23T14:10:10.228+0000] {dag.py:3834} INFO - Setting next_dagrun for tutorial to 2024-03-22 00:00:00+00:00, run_after=2024-03-23 00:00:00+00:00
[2024-03-23T14:10:10.274+0000] {processor.py:183} INFO - Processing /home/airflow/.local/lib/python3.8/site-packages/airflow/example_dags/tutorial.py took 0.163 seconds
[2024-03-23T14:10:40.505+0000] {processor.py:161} INFO - Started process (PID=227) to work on /home/airflow/.local/lib/python3.8/site-packages/airflow/example_dags/tutorial.py
[2024-03-23T14:10:40.507+0000] {processor.py:830} INFO - Processing file /home/airflow/.local/lib/python3.8/site-packages/airflow/example_dags/tutorial.py for tasks to queue
[2024-03-23T14:10:40.510+0000] {logging_mixin.py:188} INFO - [2024-03-23T14:10:40.509+0000] {dagbag.py:540} INFO - Filling up the DagBag from /home/airflow/.local/lib/python3.8/site-packages/airflow/example_dags/tutorial.py
[2024-03-23T14:10:40.519+0000] {processor.py:840} INFO - DAG(s) 'tutorial' retrieved from /home/airflow/.local/lib/python3.8/site-packages/airflow/example_dags/tutorial.py
[2024-03-23T14:10:40.556+0000] {logging_mixin.py:188} INFO - [2024-03-23T14:10:40.555+0000] {dag.py:3047} INFO - Sync 1 DAGs
[2024-03-23T14:10:40.607+0000] {logging_mixin.py:188} INFO - [2024-03-23T14:10:40.606+0000] {dag.py:3834} INFO - Setting next_dagrun for tutorial to 2024-03-22 00:00:00+00:00, run_after=2024-03-23 00:00:00+00:00
[2024-03-23T14:10:40.645+0000] {processor.py:183} INFO - Processing /home/airflow/.local/lib/python3.8/site-packages/airflow/example_dags/tutorial.py took 0.146 seconds
[2024-03-23T14:11:10.989+0000] {processor.py:161} INFO - Started process (PID=282) to work on /home/airflow/.local/lib/python3.8/site-packages/airflow/example_dags/tutorial.py
[2024-03-23T14:11:10.991+0000] {processor.py:830} INFO - Processing file /home/airflow/.local/lib/python3.8/site-packages/airflow/example_dags/tutorial.py for tasks to queue
[2024-03-23T14:11:10.994+0000] {logging_mixin.py:188} INFO - [2024-03-23T14:11:10.994+0000] {dagbag.py:540} INFO - Filling up the DagBag from /home/airflow/.local/lib/python3.8/site-packages/airflow/example_dags/tutorial.py
[2024-03-23T14:11:11.003+0000] {processor.py:840} INFO - DAG(s) 'tutorial' retrieved from /home/airflow/.local/lib/python3.8/site-packages/airflow/example_dags/tutorial.py
[2024-03-23T14:11:11.042+0000] {logging_mixin.py:188} INFO - [2024-03-23T14:11:11.042+0000] {dag.py:3047} INFO - Sync 1 DAGs
[2024-03-23T14:11:11.085+0000] {logging_mixin.py:188} INFO - [2024-03-23T14:11:11.085+0000] {dag.py:3834} INFO - Setting next_dagrun for tutorial to 2024-03-22 00:00:00+00:00, run_after=2024-03-23 00:00:00+00:00
[2024-03-23T14:11:11.122+0000] {processor.py:183} INFO - Processing /home/airflow/.local/lib/python3.8/site-packages/airflow/example_dags/tutorial.py took 0.141 seconds
[2024-03-23T14:11:41.720+0000] {processor.py:161} INFO - Started process (PID=337) to work on /home/airflow/.local/lib/python3.8/site-packages/airflow/example_dags/tutorial.py
[2024-03-23T14:11:41.723+0000] {processor.py:830} INFO - Processing file /home/airflow/.local/lib/python3.8/site-packages/airflow/example_dags/tutorial.py for tasks to queue
[2024-03-23T14:11:41.727+0000] {logging_mixin.py:188} INFO - [2024-03-23T14:11:41.726+0000] {dagbag.py:540} INFO - Filling up the DagBag from /home/airflow/.local/lib/python3.8/site-packages/airflow/example_dags/tutorial.py
[2024-03-23T14:11:41.739+0000] {processor.py:840} INFO - DAG(s) 'tutorial' retrieved from /home/airflow/.local/lib/python3.8/site-packages/airflow/example_dags/tutorial.py
[2024-03-23T14:11:41.784+0000] {logging_mixin.py:188} INFO - [2024-03-23T14:11:41.783+0000] {dag.py:3047} INFO - Sync 1 DAGs
[2024-03-23T14:11:41.845+0000] {logging_mixin.py:188} INFO - [2024-03-23T14:11:41.844+0000] {dag.py:3834} INFO - Setting next_dagrun for tutorial to 2024-03-22 00:00:00+00:00, run_after=2024-03-23 00:00:00+00:00
[2024-03-23T14:11:41.891+0000] {processor.py:183} INFO - Processing /home/airflow/.local/lib/python3.8/site-packages/airflow/example_dags/tutorial.py took 0.179 seconds
[2024-03-23T14:12:12.298+0000] {processor.py:161} INFO - Started process (PID=392) to work on /home/airflow/.local/lib/python3.8/site-packages/airflow/example_dags/tutorial.py
[2024-03-23T14:12:12.300+0000] {processor.py:830} INFO - Processing file /home/airflow/.local/lib/python3.8/site-packages/airflow/example_dags/tutorial.py for tasks to queue
[2024-03-23T14:12:12.303+0000] {logging_mixin.py:188} INFO - [2024-03-23T14:12:12.303+0000] {dagbag.py:540} INFO - Filling up the DagBag from /home/airflow/.local/lib/python3.8/site-packages/airflow/example_dags/tutorial.py
[2024-03-23T14:12:12.313+0000] {processor.py:840} INFO - DAG(s) 'tutorial' retrieved from /home/airflow/.local/lib/python3.8/site-packages/airflow/example_dags/tutorial.py
[2024-03-23T14:12:12.357+0000] {logging_mixin.py:188} INFO - [2024-03-23T14:12:12.356+0000] {dag.py:3047} INFO - Sync 1 DAGs
[2024-03-23T14:12:12.404+0000] {logging_mixin.py:188} INFO - [2024-03-23T14:12:12.403+0000] {dag.py:3834} INFO - Setting next_dagrun for tutorial to 2024-03-22 00:00:00+00:00, run_after=2024-03-23 00:00:00+00:00
[2024-03-23T14:12:12.439+0000] {processor.py:183} INFO - Processing /home/airflow/.local/lib/python3.8/site-packages/airflow/example_dags/tutorial.py took 0.148 seconds
